[0.008s] Invoking command in '/home/li/Time_various/build/tvfgo': CMAKE_PREFIX_PATH=/opt/ros/humble CONDA_PROMPT_MODIFIER=(base) /usr/bin/cmake --build /home/li/Time_various/build/tvfgo -- -j20 -l20
[0.042s] Invoked command in '/home/li/Time_various/build/tvfgo' returned '0': CMAKE_PREFIX_PATH=/opt/ros/humble CONDA_PROMPT_MODIFIER=(base) /usr/bin/cmake --build /home/li/Time_various/build/tvfgo -- -j20 -l20
[0.051s] Invoking command in '/home/li/Time_various/build/tvfgo': CMAKE_PREFIX_PATH=/opt/ros/humble CONDA_PROMPT_MODIFIER=(base) /usr/bin/cmake --install /home/li/Time_various/build/tvfgo
[0.057s] -- Install configuration: "Release"
[0.057s] -- Up-to-date: /home/li/Time_various/install/tvfgo/share/ament_index/resource_index/package_run_dependencies/tvfgo
[0.057s] -- Up-to-date: /home/li/Time_various/install/tvfgo/share/ament_index/resource_index/parent_prefix_path/tvfgo
[0.057s] -- Up-to-date: /home/li/Time_various/install/tvfgo/share/tvfgo/environment/ament_prefix_path.sh
[0.057s] -- Up-to-date: /home/li/Time_various/install/tvfgo/share/tvfgo/environment/ament_prefix_path.dsv
[0.057s] -- Up-to-date: /home/li/Time_various/install/tvfgo/share/tvfgo/environment/path.sh
[0.058s] -- Up-to-date: /home/li/Time_various/install/tvfgo/share/tvfgo/environment/path.dsv
[0.058s] -- Up-to-date: /home/li/Time_various/install/tvfgo/share/tvfgo/local_setup.bash
[0.058s] -- Up-to-date: /home/li/Time_various/install/tvfgo/share/tvfgo/local_setup.sh
[0.058s] -- Up-to-date: /home/li/Time_various/install/tvfgo/share/tvfgo/local_setup.zsh
[0.058s] -- Up-to-date: /home/li/Time_various/install/tvfgo/share/tvfgo/local_setup.dsv
[0.058s] -- Up-to-date: /home/li/Time_various/install/tvfgo/share/tvfgo/package.dsv
[0.058s] -- Up-to-date: /home/li/Time_various/install/tvfgo/share/ament_index/resource_index/packages/tvfgo
[0.058s] -- Up-to-date: /home/li/Time_various/install/tvfgo/share/tvfgo/cmake/tvfgoConfig.cmake
[0.058s] -- Up-to-date: /home/li/Time_various/install/tvfgo/share/tvfgo/cmake/tvfgoConfig-version.cmake
[0.058s] -- Up-to-date: /home/li/Time_various/install/tvfgo/share/tvfgo/package.xml
[0.059s] Invoked command in '/home/li/Time_various/build/tvfgo' returned '0': CMAKE_PREFIX_PATH=/opt/ros/humble CONDA_PROMPT_MODIFIER=(base) /usr/bin/cmake --install /home/li/Time_various/build/tvfgo
