[0.009s] Invoking command in '/home/li/Time_various/build/tvfgo': AMENT_PREFIX_PATH=/home/li/Time_various/install/irt_nav_msgs:/home/li/Time_various/install/boreas_msgs:${AMENT_PREFIX_PATH} CMAKE_PREFIX_PATH=/home/li/Time_various/install/irt_nav_msgs:/home/li/Time_various/install/boreas_msgs:/opt/ros/humble CONDA_PROMPT_MODIFIER=(base) LD_LIBRARY_PATH=/home/li/Time_various/install/irt_nav_msgs/lib:/home/li/Time_various/install/boreas_msgs/lib:${LD_LIBRARY_PATH} PYTHONPATH=/home/li/Time_various/install/irt_nav_msgs/lib/python3.13/site-packages:/home/li/Time_various/install/boreas_msgs/lib/python3.13/site-packages:${PYTHONPATH} /usr/bin/cmake --build /home/li/Time_various/build/tvfgo -- -j20 -l20
[0.036s] -- Found Boost: /usr/lib/x86_64-linux-gnu/cmake/Boost-1.74.0/BoostConfig.cmake (found suitable version "1.74.0", minimum required is "1.68.0") found components: date_time 
[0.037s] -- Found NumCpp: /usr/local/include (found version 2.14.2)
[0.037s] -- Found ament_cmake: 1.3.12 (/opt/ros/humble/share/ament_cmake/cmake)
[0.151s] -- Found rclcpp: 16.0.14 (/opt/ros/humble/share/rclcpp/cmake)
[0.169s] -- Found rosidl_generator_c: 3.1.7 (/opt/ros/humble/share/rosidl_generator_c/cmake)
[0.170s] -- Found rosidl_adapter: 3.1.7 (/opt/ros/humble/share/rosidl_adapter/cmake)
[0.174s] -- Found rosidl_generator_cpp: 3.1.7 (/opt/ros/humble/share/rosidl_generator_cpp/cmake)
[0.180s] -- Using all available rosidl_typesupport_c: rosidl_typesupport_fastrtps_c;rosidl_typesupport_introspection_c
[0.188s] -- Using all available rosidl_typesupport_cpp: rosidl_typesupport_fastrtps_cpp;rosidl_typesupport_introspection_cpp
[0.210s] -- Found rmw_implementation_cmake: 6.1.2 (/opt/ros/humble/share/rmw_implementation_cmake/cmake)
[0.211s] -- Found rmw_fastrtps_cpp: 6.2.8 (/opt/ros/humble/share/rmw_fastrtps_cpp/cmake)
[0.295s] -- Using RMW implementation 'rmw_fastrtps_cpp' as default
[0.333s] -- Found rclcpp_components: 16.0.14 (/opt/ros/humble/share/rclcpp_components/cmake)
[0.345s] -- Found rclcpp_lifecycle: 16.0.14 (/opt/ros/humble/share/rclcpp_lifecycle/cmake)
[0.356s] -- Found yaml_cpp_vendor: 8.0.2 (/opt/ros/humble/share/yaml_cpp_vendor/cmake)
[0.356s] -- Found rosidl_default_generators: 1.2.0 (/opt/ros/humble/share/rosidl_default_generators/cmake)
[0.361s] -- Found message_filters: 4.3.8 (/opt/ros/humble/share/message_filters/cmake)
[0.363s] -- Found pluginlib: 5.1.0 (/opt/ros/humble/share/pluginlib/cmake)
[0.371s] -- Found tf2: 0.25.16 (/opt/ros/humble/share/tf2/cmake)
[0.382s] -- Found tf2_eigen: 0.25.16 (/opt/ros/humble/share/tf2_eigen/cmake)
[0.424s] -- Found visualization_msgs: 4.9.0 (/opt/ros/humble/share/visualization_msgs/cmake)
[0.461s] -- Eigen found (include: /usr/include/eigen3, version: 3.4.0)
[0.469s] -- Found Boost: /usr/lib/x86_64-linux-gnu/cmake/Boost-1.74.0/BoostConfig.cmake (found suitable version "1.74.0", minimum required is "1.65.0") found components: system filesystem date_time iostreams serialization 
[0.486s] -- FLANN found (include: /usr/include, lib: /usr/lib/x86_64-linux-gnu/libflann_cpp.so)
[0.630s] -- Found Eigen3: /usr/include/eigen3 (found version "3.4.0") 
[0.716s] -- OpenNI found (version: 1.5.4.0, include: /usr/include/ni, lib: /usr/lib/libOpenNI.so;libusb::libusb)
[0.722s] -- OpenNI2 found (version: 2.2.0.33, include: /usr/include/openni2, lib: /usr/lib/x86_64-linux-gnu/libOpenNI2.so;libusb::libusb)
[0.722s] [0m** WARNING ** io features related to pcap will be disabled[0m
[0.846s] -- Eigen found (include: /usr/include/eigen3, version: 3.4.0)
[0.851s] -- OpenNI found (version: 1.5.4.0, include: /usr/include/ni, lib: /usr/lib/libOpenNI.so;libusb::libusb)
[0.856s] -- OpenNI2 found (version: 2.2.0.33, include: /usr/include/openni2, lib: /usr/lib/x86_64-linux-gnu/libOpenNI2.so;libusb::libusb)
[0.966s] -- Found Qhull version 8.0.2
[1.082s] -- OpenNI found (version: 1.5.4.0, include: /usr/include/ni, lib: /usr/lib/libOpenNI.so;libusb::libusb)
[1.194s] -- looking for PCL_COMMON
[1.194s] -- looking for PCL_KDTREE
[1.194s] -- looking for PCL_OCTREE
[1.194s] -- looking for PCL_SEARCH
[1.195s] -- looking for PCL_SAMPLE_CONSENSUS
[1.195s] -- looking for PCL_FILTERS
[1.196s] -- looking for PCL_2D
[1.196s] -- looking for PCL_GEOMETRY
[1.196s] -- looking for PCL_IO
[1.196s] -- looking for PCL_FEATURES
[1.196s] -- looking for PCL_ML
[1.196s] -- looking for PCL_SEGMENTATION
[1.197s] -- looking for PCL_VISUALIZATION
[1.197s] -- looking for PCL_SURFACE
[1.198s] -- looking for PCL_REGISTRATION
[1.198s] -- looking for PCL_KEYPOINTS
[1.199s] -- looking for PCL_TRACKING
[1.199s] -- looking for PCL_RECOGNITION
[1.200s] -- looking for PCL_STEREO
[1.200s] -- looking for PCL_APPS
[1.201s] -- looking for PCL_IN_HAND_SCANNER
[1.201s] -- looking for PCL_MODELER
[1.202s] -- looking for PCL_POINT_CLOUD_EDITOR
[1.202s] -- looking for PCL_OUTOFCORE
[1.202s] -- looking for PCL_PEOPLE
[1.214s] -- Found PCAP: /usr/lib/x86_64-linux-gnu/libpcap.so  
[1.215s] -- Performing Test PCAP_LINKS_SOLO
[1.286s] -- Performing Test PCAP_LINKS_SOLO - Success
[1.286s] -- Looking for pcap_get_pfring_id
[1.354s] -- Looking for pcap_get_pfring_id - not found
[1.354s] -- Looking for pcap_set_immediate_mode
[1.418s] -- Looking for pcap_set_immediate_mode - found
[1.418s] -- Looking for pcap_set_tstamp_precision
[1.488s] -- Looking for pcap_set_tstamp_precision - found
[1.488s] -- Found keyboard_handler: 0.0.5 (/opt/ros/humble/share/keyboard_handler/cmake)
[1.490s] -- Found pcl_conversions: 2.4.5 (/opt/ros/humble/share/pcl_conversions/cmake)
[1.505s] -- Found nav_msgs: 4.9.0 (/opt/ros/humble/share/nav_msgs/cmake)
[1.517s] -- Found irt_nav_msgs: 0.0.0 (/home/li/Time_various/install/irt_nav_msgs/share/irt_nav_msgs/cmake)
[1.521s] -- Found eigen3_cmake_module: 0.1.1 (/opt/ros/humble/share/eigen3_cmake_module/cmake)
[1.522s] -- Found Eigen3: TRUE (found version "3.4.0") 
[1.522s] -- Ensuring Eigen3 include directory is part of orocos-kdl CMake target
[1.533s] -- Found tf2_sensor_msgs: 0.25.16 (/opt/ros/humble/share/tf2_sensor_msgs/cmake)
[1.536s] -- Found boreas_msgs: 0.0.0 (/home/li/Time_various/install/boreas_msgs/share/boreas_msgs/cmake)
[1.549s] -- Found ament_lint_auto: 0.12.14 (/opt/ros/humble/share/ament_lint_auto/cmake)
[1.623s] -- Added test 'cppcheck' to perform static code analysis on C / C++ code
[1.623s] -- Configured cppcheck include dirs: 
[1.624s] -- Configured cppcheck exclude dirs and/or files: 
[1.624s] -- Added test 'lint_cmake' to check CMake code style
[1.625s] -- Added test 'uncrustify' to check C / C++ code style
[1.625s] -- Configured uncrustify additional arguments: 
[1.625s] -- Added test 'xmllint' to check XML markup files
[1.626s] -- Configuring done
[1.630s] -- Generating done
[1.632s] -- Build files have been written to: /home/li/Time_various/build/tvfgo
[1.659s] Invoked command in '/home/li/Time_various/build/tvfgo' returned '0': AMENT_PREFIX_PATH=/home/li/Time_various/install/irt_nav_msgs:/home/li/Time_various/install/boreas_msgs:${AMENT_PREFIX_PATH} CMAKE_PREFIX_PATH=/home/li/Time_various/install/irt_nav_msgs:/home/li/Time_various/install/boreas_msgs:/opt/ros/humble CONDA_PROMPT_MODIFIER=(base) LD_LIBRARY_PATH=/home/li/Time_various/install/irt_nav_msgs/lib:/home/li/Time_various/install/boreas_msgs/lib:${LD_LIBRARY_PATH} PYTHONPATH=/home/li/Time_various/install/irt_nav_msgs/lib/python3.13/site-packages:/home/li/Time_various/install/boreas_msgs/lib/python3.13/site-packages:${PYTHONPATH} /usr/bin/cmake --build /home/li/Time_various/build/tvfgo -- -j20 -l20
[1.661s] Invoking command in '/home/li/Time_various/build/tvfgo': AMENT_PREFIX_PATH=/home/li/Time_various/install/irt_nav_msgs:/home/li/Time_various/install/boreas_msgs:${AMENT_PREFIX_PATH} CMAKE_PREFIX_PATH=/home/li/Time_various/install/irt_nav_msgs:/home/li/Time_various/install/boreas_msgs:/opt/ros/humble CONDA_PROMPT_MODIFIER=(base) LD_LIBRARY_PATH=/home/li/Time_various/install/irt_nav_msgs/lib:/home/li/Time_various/install/boreas_msgs/lib:${LD_LIBRARY_PATH} PYTHONPATH=/home/li/Time_various/install/irt_nav_msgs/lib/python3.13/site-packages:/home/li/Time_various/install/boreas_msgs/lib/python3.13/site-packages:${PYTHONPATH} /usr/bin/cmake --install /home/li/Time_various/build/tvfgo
[1.668s] -- Install configuration: "Release"
[1.668s] -- Up-to-date: /home/li/Time_various/install/tvfgo/share/ament_index/resource_index/package_run_dependencies/tvfgo
[1.668s] -- Up-to-date: /home/li/Time_various/install/tvfgo/share/ament_index/resource_index/parent_prefix_path/tvfgo
[1.668s] -- Up-to-date: /home/li/Time_various/install/tvfgo/share/tvfgo/environment/ament_prefix_path.sh
[1.668s] -- Installing: /home/li/Time_various/install/tvfgo/share/tvfgo/environment/ament_prefix_path.dsv
[1.668s] -- Up-to-date: /home/li/Time_various/install/tvfgo/share/tvfgo/environment/path.sh
[1.668s] -- Installing: /home/li/Time_various/install/tvfgo/share/tvfgo/environment/path.dsv
[1.668s] -- Up-to-date: /home/li/Time_various/install/tvfgo/share/tvfgo/local_setup.bash
[1.668s] -- Up-to-date: /home/li/Time_various/install/tvfgo/share/tvfgo/local_setup.sh
[1.668s] -- Up-to-date: /home/li/Time_various/install/tvfgo/share/tvfgo/local_setup.zsh
[1.669s] -- Installing: /home/li/Time_various/install/tvfgo/share/tvfgo/local_setup.dsv
[1.669s] -- Installing: /home/li/Time_various/install/tvfgo/share/tvfgo/package.dsv
[1.669s] -- Up-to-date: /home/li/Time_various/install/tvfgo/share/ament_index/resource_index/packages/tvfgo
[1.669s] -- Up-to-date: /home/li/Time_various/install/tvfgo/share/tvfgo/cmake/tvfgoConfig.cmake
[1.669s] -- Up-to-date: /home/li/Time_various/install/tvfgo/share/tvfgo/cmake/tvfgoConfig-version.cmake
[1.669s] -- Up-to-date: /home/li/Time_various/install/tvfgo/share/tvfgo/package.xml
[1.670s] Invoked command in '/home/li/Time_various/build/tvfgo' returned '0': AMENT_PREFIX_PATH=/home/li/Time_various/install/irt_nav_msgs:/home/li/Time_various/install/boreas_msgs:${AMENT_PREFIX_PATH} CMAKE_PREFIX_PATH=/home/li/Time_various/install/irt_nav_msgs:/home/li/Time_various/install/boreas_msgs:/opt/ros/humble CONDA_PROMPT_MODIFIER=(base) LD_LIBRARY_PATH=/home/li/Time_various/install/irt_nav_msgs/lib:/home/li/Time_various/install/boreas_msgs/lib:${LD_LIBRARY_PATH} PYTHONPATH=/home/li/Time_various/install/irt_nav_msgs/lib/python3.13/site-packages:/home/li/Time_various/install/boreas_msgs/lib/python3.13/site-packages:${PYTHONPATH} /usr/bin/cmake --install /home/li/Time_various/build/tvfgo
