[0.076s] DEBUG:colcon:Command line arguments: ['/usr/bin/colcon', 'build']
[0.076s] DEBUG:colcon:Parsed command line arguments: Namespace(log_base=None, log_level=None, verb_name='build', build_base='build', install_base='install', merge_install=False, symlink_install=False, test_result_base=None, continue_on_error=False, executor='parallel', parallel_workers=20, event_handlers=None, ignore_user_meta=False, metas=['./colcon.meta'], base_paths=['.'], packages_ignore=None, packages_ignore_regex=None, paths=None, packages_up_to=None, packages_up_to_regex=None, packages_above=None, packages_above_and_dependencies=None, packages_above_depth=None, packages_select_by_dep=None, packages_skip_by_dep=None, packages_skip_up_to=None, packages_select_build_failed=False, packages_skip_build_finished=False, packages_select_test_failures=False, packages_skip_test_passed=False, packages_select=None, packages_skip=None, packages_select_regex=None, packages_skip_regex=None, packages_start=None, packages_end=None, allow_overriding=[], cmake_args=None, cmake_target=None, cmake_target_skip_unavailable=False, cmake_clean_cache=False, cmake_clean_first=False, cmake_force_configure=False, ament_cmake_args=None, catkin_cmake_args=None, catkin_skip_building_tests=False, verb_parser=<colcon_defaults.argument_parser.defaults.DefaultArgumentsDecorator object at 0x7518472274c0>, verb_extension=<colcon_core.verb.build.BuildVerb object at 0x751847226f50>, main=<bound method BuildVerb.main of <colcon_core.verb.build.BuildVerb object at 0x751847226f50>>)
[0.164s] Level 1:colcon.colcon_core.package_discovery:discover_packages(colcon_meta) check parameters
[0.164s] Level 1:colcon.colcon_core.package_discovery:discover_packages(recursive) check parameters
[0.164s] Level 1:colcon.colcon_core.package_discovery:discover_packages(ignore) check parameters
[0.164s] Level 1:colcon.colcon_core.package_discovery:discover_packages(path) check parameters
[0.164s] Level 1:colcon.colcon_core.package_discovery:discover_packages(colcon_meta) discover
[0.164s] Level 1:colcon.colcon_core.package_discovery:discover_packages(recursive) discover
[0.165s] INFO:colcon.colcon_core.package_discovery:Crawling recursively for packages in '/home/li/Time_various'
[0.165s] Level 1:colcon.colcon_core.package_identification:_identify(.) by extensions ['ignore', 'ignore_ament_install']
[0.165s] Level 1:colcon.colcon_core.package_identification:_identify(.) by extension 'ignore'
[0.165s] Level 1:colcon.colcon_core.package_identification:_identify(.) by extension 'ignore_ament_install'
[0.165s] Level 1:colcon.colcon_core.package_identification:_identify(.) by extensions ['colcon_pkg']
[0.165s] Level 1:colcon.colcon_core.package_identification:_identify(.) by extension 'colcon_pkg'
[0.165s] Level 1:colcon.colcon_core.package_identification:_identify(.) by extensions ['colcon_meta']
[0.165s] Level 1:colcon.colcon_core.package_identification:_identify(.) by extension 'colcon_meta'
[0.165s] Level 1:colcon.colcon_core.package_identification:_identify(.) by extensions ['ros']
[0.165s] Level 1:colcon.colcon_core.package_identification:_identify(.) by extension 'ros'
[0.172s] Level 1:colcon.colcon_core.package_identification:_identify(.) by extensions ['cmake', 'python']
[0.172s] Level 1:colcon.colcon_core.package_identification:_identify(.) by extension 'cmake'
[0.172s] Level 1:colcon.colcon_core.package_identification:_identify(.) by extension 'python'
[0.172s] Level 1:colcon.colcon_core.package_identification:_identify(.) by extensions ['python_setup_py']
[0.172s] Level 1:colcon.colcon_core.package_identification:_identify(.) by extension 'python_setup_py'
[0.173s] Level 1:colcon.colcon_core.package_identification:_identify(build) by extensions ['ignore', 'ignore_ament_install']
[0.173s] Level 1:colcon.colcon_core.package_identification:_identify(build) by extension 'ignore'
[0.173s] Level 1:colcon.colcon_core.package_identification:_identify(build) ignored
[0.173s] Level 1:colcon.colcon_core.package_identification:_identify(install) by extensions ['ignore', 'ignore_ament_install']
[0.173s] Level 1:colcon.colcon_core.package_identification:_identify(install) by extension 'ignore'
[0.173s] Level 1:colcon.colcon_core.package_identification:_identify(install) ignored
[0.173s] Level 1:colcon.colcon_core.package_identification:_identify(log) by extensions ['ignore', 'ignore_ament_install']
[0.173s] Level 1:colcon.colcon_core.package_identification:_identify(log) by extension 'ignore'
[0.173s] Level 1:colcon.colcon_core.package_identification:_identify(log) ignored
[0.173s] Level 1:colcon.colcon_core.package_identification:_identify(src) by extensions ['ignore', 'ignore_ament_install']
[0.173s] Level 1:colcon.colcon_core.package_identification:_identify(src) by extension 'ignore'
[0.173s] Level 1:colcon.colcon_core.package_identification:_identify(src) by extension 'ignore_ament_install'
[0.173s] Level 1:colcon.colcon_core.package_identification:_identify(src) by extensions ['colcon_pkg']
[0.173s] Level 1:colcon.colcon_core.package_identification:_identify(src) by extension 'colcon_pkg'
[0.173s] Level 1:colcon.colcon_core.package_identification:_identify(src) by extensions ['colcon_meta']
[0.173s] Level 1:colcon.colcon_core.package_identification:_identify(src) by extension 'colcon_meta'
[0.173s] Level 1:colcon.colcon_core.package_identification:_identify(src) by extensions ['ros']
[0.173s] Level 1:colcon.colcon_core.package_identification:_identify(src) by extension 'ros'
[0.173s] Level 1:colcon.colcon_core.package_identification:_identify(src) by extensions ['cmake', 'python']
[0.173s] Level 1:colcon.colcon_core.package_identification:_identify(src) by extension 'cmake'
[0.173s] Level 1:colcon.colcon_core.package_identification:_identify(src) by extension 'python'
[0.173s] Level 1:colcon.colcon_core.package_identification:_identify(src) by extensions ['python_setup_py']
[0.173s] Level 1:colcon.colcon_core.package_identification:_identify(src) by extension 'python_setup_py'
[0.173s] Level 1:colcon.colcon_core.package_identification:_identify(src/timevariousFGO) by extensions ['ignore', 'ignore_ament_install']
[0.173s] Level 1:colcon.colcon_core.package_identification:_identify(src/timevariousFGO) by extension 'ignore'
[0.173s] Level 1:colcon.colcon_core.package_identification:_identify(src/timevariousFGO) by extension 'ignore_ament_install'
[0.173s] Level 1:colcon.colcon_core.package_identification:_identify(src/timevariousFGO) by extensions ['colcon_pkg']
[0.173s] Level 1:colcon.colcon_core.package_identification:_identify(src/timevariousFGO) by extension 'colcon_pkg'
[0.173s] Level 1:colcon.colcon_core.package_identification:_identify(src/timevariousFGO) by extensions ['colcon_meta']
[0.173s] Level 1:colcon.colcon_core.package_identification:_identify(src/timevariousFGO) by extension 'colcon_meta'
[0.173s] Level 1:colcon.colcon_core.package_identification:_identify(src/timevariousFGO) by extensions ['ros']
[0.173s] Level 1:colcon.colcon_core.package_identification:_identify(src/timevariousFGO) by extension 'ros'
[0.174s] Level 1:colcon.colcon_core.package_identification:_identify(src/timevariousFGO) by extensions ['cmake', 'python']
[0.174s] Level 1:colcon.colcon_core.package_identification:_identify(src/timevariousFGO) by extension 'cmake'
[0.174s] Level 1:colcon.colcon_core.package_identification:_identify(src/timevariousFGO) by extension 'python'
[0.174s] Level 1:colcon.colcon_core.package_identification:_identify(src/timevariousFGO) by extensions ['python_setup_py']
[0.174s] Level 1:colcon.colcon_core.package_identification:_identify(src/timevariousFGO) by extension 'python_setup_py'
[0.174s] Level 1:colcon.colcon_core.package_identification:_identify(src/timevariousFGO/TVFGO) by extensions ['ignore', 'ignore_ament_install']
[0.174s] Level 1:colcon.colcon_core.package_identification:_identify(src/timevariousFGO/TVFGO) by extension 'ignore'
[0.174s] Level 1:colcon.colcon_core.package_identification:_identify(src/timevariousFGO/TVFGO) by extension 'ignore_ament_install'
[0.174s] Level 1:colcon.colcon_core.package_identification:_identify(src/timevariousFGO/TVFGO) by extensions ['colcon_pkg']
[0.174s] Level 1:colcon.colcon_core.package_identification:_identify(src/timevariousFGO/TVFGO) by extension 'colcon_pkg'
[0.174s] Level 1:colcon.colcon_core.package_identification:_identify(src/timevariousFGO/TVFGO) by extensions ['colcon_meta']
[0.174s] Level 1:colcon.colcon_core.package_identification:_identify(src/timevariousFGO/TVFGO) by extension 'colcon_meta'
[0.174s] Level 1:colcon.colcon_core.package_identification:_identify(src/timevariousFGO/TVFGO) by extensions ['ros']
[0.174s] Level 1:colcon.colcon_core.package_identification:_identify(src/timevariousFGO/TVFGO) by extension 'ros'
[0.176s] DEBUG:colcon.colcon_core.package_identification:Package 'src/timevariousFGO/TVFGO' with type 'ros.ament_cmake' and name 'TVFGO'
[0.176s] Level 1:colcon.colcon_core.package_identification:_identify(src/timevariousFGO/irt_nav_common) by extensions ['ignore', 'ignore_ament_install']
[0.176s] Level 1:colcon.colcon_core.package_identification:_identify(src/timevariousFGO/irt_nav_common) by extension 'ignore'
[0.176s] Level 1:colcon.colcon_core.package_identification:_identify(src/timevariousFGO/irt_nav_common) by extension 'ignore_ament_install'
[0.176s] Level 1:colcon.colcon_core.package_identification:_identify(src/timevariousFGO/irt_nav_common) by extensions ['colcon_pkg']
[0.176s] Level 1:colcon.colcon_core.package_identification:_identify(src/timevariousFGO/irt_nav_common) by extension 'colcon_pkg'
[0.176s] Level 1:colcon.colcon_core.package_identification:_identify(src/timevariousFGO/irt_nav_common) by extensions ['colcon_meta']
[0.176s] Level 1:colcon.colcon_core.package_identification:_identify(src/timevariousFGO/irt_nav_common) by extension 'colcon_meta'
[0.176s] Level 1:colcon.colcon_core.package_identification:_identify(src/timevariousFGO/irt_nav_common) by extensions ['ros']
[0.176s] Level 1:colcon.colcon_core.package_identification:_identify(src/timevariousFGO/irt_nav_common) by extension 'ros'
[0.176s] Level 1:colcon.colcon_core.package_identification:_identify(src/timevariousFGO/irt_nav_common) by extensions ['cmake', 'python']
[0.176s] Level 1:colcon.colcon_core.package_identification:_identify(src/timevariousFGO/irt_nav_common) by extension 'cmake'
[0.176s] Level 1:colcon.colcon_core.package_identification:_identify(src/timevariousFGO/irt_nav_common) by extension 'python'
[0.176s] Level 1:colcon.colcon_core.package_identification:_identify(src/timevariousFGO/irt_nav_common) by extensions ['python_setup_py']
[0.176s] Level 1:colcon.colcon_core.package_identification:_identify(src/timevariousFGO/irt_nav_common) by extension 'python_setup_py'
[0.176s] Level 1:colcon.colcon_core.package_identification:_identify(src/timevariousFGO/irt_nav_common/irt_nav_common) by extensions ['ignore', 'ignore_ament_install']
[0.176s] Level 1:colcon.colcon_core.package_identification:_identify(src/timevariousFGO/irt_nav_common/irt_nav_common) by extension 'ignore'
[0.176s] Level 1:colcon.colcon_core.package_identification:_identify(src/timevariousFGO/irt_nav_common/irt_nav_common) by extension 'ignore_ament_install'
[0.176s] Level 1:colcon.colcon_core.package_identification:_identify(src/timevariousFGO/irt_nav_common/irt_nav_common) by extensions ['colcon_pkg']
[0.176s] Level 1:colcon.colcon_core.package_identification:_identify(src/timevariousFGO/irt_nav_common/irt_nav_common) by extension 'colcon_pkg'
[0.176s] Level 1:colcon.colcon_core.package_identification:_identify(src/timevariousFGO/irt_nav_common/irt_nav_common) by extensions ['colcon_meta']
[0.176s] Level 1:colcon.colcon_core.package_identification:_identify(src/timevariousFGO/irt_nav_common/irt_nav_common) by extension 'colcon_meta'
[0.176s] Level 1:colcon.colcon_core.package_identification:_identify(src/timevariousFGO/irt_nav_common/irt_nav_common) by extensions ['ros']
[0.176s] Level 1:colcon.colcon_core.package_identification:_identify(src/timevariousFGO/irt_nav_common/irt_nav_common) by extension 'ros'
[0.177s] DEBUG:colcon.colcon_core.package_identification:Package 'src/timevariousFGO/irt_nav_common/irt_nav_common' with type 'ros.ament_cmake' and name 'irt_nav_common'
[0.177s] Level 1:colcon.colcon_core.package_identification:_identify(src/timevariousFGO/irt_nav_common/irt_nav_msgs) by extensions ['ignore', 'ignore_ament_install']
[0.177s] Level 1:colcon.colcon_core.package_identification:_identify(src/timevariousFGO/irt_nav_common/irt_nav_msgs) by extension 'ignore'
[0.177s] Level 1:colcon.colcon_core.package_identification:_identify(src/timevariousFGO/irt_nav_common/irt_nav_msgs) by extension 'ignore_ament_install'
[0.177s] Level 1:colcon.colcon_core.package_identification:_identify(src/timevariousFGO/irt_nav_common/irt_nav_msgs) by extensions ['colcon_pkg']
[0.177s] Level 1:colcon.colcon_core.package_identification:_identify(src/timevariousFGO/irt_nav_common/irt_nav_msgs) by extension 'colcon_pkg'
[0.177s] Level 1:colcon.colcon_core.package_identification:_identify(src/timevariousFGO/irt_nav_common/irt_nav_msgs) by extensions ['colcon_meta']
[0.177s] Level 1:colcon.colcon_core.package_identification:_identify(src/timevariousFGO/irt_nav_common/irt_nav_msgs) by extension 'colcon_meta'
[0.177s] Level 1:colcon.colcon_core.package_identification:_identify(src/timevariousFGO/irt_nav_common/irt_nav_msgs) by extensions ['ros']
[0.177s] Level 1:colcon.colcon_core.package_identification:_identify(src/timevariousFGO/irt_nav_common/irt_nav_msgs) by extension 'ros'
[0.178s] DEBUG:colcon.colcon_core.package_identification:Package 'src/timevariousFGO/irt_nav_common/irt_nav_msgs' with type 'ros.ament_cmake' and name 'irt_nav_msgs'
[0.178s] Level 1:colcon.colcon_core.package_identification:_identify(src/timevariousFGO/nav_msgs) by extensions ['ignore', 'ignore_ament_install']
[0.178s] Level 1:colcon.colcon_core.package_identification:_identify(src/timevariousFGO/nav_msgs) by extension 'ignore'
[0.178s] Level 1:colcon.colcon_core.package_identification:_identify(src/timevariousFGO/nav_msgs) by extension 'ignore_ament_install'
[0.178s] Level 1:colcon.colcon_core.package_identification:_identify(src/timevariousFGO/nav_msgs) by extensions ['colcon_pkg']
[0.178s] Level 1:colcon.colcon_core.package_identification:_identify(src/timevariousFGO/nav_msgs) by extension 'colcon_pkg'
[0.178s] Level 1:colcon.colcon_core.package_identification:_identify(src/timevariousFGO/nav_msgs) by extensions ['colcon_meta']
[0.178s] Level 1:colcon.colcon_core.package_identification:_identify(src/timevariousFGO/nav_msgs) by extension 'colcon_meta'
[0.178s] Level 1:colcon.colcon_core.package_identification:_identify(src/timevariousFGO/nav_msgs) by extensions ['ros']
[0.178s] Level 1:colcon.colcon_core.package_identification:_identify(src/timevariousFGO/nav_msgs) by extension 'ros'
[0.178s] Level 1:colcon.colcon_core.package_identification:_identify(src/timevariousFGO/nav_msgs) by extensions ['cmake', 'python']
[0.178s] Level 1:colcon.colcon_core.package_identification:_identify(src/timevariousFGO/nav_msgs) by extension 'cmake'
[0.178s] Level 1:colcon.colcon_core.package_identification:_identify(src/timevariousFGO/nav_msgs) by extension 'python'
[0.178s] Level 1:colcon.colcon_core.package_identification:_identify(src/timevariousFGO/nav_msgs) by extensions ['python_setup_py']
[0.179s] Level 1:colcon.colcon_core.package_identification:_identify(src/timevariousFGO/nav_msgs) by extension 'python_setup_py'
[0.179s] Level 1:colcon.colcon_core.package_discovery:discover_packages(recursive) using defaults
[0.179s] Level 1:colcon.colcon_core.package_discovery:discover_packages(ignore) discover
[0.179s] Level 1:colcon.colcon_core.package_discovery:discover_packages(ignore) using defaults
[0.179s] Level 1:colcon.colcon_core.package_discovery:discover_packages(path) discover
[0.179s] Level 1:colcon.colcon_core.package_discovery:discover_packages(path) using defaults
[0.193s] Level 1:colcon.colcon_core.package_discovery:discover_packages(prefix_path) check parameters
[0.193s] Level 1:colcon.colcon_core.package_discovery:discover_packages(prefix_path) discover
[0.195s] DEBUG:colcon.colcon_installed_package_information.package_discovery:Found 271 installed packages in /opt/ros/humble
[0.197s] Level 1:colcon.colcon_core.package_discovery:discover_packages(prefix_path) using defaults
[0.224s] Level 5:colcon.colcon_core.verb:set package 'TVFGO' build argument 'cmake_args' from command line to 'None'
[0.224s] Level 5:colcon.colcon_core.verb:set package 'TVFGO' build argument 'cmake_target' from command line to 'None'
[0.224s] Level 5:colcon.colcon_core.verb:set package 'TVFGO' build argument 'cmake_target_skip_unavailable' from command line to 'False'
[0.224s] Level 5:colcon.colcon_core.verb:set package 'TVFGO' build argument 'cmake_clean_cache' from command line to 'False'
[0.224s] Level 5:colcon.colcon_core.verb:set package 'TVFGO' build argument 'cmake_clean_first' from command line to 'False'
[0.224s] Level 5:colcon.colcon_core.verb:set package 'TVFGO' build argument 'cmake_force_configure' from command line to 'False'
[0.224s] Level 5:colcon.colcon_core.verb:set package 'TVFGO' build argument 'ament_cmake_args' from command line to 'None'
[0.224s] Level 5:colcon.colcon_core.verb:set package 'TVFGO' build argument 'catkin_cmake_args' from command line to 'None'
[0.224s] Level 5:colcon.colcon_core.verb:set package 'TVFGO' build argument 'catkin_skip_building_tests' from command line to 'False'
[0.224s] DEBUG:colcon.colcon_core.verb:Building package 'TVFGO' with the following arguments: {'ament_cmake_args': None, 'build_base': '/home/li/Time_various/build/TVFGO', 'catkin_cmake_args': None, 'catkin_skip_building_tests': False, 'cmake_args': None, 'cmake_clean_cache': False, 'cmake_clean_first': False, 'cmake_force_configure': False, 'cmake_target': None, 'cmake_target_skip_unavailable': False, 'install_base': '/home/li/Time_various/install/TVFGO', 'merge_install': False, 'path': '/home/li/Time_various/src/timevariousFGO/TVFGO', 'symlink_install': False, 'test_result_base': None}
[0.224s] Level 5:colcon.colcon_core.verb:set package 'irt_nav_msgs' build argument 'cmake_args' from command line to 'None'
[0.224s] Level 5:colcon.colcon_core.verb:set package 'irt_nav_msgs' build argument 'cmake_target' from command line to 'None'
[0.224s] Level 5:colcon.colcon_core.verb:set package 'irt_nav_msgs' build argument 'cmake_target_skip_unavailable' from command line to 'False'
[0.224s] Level 5:colcon.colcon_core.verb:set package 'irt_nav_msgs' build argument 'cmake_clean_cache' from command line to 'False'
[0.224s] Level 5:colcon.colcon_core.verb:set package 'irt_nav_msgs' build argument 'cmake_clean_first' from command line to 'False'
[0.224s] Level 5:colcon.colcon_core.verb:set package 'irt_nav_msgs' build argument 'cmake_force_configure' from command line to 'False'
[0.224s] Level 5:colcon.colcon_core.verb:set package 'irt_nav_msgs' build argument 'ament_cmake_args' from command line to 'None'
[0.224s] Level 5:colcon.colcon_core.verb:set package 'irt_nav_msgs' build argument 'catkin_cmake_args' from command line to 'None'
[0.224s] Level 5:colcon.colcon_core.verb:set package 'irt_nav_msgs' build argument 'catkin_skip_building_tests' from command line to 'False'
[0.224s] DEBUG:colcon.colcon_core.verb:Building package 'irt_nav_msgs' with the following arguments: {'ament_cmake_args': None, 'build_base': '/home/li/Time_various/build/irt_nav_msgs', 'catkin_cmake_args': None, 'catkin_skip_building_tests': False, 'cmake_args': None, 'cmake_clean_cache': False, 'cmake_clean_first': False, 'cmake_force_configure': False, 'cmake_target': None, 'cmake_target_skip_unavailable': False, 'install_base': '/home/li/Time_various/install/irt_nav_msgs', 'merge_install': False, 'path': '/home/li/Time_various/src/timevariousFGO/irt_nav_common/irt_nav_msgs', 'symlink_install': False, 'test_result_base': None}
[0.224s] Level 5:colcon.colcon_core.verb:set package 'irt_nav_common' build argument 'cmake_args' from command line to 'None'
[0.224s] Level 5:colcon.colcon_core.verb:set package 'irt_nav_common' build argument 'cmake_target' from command line to 'None'
[0.224s] Level 5:colcon.colcon_core.verb:set package 'irt_nav_common' build argument 'cmake_target_skip_unavailable' from command line to 'False'
[0.224s] Level 5:colcon.colcon_core.verb:set package 'irt_nav_common' build argument 'cmake_clean_cache' from command line to 'False'
[0.224s] Level 5:colcon.colcon_core.verb:set package 'irt_nav_common' build argument 'cmake_clean_first' from command line to 'False'
[0.224s] Level 5:colcon.colcon_core.verb:set package 'irt_nav_common' build argument 'cmake_force_configure' from command line to 'False'
[0.225s] Level 5:colcon.colcon_core.verb:set package 'irt_nav_common' build argument 'ament_cmake_args' from command line to 'None'
[0.225s] Level 5:colcon.colcon_core.verb:set package 'irt_nav_common' build argument 'catkin_cmake_args' from command line to 'None'
[0.225s] Level 5:colcon.colcon_core.verb:set package 'irt_nav_common' build argument 'catkin_skip_building_tests' from command line to 'False'
[0.225s] DEBUG:colcon.colcon_core.verb:Building package 'irt_nav_common' with the following arguments: {'ament_cmake_args': None, 'build_base': '/home/li/Time_various/build/irt_nav_common', 'catkin_cmake_args': None, 'catkin_skip_building_tests': False, 'cmake_args': None, 'cmake_clean_cache': False, 'cmake_clean_first': False, 'cmake_force_configure': False, 'cmake_target': None, 'cmake_target_skip_unavailable': False, 'install_base': '/home/li/Time_various/install/irt_nav_common', 'merge_install': False, 'path': '/home/li/Time_various/src/timevariousFGO/irt_nav_common/irt_nav_common', 'symlink_install': False, 'test_result_base': None}
[0.225s] INFO:colcon.colcon_core.executor:Executing jobs using 'parallel' executor
[0.225s] DEBUG:colcon.colcon_parallel_executor.executor.parallel:run_until_complete
[0.225s] INFO:colcon.colcon_ros.task.ament_cmake.build:Building ROS package in '/home/li/Time_various/src/timevariousFGO/irt_nav_common/irt_nav_msgs' with build type 'ament_cmake'
[0.225s] INFO:colcon.colcon_cmake.task.cmake.build:Building CMake package in '/home/li/Time_various/src/timevariousFGO/irt_nav_common/irt_nav_msgs'
[0.228s] INFO:colcon.colcon_core.plugin_system:Skipping extension 'colcon_core.shell.bat': Not used on non-Windows systems
[0.228s] INFO:colcon.colcon_core.shell:Skip shell extension 'powershell' for command environment: Not usable outside of PowerShell
[0.228s] DEBUG:colcon.colcon_core.shell:Skip shell extension 'dsv' for command environment
[0.230s] INFO:colcon.colcon_ros.task.ament_cmake.build:Building ROS package in '/home/li/Time_various/src/timevariousFGO/TVFGO' with build type 'ament_cmake'
[0.230s] INFO:colcon.colcon_cmake.task.cmake.build:Building CMake package in '/home/li/Time_various/src/timevariousFGO/TVFGO'
[0.230s] INFO:colcon.colcon_core.shell:Skip shell extension 'powershell' for command environment: Not usable outside of PowerShell
[0.230s] DEBUG:colcon.colcon_core.shell:Skip shell extension 'dsv' for command environment
[0.236s] DEBUG:colcon.colcon_core.event_handler.log_command:Invoking command in '/home/li/Time_various/build/irt_nav_msgs': CMAKE_PREFIX_PATH=/opt/ros/humble CONDA_PROMPT_MODIFIER=(base) /usr/bin/cmake --build /home/li/Time_various/build/irt_nav_msgs -- -j20 -l20
[0.238s] DEBUG:colcon.colcon_core.event_handler.log_command:Invoking command in '/home/li/Time_various/build/TVFGO': CMAKE_PREFIX_PATH=/opt/ros/humble CONDA_PROMPT_MODIFIER=(base) /usr/bin/cmake --build /home/li/Time_various/build/TVFGO -- -j20 -l20
[0.560s] DEBUG:colcon.colcon_core.event_handler.log_command:Invoked command in '/home/li/Time_various/build/irt_nav_msgs' returned '0': CMAKE_PREFIX_PATH=/opt/ros/humble CONDA_PROMPT_MODIFIER=(base) /usr/bin/cmake --build /home/li/Time_various/build/irt_nav_msgs -- -j20 -l20
[0.567s] DEBUG:colcon.colcon_core.event_handler.log_command:Invoking command in '/home/li/Time_various/build/irt_nav_msgs': CMAKE_PREFIX_PATH=/opt/ros/humble CONDA_PROMPT_MODIFIER=(base) /usr/bin/cmake --install /home/li/Time_various/build/irt_nav_msgs
[0.633s] Level 1:colcon.colcon_core.environment:create_environment_scripts_only(irt_nav_msgs)
[0.634s] DEBUG:colcon.colcon_core.event_handler.log_command:Invoked command in '/home/li/Time_various/build/irt_nav_msgs' returned '0': CMAKE_PREFIX_PATH=/opt/ros/humble CONDA_PROMPT_MODIFIER=(base) /usr/bin/cmake --install /home/li/Time_various/build/irt_nav_msgs
[0.640s] Level 1:colcon.colcon_core.environment:checking '/home/li/Time_various/install/irt_nav_msgs' for CMake module files
[0.640s] Level 1:colcon.colcon_core.environment:checking '/home/li/Time_various/install/irt_nav_msgs' for CMake config files
[0.640s] Level 1:colcon.colcon_core.shell:create_environment_hook('irt_nav_msgs', 'cmake_prefix_path')
[0.641s] INFO:colcon.colcon_core.shell:Creating environment hook '/home/li/Time_various/install/irt_nav_msgs/share/irt_nav_msgs/hook/cmake_prefix_path.ps1'
[0.641s] INFO:colcon.colcon_core.shell:Creating environment descriptor '/home/li/Time_various/install/irt_nav_msgs/share/irt_nav_msgs/hook/cmake_prefix_path.dsv'
[0.641s] INFO:colcon.colcon_core.shell:Creating environment hook '/home/li/Time_various/install/irt_nav_msgs/share/irt_nav_msgs/hook/cmake_prefix_path.sh'
[0.642s] Level 1:colcon.colcon_core.environment:checking '/home/li/Time_various/install/irt_nav_msgs/lib'
[0.642s] Level 1:colcon.colcon_core.shell:create_environment_hook('irt_nav_msgs', 'ld_library_path_lib')
[0.642s] INFO:colcon.colcon_core.shell:Creating environment hook '/home/li/Time_various/install/irt_nav_msgs/share/irt_nav_msgs/hook/ld_library_path_lib.ps1'
[0.642s] INFO:colcon.colcon_core.shell:Creating environment descriptor '/home/li/Time_various/install/irt_nav_msgs/share/irt_nav_msgs/hook/ld_library_path_lib.dsv'
[0.643s] INFO:colcon.colcon_core.shell:Creating environment hook '/home/li/Time_various/install/irt_nav_msgs/share/irt_nav_msgs/hook/ld_library_path_lib.sh'
[0.643s] Level 1:colcon.colcon_core.environment:checking '/home/li/Time_various/install/irt_nav_msgs/bin'
[0.643s] Level 1:colcon.colcon_core.environment:checking '/home/li/Time_various/install/irt_nav_msgs/lib/pkgconfig/irt_nav_msgs.pc'
[0.643s] Level 1:colcon.colcon_core.environment:checking '/home/li/Time_various/install/irt_nav_msgs/lib/python3.10/site-packages'
[0.643s] Level 1:colcon.colcon_core.environment:checking '/home/li/Time_various/install/irt_nav_msgs/bin'
[0.643s] INFO:colcon.colcon_core.shell:Creating package script '/home/li/Time_various/install/irt_nav_msgs/share/irt_nav_msgs/package.ps1'
[0.644s] INFO:colcon.colcon_core.shell:Creating package descriptor '/home/li/Time_various/install/irt_nav_msgs/share/irt_nav_msgs/package.dsv'
[0.644s] INFO:colcon.colcon_core.shell:Creating package script '/home/li/Time_various/install/irt_nav_msgs/share/irt_nav_msgs/package.sh'
[0.645s] INFO:colcon.colcon_core.shell:Creating package script '/home/li/Time_various/install/irt_nav_msgs/share/irt_nav_msgs/package.bash'
[0.646s] INFO:colcon.colcon_core.shell:Creating package script '/home/li/Time_various/install/irt_nav_msgs/share/irt_nav_msgs/package.zsh'
[0.646s] Level 1:colcon.colcon_core.environment:create_file_with_runtime_dependencies(/home/li/Time_various/install/irt_nav_msgs/share/colcon-core/packages/irt_nav_msgs)
[0.646s] Level 1:colcon.colcon_core.environment:create_environment_scripts_only(irt_nav_msgs)
[0.647s] Level 1:colcon.colcon_core.environment:checking '/home/li/Time_various/install/irt_nav_msgs' for CMake module files
[0.647s] Level 1:colcon.colcon_core.environment:checking '/home/li/Time_various/install/irt_nav_msgs' for CMake config files
[0.647s] Level 1:colcon.colcon_core.shell:create_environment_hook('irt_nav_msgs', 'cmake_prefix_path')
[0.647s] INFO:colcon.colcon_core.shell:Creating environment hook '/home/li/Time_various/install/irt_nav_msgs/share/irt_nav_msgs/hook/cmake_prefix_path.ps1'
[0.647s] INFO:colcon.colcon_core.shell:Creating environment descriptor '/home/li/Time_various/install/irt_nav_msgs/share/irt_nav_msgs/hook/cmake_prefix_path.dsv'
[0.648s] INFO:colcon.colcon_core.shell:Creating environment hook '/home/li/Time_various/install/irt_nav_msgs/share/irt_nav_msgs/hook/cmake_prefix_path.sh'
[0.648s] Level 1:colcon.colcon_core.environment:checking '/home/li/Time_various/install/irt_nav_msgs/lib'
[0.648s] Level 1:colcon.colcon_core.shell:create_environment_hook('irt_nav_msgs', 'ld_library_path_lib')
[0.648s] INFO:colcon.colcon_core.shell:Creating environment hook '/home/li/Time_various/install/irt_nav_msgs/share/irt_nav_msgs/hook/ld_library_path_lib.ps1'
[0.649s] INFO:colcon.colcon_core.shell:Creating environment descriptor '/home/li/Time_various/install/irt_nav_msgs/share/irt_nav_msgs/hook/ld_library_path_lib.dsv'
[0.649s] INFO:colcon.colcon_core.shell:Creating environment hook '/home/li/Time_various/install/irt_nav_msgs/share/irt_nav_msgs/hook/ld_library_path_lib.sh'
[0.649s] Level 1:colcon.colcon_core.environment:checking '/home/li/Time_various/install/irt_nav_msgs/bin'
[0.649s] Level 1:colcon.colcon_core.environment:checking '/home/li/Time_various/install/irt_nav_msgs/lib/pkgconfig/irt_nav_msgs.pc'
[0.649s] Level 1:colcon.colcon_core.environment:checking '/home/li/Time_various/install/irt_nav_msgs/lib/python3.10/site-packages'
[0.650s] Level 1:colcon.colcon_core.environment:checking '/home/li/Time_various/install/irt_nav_msgs/bin'
[0.650s] INFO:colcon.colcon_core.shell:Creating package script '/home/li/Time_various/install/irt_nav_msgs/share/irt_nav_msgs/package.ps1'
[0.650s] INFO:colcon.colcon_core.shell:Creating package descriptor '/home/li/Time_various/install/irt_nav_msgs/share/irt_nav_msgs/package.dsv'
[0.650s] INFO:colcon.colcon_core.shell:Creating package script '/home/li/Time_various/install/irt_nav_msgs/share/irt_nav_msgs/package.sh'
[0.650s] INFO:colcon.colcon_core.shell:Creating package script '/home/li/Time_various/install/irt_nav_msgs/share/irt_nav_msgs/package.bash'
[0.651s] INFO:colcon.colcon_core.shell:Creating package script '/home/li/Time_various/install/irt_nav_msgs/share/irt_nav_msgs/package.zsh'
[0.651s] Level 1:colcon.colcon_core.environment:create_file_with_runtime_dependencies(/home/li/Time_various/install/irt_nav_msgs/share/colcon-core/packages/irt_nav_msgs)
[0.651s] INFO:colcon.colcon_ros.task.ament_cmake.build:Building ROS package in '/home/li/Time_various/src/timevariousFGO/irt_nav_common/irt_nav_common' with build type 'ament_cmake'
[0.651s] INFO:colcon.colcon_cmake.task.cmake.build:Building CMake package in '/home/li/Time_various/src/timevariousFGO/irt_nav_common/irt_nav_common'
[0.651s] INFO:colcon.colcon_core.shell:Skip shell extension 'powershell' for command environment: Not usable outside of PowerShell
[0.651s] DEBUG:colcon.colcon_core.shell:Skip shell extension 'dsv' for command environment
[0.660s] DEBUG:colcon.colcon_core.event_handler.log_command:Invoking command in '/home/li/Time_various/build/irt_nav_common': AMENT_PREFIX_PATH=/home/li/Time_various/install/irt_nav_msgs:${AMENT_PREFIX_PATH} CMAKE_PREFIX_PATH=/home/li/Time_various/install/irt_nav_msgs:/opt/ros/humble CONDA_PROMPT_MODIFIER=(base) LD_LIBRARY_PATH=/home/li/Time_various/install/irt_nav_msgs/lib:${LD_LIBRARY_PATH} PYTHONPATH=/home/li/Time_various/install/irt_nav_msgs/lib/python3.13/site-packages:${PYTHONPATH} /usr/bin/cmake --build /home/li/Time_various/build/irt_nav_common -- -j20 -l20
[0.720s] DEBUG:colcon.colcon_core.event_handler.log_command:Invoked command in '/home/li/Time_various/build/irt_nav_common' returned '0': AMENT_PREFIX_PATH=/home/li/Time_various/install/irt_nav_msgs:${AMENT_PREFIX_PATH} CMAKE_PREFIX_PATH=/home/li/Time_various/install/irt_nav_msgs:/opt/ros/humble CONDA_PROMPT_MODIFIER=(base) LD_LIBRARY_PATH=/home/li/Time_various/install/irt_nav_msgs/lib:${LD_LIBRARY_PATH} PYTHONPATH=/home/li/Time_various/install/irt_nav_msgs/lib/python3.13/site-packages:${PYTHONPATH} /usr/bin/cmake --build /home/li/Time_various/build/irt_nav_common -- -j20 -l20
[0.721s] DEBUG:colcon.colcon_core.event_handler.log_command:Invoking command in '/home/li/Time_various/build/irt_nav_common': AMENT_PREFIX_PATH=/home/li/Time_various/install/irt_nav_msgs:${AMENT_PREFIX_PATH} CMAKE_PREFIX_PATH=/home/li/Time_various/install/irt_nav_msgs:/opt/ros/humble CONDA_PROMPT_MODIFIER=(base) LD_LIBRARY_PATH=/home/li/Time_various/install/irt_nav_msgs/lib:${LD_LIBRARY_PATH} PYTHONPATH=/home/li/Time_various/install/irt_nav_msgs/lib/python3.13/site-packages:${PYTHONPATH} /usr/bin/cmake --install /home/li/Time_various/build/irt_nav_common
[0.730s] Level 1:colcon.colcon_core.environment:create_environment_scripts_only(irt_nav_common)
[0.731s] DEBUG:colcon.colcon_core.event_handler.log_command:Invoked command in '/home/li/Time_various/build/irt_nav_common' returned '0': AMENT_PREFIX_PATH=/home/li/Time_various/install/irt_nav_msgs:${AMENT_PREFIX_PATH} CMAKE_PREFIX_PATH=/home/li/Time_various/install/irt_nav_msgs:/opt/ros/humble CONDA_PROMPT_MODIFIER=(base) LD_LIBRARY_PATH=/home/li/Time_various/install/irt_nav_msgs/lib:${LD_LIBRARY_PATH} PYTHONPATH=/home/li/Time_various/install/irt_nav_msgs/lib/python3.13/site-packages:${PYTHONPATH} /usr/bin/cmake --install /home/li/Time_various/build/irt_nav_common
[0.731s] Level 1:colcon.colcon_core.environment:checking '/home/li/Time_various/install/irt_nav_common' for CMake module files
[0.732s] Level 1:colcon.colcon_core.environment:checking '/home/li/Time_various/install/irt_nav_common' for CMake config files
[0.732s] Level 1:colcon.colcon_core.shell:create_environment_hook('irt_nav_common', 'cmake_prefix_path')
[0.732s] INFO:colcon.colcon_core.shell:Creating environment hook '/home/li/Time_various/install/irt_nav_common/share/irt_nav_common/hook/cmake_prefix_path.ps1'
[0.733s] INFO:colcon.colcon_core.shell:Creating environment descriptor '/home/li/Time_various/install/irt_nav_common/share/irt_nav_common/hook/cmake_prefix_path.dsv'
[0.734s] INFO:colcon.colcon_core.shell:Creating environment hook '/home/li/Time_various/install/irt_nav_common/share/irt_nav_common/hook/cmake_prefix_path.sh'
[0.734s] Level 1:colcon.colcon_core.environment:checking '/home/li/Time_various/install/irt_nav_common/lib'
[0.734s] Level 1:colcon.colcon_core.shell:create_environment_hook('irt_nav_common', 'ld_library_path_lib')
[0.734s] INFO:colcon.colcon_core.shell:Creating environment hook '/home/li/Time_various/install/irt_nav_common/share/irt_nav_common/hook/ld_library_path_lib.ps1'
[0.735s] INFO:colcon.colcon_core.shell:Creating environment descriptor '/home/li/Time_various/install/irt_nav_common/share/irt_nav_common/hook/ld_library_path_lib.dsv'
[0.735s] INFO:colcon.colcon_core.shell:Creating environment hook '/home/li/Time_various/install/irt_nav_common/share/irt_nav_common/hook/ld_library_path_lib.sh'
[0.735s] Level 1:colcon.colcon_core.environment:checking '/home/li/Time_various/install/irt_nav_common/bin'
[0.735s] Level 1:colcon.colcon_core.environment:checking '/home/li/Time_various/install/irt_nav_common/lib/pkgconfig/irt_nav_common.pc'
[0.736s] Level 1:colcon.colcon_core.environment:checking '/home/li/Time_various/install/irt_nav_common/lib/python3.10/site-packages'
[0.736s] Level 1:colcon.colcon_core.environment:checking '/home/li/Time_various/install/irt_nav_common/bin'
[0.736s] INFO:colcon.colcon_core.shell:Creating package script '/home/li/Time_various/install/irt_nav_common/share/irt_nav_common/package.ps1'
[0.737s] INFO:colcon.colcon_core.shell:Creating package descriptor '/home/li/Time_various/install/irt_nav_common/share/irt_nav_common/package.dsv'
[0.737s] INFO:colcon.colcon_core.shell:Creating package script '/home/li/Time_various/install/irt_nav_common/share/irt_nav_common/package.sh'
[0.737s] INFO:colcon.colcon_core.shell:Creating package script '/home/li/Time_various/install/irt_nav_common/share/irt_nav_common/package.bash'
[0.737s] INFO:colcon.colcon_core.shell:Creating package script '/home/li/Time_various/install/irt_nav_common/share/irt_nav_common/package.zsh'
[0.738s] Level 1:colcon.colcon_core.environment:create_file_with_runtime_dependencies(/home/li/Time_various/install/irt_nav_common/share/colcon-core/packages/irt_nav_common)
[0.738s] Level 1:colcon.colcon_core.environment:create_environment_scripts_only(irt_nav_common)
[0.738s] Level 1:colcon.colcon_core.environment:checking '/home/li/Time_various/install/irt_nav_common' for CMake module files
[0.739s] Level 1:colcon.colcon_core.environment:checking '/home/li/Time_various/install/irt_nav_common' for CMake config files
[0.739s] Level 1:colcon.colcon_core.shell:create_environment_hook('irt_nav_common', 'cmake_prefix_path')
[0.739s] INFO:colcon.colcon_core.shell:Creating environment hook '/home/li/Time_various/install/irt_nav_common/share/irt_nav_common/hook/cmake_prefix_path.ps1'
[0.739s] INFO:colcon.colcon_core.shell:Creating environment descriptor '/home/li/Time_various/install/irt_nav_common/share/irt_nav_common/hook/cmake_prefix_path.dsv'
[0.740s] INFO:colcon.colcon_core.shell:Creating environment hook '/home/li/Time_various/install/irt_nav_common/share/irt_nav_common/hook/cmake_prefix_path.sh'
[0.740s] Level 1:colcon.colcon_core.environment:checking '/home/li/Time_various/install/irt_nav_common/lib'
[0.740s] Level 1:colcon.colcon_core.shell:create_environment_hook('irt_nav_common', 'ld_library_path_lib')
[0.740s] INFO:colcon.colcon_core.shell:Creating environment hook '/home/li/Time_various/install/irt_nav_common/share/irt_nav_common/hook/ld_library_path_lib.ps1'
[0.740s] INFO:colcon.colcon_core.shell:Creating environment descriptor '/home/li/Time_various/install/irt_nav_common/share/irt_nav_common/hook/ld_library_path_lib.dsv'
[0.741s] INFO:colcon.colcon_core.shell:Creating environment hook '/home/li/Time_various/install/irt_nav_common/share/irt_nav_common/hook/ld_library_path_lib.sh'
[0.741s] Level 1:colcon.colcon_core.environment:checking '/home/li/Time_various/install/irt_nav_common/bin'
[0.741s] Level 1:colcon.colcon_core.environment:checking '/home/li/Time_various/install/irt_nav_common/lib/pkgconfig/irt_nav_common.pc'
[0.741s] Level 1:colcon.colcon_core.environment:checking '/home/li/Time_various/install/irt_nav_common/lib/python3.10/site-packages'
[0.741s] Level 1:colcon.colcon_core.environment:checking '/home/li/Time_various/install/irt_nav_common/bin'
[0.742s] INFO:colcon.colcon_core.shell:Creating package script '/home/li/Time_various/install/irt_nav_common/share/irt_nav_common/package.ps1'
[0.742s] INFO:colcon.colcon_core.shell:Creating package descriptor '/home/li/Time_various/install/irt_nav_common/share/irt_nav_common/package.dsv'
[0.742s] INFO:colcon.colcon_core.shell:Creating package script '/home/li/Time_various/install/irt_nav_common/share/irt_nav_common/package.sh'
[0.743s] INFO:colcon.colcon_core.shell:Creating package script '/home/li/Time_various/install/irt_nav_common/share/irt_nav_common/package.bash'
[0.743s] INFO:colcon.colcon_core.shell:Creating package script '/home/li/Time_various/install/irt_nav_common/share/irt_nav_common/package.zsh'
[0.744s] Level 1:colcon.colcon_core.environment:create_file_with_runtime_dependencies(/home/li/Time_various/install/irt_nav_common/share/colcon-core/packages/irt_nav_common)
[2.779s] DEBUG:colcon.colcon_core.event_handler.log_command:Invoked command in '/home/li/Time_various/build/TVFGO' returned '0': CMAKE_PREFIX_PATH=/opt/ros/humble CONDA_PROMPT_MODIFIER=(base) /usr/bin/cmake --build /home/li/Time_various/build/TVFGO -- -j20 -l20
[2.781s] DEBUG:colcon.colcon_core.event_handler.log_command:Invoking command in '/home/li/Time_various/build/TVFGO': CMAKE_PREFIX_PATH=/opt/ros/humble CONDA_PROMPT_MODIFIER=(base) /usr/bin/cmake --install /home/li/Time_various/build/TVFGO
[2.791s] Level 1:colcon.colcon_core.environment:create_environment_scripts_only(TVFGO)
[2.791s] DEBUG:colcon.colcon_core.event_handler.log_command:Invoked command in '/home/li/Time_various/build/TVFGO' returned '0': CMAKE_PREFIX_PATH=/opt/ros/humble CONDA_PROMPT_MODIFIER=(base) /usr/bin/cmake --install /home/li/Time_various/build/TVFGO
[2.791s] Level 1:colcon.colcon_core.environment:checking '/home/li/Time_various/install/TVFGO' for CMake module files
[2.792s] Level 1:colcon.colcon_core.environment:checking '/home/li/Time_various/install/TVFGO' for CMake config files
[2.792s] Level 1:colcon.colcon_core.shell:create_environment_hook('TVFGO', 'cmake_prefix_path')
[2.793s] INFO:colcon.colcon_core.shell:Creating environment hook '/home/li/Time_various/install/TVFGO/share/TVFGO/hook/cmake_prefix_path.ps1'
[2.793s] INFO:colcon.colcon_core.shell:Creating environment descriptor '/home/li/Time_various/install/TVFGO/share/TVFGO/hook/cmake_prefix_path.dsv'
[2.794s] INFO:colcon.colcon_core.shell:Creating environment hook '/home/li/Time_various/install/TVFGO/share/TVFGO/hook/cmake_prefix_path.sh'
[2.794s] Level 1:colcon.colcon_core.environment:checking '/home/li/Time_various/install/TVFGO/bin'
[2.794s] Level 1:colcon.colcon_core.environment:checking '/home/li/Time_various/install/TVFGO/lib/pkgconfig/TVFGO.pc'
[2.795s] Level 1:colcon.colcon_core.environment:checking '/home/li/Time_various/install/TVFGO/lib/python3.10/site-packages'
[2.795s] Level 1:colcon.colcon_core.environment:checking '/home/li/Time_various/install/TVFGO/bin'
[2.795s] INFO:colcon.colcon_core.shell:Creating package script '/home/li/Time_various/install/TVFGO/share/TVFGO/package.ps1'
[2.796s] INFO:colcon.colcon_core.shell:Creating package descriptor '/home/li/Time_various/install/TVFGO/share/TVFGO/package.dsv'
[2.796s] INFO:colcon.colcon_core.shell:Creating package script '/home/li/Time_various/install/TVFGO/share/TVFGO/package.sh'
[2.797s] INFO:colcon.colcon_core.shell:Creating package script '/home/li/Time_various/install/TVFGO/share/TVFGO/package.bash'
[2.797s] INFO:colcon.colcon_core.shell:Creating package script '/home/li/Time_various/install/TVFGO/share/TVFGO/package.zsh'
[2.797s] Level 1:colcon.colcon_core.environment:create_file_with_runtime_dependencies(/home/li/Time_various/install/TVFGO/share/colcon-core/packages/TVFGO)
[2.798s] Level 1:colcon.colcon_core.environment:create_environment_scripts_only(TVFGO)
[2.798s] Level 1:colcon.colcon_core.environment:checking '/home/li/Time_various/install/TVFGO' for CMake module files
[2.798s] Level 1:colcon.colcon_core.environment:checking '/home/li/Time_various/install/TVFGO' for CMake config files
[2.798s] Level 1:colcon.colcon_core.shell:create_environment_hook('TVFGO', 'cmake_prefix_path')
[2.798s] INFO:colcon.colcon_core.shell:Creating environment hook '/home/li/Time_various/install/TVFGO/share/TVFGO/hook/cmake_prefix_path.ps1'
[2.798s] INFO:colcon.colcon_core.shell:Creating environment descriptor '/home/li/Time_various/install/TVFGO/share/TVFGO/hook/cmake_prefix_path.dsv'
[2.799s] INFO:colcon.colcon_core.shell:Creating environment hook '/home/li/Time_various/install/TVFGO/share/TVFGO/hook/cmake_prefix_path.sh'
[2.799s] Level 1:colcon.colcon_core.environment:checking '/home/li/Time_various/install/TVFGO/bin'
[2.799s] Level 1:colcon.colcon_core.environment:checking '/home/li/Time_various/install/TVFGO/lib/pkgconfig/TVFGO.pc'
[2.799s] Level 1:colcon.colcon_core.environment:checking '/home/li/Time_various/install/TVFGO/lib/python3.10/site-packages'
[2.799s] Level 1:colcon.colcon_core.environment:checking '/home/li/Time_various/install/TVFGO/bin'
[2.799s] INFO:colcon.colcon_core.shell:Creating package script '/home/li/Time_various/install/TVFGO/share/TVFGO/package.ps1'
[2.800s] INFO:colcon.colcon_core.shell:Creating package descriptor '/home/li/Time_various/install/TVFGO/share/TVFGO/package.dsv'
[2.800s] INFO:colcon.colcon_core.shell:Creating package script '/home/li/Time_various/install/TVFGO/share/TVFGO/package.sh'
[2.800s] INFO:colcon.colcon_core.shell:Creating package script '/home/li/Time_various/install/TVFGO/share/TVFGO/package.bash'
[2.800s] INFO:colcon.colcon_core.shell:Creating package script '/home/li/Time_various/install/TVFGO/share/TVFGO/package.zsh'
[2.800s] Level 1:colcon.colcon_core.environment:create_file_with_runtime_dependencies(/home/li/Time_various/install/TVFGO/share/colcon-core/packages/TVFGO)
[2.801s] DEBUG:colcon.colcon_parallel_executor.executor.parallel:closing loop
[2.801s] DEBUG:colcon.colcon_parallel_executor.executor.parallel:loop closed
[2.801s] DEBUG:colcon.colcon_parallel_executor.executor.parallel:run_until_complete finished with '0'
[2.801s] DEBUG:colcon.colcon_core.event_reactor:joining thread
[2.805s] INFO:colcon.colcon_core.plugin_system:Skipping extension 'colcon_notification.desktop_notification.terminal_notifier': Not used on non-Darwin systems
[2.805s] INFO:colcon.colcon_core.plugin_system:Skipping extension 'colcon_notification.desktop_notification.win32': Not used on non-Windows systems
[2.805s] INFO:colcon.colcon_notification.desktop_notification:Sending desktop notification using 'notify2'
[2.822s] DEBUG:colcon.colcon_core.event_reactor:joined thread
[2.823s] INFO:colcon.colcon_core.shell:Creating prefix script '/home/li/Time_various/install/local_setup.ps1'
[2.824s] INFO:colcon.colcon_core.shell:Creating prefix util module '/home/li/Time_various/install/_local_setup_util_ps1.py'
[2.825s] INFO:colcon.colcon_core.shell:Creating prefix chain script '/home/li/Time_various/install/setup.ps1'
[2.826s] INFO:colcon.colcon_core.shell:Creating prefix script '/home/li/Time_various/install/local_setup.sh'
[2.827s] INFO:colcon.colcon_core.shell:Creating prefix util module '/home/li/Time_various/install/_local_setup_util_sh.py'
[2.828s] INFO:colcon.colcon_core.shell:Creating prefix chain script '/home/li/Time_various/install/setup.sh'
[2.828s] INFO:colcon.colcon_core.shell:Creating prefix script '/home/li/Time_various/install/local_setup.bash'
[2.829s] INFO:colcon.colcon_core.shell:Creating prefix chain script '/home/li/Time_various/install/setup.bash'
[2.830s] INFO:colcon.colcon_core.shell:Creating prefix script '/home/li/Time_various/install/local_setup.zsh'
[2.830s] INFO:colcon.colcon_core.shell:Creating prefix chain script '/home/li/Time_various/install/setup.zsh'
