[0.012s] Invoking command in '/home/li/Time_various/build/lio_sam': CMAKE_PREFIX_PATH=/opt/ros/humble CONDA_PROMPT_MODIFIER=(base) /usr/bin/cmake /home/li/Time_various/src/timevariousFGO/LIOSAM -DCMAKE_INSTALL_PREFIX=/home/li/Time_various/install/lio_sam
[0.068s] -- The C compiler identification is GNU 12.3.0
[0.128s] -- The CXX compiler identification is GNU 12.3.0
[0.133s] -- Detecting C compiler ABI info
[0.194s] -- Detecting C compiler ABI info - done
[0.200s] -- Check for working C compiler: /usr/bin/cc - skipped
[0.200s] -- Detecting C compile features
[0.200s] -- Detecting C compile features - done
[0.202s] -- Detecting CXX compiler ABI info
[0.268s] -- Detecting CXX compiler ABI info - done
[0.273s] -- Check for working CXX compiler: /usr/bin/g++ - skipped
[0.274s] -- Detecting CXX compile features
[0.274s] -- Detecting CXX compile features - done
[0.275s] -- Found ament_cmake: 1.3.12 (/opt/ros/humble/share/ament_cmake/cmake)
[0.557s] -- Found Python3: /home/li/miniconda3/bin/python3 (found version "3.13.5") found components: Interpreter 
[0.626s] -- Found rosidl_default_generators: 1.2.0 (/opt/ros/humble/share/rosidl_default_generators/cmake)
[0.627s] -- Using all available rosidl_typesupport_c: rosidl_typesupport_fastrtps_c;rosidl_typesupport_introspection_c
[0.630s] -- Found rosidl_adapter: 3.1.7 (/opt/ros/humble/share/rosidl_adapter/cmake)
[0.654s] -- Using all available rosidl_typesupport_cpp: rosidl_typesupport_fastrtps_cpp;rosidl_typesupport_introspection_cpp
[0.673s] -- Found rclcpp: 16.0.14 (/opt/ros/humble/share/rclcpp/cmake)
[0.702s] -- Found rmw_implementation_cmake: 6.1.2 (/opt/ros/humble/share/rmw_implementation_cmake/cmake)
[0.703s] -- Found rmw_fastrtps_cpp: 6.2.8 (/opt/ros/humble/share/rmw_fastrtps_cpp/cmake)
[0.769s] -- Found OpenSSL: /usr/lib/x86_64-linux-gnu/libcrypto.so (found version "3.0.2")  
[0.788s] -- Found FastRTPS: /opt/ros/humble/include  
[0.818s] -- Using RMW implementation 'rmw_fastrtps_cpp' as default
[0.823s] -- Looking for pthread.h
[0.893s] -- Looking for pthread.h - found
[0.893s] -- Performing Test CMAKE_HAVE_LIBC_PTHREAD
[0.953s] -- Performing Test CMAKE_HAVE_LIBC_PTHREAD - Success
[0.954s] -- Found Threads: TRUE  
[0.986s] -- Found rclpy: 3.3.17 (/opt/ros/humble/share/rclpy/cmake)
[0.987s] -- Found cv_bridge: 3.2.1 (/opt/ros/humble/share/cv_bridge/cmake)
[1.017s] -- Found nav_msgs: 4.9.0 (/opt/ros/humble/share/nav_msgs/cmake)
[1.029s] -- Found visualization_msgs: 4.9.0 (/opt/ros/humble/share/visualization_msgs/cmake)
[1.046s] -- Found pcl_msgs: 1.0.0 (/opt/ros/humble/share/pcl_msgs/cmake)
[1.057s] -- Found tf2: 0.25.16 (/opt/ros/humble/share/tf2/cmake)
[1.063s] -- Found tf2_geometry_msgs: 0.25.16 (/opt/ros/humble/share/tf2_geometry_msgs/cmake)
[1.068s] -- Found eigen3_cmake_module: 0.1.1 (/opt/ros/humble/share/eigen3_cmake_module/cmake)
[1.069s] -- Found Eigen3: TRUE (found version "3.4.0") 
[1.069s] -- Ensuring Eigen3 include directory is part of orocos-kdl CMake target
[1.130s] -- Found tf2_sensor_msgs: 0.25.16 (/opt/ros/humble/share/tf2_sensor_msgs/cmake)
[1.133s] -- Found tf2_eigen: 0.25.16 (/opt/ros/humble/share/tf2_eigen/cmake)
[1.138s] -- Found OpenCV: /usr (found version "4.5.4") 
[1.148s] -- Checking for module 'eigen3'
[1.159s] --   Found eigen3, version 3.4.0
[1.189s] -- Found Eigen: /usr/include/eigen3 (Required is at least version "3.1") 
[1.189s] -- Eigen found (include: /usr/include/eigen3, version: 3.4.0)
[1.200s] -- Found Boost: /usr/lib/x86_64-linux-gnu/cmake/Boost-1.74.0/BoostConfig.cmake (found suitable version "1.74.0", minimum required is "1.65.0") found components: system filesystem date_time iostreams serialization 
[1.211s] -- Checking for module 'flann'
[1.222s] --   Found flann, version 1.9.1
[1.255s] -- Found FLANN: /usr/lib/x86_64-linux-gnu/libflann_cpp.so  
[1.255s] -- FLANN found (include: /usr/include, lib: /usr/lib/x86_64-linux-gnu/libflann_cpp.so)
[1.284s] -- Found GLEW: /usr/lib/x86_64-linux-gnu/libGLEW.so  
[1.287s] -- Found OpenGL: /usr/lib/x86_64-linux-gnu/libOpenGL.so  found components: OpenGL GLX 
[1.413s] -- Found MPI_C: /usr/lib/x86_64-linux-gnu/libmpi.so (found version "3.1") 
[1.413s] -- Found MPI: TRUE (found version "3.1") found components: C 
[1.414s] -- Found JsonCpp: /usr/lib/x86_64-linux-gnu/libjsoncpp.so (found suitable version "1.9.5", minimum required is "0.7.0") 
[1.423s] -- Found ZLIB: /usr/lib/x86_64-linux-gnu/libz.so (found version "1.2.11") 
[1.435s] -- Found PNG: /usr/lib/x86_64-linux-gnu/libpng.so (found version "1.6.37") 
[1.443s] -- Found Eigen3: /usr/include/eigen3 (found version "3.4.0") 
[1.515s] -- Found X11: /usr/include   
[1.515s] -- Looking for XOpenDisplay in /usr/lib/x86_64-linux-gnu/libX11.so;/usr/lib/x86_64-linux-gnu/libXext.so
[1.581s] -- Looking for XOpenDisplay in /usr/lib/x86_64-linux-gnu/libX11.so;/usr/lib/x86_64-linux-gnu/libXext.so - found
[1.581s] -- Looking for gethostbyname
[1.634s] -- Looking for gethostbyname - found
[1.635s] -- Looking for connect
[1.694s] -- Looking for connect - found
[1.694s] -- Looking for remove
[1.752s] -- Looking for remove - found
[1.753s] -- Looking for shmat
[1.816s] -- Looking for shmat - found
[1.816s] -- Looking for IceConnectionNumber in ICE
[1.875s] -- Looking for IceConnectionNumber in ICE - found
[1.938s] -- Found EXPAT: /usr/lib/x86_64-linux-gnu/libexpat.so (found version "2.4.7") 
[1.940s] -- Found double-conversion: /usr/lib/x86_64-linux-gnu/libdouble-conversion.so  
[1.942s] -- Found LZ4: /usr/lib/x86_64-linux-gnu/liblz4.so (found version "1.9.3") 
[1.943s] -- Found LZMA: /usr/lib/x86_64-linux-gnu/liblzma.so (found version "5.2.5") 
[1.951s] -- Found JPEG: /usr/lib/x86_64-linux-gnu/libjpeg.so (found version "80") 
[1.954s] -- Found TIFF: /usr/lib/x86_64-linux-gnu/libtiff.so (found version "4.3.0")  
[1.957s] -- Found Freetype: /usr/lib/x86_64-linux-gnu/libfreetype.so (found version "2.11.1") 
[1.961s] -- Found utf8cpp: /usr/include/utf8cpp  
[2.023s] -- Checking for module 'libusb-1.0'
[2.034s] --   Found libusb-1.0, version 1.0.25
[2.067s] -- Found libusb: /usr/lib/x86_64-linux-gnu/libusb-1.0.so  
[2.068s] -- Found OpenNI: /usr/lib/libOpenNI.so;libusb::libusb (found version "1.5.4.0") 
[2.068s] -- OpenNI found (version: 1.5.4.0, include: /usr/include/ni, lib: /usr/lib/libOpenNI.so;libusb::libusb)
[2.112s] -- Found OpenNI2: /usr/lib/x86_64-linux-gnu/libOpenNI2.so;libusb::libusb (found version "2.2.0.33") 
[2.112s] -- OpenNI2 found (version: 2.2.0.33, include: /usr/include/openni2, lib: /usr/lib/x86_64-linux-gnu/libOpenNI2.so;libusb::libusb)
[2.123s] -- Found PCAP: /usr/lib/x86_64-linux-gnu/libpcap.so  
[2.123s] -- Performing Test PCAP_LINKS_SOLO
[2.187s] -- Performing Test PCAP_LINKS_SOLO - Success
[2.188s] -- Looking for pcap_get_pfring_id
[2.251s] -- Looking for pcap_get_pfring_id - not found
[2.251s] -- Looking for pcap_set_immediate_mode
[2.321s] -- Looking for pcap_set_immediate_mode - found
[2.321s] -- Looking for pcap_set_tstamp_precision
[2.388s] -- Looking for pcap_set_tstamp_precision - found
[2.508s] -- Eigen found (include: /usr/include/eigen3, version: 3.4.0)
[2.515s] -- OpenNI found (version: 1.5.4.0, include: /usr/include/ni, lib: /usr/lib/libOpenNI.so;libusb::libusb)
[2.522s] -- OpenNI2 found (version: 2.2.0.33, include: /usr/include/openni2, lib: /usr/lib/x86_64-linux-gnu/libOpenNI2.so;libusb::libusb)
[2.631s] -- Found Qhull version 8.0.2
[2.742s] -- OpenNI found (version: 1.5.4.0, include: /usr/include/ni, lib: /usr/lib/libOpenNI.so;libusb::libusb)
[2.851s] -- looking for PCL_COMMON
[2.852s] -- Found PCL_COMMON: /usr/lib/x86_64-linux-gnu/libpcl_common.so  
[2.852s] -- looking for PCL_KDTREE
[2.852s] -- Found PCL_KDTREE: /usr/lib/x86_64-linux-gnu/libpcl_kdtree.so  
[2.852s] -- looking for PCL_OCTREE
[2.853s] -- Found PCL_OCTREE: /usr/lib/x86_64-linux-gnu/libpcl_octree.so  
[2.853s] -- looking for PCL_SEARCH
[2.853s] -- Found PCL_SEARCH: /usr/lib/x86_64-linux-gnu/libpcl_search.so  
[2.853s] -- looking for PCL_SAMPLE_CONSENSUS
[2.854s] -- Found PCL_SAMPLE_CONSENSUS: /usr/lib/x86_64-linux-gnu/libpcl_sample_consensus.so  
[2.854s] -- looking for PCL_FILTERS
[2.854s] -- Found PCL_FILTERS: /usr/lib/x86_64-linux-gnu/libpcl_filters.so  
[2.855s] -- looking for PCL_2D
[2.855s] -- Found PCL_2D: /usr/include/pcl-1.12  
[2.856s] -- looking for PCL_GEOMETRY
[2.856s] -- Found PCL_GEOMETRY: /usr/include/pcl-1.12  
[2.856s] -- looking for PCL_IO
[2.856s] -- Found PCL_IO: /usr/lib/x86_64-linux-gnu/libpcl_io.so  
[2.856s] -- looking for PCL_FEATURES
[2.857s] -- Found PCL_FEATURES: /usr/lib/x86_64-linux-gnu/libpcl_features.so  
[2.857s] -- looking for PCL_ML
[2.857s] -- Found PCL_ML: /usr/lib/x86_64-linux-gnu/libpcl_ml.so  
[2.858s] -- looking for PCL_SEGMENTATION
[2.858s] -- Found PCL_SEGMENTATION: /usr/lib/x86_64-linux-gnu/libpcl_segmentation.so  
[2.858s] -- looking for PCL_VISUALIZATION
[2.859s] -- Found PCL_VISUALIZATION: /usr/lib/x86_64-linux-gnu/libpcl_visualization.so  
[2.859s] -- looking for PCL_SURFACE
[2.859s] -- Found PCL_SURFACE: /usr/lib/x86_64-linux-gnu/libpcl_surface.so  
[2.859s] -- looking for PCL_REGISTRATION
[2.860s] -- Found PCL_REGISTRATION: /usr/lib/x86_64-linux-gnu/libpcl_registration.so  
[2.860s] -- looking for PCL_KEYPOINTS
[2.861s] -- Found PCL_KEYPOINTS: /usr/lib/x86_64-linux-gnu/libpcl_keypoints.so  
[2.861s] -- looking for PCL_TRACKING
[2.861s] -- Found PCL_TRACKING: /usr/lib/x86_64-linux-gnu/libpcl_tracking.so  
[2.861s] -- looking for PCL_RECOGNITION
[2.862s] -- Found PCL_RECOGNITION: /usr/lib/x86_64-linux-gnu/libpcl_recognition.so  
[2.862s] -- looking for PCL_STEREO
[2.862s] -- Found PCL_STEREO: /usr/lib/x86_64-linux-gnu/libpcl_stereo.so  
[2.862s] -- looking for PCL_APPS
[2.863s] -- Found PCL_APPS: /usr/lib/x86_64-linux-gnu/libpcl_apps.so  
[2.863s] -- looking for PCL_IN_HAND_SCANNER
[2.863s] -- Found PCL_IN_HAND_SCANNER: /usr/include/pcl-1.12  
[2.864s] -- looking for PCL_MODELER
[2.864s] -- Found PCL_MODELER: /usr/include/pcl-1.12  
[2.864s] -- looking for PCL_POINT_CLOUD_EDITOR
[2.864s] -- Found PCL_POINT_CLOUD_EDITOR: /usr/include/pcl-1.12  
[2.864s] -- looking for PCL_OUTOFCORE
[2.865s] -- Found PCL_OUTOFCORE: /usr/lib/x86_64-linux-gnu/libpcl_outofcore.so  
[2.865s] -- looking for PCL_PEOPLE
[2.865s] -- Found PCL_PEOPLE: /usr/lib/x86_64-linux-gnu/libpcl_people.so  
[2.866s] -- Found PCL: pcl_common;pcl_kdtree;pcl_octree;pcl_search;pcl_sample_consensus;pcl_filters;pcl_io;pcl_features;pcl_ml;pcl_segmentation;pcl_visualization;pcl_surface;pcl_registration;pcl_keypoints;pcl_tracking;pcl_recognition;pcl_stereo;pcl_apps;pcl_outofcore;pcl_people;Boost::system;Boost::filesystem;Boost::date_time;Boost::iostreams;Boost::serialization;/usr/lib/libOpenNI.so;libusb::libusb;/usr/lib/x86_64-linux-gnu/libOpenNI2.so;libusb::libusb;VTK::ChartsCore;VTK::CommonColor;VTK::CommonComputationalGeometry;VTK::CommonCore;VTK::CommonDataModel;VTK::CommonExecutionModel;VTK::CommonMath;VTK::CommonMisc;VTK::CommonTransforms;VTK::FiltersCore;VTK::FiltersExtraction;VTK::FiltersGeneral;VTK::FiltersGeometry;VTK::FiltersModeling;VTK::FiltersSources;VTK::ImagingCore;VTK::ImagingSources;VTK::InteractionImage;VTK::InteractionStyle;VTK::InteractionWidgets;VTK::IOCore;VTK::IOGeometry;VTK::IOImage;VTK::IOLegacy;VTK::IOPLY;VTK::RenderingAnnotation;VTK::RenderingCore;VTK::RenderingContext2D;VTK::RenderingLOD;VTK::RenderingFreeType;VTK::ViewsCore;VTK::ViewsContext2D;VTK::RenderingOpenGL2;VTK::GUISupportQt;FLANN::FLANN;QHULL::QHULL  
[2.892s] -- Found Boost: /usr/lib/x86_64-linux-gnu/cmake/Boost-1.74.0/BoostConfig.cmake (found suitable version "1.74.0", minimum required is "1.65") found components: serialization system filesystem thread program_options date_time timer chrono regex 
[2.894s] -- Found Eigen3: TRUE (found version "3.4.0") 
[2.894s] -- GTSAM include directory:  /usr/lib/cmake/GTSAM/../../../include
[2.899s] -- Found Eigen: /usr/include/eigen3  
[2.900s] -- Eigen found (include: /usr/include/eigen3, version: 3.4.0)
[3.088s] -- Found OpenMP_C: -fopenmp (found version "4.5") 
[3.163s] -- Found OpenMP_CXX: -fopenmp (found version "4.5") 
[3.163s] -- Found OpenMP: TRUE (found version "4.5")  
[3.164s] -- Found pcl_conversions: 2.4.5 (/opt/ros/humble/share/pcl_conversions/cmake)
[3.428s] -- Found ament_cmake_ros: 0.10.0 (/opt/ros/humble/share/ament_cmake_ros/cmake)
[3.623s] -- Using all available rosidl_typesupport_c: rosidl_typesupport_fastrtps_c;rosidl_typesupport_introspection_c
[3.876s] -- Using all available rosidl_typesupport_cpp: rosidl_typesupport_fastrtps_cpp;rosidl_typesupport_introspection_cpp
[3.890s] -- Found PythonInterp: /home/li/miniconda3/bin/python3 (found suitable version "3.13.5", minimum required is "3.6") 
[3.891s] -- Found python_cmake_module: 0.10.0 (/opt/ros/humble/share/python_cmake_module/cmake)
[3.909s] -- Found PythonLibs: /home/li/miniconda3/lib/libpython3.13.so (found suitable version "3.13.5", minimum required is "3.5") 
[3.909s] -- Using PYTHON_EXECUTABLE: /home/li/miniconda3/bin/python3
[3.909s] -- Using PYTHON_INCLUDE_DIRS: /home/li/miniconda3/include/python3.13
[3.909s] -- Using PYTHON_LIBRARIES: /home/li/miniconda3/lib/libpython3.13.so
[3.927s] -- Found PythonExtra: .so  
[4.107s] -- Using numpy include directory: /home/li/miniconda3/lib/python3.13/site-packages/numpy/_core/include
[4.173s] -- Found ament_lint_auto: 0.12.14 (/opt/ros/humble/share/ament_lint_auto/cmake)
[4.184s] -- Added test 'copyright' to check source files copyright and LICENSE
[4.185s] -- Added test 'cppcheck' to perform static code analysis on C / C++ code
[4.187s] -- Configured cppcheck include dirs: /home/li/Time_various/src/timevariousFGO/LIOSAM/include;/home/li/Time_various/src/timevariousFGO/LIOSAM/include/lio_sam
[4.187s] -- Configured cppcheck exclude dirs and/or files: 
[4.188s] -- Added test 'cpplint' to check C / C++ code against the Google style
[4.188s] -- Configured cpplint exclude dirs and/or files: 
[4.189s] -- Added test 'flake8' to check Python code syntax and style conventions
[4.189s] -- Added test 'lint_cmake' to check CMake code style
[4.189s] -- Added test 'pep257' to check Python code against some of the docstring style conventions in PEP 257
[4.190s] -- Added test 'uncrustify' to check C / C++ code style
[4.191s] -- Configured uncrustify additional arguments: 
[4.191s] -- Added test 'xmllint' to check XML markup files
[4.192s] -- Configuring done
[4.272s] [33mCMake Warning at CMakeLists.txt:43 (add_executable):
[4.272s]   Cannot generate a safe runtime search path for target
[4.272s]   lio_sam_featureExtraction because files in some directories may conflict
[4.272s]   with libraries in implicit directories:
[4.272s] 
[4.272s]     runtime library [libz.so.1] in /usr/lib/x86_64-linux-gnu may be hidden by files in:
[4.272s]       /home/li/miniconda3/lib
[4.272s]     runtime library [libX11.so.6] in /usr/lib/x86_64-linux-gnu may be hidden by files in:
[4.272s]       /home/li/miniconda3/lib
[4.272s] 
[4.272s]   Some of these libraries may not be found correctly.
[4.272s] 
[4.272s] [0m
[4.285s] [33mCMake Warning at CMakeLists.txt:48 (add_executable):
[4.285s]   Cannot generate a safe runtime search path for target
[4.285s]   lio_sam_imageProjection because files in some directories may conflict with
[4.285s]   libraries in implicit directories:
[4.285s] 
[4.285s]     runtime library [libz.so.1] in /usr/lib/x86_64-linux-gnu may be hidden by files in:
[4.285s]       /home/li/miniconda3/lib
[4.285s]     runtime library [libX11.so.6] in /usr/lib/x86_64-linux-gnu may be hidden by files in:
[4.285s]       /home/li/miniconda3/lib
[4.285s] 
[4.285s]   Some of these libraries may not be found correctly.
[4.286s] 
[4.286s] [0m
[4.300s] [33mCMake Warning at CMakeLists.txt:52 (add_executable):
[4.300s]   Cannot generate a safe runtime search path for target
[4.300s]   lio_sam_imuPreintegration because files in some directories may conflict
[4.300s]   with libraries in implicit directories:
[4.300s] 
[4.300s]     runtime library [libz.so.1] in /usr/lib/x86_64-linux-gnu may be hidden by files in:
[4.300s]       /home/li/miniconda3/lib
[4.300s]     runtime library [libX11.so.6] in /usr/lib/x86_64-linux-gnu may be hidden by files in:
[4.300s]       /home/li/miniconda3/lib
[4.300s] 
[4.300s]   Some of these libraries may not be found correctly.
[4.300s] 
[4.300s] [0m
[4.313s] [33mCMake Warning at CMakeLists.txt:56 (add_executable):
[4.314s]   Cannot generate a safe runtime search path for target
[4.314s]   lio_sam_mapOptimization because files in some directories may conflict with
[4.314s]   libraries in implicit directories:
[4.314s] 
[4.314s]     runtime library [libz.so.1] in /usr/lib/x86_64-linux-gnu may be hidden by files in:
[4.314s]       /home/li/miniconda3/lib
[4.314s]     runtime library [libX11.so.6] in /usr/lib/x86_64-linux-gnu may be hidden by files in:
[4.314s]       /home/li/miniconda3/lib
[4.314s]     runtime library [libgomp.so.1] in /usr/lib/gcc/x86_64-linux-gnu/12 may be hidden by files in:
[4.314s]       /home/li/miniconda3/lib
[4.314s] 
[4.314s]   Some of these libraries may not be found correctly.
[4.314s] 
[4.315s] [0m
[4.318s] -- Generating done
[4.347s] -- Build files have been written to: /home/li/Time_various/build/lio_sam
[4.364s] Invoked command in '/home/li/Time_various/build/lio_sam' returned '0': CMAKE_PREFIX_PATH=/opt/ros/humble CONDA_PROMPT_MODIFIER=(base) /usr/bin/cmake /home/li/Time_various/src/timevariousFGO/LIOSAM -DCMAKE_INSTALL_PREFIX=/home/li/Time_various/install/lio_sam
[4.365s] Invoking command in '/home/li/Time_various/build/lio_sam': CMAKE_PREFIX_PATH=/opt/ros/humble CONDA_PROMPT_MODIFIER=(base) /usr/bin/cmake --build /home/li/Time_various/build/lio_sam -- -j20 -l20
[4.404s] [  2%] [34m[1mGenerating C code for ROS interfaces[0m
[4.412s] [  4%] [34m[1mGenerating C++ code for ROS interfaces[0m
[4.423s] [  4%] Built target ament_cmake_python_copy_lio_sam
[4.564s] running egg_info
[4.573s] creating lio_sam.egg-info
[4.573s] writing lio_sam.egg-info/PKG-INFO
[4.573s] writing dependency_links to lio_sam.egg-info/dependency_links.txt
[4.573s] writing top-level names to lio_sam.egg-info/top_level.txt
[4.574s] writing manifest file 'lio_sam.egg-info/SOURCES.txt'
[4.596s] reading manifest file 'lio_sam.egg-info/SOURCES.txt'
[4.597s] writing manifest file 'lio_sam.egg-info/SOURCES.txt'
[4.620s] [  4%] Built target ament_cmake_python_build_lio_sam_egg
[4.676s] [  6%] [32mBuilding C object CMakeFiles/lio_sam__rosidl_generator_c.dir/rosidl_generator_c/lio_sam/srv/detail/save_map__functions.c.o[0m
[4.678s] [  8%] [32mBuilding C object CMakeFiles/lio_sam__rosidl_generator_c.dir/rosidl_generator_c/lio_sam/msg/detail/cloud_info__functions.c.o[0m
[4.685s] [  8%] Built target lio_sam__cpp
[4.693s] [ 10%] [34m[1mGenerating C++ type support dispatch for ROS interfaces[0m
[4.695s] [ 12%] [34m[1mGenerating C++ type support for eProsima Fast-RTPS[0m
[4.696s] [ 14%] [34m[1mGenerating C++ introspection for ROS interfaces[0m
[4.815s] [ 17%] [32m[1mLinking C shared library liblio_sam__rosidl_generator_c.so[0m
[4.853s] [ 17%] Built target lio_sam__rosidl_generator_c
[4.863s] [ 19%] [34m[1mGenerating C type support for eProsima Fast-RTPS[0m
[4.864s] [ 23%] [34m[1mGenerating C type support dispatch for ROS interfaces[0m
[4.864s] [ 23%] [34m[1mGenerating C introspection for ROS interfaces[0m
[4.935s] [ 27%] [32mBuilding CXX object CMakeFiles/lio_sam__rosidl_typesupport_cpp.dir/rosidl_typesupport_cpp/lio_sam/srv/save_map__type_support.cpp.o[0m
[4.935s] [ 27%] [32mBuilding CXX object CMakeFiles/lio_sam__rosidl_typesupport_cpp.dir/rosidl_typesupport_cpp/lio_sam/msg/cloud_info__type_support.cpp.o[0m
[4.954s] [ 29%] [32mBuilding CXX object CMakeFiles/lio_sam__rosidl_typesupport_fastrtps_cpp.dir/rosidl_typesupport_fastrtps_cpp/lio_sam/srv/detail/dds_fastrtps/save_map__type_support.cpp.o[0m
[4.957s] [ 31%] [32mBuilding CXX object CMakeFiles/lio_sam__rosidl_typesupport_fastrtps_cpp.dir/rosidl_typesupport_fastrtps_cpp/lio_sam/msg/detail/dds_fastrtps/cloud_info__type_support.cpp.o[0m
[4.967s] [ 34%] [32mBuilding CXX object CMakeFiles/lio_sam__rosidl_typesupport_introspection_cpp.dir/rosidl_typesupport_introspection_cpp/lio_sam/msg/detail/cloud_info__type_support.cpp.o[0m
[4.970s] [ 36%] [32mBuilding CXX object CMakeFiles/lio_sam__rosidl_typesupport_introspection_cpp.dir/rosidl_typesupport_introspection_cpp/lio_sam/srv/detail/save_map__type_support.cpp.o[0m
[5.154s] [ 38%] [32mBuilding CXX object CMakeFiles/lio_sam__rosidl_typesupport_fastrtps_c.dir/rosidl_typesupport_fastrtps_c/lio_sam/msg/detail/cloud_info__type_support_c.cpp.o[0m
[5.155s] [ 40%] [32mBuilding CXX object CMakeFiles/lio_sam__rosidl_typesupport_fastrtps_c.dir/rosidl_typesupport_fastrtps_c/lio_sam/srv/detail/save_map__type_support_c.cpp.o[0m
[5.250s] [ 44%] [32mBuilding C object CMakeFiles/lio_sam__rosidl_typesupport_introspection_c.dir/rosidl_typesupport_introspection_c/lio_sam/msg/detail/cloud_info__type_support.c.o[0m
[5.250s] [ 44%] [32mBuilding C object CMakeFiles/lio_sam__rosidl_typesupport_introspection_c.dir/rosidl_typesupport_introspection_c/lio_sam/srv/detail/save_map__type_support.c.o[0m
[5.270s] [ 46%] [32mBuilding CXX object CMakeFiles/lio_sam__rosidl_typesupport_c.dir/rosidl_typesupport_c/lio_sam/srv/save_map__type_support.cpp.o[0m
[5.270s] [ 48%] [32mBuilding CXX object CMakeFiles/lio_sam__rosidl_typesupport_c.dir/rosidl_typesupport_c/lio_sam/msg/cloud_info__type_support.cpp.o[0m
[5.314s] [ 51%] [32m[1mLinking CXX shared library liblio_sam__rosidl_typesupport_c.so[0m
[5.318s] [ 53%] [32m[1mLinking C shared library liblio_sam__rosidl_typesupport_introspection_c.so[0m
[5.350s] [ 53%] Built target lio_sam__rosidl_typesupport_c
[5.353s] [ 55%] [32m[1mLinking CXX shared library liblio_sam__rosidl_typesupport_cpp.so[0m
[5.353s] [ 55%] Built target lio_sam__rosidl_typesupport_introspection_c
[5.386s] [ 55%] Built target lio_sam__rosidl_typesupport_cpp
[5.401s] [ 57%] [32mBuilding CXX object CMakeFiles/lio_sam_featureExtraction.dir/src/featureExtraction.cpp.o[0m
[5.404s] [ 59%] [32mBuilding CXX object CMakeFiles/lio_sam_imuPreintegration.dir/src/imuPreintegration.cpp.o[0m
[5.404s] [ 61%] [32mBuilding CXX object CMakeFiles/lio_sam_imageProjection.dir/src/imageProjection.cpp.o[0m
[5.404s] [ 63%] [32mBuilding CXX object CMakeFiles/lio_sam_mapOptimization.dir/src/mapOptmization.cpp.o[0m
[5.447s] [ 65%] [32m[1mLinking CXX shared library liblio_sam__rosidl_typesupport_fastrtps_cpp.so[0m
[5.482s] [ 68%] [32m[1mLinking CXX shared library liblio_sam__rosidl_typesupport_introspection_cpp.so[0m
[5.497s] [ 68%] Built target lio_sam__rosidl_typesupport_fastrtps_cpp
[5.542s] [ 68%] Built target lio_sam__rosidl_typesupport_introspection_cpp
[5.551s] [ 70%] [32m[1mLinking CXX shared library liblio_sam__rosidl_typesupport_fastrtps_c.so[0m
[5.607s] [ 70%] Built target lio_sam__rosidl_typesupport_fastrtps_c
[5.625s] [ 70%] Built target lio_sam
[5.643s] [ 72%] [34m[1mGenerating Python code for ROS interfaces[0m
[6.032s] [ 72%] Built target lio_sam__py
[6.054s] [ 74%] [32mBuilding C object CMakeFiles/lio_sam__rosidl_generator_py.dir/rosidl_generator_py/lio_sam/msg/_cloud_info_s.c.o[0m
[6.054s] [ 76%] [32mBuilding C object CMakeFiles/lio_sam__rosidl_generator_py.dir/rosidl_generator_py/lio_sam/srv/_save_map_s.c.o[0m
[6.343s] [ 78%] [32m[1mLinking C shared library rosidl_generator_py/lio_sam/liblio_sam__rosidl_generator_py.so[0m
[6.378s] [ 78%] Built target lio_sam__rosidl_generator_py
[6.399s] [ 85%] [32mBuilding C object CMakeFiles/lio_sam__rosidl_typesupport_c__pyext.dir/rosidl_generator_py/lio_sam/_lio_sam_s.ep.rosidl_typesupport_c.c.o[0m
[6.399s] [ 85%] [32mBuilding C object CMakeFiles/lio_sam__rosidl_typesupport_fastrtps_c__pyext.dir/rosidl_generator_py/lio_sam/_lio_sam_s.ep.rosidl_typesupport_fastrtps_c.c.o[0m
[6.399s] [ 85%] [32mBuilding C object CMakeFiles/lio_sam__rosidl_typesupport_introspection_c__pyext.dir/rosidl_generator_py/lio_sam/_lio_sam_s.ep.rosidl_typesupport_introspection_c.c.o[0m
[6.524s] [ 87%] [32m[1mLinking C shared library rosidl_generator_py/lio_sam/lio_sam_s__rosidl_typesupport_c.cpython-313-x86_64-linux-gnu.so[0m
[6.532s] [ 89%] [32m[1mLinking C shared library rosidl_generator_py/lio_sam/lio_sam_s__rosidl_typesupport_introspection_c.cpython-313-x86_64-linux-gnu.so[0m
[6.557s] [ 89%] Built target lio_sam__rosidl_typesupport_c__pyext
[6.560s] [ 89%] Built target lio_sam__rosidl_typesupport_introspection_c__pyext
[6.591s] [ 91%] [32m[1mLinking C shared library rosidl_generator_py/lio_sam/lio_sam_s__rosidl_typesupport_fastrtps_c.cpython-313-x86_64-linux-gnu.so[0m
[6.626s] [ 91%] Built target lio_sam__rosidl_typesupport_fastrtps_c__pyext
[25.023s] [ 93%] [32m[1mLinking CXX executable lio_sam_featureExtraction[0m
[25.476s] [ 93%] Built target lio_sam_featureExtraction
[29.973s] [ 95%] [32m[1mLinking CXX executable lio_sam_imageProjection[0m
[30.357s] [ 95%] Built target lio_sam_imageProjection
[35.714s] [ 97%] [32m[1mLinking CXX executable lio_sam_imuPreintegration[0m
[36.167s] [ 97%] Built target lio_sam_imuPreintegration
[52.182s] [100%] [32m[1mLinking CXX executable lio_sam_mapOptimization[0m
[52.576s] /usr/bin/ld: warning: libtbb.so.2, needed by /usr/lib/x86_64-linux-gnu/libopencv_core.so.4.5.4d, may conflict with libtbb.so.12
[52.742s] [100%] Built target lio_sam_mapOptimization
[52.751s] Invoked command in '/home/li/Time_various/build/lio_sam' returned '0': CMAKE_PREFIX_PATH=/opt/ros/humble CONDA_PROMPT_MODIFIER=(base) /usr/bin/cmake --build /home/li/Time_various/build/lio_sam -- -j20 -l20
[52.753s] Invoking command in '/home/li/Time_various/build/lio_sam': CMAKE_PREFIX_PATH=/opt/ros/humble CONDA_PROMPT_MODIFIER=(base) /usr/bin/cmake --install /home/li/Time_various/build/lio_sam
[52.762s] -- Install configuration: "Release"
[52.762s] -- Installing: /home/li/Time_various/install/lio_sam/share/ament_index/resource_index/rosidl_interfaces/lio_sam
[52.762s] -- Installing: /home/li/Time_various/install/lio_sam/include/lio_sam/lio_sam
[52.762s] -- Installing: /home/li/Time_various/install/lio_sam/include/lio_sam/lio_sam/msg
[52.762s] -- Installing: /home/li/Time_various/install/lio_sam/include/lio_sam/lio_sam/msg/cloud_info.h
[52.762s] -- Installing: /home/li/Time_various/install/lio_sam/include/lio_sam/lio_sam/msg/detail
[52.763s] -- Installing: /home/li/Time_various/install/lio_sam/include/lio_sam/lio_sam/msg/detail/cloud_info__functions.c
[52.763s] -- Installing: /home/li/Time_various/install/lio_sam/include/lio_sam/lio_sam/msg/detail/cloud_info__struct.h
[52.763s] -- Installing: /home/li/Time_various/install/lio_sam/include/lio_sam/lio_sam/msg/detail/cloud_info__functions.h
[52.763s] -- Installing: /home/li/Time_various/install/lio_sam/include/lio_sam/lio_sam/msg/detail/cloud_info__type_support.h
[52.763s] -- Installing: /home/li/Time_various/install/lio_sam/include/lio_sam/lio_sam/msg/rosidl_generator_c__visibility_control.h
[52.763s] -- Installing: /home/li/Time_various/install/lio_sam/include/lio_sam/lio_sam/srv
[52.763s] -- Installing: /home/li/Time_various/install/lio_sam/include/lio_sam/lio_sam/srv/save_map.h
[52.763s] -- Installing: /home/li/Time_various/install/lio_sam/include/lio_sam/lio_sam/srv/detail
[52.763s] -- Installing: /home/li/Time_various/install/lio_sam/include/lio_sam/lio_sam/srv/detail/save_map__functions.c
[52.763s] -- Installing: /home/li/Time_various/install/lio_sam/include/lio_sam/lio_sam/srv/detail/save_map__type_support.h
[52.763s] -- Installing: /home/li/Time_various/install/lio_sam/include/lio_sam/lio_sam/srv/detail/save_map__struct.h
[52.764s] -- Installing: /home/li/Time_various/install/lio_sam/include/lio_sam/lio_sam/srv/detail/save_map__functions.h
[52.764s] -- Installing: /home/li/Time_various/install/lio_sam/share/lio_sam/environment/library_path.sh
[52.764s] -- Installing: /home/li/Time_various/install/lio_sam/share/lio_sam/environment/library_path.dsv
[52.764s] -- Installing: /home/li/Time_various/install/lio_sam/lib/liblio_sam__rosidl_generator_c.so
[52.764s] -- Set runtime path of "/home/li/Time_various/install/lio_sam/lib/liblio_sam__rosidl_generator_c.so" to ""
[52.764s] -- Up-to-date: /home/li/Time_various/install/lio_sam/include/lio_sam/lio_sam
[52.764s] -- Up-to-date: /home/li/Time_various/install/lio_sam/include/lio_sam/lio_sam/msg
[52.764s] -- Installing: /home/li/Time_various/install/lio_sam/include/lio_sam/lio_sam/msg/rosidl_typesupport_fastrtps_c__visibility_control.h
[52.764s] -- Up-to-date: /home/li/Time_various/install/lio_sam/include/lio_sam/lio_sam/msg/detail
[52.764s] -- Installing: /home/li/Time_various/install/lio_sam/include/lio_sam/lio_sam/msg/detail/cloud_info__rosidl_typesupport_fastrtps_c.h
[52.764s] -- Up-to-date: /home/li/Time_various/install/lio_sam/include/lio_sam/lio_sam/srv
[52.764s] -- Up-to-date: /home/li/Time_various/install/lio_sam/include/lio_sam/lio_sam/srv/detail
[52.764s] -- Installing: /home/li/Time_various/install/lio_sam/include/lio_sam/lio_sam/srv/detail/save_map__rosidl_typesupport_fastrtps_c.h
[52.764s] -- Installing: /home/li/Time_various/install/lio_sam/lib/liblio_sam__rosidl_typesupport_fastrtps_c.so
[52.764s] -- Set runtime path of "/home/li/Time_various/install/lio_sam/lib/liblio_sam__rosidl_typesupport_fastrtps_c.so" to ""
[52.764s] -- Up-to-date: /home/li/Time_various/install/lio_sam/include/lio_sam/lio_sam
[52.765s] -- Up-to-date: /home/li/Time_various/install/lio_sam/include/lio_sam/lio_sam/msg
[52.765s] -- Installing: /home/li/Time_various/install/lio_sam/include/lio_sam/lio_sam/msg/rosidl_typesupport_introspection_c__visibility_control.h
[52.765s] -- Up-to-date: /home/li/Time_various/install/lio_sam/include/lio_sam/lio_sam/msg/detail
[52.765s] -- Installing: /home/li/Time_various/install/lio_sam/include/lio_sam/lio_sam/msg/detail/cloud_info__type_support.c
[52.765s] -- Installing: /home/li/Time_various/install/lio_sam/include/lio_sam/lio_sam/msg/detail/cloud_info__rosidl_typesupport_introspection_c.h
[52.765s] -- Up-to-date: /home/li/Time_various/install/lio_sam/include/lio_sam/lio_sam/srv
[52.765s] -- Up-to-date: /home/li/Time_various/install/lio_sam/include/lio_sam/lio_sam/srv/detail
[52.765s] -- Installing: /home/li/Time_various/install/lio_sam/include/lio_sam/lio_sam/srv/detail/save_map__rosidl_typesupport_introspection_c.h
[52.765s] -- Installing: /home/li/Time_various/install/lio_sam/include/lio_sam/lio_sam/srv/detail/save_map__type_support.c
[52.765s] -- Installing: /home/li/Time_various/install/lio_sam/lib/liblio_sam__rosidl_typesupport_introspection_c.so
[52.765s] -- Set runtime path of "/home/li/Time_various/install/lio_sam/lib/liblio_sam__rosidl_typesupport_introspection_c.so" to ""
[52.765s] -- Installing: /home/li/Time_various/install/lio_sam/lib/liblio_sam__rosidl_typesupport_c.so
[52.766s] -- Set runtime path of "/home/li/Time_various/install/lio_sam/lib/liblio_sam__rosidl_typesupport_c.so" to ""
[52.766s] -- Up-to-date: /home/li/Time_various/install/lio_sam/include/lio_sam/lio_sam
[52.766s] -- Up-to-date: /home/li/Time_various/install/lio_sam/include/lio_sam/lio_sam/msg
[52.766s] -- Installing: /home/li/Time_various/install/lio_sam/include/lio_sam/lio_sam/msg/rosidl_generator_cpp__visibility_control.hpp
[52.766s] -- Installing: /home/li/Time_various/install/lio_sam/include/lio_sam/lio_sam/msg/cloud_info.hpp
[52.766s] -- Up-to-date: /home/li/Time_various/install/lio_sam/include/lio_sam/lio_sam/msg/detail
[52.766s] -- Installing: /home/li/Time_various/install/lio_sam/include/lio_sam/lio_sam/msg/detail/cloud_info__traits.hpp
[52.766s] -- Installing: /home/li/Time_various/install/lio_sam/include/lio_sam/lio_sam/msg/detail/cloud_info__type_support.hpp
[52.766s] -- Installing: /home/li/Time_various/install/lio_sam/include/lio_sam/lio_sam/msg/detail/cloud_info__builder.hpp
[52.766s] -- Installing: /home/li/Time_various/install/lio_sam/include/lio_sam/lio_sam/msg/detail/cloud_info__struct.hpp
[52.766s] -- Up-to-date: /home/li/Time_various/install/lio_sam/include/lio_sam/lio_sam/srv
[52.766s] -- Installing: /home/li/Time_various/install/lio_sam/include/lio_sam/lio_sam/srv/save_map.hpp
[52.766s] -- Up-to-date: /home/li/Time_various/install/lio_sam/include/lio_sam/lio_sam/srv/detail
[52.766s] -- Installing: /home/li/Time_various/install/lio_sam/include/lio_sam/lio_sam/srv/detail/save_map__traits.hpp
[52.767s] -- Installing: /home/li/Time_various/install/lio_sam/include/lio_sam/lio_sam/srv/detail/save_map__builder.hpp
[52.767s] -- Installing: /home/li/Time_various/install/lio_sam/include/lio_sam/lio_sam/srv/detail/save_map__type_support.hpp
[52.767s] -- Installing: /home/li/Time_various/install/lio_sam/include/lio_sam/lio_sam/srv/detail/save_map__struct.hpp
[52.767s] -- Up-to-date: /home/li/Time_various/install/lio_sam/include/lio_sam/lio_sam
[52.767s] -- Up-to-date: /home/li/Time_various/install/lio_sam/include/lio_sam/lio_sam/msg
[52.767s] -- Installing: /home/li/Time_various/install/lio_sam/include/lio_sam/lio_sam/msg/rosidl_typesupport_fastrtps_cpp__visibility_control.h
[52.767s] -- Up-to-date: /home/li/Time_various/install/lio_sam/include/lio_sam/lio_sam/msg/detail
[52.767s] -- Installing: /home/li/Time_various/install/lio_sam/include/lio_sam/lio_sam/msg/detail/dds_fastrtps
[52.767s] -- Installing: /home/li/Time_various/install/lio_sam/include/lio_sam/lio_sam/msg/detail/cloud_info__rosidl_typesupport_fastrtps_cpp.hpp
[52.767s] -- Up-to-date: /home/li/Time_various/install/lio_sam/include/lio_sam/lio_sam/srv
[52.767s] -- Up-to-date: /home/li/Time_various/install/lio_sam/include/lio_sam/lio_sam/srv/detail
[52.767s] -- Installing: /home/li/Time_various/install/lio_sam/include/lio_sam/lio_sam/srv/detail/dds_fastrtps
[52.767s] -- Installing: /home/li/Time_various/install/lio_sam/include/lio_sam/lio_sam/srv/detail/save_map__rosidl_typesupport_fastrtps_cpp.hpp
[52.767s] -- Installing: /home/li/Time_various/install/lio_sam/lib/liblio_sam__rosidl_typesupport_fastrtps_cpp.so
[52.768s] -- Set runtime path of "/home/li/Time_various/install/lio_sam/lib/liblio_sam__rosidl_typesupport_fastrtps_cpp.so" to ""
[52.768s] -- Up-to-date: /home/li/Time_various/install/lio_sam/include/lio_sam/lio_sam
[52.768s] -- Up-to-date: /home/li/Time_various/install/lio_sam/include/lio_sam/lio_sam/msg
[52.768s] -- Up-to-date: /home/li/Time_various/install/lio_sam/include/lio_sam/lio_sam/msg/detail
[52.768s] -- Installing: /home/li/Time_various/install/lio_sam/include/lio_sam/lio_sam/msg/detail/cloud_info__rosidl_typesupport_introspection_cpp.hpp
[52.768s] -- Installing: /home/li/Time_various/install/lio_sam/include/lio_sam/lio_sam/msg/detail/cloud_info__type_support.cpp
[52.768s] -- Up-to-date: /home/li/Time_various/install/lio_sam/include/lio_sam/lio_sam/srv
[52.768s] -- Up-to-date: /home/li/Time_various/install/lio_sam/include/lio_sam/lio_sam/srv/detail
[52.768s] -- Installing: /home/li/Time_various/install/lio_sam/include/lio_sam/lio_sam/srv/detail/save_map__type_support.cpp
[52.768s] -- Installing: /home/li/Time_various/install/lio_sam/include/lio_sam/lio_sam/srv/detail/save_map__rosidl_typesupport_introspection_cpp.hpp
[52.768s] -- Installing: /home/li/Time_various/install/lio_sam/lib/liblio_sam__rosidl_typesupport_introspection_cpp.so
[52.768s] -- Set runtime path of "/home/li/Time_various/install/lio_sam/lib/liblio_sam__rosidl_typesupport_introspection_cpp.so" to ""
[52.768s] -- Installing: /home/li/Time_various/install/lio_sam/lib/liblio_sam__rosidl_typesupport_cpp.so
[52.769s] -- Set runtime path of "/home/li/Time_various/install/lio_sam/lib/liblio_sam__rosidl_typesupport_cpp.so" to ""
[52.769s] -- Installing: /home/li/Time_various/install/lio_sam/share/lio_sam/environment/pythonpath.sh
[52.769s] -- Installing: /home/li/Time_various/install/lio_sam/share/lio_sam/environment/pythonpath.dsv
[52.769s] -- Installing: /home/li/Time_various/install/lio_sam/lib/python3.13/site-packages/lio_sam-1.0.0-py3.13.egg-info
[52.769s] -- Installing: /home/li/Time_various/install/lio_sam/lib/python3.13/site-packages/lio_sam-1.0.0-py3.13.egg-info/PKG-INFO
[52.769s] -- Installing: /home/li/Time_various/install/lio_sam/lib/python3.13/site-packages/lio_sam-1.0.0-py3.13.egg-info/dependency_links.txt
[52.769s] -- Installing: /home/li/Time_various/install/lio_sam/lib/python3.13/site-packages/lio_sam-1.0.0-py3.13.egg-info/SOURCES.txt
[52.769s] -- Installing: /home/li/Time_various/install/lio_sam/lib/python3.13/site-packages/lio_sam-1.0.0-py3.13.egg-info/top_level.txt
[52.769s] -- Installing: /home/li/Time_various/install/lio_sam/lib/python3.13/site-packages/lio_sam
[52.769s] -- Installing: /home/li/Time_various/install/lio_sam/lib/python3.13/site-packages/lio_sam/_lio_sam_s.ep.rosidl_typesupport_c.c
[52.769s] -- Installing: /home/li/Time_various/install/lio_sam/lib/python3.13/site-packages/lio_sam/__init__.py
[52.769s] -- Installing: /home/li/Time_various/install/lio_sam/lib/python3.13/site-packages/lio_sam/_lio_sam_s.ep.rosidl_typesupport_introspection_c.c
[52.769s] -- Installing: /home/li/Time_various/install/lio_sam/lib/python3.13/site-packages/lio_sam/lio_sam_s__rosidl_typesupport_c.cpython-313-x86_64-linux-gnu.so
[52.770s] -- Installing: /home/li/Time_various/install/lio_sam/lib/python3.13/site-packages/lio_sam/msg
[52.770s] -- Installing: /home/li/Time_various/install/lio_sam/lib/python3.13/site-packages/lio_sam/msg/__init__.py
[52.770s] -- Installing: /home/li/Time_various/install/lio_sam/lib/python3.13/site-packages/lio_sam/msg/_cloud_info.py
[52.770s] -- Installing: /home/li/Time_various/install/lio_sam/lib/python3.13/site-packages/lio_sam/msg/_cloud_info_s.c
[52.770s] -- Installing: /home/li/Time_various/install/lio_sam/lib/python3.13/site-packages/lio_sam/liblio_sam__rosidl_generator_py.so
[52.770s] -- Installing: /home/li/Time_various/install/lio_sam/lib/python3.13/site-packages/lio_sam/lio_sam_s__rosidl_typesupport_introspection_c.cpython-313-x86_64-linux-gnu.so
[52.770s] -- Installing: /home/li/Time_various/install/lio_sam/lib/python3.13/site-packages/lio_sam/_lio_sam_s.ep.rosidl_typesupport_fastrtps_c.c
[52.771s] -- Installing: /home/li/Time_various/install/lio_sam/lib/python3.13/site-packages/lio_sam/lio_sam_s__rosidl_typesupport_fastrtps_c.cpython-313-x86_64-linux-gnu.so
[52.771s] -- Installing: /home/li/Time_various/install/lio_sam/lib/python3.13/site-packages/lio_sam/srv
[52.771s] -- Installing: /home/li/Time_various/install/lio_sam/lib/python3.13/site-packages/lio_sam/srv/_save_map.py
[52.771s] -- Installing: /home/li/Time_various/install/lio_sam/lib/python3.13/site-packages/lio_sam/srv/_save_map_s.c
[52.771s] -- Installing: /home/li/Time_various/install/lio_sam/lib/python3.13/site-packages/lio_sam/srv/__init__.py
[52.806s] Listing '/home/li/Time_various/install/lio_sam/lib/python3.13/site-packages/lio_sam'...
[52.806s] Compiling '/home/li/Time_various/install/lio_sam/lib/python3.13/site-packages/lio_sam/__init__.py'...
[52.806s] Listing '/home/li/Time_various/install/lio_sam/lib/python3.13/site-packages/lio_sam/msg'...
[52.806s] Compiling '/home/li/Time_various/install/lio_sam/lib/python3.13/site-packages/lio_sam/msg/__init__.py'...
[52.806s] Compiling '/home/li/Time_various/install/lio_sam/lib/python3.13/site-packages/lio_sam/msg/_cloud_info.py'...
[52.806s] Listing '/home/li/Time_various/install/lio_sam/lib/python3.13/site-packages/lio_sam/srv'...
[52.806s] Compiling '/home/li/Time_various/install/lio_sam/lib/python3.13/site-packages/lio_sam/srv/__init__.py'...
[52.806s] Compiling '/home/li/Time_various/install/lio_sam/lib/python3.13/site-packages/lio_sam/srv/_save_map.py'...
[52.809s] -- Installing: /home/li/Time_various/install/lio_sam/lib/python3.13/site-packages/lio_sam/lio_sam_s__rosidl_typesupport_fastrtps_c.cpython-313-x86_64-linux-gnu.so
[52.809s] -- Set runtime path of "/home/li/Time_various/install/lio_sam/lib/python3.13/site-packages/lio_sam/lio_sam_s__rosidl_typesupport_fastrtps_c.cpython-313-x86_64-linux-gnu.so" to ""
[52.809s] -- Installing: /home/li/Time_various/install/lio_sam/lib/python3.13/site-packages/lio_sam/lio_sam_s__rosidl_typesupport_introspection_c.cpython-313-x86_64-linux-gnu.so
[52.809s] -- Set runtime path of "/home/li/Time_various/install/lio_sam/lib/python3.13/site-packages/lio_sam/lio_sam_s__rosidl_typesupport_introspection_c.cpython-313-x86_64-linux-gnu.so" to ""
[52.810s] -- Installing: /home/li/Time_various/install/lio_sam/lib/python3.13/site-packages/lio_sam/lio_sam_s__rosidl_typesupport_c.cpython-313-x86_64-linux-gnu.so
[52.810s] -- Set runtime path of "/home/li/Time_various/install/lio_sam/lib/python3.13/site-packages/lio_sam/lio_sam_s__rosidl_typesupport_c.cpython-313-x86_64-linux-gnu.so" to ""
[52.810s] -- Installing: /home/li/Time_various/install/lio_sam/lib/liblio_sam__rosidl_generator_py.so
[52.810s] -- Set runtime path of "/home/li/Time_various/install/lio_sam/lib/liblio_sam__rosidl_generator_py.so" to ""
[52.810s] -- Installing: /home/li/Time_various/install/lio_sam/share/lio_sam/msg/CloudInfo.idl
[52.811s] -- Installing: /home/li/Time_various/install/lio_sam/share/lio_sam/srv/SaveMap.idl
[52.811s] -- Installing: /home/li/Time_various/install/lio_sam/share/lio_sam/msg/CloudInfo.msg
[52.811s] -- Installing: /home/li/Time_various/install/lio_sam/share/lio_sam/srv/SaveMap.srv
[52.811s] -- Installing: /home/li/Time_various/install/lio_sam/share/lio_sam/srv/SaveMap_Request.msg
[52.811s] -- Installing: /home/li/Time_various/install/lio_sam/share/lio_sam/srv/SaveMap_Response.msg
[52.811s] -- Installing: /home/li/Time_various/install/lio_sam/share/lio_sam//launch
[52.811s] -- Installing: /home/li/Time_various/install/lio_sam/share/lio_sam//launch/boreas.launch.py
[52.812s] -- Installing: /home/li/Time_various/install/lio_sam/share/lio_sam//launch/fgorun.launch.py
[52.812s] -- Installing: /home/li/Time_various/install/lio_sam/share/lio_sam//launch/__pycache__
[52.812s] -- Installing: /home/li/Time_various/install/lio_sam/share/lio_sam//launch/__pycache__/fgorun.launch.cpython-38.pyc
[52.812s] -- Installing: /home/li/Time_various/install/lio_sam/share/lio_sam//launch/run.launch.py
[52.812s] -- Installing: /home/li/Time_various/install/lio_sam/share/lio_sam//launch/urbanloco.launch.py
[52.812s] -- Installing: /home/li/Time_various/install/lio_sam/share/lio_sam//launch/urbanloco_hk.launch.py
[52.812s] -- Installing: /home/li/Time_various/install/lio_sam/share/lio_sam//config
[52.812s] -- Installing: /home/li/Time_various/install/lio_sam/share/lio_sam//config/params.yaml
[52.813s] -- Installing: /home/li/Time_various/install/lio_sam/share/lio_sam//config/params_urbanloco.yaml
[52.813s] -- Installing: /home/li/Time_various/install/lio_sam/share/lio_sam//config/params_boreas.yaml
[52.813s] -- Installing: /home/li/Time_various/install/lio_sam/share/lio_sam//config/rviz2.rviz
[52.813s] -- Installing: /home/li/Time_various/install/lio_sam/share/lio_sam//config/params_urbanloco_hk.yaml
[52.813s] -- Installing: /home/li/Time_various/install/lio_sam/share/lio_sam//config/doc
[52.813s] -- Installing: /home/li/Time_various/install/lio_sam/share/lio_sam//config/doc/kitti-demo.gif
[52.821s] -- Installing: /home/li/Time_various/install/lio_sam/share/lio_sam//config/doc/kitti-map.png
[52.822s] -- Installing: /home/li/Time_various/install/lio_sam/share/lio_sam//config/doc/device-hand-2.png
[52.822s] -- Installing: /home/li/Time_various/install/lio_sam/share/lio_sam//config/doc/gps-demo.gif
[52.828s] -- Installing: /home/li/Time_various/install/lio_sam/share/lio_sam//config/doc/ouster-device.jpg
[52.828s] -- Installing: /home/li/Time_various/install/lio_sam/share/lio_sam//config/doc/loop-closure-2.gif
[52.839s] -- Installing: /home/li/Time_various/install/lio_sam/share/lio_sam//config/doc/paper.pdf
[52.842s] -- Installing: /home/li/Time_various/install/lio_sam/share/lio_sam//config/doc/ouster-demo.gif
[52.849s] -- Installing: /home/li/Time_various/install/lio_sam/share/lio_sam//config/doc/device-hand.png
[52.849s] -- Installing: /home/li/Time_various/install/lio_sam/share/lio_sam//config/doc/imu-debug.gif
[52.852s] -- Installing: /home/li/Time_various/install/lio_sam/share/lio_sam//config/doc/imu-transform.png
[52.854s] -- Installing: /home/li/Time_various/install/lio_sam/share/lio_sam//config/doc/loop-closure.gif
[52.862s] -- Installing: /home/li/Time_various/install/lio_sam/share/lio_sam//config/doc/device-boat.png
[52.863s] -- Installing: /home/li/Time_various/install/lio_sam/share/lio_sam//config/doc/system.png
[52.863s] -- Installing: /home/li/Time_various/install/lio_sam/share/lio_sam//config/doc/kitti2bag
[52.863s] -- Installing: /home/li/Time_various/install/lio_sam/share/lio_sam//config/doc/kitti2bag/README.md
[52.863s] -- Installing: /home/li/Time_various/install/lio_sam/share/lio_sam//config/doc/kitti2bag/kitti2bag.py
[52.863s] -- Installing: /home/li/Time_various/install/lio_sam/share/lio_sam//config/doc/demo.gif
[52.870s] -- Installing: /home/li/Time_various/install/lio_sam/share/lio_sam//config/doc/device-jackal.png
[52.870s] -- Installing: /home/li/Time_various/install/lio_sam/share/lio_sam//config/params_bk.yaml
[52.870s] -- Installing: /home/li/Time_various/install/lio_sam/share/lio_sam//config/robot.urdf.xacro
[52.871s] -- Installing: /home/li/Time_various/install/lio_sam/lib/lio_sam/lio_sam_imageProjection
[52.872s] -- Set runtime path of "/home/li/Time_various/install/lio_sam/lib/lio_sam/lio_sam_imageProjection" to ""
[52.872s] -- Installing: /home/li/Time_various/install/lio_sam/lib/lio_sam/lio_sam_imuPreintegration
[52.873s] -- Set runtime path of "/home/li/Time_various/install/lio_sam/lib/lio_sam/lio_sam_imuPreintegration" to ""
[52.873s] -- Installing: /home/li/Time_various/install/lio_sam/lib/lio_sam/lio_sam_featureExtraction
[52.873s] -- Set runtime path of "/home/li/Time_various/install/lio_sam/lib/lio_sam/lio_sam_featureExtraction" to ""
[52.873s] -- Installing: /home/li/Time_various/install/lio_sam/lib/lio_sam/lio_sam_mapOptimization
[52.875s] -- Set runtime path of "/home/li/Time_various/install/lio_sam/lib/lio_sam/lio_sam_mapOptimization" to ""
[52.875s] -- Up-to-date: /home/li/Time_various/install/lio_sam/include
[52.875s] -- Up-to-date: /home/li/Time_various/install/lio_sam/include/lio_sam
[52.875s] -- Installing: /home/li/Time_various/install/lio_sam/include/lio_sam/utility.hpp
[52.875s] -- Installing: /home/li/Time_various/install/lio_sam/share/ament_index/resource_index/package_run_dependencies/lio_sam
[52.875s] -- Installing: /home/li/Time_various/install/lio_sam/share/ament_index/resource_index/parent_prefix_path/lio_sam
[52.875s] -- Installing: /home/li/Time_various/install/lio_sam/share/lio_sam/environment/ament_prefix_path.sh
[52.876s] -- Installing: /home/li/Time_various/install/lio_sam/share/lio_sam/environment/ament_prefix_path.dsv
[52.876s] -- Installing: /home/li/Time_various/install/lio_sam/share/lio_sam/environment/path.sh
[52.876s] -- Installing: /home/li/Time_various/install/lio_sam/share/lio_sam/environment/path.dsv
[52.876s] -- Installing: /home/li/Time_various/install/lio_sam/share/lio_sam/local_setup.bash
[52.876s] -- Installing: /home/li/Time_various/install/lio_sam/share/lio_sam/local_setup.sh
[52.878s] -- Installing: /home/li/Time_various/install/lio_sam/share/lio_sam/local_setup.zsh
[52.878s] -- Installing: /home/li/Time_various/install/lio_sam/share/lio_sam/local_setup.dsv
[52.878s] -- Installing: /home/li/Time_various/install/lio_sam/share/lio_sam/package.dsv
[52.878s] -- Installing: /home/li/Time_various/install/lio_sam/share/ament_index/resource_index/packages/lio_sam
[52.878s] -- Installing: /home/li/Time_various/install/lio_sam/share/lio_sam/cmake/export_lio_sam__rosidl_generator_cExport.cmake
[52.878s] -- Installing: /home/li/Time_various/install/lio_sam/share/lio_sam/cmake/export_lio_sam__rosidl_generator_cExport-release.cmake
[52.878s] -- Installing: /home/li/Time_various/install/lio_sam/share/lio_sam/cmake/export_lio_sam__rosidl_typesupport_fastrtps_cExport.cmake
[52.878s] -- Installing: /home/li/Time_various/install/lio_sam/share/lio_sam/cmake/export_lio_sam__rosidl_typesupport_fastrtps_cExport-release.cmake
[52.878s] -- Installing: /home/li/Time_various/install/lio_sam/share/lio_sam/cmake/lio_sam__rosidl_typesupport_introspection_cExport.cmake
[52.878s] -- Installing: /home/li/Time_various/install/lio_sam/share/lio_sam/cmake/lio_sam__rosidl_typesupport_introspection_cExport-release.cmake
[52.878s] -- Installing: /home/li/Time_various/install/lio_sam/share/lio_sam/cmake/lio_sam__rosidl_typesupport_cExport.cmake
[52.878s] -- Installing: /home/li/Time_various/install/lio_sam/share/lio_sam/cmake/lio_sam__rosidl_typesupport_cExport-release.cmake
[52.878s] -- Installing: /home/li/Time_various/install/lio_sam/share/lio_sam/cmake/export_lio_sam__rosidl_generator_cppExport.cmake
[52.879s] -- Installing: /home/li/Time_various/install/lio_sam/share/lio_sam/cmake/export_lio_sam__rosidl_typesupport_fastrtps_cppExport.cmake
[52.879s] -- Installing: /home/li/Time_various/install/lio_sam/share/lio_sam/cmake/export_lio_sam__rosidl_typesupport_fastrtps_cppExport-release.cmake
[52.879s] -- Installing: /home/li/Time_various/install/lio_sam/share/lio_sam/cmake/lio_sam__rosidl_typesupport_introspection_cppExport.cmake
[52.879s] -- Installing: /home/li/Time_various/install/lio_sam/share/lio_sam/cmake/lio_sam__rosidl_typesupport_introspection_cppExport-release.cmake
[52.879s] -- Installing: /home/li/Time_various/install/lio_sam/share/lio_sam/cmake/lio_sam__rosidl_typesupport_cppExport.cmake
[52.879s] -- Installing: /home/li/Time_various/install/lio_sam/share/lio_sam/cmake/lio_sam__rosidl_typesupport_cppExport-release.cmake
[52.879s] -- Installing: /home/li/Time_various/install/lio_sam/share/lio_sam/cmake/export_lio_sam__rosidl_generator_pyExport.cmake
[52.879s] -- Installing: /home/li/Time_various/install/lio_sam/share/lio_sam/cmake/export_lio_sam__rosidl_generator_pyExport-release.cmake
[52.880s] -- Installing: /home/li/Time_various/install/lio_sam/share/lio_sam/cmake/rosidl_cmake-extras.cmake
[52.880s] -- Installing: /home/li/Time_various/install/lio_sam/share/lio_sam/cmake/ament_cmake_export_dependencies-extras.cmake
[52.880s] -- Installing: /home/li/Time_various/install/lio_sam/share/lio_sam/cmake/ament_cmake_export_include_directories-extras.cmake
[52.880s] -- Installing: /home/li/Time_various/install/lio_sam/share/lio_sam/cmake/ament_cmake_export_libraries-extras.cmake
[52.880s] -- Installing: /home/li/Time_various/install/lio_sam/share/lio_sam/cmake/ament_cmake_export_targets-extras.cmake
[52.880s] -- Installing: /home/li/Time_various/install/lio_sam/share/lio_sam/cmake/rosidl_cmake_export_typesupport_targets-extras.cmake
[52.880s] -- Installing: /home/li/Time_various/install/lio_sam/share/lio_sam/cmake/rosidl_cmake_export_typesupport_libraries-extras.cmake
[52.880s] -- Installing: /home/li/Time_various/install/lio_sam/share/lio_sam/cmake/lio_samConfig.cmake
[52.881s] -- Installing: /home/li/Time_various/install/lio_sam/share/lio_sam/cmake/lio_samConfig-version.cmake
[52.881s] -- Installing: /home/li/Time_various/install/lio_sam/share/lio_sam/package.xml
[52.883s] Invoked command in '/home/li/Time_various/build/lio_sam' returned '0': CMAKE_PREFIX_PATH=/opt/ros/humble CONDA_PROMPT_MODIFIER=(base) /usr/bin/cmake --install /home/li/Time_various/build/lio_sam
