[0.008s] Invoking command in '/home/li/Time_various/build/irt_nav_common': AMENT_PREFIX_PATH=/home/li/Time_various/install/irt_nav_msgs:${AMENT_PREFIX_PATH} CMAKE_PREFIX_PATH=/home/li/Time_various/install/irt_nav_msgs:/opt/ros/humble CONDA_PROMPT_MODIFIER=(base) LD_LIBRARY_PATH=/home/li/Time_various/install/irt_nav_msgs/lib:${LD_LIBRARY_PATH} PYTHONPATH=/home/li/Time_various/install/irt_nav_msgs/lib/python3.13/site-packages:${PYTHONPATH} /usr/bin/cmake --build /home/li/Time_various/build/irt_nav_common -- -j20 -l20
[0.067s] [100%] Built target irt_nav_common
[0.075s] Invoked command in '/home/li/Time_various/build/irt_nav_common' returned '0': AMENT_PREFIX_PATH=/home/li/Time_various/install/irt_nav_msgs:${AMENT_PREFIX_PATH} CMAKE_PREFIX_PATH=/home/li/Time_various/install/irt_nav_msgs:/opt/ros/humble CONDA_PROMPT_MODIFIER=(base) LD_LIBRARY_PATH=/home/li/Time_various/install/irt_nav_msgs/lib:${LD_LIBRARY_PATH} PYTHONPATH=/home/li/Time_various/install/irt_nav_msgs/lib/python3.13/site-packages:${PYTHONPATH} /usr/bin/cmake --build /home/li/Time_various/build/irt_nav_common -- -j20 -l20
[0.077s] Invoking command in '/home/li/Time_various/build/irt_nav_common': AMENT_PREFIX_PATH=/home/li/Time_various/install/irt_nav_msgs:${AMENT_PREFIX_PATH} CMAKE_PREFIX_PATH=/home/li/Time_various/install/irt_nav_msgs:/opt/ros/humble CONDA_PROMPT_MODIFIER=(base) LD_LIBRARY_PATH=/home/li/Time_various/install/irt_nav_msgs/lib:${LD_LIBRARY_PATH} PYTHONPATH=/home/li/Time_various/install/irt_nav_msgs/lib/python3.13/site-packages:${PYTHONPATH} /usr/bin/cmake --install /home/li/Time_various/build/irt_nav_common
[0.082s] -- Install configuration: "Release"
[0.082s] -- Up-to-date: /home/li/Time_various/install/irt_nav_common/include
[0.082s] -- Up-to-date: /home/li/Time_various/install/irt_nav_common/include/irt_nav_common
[0.083s] -- Up-to-date: /home/li/Time_various/install/irt_nav_common/include/irt_nav_common/constants.h
[0.083s] -- Up-to-date: /home/li/Time_various/install/irt_nav_common/include/irt_nav_common/navigation_tools.h
[0.083s] -- Up-to-date: /home/li/Time_various/install/irt_nav_common/include/irt_nav_common/navigation_tool_ros.h
[0.083s] -- Up-to-date: /home/li/Time_various/install/irt_nav_common/lib/libirt_nav_common.so
[0.083s] -- Up-to-date: /home/li/Time_various/install/irt_nav_common/share/ament_index/resource_index/package_run_dependencies/irt_nav_common
[0.083s] -- Up-to-date: /home/li/Time_various/install/irt_nav_common/share/ament_index/resource_index/parent_prefix_path/irt_nav_common
[0.083s] -- Up-to-date: /home/li/Time_various/install/irt_nav_common/share/irt_nav_common/environment/ament_prefix_path.sh
[0.083s] -- Up-to-date: /home/li/Time_various/install/irt_nav_common/share/irt_nav_common/environment/ament_prefix_path.dsv
[0.083s] -- Up-to-date: /home/li/Time_various/install/irt_nav_common/share/irt_nav_common/environment/path.sh
[0.083s] -- Up-to-date: /home/li/Time_various/install/irt_nav_common/share/irt_nav_common/environment/path.dsv
[0.083s] -- Up-to-date: /home/li/Time_various/install/irt_nav_common/share/irt_nav_common/local_setup.bash
[0.083s] -- Up-to-date: /home/li/Time_various/install/irt_nav_common/share/irt_nav_common/local_setup.sh
[0.084s] -- Up-to-date: /home/li/Time_various/install/irt_nav_common/share/irt_nav_common/local_setup.zsh
[0.084s] -- Up-to-date: /home/li/Time_various/install/irt_nav_common/share/irt_nav_common/local_setup.dsv
[0.084s] -- Installing: /home/li/Time_various/install/irt_nav_common/share/irt_nav_common/package.dsv
[0.084s] -- Up-to-date: /home/li/Time_various/install/irt_nav_common/share/ament_index/resource_index/packages/irt_nav_common
[0.084s] -- Up-to-date: /home/li/Time_various/install/irt_nav_common/share/irt_nav_common/cmake/ament_cmake_export_include_directories-extras.cmake
[0.084s] -- Up-to-date: /home/li/Time_various/install/irt_nav_common/share/irt_nav_common/cmake/irt_nav_commonConfig.cmake
[0.084s] -- Up-to-date: /home/li/Time_various/install/irt_nav_common/share/irt_nav_common/cmake/irt_nav_commonConfig-version.cmake
[0.084s] -- Up-to-date: /home/li/Time_various/install/irt_nav_common/share/irt_nav_common/package.xml
[0.085s] Invoked command in '/home/li/Time_various/build/irt_nav_common' returned '0': AMENT_PREFIX_PATH=/home/li/Time_various/install/irt_nav_msgs:${AMENT_PREFIX_PATH} CMAKE_PREFIX_PATH=/home/li/Time_various/install/irt_nav_msgs:/opt/ros/humble CONDA_PROMPT_MODIFIER=(base) LD_LIBRARY_PATH=/home/li/Time_various/install/irt_nav_msgs/lib:${LD_LIBRARY_PATH} PYTHONPATH=/home/li/Time_various/install/irt_nav_msgs/lib/python3.13/site-packages:${PYTHONPATH} /usr/bin/cmake --install /home/li/Time_various/build/irt_nav_common
