-- Found Boost: /usr/lib/x86_64-linux-gnu/cmake/Boost-1.74.0/BoostConfig.cmake (found suitable version "1.74.0", minimum required is "1.68.0") found components: date_time 
-- Found NumCpp: /usr/local/include (found version 2.14.2)
-- Found ament_cmake: 1.3.12 (/opt/ros/humble/share/ament_cmake/cmake)
-- Found rclcpp: 16.0.14 (/opt/ros/humble/share/rclcpp/cmake)
-- Found rosidl_generator_c: 3.1.7 (/opt/ros/humble/share/rosidl_generator_c/cmake)
-- Found rosidl_adapter: 3.1.7 (/opt/ros/humble/share/rosidl_adapter/cmake)
-- Found rosidl_generator_cpp: 3.1.7 (/opt/ros/humble/share/rosidl_generator_cpp/cmake)
-- Using all available rosidl_typesupport_c: rosidl_typesupport_fastrtps_c;rosidl_typesupport_introspection_c
-- Using all available rosidl_typesupport_cpp: rosidl_typesupport_fastrtps_cpp;rosidl_typesupport_introspection_cpp
-- Found rmw_implementation_cmake: 6.1.2 (/opt/ros/humble/share/rmw_implementation_cmake/cmake)
-- Found rmw_fastrtps_cpp: 6.2.8 (/opt/ros/humble/share/rmw_fastrtps_cpp/cmake)
-- Using RMW implementation 'rmw_fastrtps_cpp' as default
-- Found rclcpp_components: 16.0.14 (/opt/ros/humble/share/rclcpp_components/cmake)
-- Found rclcpp_lifecycle: 16.0.14 (/opt/ros/humble/share/rclcpp_lifecycle/cmake)
-- Found yaml_cpp_vendor: 8.0.2 (/opt/ros/humble/share/yaml_cpp_vendor/cmake)
-- Found rosidl_default_generators: 1.2.0 (/opt/ros/humble/share/rosidl_default_generators/cmake)
-- Found message_filters: 4.3.8 (/opt/ros/humble/share/message_filters/cmake)
-- Found pluginlib: 5.1.0 (/opt/ros/humble/share/pluginlib/cmake)
-- Found tf2: 0.25.16 (/opt/ros/humble/share/tf2/cmake)
-- Found tf2_eigen: 0.25.16 (/opt/ros/humble/share/tf2_eigen/cmake)
-- Found visualization_msgs: 4.9.0 (/opt/ros/humble/share/visualization_msgs/cmake)
-- Eigen found (include: /usr/include/eigen3, version: 3.4.0)
-- Found Boost: /usr/lib/x86_64-linux-gnu/cmake/Boost-1.74.0/BoostConfig.cmake (found suitable version "1.74.0", minimum required is "1.65.0") found components: system filesystem date_time iostreams serialization 
-- FLANN found (include: /usr/include, lib: /usr/lib/x86_64-linux-gnu/libflann_cpp.so)
-- Found Eigen3: /usr/include/eigen3 (found version "3.4.0") 
-- OpenNI found (version: 1.5.4.0, include: /usr/include/ni, lib: /usr/lib/libOpenNI.so;libusb::libusb)
-- OpenNI2 found (version: 2.2.0.33, include: /usr/include/openni2, lib: /usr/lib/x86_64-linux-gnu/libOpenNI2.so;libusb::libusb)
-- Eigen found (include: /usr/include/eigen3, version: 3.4.0)
-- OpenNI found (version: 1.5.4.0, include: /usr/include/ni, lib: /usr/lib/libOpenNI.so;libusb::libusb)
-- OpenNI2 found (version: 2.2.0.33, include: /usr/include/openni2, lib: /usr/lib/x86_64-linux-gnu/libOpenNI2.so;libusb::libusb)
-- Found Qhull version 8.0.2
-- OpenNI found (version: 1.5.4.0, include: /usr/include/ni, lib: /usr/lib/libOpenNI.so;libusb::libusb)
-- looking for PCL_COMMON
-- looking for PCL_KDTREE
-- looking for PCL_OCTREE
-- looking for PCL_SEARCH
-- looking for PCL_SAMPLE_CONSENSUS
-- looking for PCL_FILTERS
-- looking for PCL_2D
-- looking for PCL_GEOMETRY
-- looking for PCL_IO
-- looking for PCL_FEATURES
-- looking for PCL_ML
-- looking for PCL_SEGMENTATION
-- looking for PCL_VISUALIZATION
-- looking for PCL_SURFACE
-- looking for PCL_REGISTRATION
-- looking for PCL_KEYPOINTS
-- looking for PCL_TRACKING
-- looking for PCL_RECOGNITION
-- looking for PCL_STEREO
-- looking for PCL_APPS
-- looking for PCL_IN_HAND_SCANNER
-- looking for PCL_MODELER
-- looking for PCL_POINT_CLOUD_EDITOR
-- looking for PCL_OUTOFCORE
-- looking for PCL_PEOPLE
-- Found keyboard_handler: 0.0.5 (/opt/ros/humble/share/keyboard_handler/cmake)
-- Found pcl_conversions: 2.4.5 (/opt/ros/humble/share/pcl_conversions/cmake)
-- Found nav_msgs: 4.9.0 (/opt/ros/humble/share/nav_msgs/cmake)
-- Found irt_nav_msgs: 0.0.0 (/home/li/Time_various/install/irt_nav_msgs/share/irt_nav_msgs/cmake)
-- Found eigen3_cmake_module: 0.1.1 (/opt/ros/humble/share/eigen3_cmake_module/cmake)
-- Found Eigen3: TRUE (found version "3.4.0") 
-- Ensuring Eigen3 include directory is part of orocos-kdl CMake target
-- Found tf2_sensor_msgs: 0.25.16 (/opt/ros/humble/share/tf2_sensor_msgs/cmake)
-- Found boreas_msgs: 0.0.0 (/home/li/Time_various/install/boreas_msgs/share/boreas_msgs/cmake)
-- Found lio_sam: 1.0.0 (/home/li/Time_various/install/lio_sam/share/lio_sam/cmake)
-- Found OpenCV: /usr (found version "4.5.4") 
-- Found cv_bridge: 3.2.1 (/opt/ros/humble/share/cv_bridge/cmake)
-- Found image_transport: 3.1.12 (/opt/ros/humble/share/image_transport/cmake)
-- Found Boost: /usr/lib/x86_64-linux-gnu/cmake/Boost-1.74.0/BoostConfig.cmake (found version "1.74.0") found components: system 
-- Found Boost: /usr/lib/x86_64-linux-gnu/cmake/Boost-1.74.0/BoostConfig.cmake (found suitable version "1.74.0", minimum required is "1.65") found components: serialization system filesystem thread program_options date_time timer chrono regex 
-- GTSAM include directory:  /usr/lib/cmake/GTSAM/../../../include
-- GTSAM include directory:  /usr/lib/cmake/GTSAM/../../../include
-- Found ament_lint_auto: 0.12.14 (/opt/ros/humble/share/ament_lint_auto/cmake)
-- Added test 'cppcheck' to perform static code analysis on C / C++ code
-- Configured cppcheck include dirs: 
-- Configured cppcheck exclude dirs and/or files: 
-- Added test 'lint_cmake' to check CMake code style
-- Added test 'uncrustify' to check C / C++ code style
-- Configured uncrustify additional arguments: 
-- Added test 'xmllint' to check XML markup files
-- Configuring done
-- Generating done
-- Build files have been written to: /home/li/Time_various/build/tvfgo
-- Install configuration: "Release"
-- Installing: /home/li/Time_various/install/tvfgo/share/ament_index/resource_index/package_run_dependencies/tvfgo
-- Installing: /home/li/Time_various/install/tvfgo/share/ament_index/resource_index/parent_prefix_path/tvfgo
-- Up-to-date: /home/li/Time_various/install/tvfgo/share/tvfgo/environment/ament_prefix_path.sh
-- Installing: /home/li/Time_various/install/tvfgo/share/tvfgo/environment/ament_prefix_path.dsv
-- Up-to-date: /home/li/Time_various/install/tvfgo/share/tvfgo/environment/path.sh
-- Installing: /home/li/Time_various/install/tvfgo/share/tvfgo/environment/path.dsv
-- Up-to-date: /home/li/Time_various/install/tvfgo/share/tvfgo/local_setup.bash
-- Up-to-date: /home/li/Time_various/install/tvfgo/share/tvfgo/local_setup.sh
-- Up-to-date: /home/li/Time_various/install/tvfgo/share/tvfgo/local_setup.zsh
-- Installing: /home/li/Time_various/install/tvfgo/share/tvfgo/local_setup.dsv
-- Installing: /home/li/Time_various/install/tvfgo/share/tvfgo/package.dsv
-- Up-to-date: /home/li/Time_various/install/tvfgo/share/ament_index/resource_index/packages/tvfgo
-- Up-to-date: /home/li/Time_various/install/tvfgo/share/tvfgo/cmake/tvfgoConfig.cmake
-- Up-to-date: /home/li/Time_various/install/tvfgo/share/tvfgo/cmake/tvfgoConfig-version.cmake
-- Installing: /home/li/Time_various/install/tvfgo/share/tvfgo/package.xml
