[0.014s] Invoking command in '/home/li/Time_various/build/tvfgo': AMENT_PREFIX_PATH=/home/li/Time_various/install/lio_sam:/home/li/Time_various/install/irt_nav_msgs:/home/li/Time_various/install/boreas_msgs:${AMENT_PREFIX_PATH} CMAKE_PREFIX_PATH=/home/li/Time_various/install/lio_sam:/home/li/Time_various/install/irt_nav_msgs:/home/li/Time_various/install/boreas_msgs:/opt/ros/humble CONDA_PROMPT_MODIFIER=(base) LD_LIBRARY_PATH=/home/li/Time_various/install/lio_sam/lib:/home/li/Time_various/install/irt_nav_msgs/lib:/home/li/Time_various/install/boreas_msgs/lib:${LD_LIBRARY_PATH} PYTHONPATH=/home/li/Time_various/install/lio_sam/lib/python3.13/site-packages:/home/li/Time_various/install/irt_nav_msgs/lib/python3.13/site-packages:/home/li/Time_various/install/boreas_msgs/lib/python3.13/site-packages:${PYTHONPATH} /usr/bin/cmake --build /home/li/Time_various/build/tvfgo -- -j20 -l20
[0.045s] -- Found Boost: /usr/lib/x86_64-linux-gnu/cmake/Boost-1.74.0/BoostConfig.cmake (found suitable version "1.74.0", minimum required is "1.68.0") found components: date_time 
[0.046s] -- Found NumCpp: /usr/local/include (found version 2.14.2)
[0.046s] -- Found ament_cmake: 1.3.12 (/opt/ros/humble/share/ament_cmake/cmake)
[0.170s] -- Found rclcpp: 16.0.14 (/opt/ros/humble/share/rclcpp/cmake)
[0.198s] -- Found rosidl_generator_c: 3.1.7 (/opt/ros/humble/share/rosidl_generator_c/cmake)
[0.201s] -- Found rosidl_adapter: 3.1.7 (/opt/ros/humble/share/rosidl_adapter/cmake)
[0.206s] -- Found rosidl_generator_cpp: 3.1.7 (/opt/ros/humble/share/rosidl_generator_cpp/cmake)
[0.216s] -- Using all available rosidl_typesupport_c: rosidl_typesupport_fastrtps_c;rosidl_typesupport_introspection_c
[0.227s] -- Using all available rosidl_typesupport_cpp: rosidl_typesupport_fastrtps_cpp;rosidl_typesupport_introspection_cpp
[0.256s] -- Found rmw_implementation_cmake: 6.1.2 (/opt/ros/humble/share/rmw_implementation_cmake/cmake)
[0.257s] -- Found rmw_fastrtps_cpp: 6.2.8 (/opt/ros/humble/share/rmw_fastrtps_cpp/cmake)
[0.332s] -- Using RMW implementation 'rmw_fastrtps_cpp' as default
[0.373s] -- Found rclcpp_components: 16.0.14 (/opt/ros/humble/share/rclcpp_components/cmake)
[0.390s] -- Found rclcpp_lifecycle: 16.0.14 (/opt/ros/humble/share/rclcpp_lifecycle/cmake)
[0.404s] -- Found yaml_cpp_vendor: 8.0.2 (/opt/ros/humble/share/yaml_cpp_vendor/cmake)
[0.405s] -- Found rosidl_default_generators: 1.2.0 (/opt/ros/humble/share/rosidl_default_generators/cmake)
[0.411s] -- Found message_filters: 4.3.8 (/opt/ros/humble/share/message_filters/cmake)
[0.413s] -- Found pluginlib: 5.1.0 (/opt/ros/humble/share/pluginlib/cmake)
[0.423s] -- Found tf2: 0.25.16 (/opt/ros/humble/share/tf2/cmake)
[0.436s] -- Found tf2_eigen: 0.25.16 (/opt/ros/humble/share/tf2_eigen/cmake)
[0.485s] -- Found visualization_msgs: 4.9.0 (/opt/ros/humble/share/visualization_msgs/cmake)
[0.530s] -- Eigen found (include: /usr/include/eigen3, version: 3.4.0)
[0.538s] -- Found Boost: /usr/lib/x86_64-linux-gnu/cmake/Boost-1.74.0/BoostConfig.cmake (found suitable version "1.74.0", minimum required is "1.65.0") found components: system filesystem date_time iostreams serialization 
[0.555s] -- FLANN found (include: /usr/include, lib: /usr/lib/x86_64-linux-gnu/libflann_cpp.so)
[0.719s] -- Found Eigen3: /usr/include/eigen3 (found version "3.4.0") 
[0.814s] -- OpenNI found (version: 1.5.4.0, include: /usr/include/ni, lib: /usr/lib/libOpenNI.so;libusb::libusb)
[0.820s] -- OpenNI2 found (version: 2.2.0.33, include: /usr/include/openni2, lib: /usr/lib/x86_64-linux-gnu/libOpenNI2.so;libusb::libusb)
[0.934s] -- Eigen found (include: /usr/include/eigen3, version: 3.4.0)
[0.938s] -- OpenNI found (version: 1.5.4.0, include: /usr/include/ni, lib: /usr/lib/libOpenNI.so;libusb::libusb)
[0.943s] -- OpenNI2 found (version: 2.2.0.33, include: /usr/include/openni2, lib: /usr/lib/x86_64-linux-gnu/libOpenNI2.so;libusb::libusb)
[1.065s] -- Found Qhull version 8.0.2
[1.179s] -- OpenNI found (version: 1.5.4.0, include: /usr/include/ni, lib: /usr/lib/libOpenNI.so;libusb::libusb)
[1.289s] -- looking for PCL_COMMON
[1.289s] -- looking for PCL_KDTREE
[1.289s] -- looking for PCL_OCTREE
[1.289s] -- looking for PCL_SEARCH
[1.290s] -- looking for PCL_SAMPLE_CONSENSUS
[1.290s] -- looking for PCL_FILTERS
[1.290s] -- looking for PCL_2D
[1.290s] -- looking for PCL_GEOMETRY
[1.290s] -- looking for PCL_IO
[1.291s] -- looking for PCL_FEATURES
[1.291s] -- looking for PCL_ML
[1.291s] -- looking for PCL_SEGMENTATION
[1.291s] -- looking for PCL_VISUALIZATION
[1.292s] -- looking for PCL_SURFACE
[1.292s] -- looking for PCL_REGISTRATION
[1.292s] -- looking for PCL_KEYPOINTS
[1.292s] -- looking for PCL_TRACKING
[1.293s] -- looking for PCL_RECOGNITION
[1.293s] -- looking for PCL_STEREO
[1.293s] -- looking for PCL_APPS
[1.294s] -- looking for PCL_IN_HAND_SCANNER
[1.294s] -- looking for PCL_MODELER
[1.294s] -- looking for PCL_POINT_CLOUD_EDITOR
[1.294s] -- looking for PCL_OUTOFCORE
[1.295s] -- looking for PCL_PEOPLE
[1.307s] -- Found keyboard_handler: 0.0.5 (/opt/ros/humble/share/keyboard_handler/cmake)
[1.308s] -- Found pcl_conversions: 2.4.5 (/opt/ros/humble/share/pcl_conversions/cmake)
[1.333s] -- Found nav_msgs: 4.9.0 (/opt/ros/humble/share/nav_msgs/cmake)
[1.344s] -- Found irt_nav_msgs: 0.0.0 (/home/li/Time_various/install/irt_nav_msgs/share/irt_nav_msgs/cmake)
[1.348s] -- Found eigen3_cmake_module: 0.1.1 (/opt/ros/humble/share/eigen3_cmake_module/cmake)
[1.349s] -- Found Eigen3: TRUE (found version "3.4.0") 
[1.349s] -- Ensuring Eigen3 include directory is part of orocos-kdl CMake target
[1.362s] -- Found tf2_sensor_msgs: 0.25.16 (/opt/ros/humble/share/tf2_sensor_msgs/cmake)
[1.365s] -- Found boreas_msgs: 0.0.0 (/home/li/Time_various/install/boreas_msgs/share/boreas_msgs/cmake)
[1.376s] -- Found lio_sam: 1.0.0 (/home/li/Time_various/install/lio_sam/share/lio_sam/cmake)
[1.393s] -- Found OpenCV: /usr (found version "4.5.4") 
[1.397s] -- Found cv_bridge: 3.2.1 (/opt/ros/humble/share/cv_bridge/cmake)
[1.400s] -- Found image_transport: 3.1.12 (/opt/ros/humble/share/image_transport/cmake)
[1.407s] -- Found Boost: /usr/lib/x86_64-linux-gnu/cmake/Boost-1.74.0/BoostConfig.cmake (found version "1.74.0") found components: system 
[1.428s] -- Found Boost: /usr/lib/x86_64-linux-gnu/cmake/Boost-1.74.0/BoostConfig.cmake (found suitable version "1.74.0", minimum required is "1.65") found components: serialization system filesystem thread program_options date_time timer chrono regex 
[1.431s] -- GTSAM include directory:  /usr/lib/cmake/GTSAM/../../../include
[1.439s] -- GTSAM include directory:  /usr/lib/cmake/GTSAM/../../../include
[1.440s] -- Found ament_lint_auto: 0.12.14 (/opt/ros/humble/share/ament_lint_auto/cmake)
[1.522s] -- Added test 'cppcheck' to perform static code analysis on C / C++ code
[1.522s] -- Configured cppcheck include dirs: 
[1.522s] -- Configured cppcheck exclude dirs and/or files: 
[1.523s] -- Added test 'lint_cmake' to check CMake code style
[1.524s] -- Added test 'uncrustify' to check C / C++ code style
[1.524s] -- Configured uncrustify additional arguments: 
[1.524s] -- Added test 'xmllint' to check XML markup files
[1.525s] -- Configuring done
[1.531s] -- Generating done
[1.533s] -- Build files have been written to: /home/li/Time_various/build/tvfgo
[1.561s] Invoked command in '/home/li/Time_various/build/tvfgo' returned '0': AMENT_PREFIX_PATH=/home/li/Time_various/install/lio_sam:/home/li/Time_various/install/irt_nav_msgs:/home/li/Time_various/install/boreas_msgs:${AMENT_PREFIX_PATH} CMAKE_PREFIX_PATH=/home/li/Time_various/install/lio_sam:/home/li/Time_various/install/irt_nav_msgs:/home/li/Time_various/install/boreas_msgs:/opt/ros/humble CONDA_PROMPT_MODIFIER=(base) LD_LIBRARY_PATH=/home/li/Time_various/install/lio_sam/lib:/home/li/Time_various/install/irt_nav_msgs/lib:/home/li/Time_various/install/boreas_msgs/lib:${LD_LIBRARY_PATH} PYTHONPATH=/home/li/Time_various/install/lio_sam/lib/python3.13/site-packages:/home/li/Time_various/install/irt_nav_msgs/lib/python3.13/site-packages:/home/li/Time_various/install/boreas_msgs/lib/python3.13/site-packages:${PYTHONPATH} /usr/bin/cmake --build /home/li/Time_various/build/tvfgo -- -j20 -l20
[1.563s] Invoking command in '/home/li/Time_various/build/tvfgo': AMENT_PREFIX_PATH=/home/li/Time_various/install/lio_sam:/home/li/Time_various/install/irt_nav_msgs:/home/li/Time_various/install/boreas_msgs:${AMENT_PREFIX_PATH} CMAKE_PREFIX_PATH=/home/li/Time_various/install/lio_sam:/home/li/Time_various/install/irt_nav_msgs:/home/li/Time_various/install/boreas_msgs:/opt/ros/humble CONDA_PROMPT_MODIFIER=(base) LD_LIBRARY_PATH=/home/li/Time_various/install/lio_sam/lib:/home/li/Time_various/install/irt_nav_msgs/lib:/home/li/Time_various/install/boreas_msgs/lib:${LD_LIBRARY_PATH} PYTHONPATH=/home/li/Time_various/install/lio_sam/lib/python3.13/site-packages:/home/li/Time_various/install/irt_nav_msgs/lib/python3.13/site-packages:/home/li/Time_various/install/boreas_msgs/lib/python3.13/site-packages:${PYTHONPATH} /usr/bin/cmake --install /home/li/Time_various/build/tvfgo
[1.569s] -- Install configuration: "Release"
[1.569s] -- Installing: /home/li/Time_various/install/tvfgo/share/ament_index/resource_index/package_run_dependencies/tvfgo
[1.569s] -- Installing: /home/li/Time_various/install/tvfgo/share/ament_index/resource_index/parent_prefix_path/tvfgo
[1.569s] -- Up-to-date: /home/li/Time_various/install/tvfgo/share/tvfgo/environment/ament_prefix_path.sh
[1.569s] -- Installing: /home/li/Time_various/install/tvfgo/share/tvfgo/environment/ament_prefix_path.dsv
[1.569s] -- Up-to-date: /home/li/Time_various/install/tvfgo/share/tvfgo/environment/path.sh
[1.569s] -- Installing: /home/li/Time_various/install/tvfgo/share/tvfgo/environment/path.dsv
[1.569s] -- Up-to-date: /home/li/Time_various/install/tvfgo/share/tvfgo/local_setup.bash
[1.569s] -- Up-to-date: /home/li/Time_various/install/tvfgo/share/tvfgo/local_setup.sh
[1.569s] -- Up-to-date: /home/li/Time_various/install/tvfgo/share/tvfgo/local_setup.zsh
[1.569s] -- Installing: /home/li/Time_various/install/tvfgo/share/tvfgo/local_setup.dsv
[1.570s] -- Installing: /home/li/Time_various/install/tvfgo/share/tvfgo/package.dsv
[1.570s] -- Up-to-date: /home/li/Time_various/install/tvfgo/share/ament_index/resource_index/packages/tvfgo
[1.570s] -- Up-to-date: /home/li/Time_various/install/tvfgo/share/tvfgo/cmake/tvfgoConfig.cmake
[1.570s] -- Up-to-date: /home/li/Time_various/install/tvfgo/share/tvfgo/cmake/tvfgoConfig-version.cmake
[1.570s] -- Installing: /home/li/Time_various/install/tvfgo/share/tvfgo/package.xml
[1.571s] Invoked command in '/home/li/Time_various/build/tvfgo' returned '0': AMENT_PREFIX_PATH=/home/li/Time_various/install/lio_sam:/home/li/Time_various/install/irt_nav_msgs:/home/li/Time_various/install/boreas_msgs:${AMENT_PREFIX_PATH} CMAKE_PREFIX_PATH=/home/li/Time_various/install/lio_sam:/home/li/Time_various/install/irt_nav_msgs:/home/li/Time_various/install/boreas_msgs:/opt/ros/humble CONDA_PROMPT_MODIFIER=(base) LD_LIBRARY_PATH=/home/li/Time_various/install/lio_sam/lib:/home/li/Time_various/install/irt_nav_msgs/lib:/home/li/Time_various/install/boreas_msgs/lib:${LD_LIBRARY_PATH} PYTHONPATH=/home/li/Time_various/install/lio_sam/lib/python3.13/site-packages:/home/li/Time_various/install/irt_nav_msgs/lib/python3.13/site-packages:/home/li/Time_various/install/boreas_msgs/lib/python3.13/site-packages:${PYTHONPATH} /usr/bin/cmake --install /home/li/Time_various/build/tvfgo
