[100%] Built target irt_nav_common
-- Install configuration: "Release"
-- Up-to-date: /home/li/Time_various/install/irt_nav_common/include
-- Up-to-date: /home/li/Time_various/install/irt_nav_common/include/irt_nav_common
-- Up-to-date: /home/li/Time_various/install/irt_nav_common/include/irt_nav_common/constants.h
-- Up-to-date: /home/li/Time_various/install/irt_nav_common/include/irt_nav_common/navigation_tools.h
-- Up-to-date: /home/li/Time_various/install/irt_nav_common/include/irt_nav_common/navigation_tool_ros.h
-- Up-to-date: /home/li/Time_various/install/irt_nav_common/lib/libirt_nav_common.so
-- Up-to-date: /home/li/Time_various/install/irt_nav_common/share/ament_index/resource_index/package_run_dependencies/irt_nav_common
-- Up-to-date: /home/li/Time_various/install/irt_nav_common/share/ament_index/resource_index/parent_prefix_path/irt_nav_common
-- Up-to-date: /home/li/Time_various/install/irt_nav_common/share/irt_nav_common/environment/ament_prefix_path.sh
-- Up-to-date: /home/li/Time_various/install/irt_nav_common/share/irt_nav_common/environment/ament_prefix_path.dsv
-- Up-to-date: /home/li/Time_various/install/irt_nav_common/share/irt_nav_common/environment/path.sh
-- Up-to-date: /home/li/Time_various/install/irt_nav_common/share/irt_nav_common/environment/path.dsv
-- Up-to-date: /home/li/Time_various/install/irt_nav_common/share/irt_nav_common/local_setup.bash
-- Up-to-date: /home/li/Time_various/install/irt_nav_common/share/irt_nav_common/local_setup.sh
-- Up-to-date: /home/li/Time_various/install/irt_nav_common/share/irt_nav_common/local_setup.zsh
-- Up-to-date: /home/li/Time_various/install/irt_nav_common/share/irt_nav_common/local_setup.dsv
-- Installing: /home/li/Time_various/install/irt_nav_common/share/irt_nav_common/package.dsv
-- Up-to-date: /home/li/Time_various/install/irt_nav_common/share/ament_index/resource_index/packages/irt_nav_common
-- Up-to-date: /home/li/Time_various/install/irt_nav_common/share/irt_nav_common/cmake/ament_cmake_export_include_directories-extras.cmake
-- Up-to-date: /home/li/Time_various/install/irt_nav_common/share/irt_nav_common/cmake/irt_nav_commonConfig.cmake
-- Up-to-date: /home/li/Time_various/install/irt_nav_common/share/irt_nav_common/cmake/irt_nav_commonConfig-version.cmake
-- Up-to-date: /home/li/Time_various/install/irt_nav_common/share/irt_nav_common/package.xml
