[0.008s] Invoking command in '/home/li/Time_various/build/tvfgo': AMENT_PREFIX_PATH=/home/li/Time_various/install/irt_nav_msgs:${AMENT_PREFIX_PATH} CMAKE_PREFIX_PATH=/home/li/Time_various/install/irt_nav_msgs CONDA_PROMPT_MODIFIER=(base) LD_LIBRARY_PATH=/home/li/Time_various/install/irt_nav_msgs/lib:${LD_LIBRARY_PATH} PYTHONPATH=/home/li/Time_various/install/irt_nav_msgs/lib/python3.13/site-packages:${PYTHONPATH} /usr/bin/cmake --build /home/li/Time_various/build/tvfgo -- -j20 -l20
[0.037s] -- Found Boost: /usr/lib/x86_64-linux-gnu/cmake/Boost-1.74.0/BoostConfig.cmake (found suitable version "1.74.0", minimum required is "1.68.0") found components: date_time 
[0.037s] -- Found NumCpp: /usr/local/include (found version 2.14.2)
[0.038s] -- Found ament_cmake: 1.3.12 (/opt/ros/humble/share/ament_cmake/cmake)
[0.155s] -- Found rclcpp: 16.0.14 (/opt/ros/humble/share/rclcpp/cmake)
[0.173s] -- Found rosidl_generator_c: 3.1.7 (/opt/ros/humble/share/rosidl_generator_c/cmake)
[0.174s] -- Found rosidl_adapter: 3.1.7 (/opt/ros/humble/share/rosidl_adapter/cmake)
[0.178s] -- Found rosidl_generator_cpp: 3.1.7 (/opt/ros/humble/share/rosidl_generator_cpp/cmake)
[0.184s] -- Using all available rosidl_typesupport_c: rosidl_typesupport_fastrtps_c;rosidl_typesupport_introspection_c
[0.192s] -- Using all available rosidl_typesupport_cpp: rosidl_typesupport_fastrtps_cpp;rosidl_typesupport_introspection_cpp
[0.214s] -- Found rmw_implementation_cmake: 6.1.2 (/opt/ros/humble/share/rmw_implementation_cmake/cmake)
[0.215s] -- Found rmw_fastrtps_cpp: 6.2.8 (/opt/ros/humble/share/rmw_fastrtps_cpp/cmake)
[0.287s] -- Using RMW implementation 'rmw_fastrtps_cpp' as default
[0.323s] -- Found rclcpp_components: 16.0.14 (/opt/ros/humble/share/rclcpp_components/cmake)
[0.336s] -- Found rclcpp_lifecycle: 16.0.14 (/opt/ros/humble/share/rclcpp_lifecycle/cmake)
[0.351s] -- Found yaml_cpp_vendor: 8.0.2 (/opt/ros/humble/share/yaml_cpp_vendor/cmake)
[0.352s] -- Found rosidl_default_generators: 1.2.0 (/opt/ros/humble/share/rosidl_default_generators/cmake)
[0.359s] -- Found message_filters: 4.3.8 (/opt/ros/humble/share/message_filters/cmake)
[0.361s] -- Found pluginlib: 5.1.0 (/opt/ros/humble/share/pluginlib/cmake)
[0.370s] -- Found tf2: 0.25.16 (/opt/ros/humble/share/tf2/cmake)
[0.380s] -- Found tf2_eigen: 0.25.16 (/opt/ros/humble/share/tf2_eigen/cmake)
[0.421s] -- Found visualization_msgs: 4.9.0 (/opt/ros/humble/share/visualization_msgs/cmake)
[0.455s] -- Eigen found (include: /usr/include/eigen3, version: 3.4.0)
[0.461s] -- Found Boost: /usr/lib/x86_64-linux-gnu/cmake/Boost-1.74.0/BoostConfig.cmake (found suitable version "1.74.0", minimum required is "1.65.0") found components: system filesystem date_time iostreams serialization 
[0.476s] -- FLANN found (include: /usr/include, lib: /usr/lib/x86_64-linux-gnu/libflann_cpp.so)
[0.610s] -- Found Eigen3: /usr/include/eigen3 (found version "3.4.0") 
[0.706s] -- OpenNI found (version: 1.5.4.0, include: /usr/include/ni, lib: /usr/lib/libOpenNI.so;libusb::libusb)
[0.711s] -- OpenNI2 found (version: 2.2.0.33, include: /usr/include/openni2, lib: /usr/lib/x86_64-linux-gnu/libOpenNI2.so;libusb::libusb)
[0.711s] [0m** WARNING ** io features related to pcap will be disabled[0m
[0.839s] -- Eigen found (include: /usr/include/eigen3, version: 3.4.0)
[0.845s] -- OpenNI found (version: 1.5.4.0, include: /usr/include/ni, lib: /usr/lib/libOpenNI.so;libusb::libusb)
[0.851s] -- OpenNI2 found (version: 2.2.0.33, include: /usr/include/openni2, lib: /usr/lib/x86_64-linux-gnu/libOpenNI2.so;libusb::libusb)
[0.958s] -- Found Qhull version 8.0.2
[1.070s] -- OpenNI found (version: 1.5.4.0, include: /usr/include/ni, lib: /usr/lib/libOpenNI.so;libusb::libusb)
[1.179s] -- looking for PCL_COMMON
[1.179s] -- looking for PCL_KDTREE
[1.179s] -- looking for PCL_OCTREE
[1.179s] -- looking for PCL_SEARCH
[1.179s] -- looking for PCL_SAMPLE_CONSENSUS
[1.179s] -- looking for PCL_FILTERS
[1.180s] -- looking for PCL_2D
[1.180s] -- looking for PCL_GEOMETRY
[1.180s] -- looking for PCL_IO
[1.180s] -- looking for PCL_FEATURES
[1.180s] -- looking for PCL_ML
[1.181s] -- looking for PCL_SEGMENTATION
[1.181s] -- looking for PCL_VISUALIZATION
[1.181s] -- looking for PCL_SURFACE
[1.181s] -- looking for PCL_REGISTRATION
[1.182s] -- looking for PCL_KEYPOINTS
[1.182s] -- looking for PCL_TRACKING
[1.182s] -- looking for PCL_RECOGNITION
[1.182s] -- looking for PCL_STEREO
[1.183s] -- looking for PCL_APPS
[1.183s] -- looking for PCL_IN_HAND_SCANNER
[1.183s] -- looking for PCL_MODELER
[1.184s] -- looking for PCL_POINT_CLOUD_EDITOR
[1.184s] -- looking for PCL_OUTOFCORE
[1.184s] -- looking for PCL_PEOPLE
[1.185s] -- Found keyboard_handler: 0.0.5 (/opt/ros/humble/share/keyboard_handler/cmake)
[1.186s] -- Found pcl_conversions: 2.4.5 (/opt/ros/humble/share/pcl_conversions/cmake)
[1.200s] -- Found nav_msgs: 4.9.0 (/opt/ros/humble/share/nav_msgs/cmake)
[1.211s] -- Found irt_nav_msgs: 0.0.0 (/home/li/Time_various/install/irt_nav_msgs/share/irt_nav_msgs/cmake)
[1.215s] -- Found eigen3_cmake_module: 0.1.1 (/opt/ros/humble/share/eigen3_cmake_module/cmake)
[1.216s] -- Found Eigen3: TRUE (found version "3.4.0") 
[1.216s] -- Ensuring Eigen3 include directory is part of orocos-kdl CMake target
[1.235s] [31mCMake Error at CMakeLists.txt:54 (find_package):
[1.235s]   By not providing "Findnovatel_oem7_msgs.cmake" in CMAKE_MODULE_PATH this
[1.235s]   project has asked CMake to find a package configuration file provided by
[1.235s]   "novatel_oem7_msgs", but CMake did not find one.
[1.235s] 
[1.235s]   Could not find a package configuration file provided by "novatel_oem7_msgs"
[1.235s]   with any of the following names:
[1.235s] 
[1.235s]     novatel_oem7_msgsConfig.cmake
[1.235s]     novatel_oem7_msgs-config.cmake
[1.235s] 
[1.236s]   Add the installation prefix of "novatel_oem7_msgs" to CMAKE_PREFIX_PATH or
[1.236s]   set "novatel_oem7_msgs_DIR" to a directory containing one of the above
[1.236s]   files.  If "novatel_oem7_msgs" provides a separate development package or
[1.236s]   SDK, be sure it has been installed.
[1.236s] 
[1.236s] [0m
[1.236s] -- Configuring incomplete, errors occurred!
[1.236s] See also "/home/li/Time_various/build/tvfgo/CMakeFiles/CMakeOutput.log".
[1.244s] gmake: *** [Makefile:226: cmake_check_build_system] Error 1
[1.247s] Invoked command in '/home/li/Time_various/build/tvfgo' returned '2': AMENT_PREFIX_PATH=/home/li/Time_various/install/irt_nav_msgs:${AMENT_PREFIX_PATH} CMAKE_PREFIX_PATH=/home/li/Time_various/install/irt_nav_msgs CONDA_PROMPT_MODIFIER=(base) LD_LIBRARY_PATH=/home/li/Time_various/install/irt_nav_msgs/lib:${LD_LIBRARY_PATH} PYTHONPATH=/home/li/Time_various/install/irt_nav_msgs/lib/python3.13/site-packages:${PYTHONPATH} /usr/bin/cmake --build /home/li/Time_various/build/tvfgo -- -j20 -l20
