[0.063s] DEBUG:colcon:Command line arguments: ['/usr/bin/colcon', 'build']
[0.063s] DEBUG:colcon:Parsed command line arguments: Namespace(log_base=None, log_level=None, verb_name='build', build_base='build', install_base='install', merge_install=False, symlink_install=False, test_result_base=None, continue_on_error=False, executor='parallel', parallel_workers=20, event_handlers=None, ignore_user_meta=False, metas=['./colcon.meta'], base_paths=['.'], packages_ignore=None, packages_ignore_regex=None, paths=None, packages_up_to=None, packages_up_to_regex=None, packages_above=None, packages_above_and_dependencies=None, packages_above_depth=None, packages_select_by_dep=None, packages_skip_by_dep=None, packages_skip_up_to=None, packages_select_build_failed=False, packages_skip_build_finished=False, packages_select_test_failures=False, packages_skip_test_passed=False, packages_select=None, packages_skip=None, packages_select_regex=None, packages_skip_regex=None, packages_start=None, packages_end=None, allow_overriding=[], cmake_args=None, cmake_target=None, cmake_target_skip_unavailable=False, cmake_clean_cache=False, cmake_clean_first=False, cmake_force_configure=False, ament_cmake_args=None, catkin_cmake_args=None, catkin_skip_building_tests=False, verb_parser=<colcon_defaults.argument_parser.defaults.DefaultArgumentsDecorator object at 0x7573efa274c0>, verb_extension=<colcon_core.verb.build.BuildVerb object at 0x7573efa26f50>, main=<bound method BuildVerb.main of <colcon_core.verb.build.BuildVerb object at 0x7573efa26f50>>)
[0.150s] Level 1:colcon.colcon_core.package_discovery:discover_packages(colcon_meta) check parameters
[0.150s] Level 1:colcon.colcon_core.package_discovery:discover_packages(recursive) check parameters
[0.150s] Level 1:colcon.colcon_core.package_discovery:discover_packages(ignore) check parameters
[0.150s] Level 1:colcon.colcon_core.package_discovery:discover_packages(path) check parameters
[0.150s] Level 1:colcon.colcon_core.package_discovery:discover_packages(colcon_meta) discover
[0.150s] Level 1:colcon.colcon_core.package_discovery:discover_packages(recursive) discover
[0.150s] INFO:colcon.colcon_core.package_discovery:Crawling recursively for packages in '/home/li/Time_various'
[0.150s] Level 1:colcon.colcon_core.package_identification:_identify(.) by extensions ['ignore', 'ignore_ament_install']
[0.150s] Level 1:colcon.colcon_core.package_identification:_identify(.) by extension 'ignore'
[0.151s] Level 1:colcon.colcon_core.package_identification:_identify(.) by extension 'ignore_ament_install'
[0.151s] Level 1:colcon.colcon_core.package_identification:_identify(.) by extensions ['colcon_pkg']
[0.151s] Level 1:colcon.colcon_core.package_identification:_identify(.) by extension 'colcon_pkg'
[0.151s] Level 1:colcon.colcon_core.package_identification:_identify(.) by extensions ['colcon_meta']
[0.151s] Level 1:colcon.colcon_core.package_identification:_identify(.) by extension 'colcon_meta'
[0.151s] Level 1:colcon.colcon_core.package_identification:_identify(.) by extensions ['ros']
[0.151s] Level 1:colcon.colcon_core.package_identification:_identify(.) by extension 'ros'
[0.158s] Level 1:colcon.colcon_core.package_identification:_identify(.) by extensions ['cmake', 'python']
[0.158s] Level 1:colcon.colcon_core.package_identification:_identify(.) by extension 'cmake'
[0.158s] Level 1:colcon.colcon_core.package_identification:_identify(.) by extension 'python'
[0.158s] Level 1:colcon.colcon_core.package_identification:_identify(.) by extensions ['python_setup_py']
[0.158s] Level 1:colcon.colcon_core.package_identification:_identify(.) by extension 'python_setup_py'
[0.158s] Level 1:colcon.colcon_core.package_identification:_identify(build) by extensions ['ignore', 'ignore_ament_install']
[0.158s] Level 1:colcon.colcon_core.package_identification:_identify(build) by extension 'ignore'
[0.158s] Level 1:colcon.colcon_core.package_identification:_identify(build) ignored
[0.158s] Level 1:colcon.colcon_core.package_identification:_identify(install) by extensions ['ignore', 'ignore_ament_install']
[0.159s] Level 1:colcon.colcon_core.package_identification:_identify(install) by extension 'ignore'
[0.159s] Level 1:colcon.colcon_core.package_identification:_identify(install) ignored
[0.159s] Level 1:colcon.colcon_core.package_identification:_identify(log) by extensions ['ignore', 'ignore_ament_install']
[0.159s] Level 1:colcon.colcon_core.package_identification:_identify(log) by extension 'ignore'
[0.159s] Level 1:colcon.colcon_core.package_identification:_identify(log) ignored
[0.159s] Level 1:colcon.colcon_core.package_identification:_identify(src) by extensions ['ignore', 'ignore_ament_install']
[0.159s] Level 1:colcon.colcon_core.package_identification:_identify(src) by extension 'ignore'
[0.159s] Level 1:colcon.colcon_core.package_identification:_identify(src) by extension 'ignore_ament_install'
[0.159s] Level 1:colcon.colcon_core.package_identification:_identify(src) by extensions ['colcon_pkg']
[0.159s] Level 1:colcon.colcon_core.package_identification:_identify(src) by extension 'colcon_pkg'
[0.159s] Level 1:colcon.colcon_core.package_identification:_identify(src) by extensions ['colcon_meta']
[0.159s] Level 1:colcon.colcon_core.package_identification:_identify(src) by extension 'colcon_meta'
[0.159s] Level 1:colcon.colcon_core.package_identification:_identify(src) by extensions ['ros']
[0.159s] Level 1:colcon.colcon_core.package_identification:_identify(src) by extension 'ros'
[0.159s] Level 1:colcon.colcon_core.package_identification:_identify(src) by extensions ['cmake', 'python']
[0.159s] Level 1:colcon.colcon_core.package_identification:_identify(src) by extension 'cmake'
[0.159s] Level 1:colcon.colcon_core.package_identification:_identify(src) by extension 'python'
[0.159s] Level 1:colcon.colcon_core.package_identification:_identify(src) by extensions ['python_setup_py']
[0.159s] Level 1:colcon.colcon_core.package_identification:_identify(src) by extension 'python_setup_py'
[0.159s] Level 1:colcon.colcon_core.package_identification:_identify(src/timevariousFGO) by extensions ['ignore', 'ignore_ament_install']
[0.159s] Level 1:colcon.colcon_core.package_identification:_identify(src/timevariousFGO) by extension 'ignore'
[0.159s] Level 1:colcon.colcon_core.package_identification:_identify(src/timevariousFGO) by extension 'ignore_ament_install'
[0.159s] Level 1:colcon.colcon_core.package_identification:_identify(src/timevariousFGO) by extensions ['colcon_pkg']
[0.159s] Level 1:colcon.colcon_core.package_identification:_identify(src/timevariousFGO) by extension 'colcon_pkg'
[0.159s] Level 1:colcon.colcon_core.package_identification:_identify(src/timevariousFGO) by extensions ['colcon_meta']
[0.159s] Level 1:colcon.colcon_core.package_identification:_identify(src/timevariousFGO) by extension 'colcon_meta'
[0.159s] Level 1:colcon.colcon_core.package_identification:_identify(src/timevariousFGO) by extensions ['ros']
[0.159s] Level 1:colcon.colcon_core.package_identification:_identify(src/timevariousFGO) by extension 'ros'
[0.159s] Level 1:colcon.colcon_core.package_identification:_identify(src/timevariousFGO) by extensions ['cmake', 'python']
[0.159s] Level 1:colcon.colcon_core.package_identification:_identify(src/timevariousFGO) by extension 'cmake'
[0.159s] Level 1:colcon.colcon_core.package_identification:_identify(src/timevariousFGO) by extension 'python'
[0.159s] Level 1:colcon.colcon_core.package_identification:_identify(src/timevariousFGO) by extensions ['python_setup_py']
[0.159s] Level 1:colcon.colcon_core.package_identification:_identify(src/timevariousFGO) by extension 'python_setup_py'
[0.159s] Level 1:colcon.colcon_core.package_identification:_identify(src/timevariousFGO/TVFGO) by extensions ['ignore', 'ignore_ament_install']
[0.159s] Level 1:colcon.colcon_core.package_identification:_identify(src/timevariousFGO/TVFGO) by extension 'ignore'
[0.159s] Level 1:colcon.colcon_core.package_identification:_identify(src/timevariousFGO/TVFGO) by extension 'ignore_ament_install'
[0.160s] Level 1:colcon.colcon_core.package_identification:_identify(src/timevariousFGO/TVFGO) by extensions ['colcon_pkg']
[0.160s] Level 1:colcon.colcon_core.package_identification:_identify(src/timevariousFGO/TVFGO) by extension 'colcon_pkg'
[0.160s] Level 1:colcon.colcon_core.package_identification:_identify(src/timevariousFGO/TVFGO) by extensions ['colcon_meta']
[0.160s] Level 1:colcon.colcon_core.package_identification:_identify(src/timevariousFGO/TVFGO) by extension 'colcon_meta'
[0.160s] Level 1:colcon.colcon_core.package_identification:_identify(src/timevariousFGO/TVFGO) by extensions ['ros']
[0.160s] Level 1:colcon.colcon_core.package_identification:_identify(src/timevariousFGO/TVFGO) by extension 'ros'
[0.161s] DEBUG:colcon.colcon_core.package_identification:Package 'src/timevariousFGO/TVFGO' with type 'ros.ament_cmake' and name 'tvfgo'
[0.161s] Level 1:colcon.colcon_core.package_identification:_identify(src/timevariousFGO/irt_nav_common) by extensions ['ignore', 'ignore_ament_install']
[0.162s] Level 1:colcon.colcon_core.package_identification:_identify(src/timevariousFGO/irt_nav_common) by extension 'ignore'
[0.162s] Level 1:colcon.colcon_core.package_identification:_identify(src/timevariousFGO/irt_nav_common) by extension 'ignore_ament_install'
[0.162s] Level 1:colcon.colcon_core.package_identification:_identify(src/timevariousFGO/irt_nav_common) by extensions ['colcon_pkg']
[0.162s] Level 1:colcon.colcon_core.package_identification:_identify(src/timevariousFGO/irt_nav_common) by extension 'colcon_pkg'
[0.162s] Level 1:colcon.colcon_core.package_identification:_identify(src/timevariousFGO/irt_nav_common) by extensions ['colcon_meta']
[0.162s] Level 1:colcon.colcon_core.package_identification:_identify(src/timevariousFGO/irt_nav_common) by extension 'colcon_meta'
[0.162s] Level 1:colcon.colcon_core.package_identification:_identify(src/timevariousFGO/irt_nav_common) by extensions ['ros']
[0.162s] Level 1:colcon.colcon_core.package_identification:_identify(src/timevariousFGO/irt_nav_common) by extension 'ros'
[0.162s] Level 1:colcon.colcon_core.package_identification:_identify(src/timevariousFGO/irt_nav_common) by extensions ['cmake', 'python']
[0.162s] Level 1:colcon.colcon_core.package_identification:_identify(src/timevariousFGO/irt_nav_common) by extension 'cmake'
[0.162s] Level 1:colcon.colcon_core.package_identification:_identify(src/timevariousFGO/irt_nav_common) by extension 'python'
[0.162s] Level 1:colcon.colcon_core.package_identification:_identify(src/timevariousFGO/irt_nav_common) by extensions ['python_setup_py']
[0.162s] Level 1:colcon.colcon_core.package_identification:_identify(src/timevariousFGO/irt_nav_common) by extension 'python_setup_py'
[0.162s] Level 1:colcon.colcon_core.package_identification:_identify(src/timevariousFGO/irt_nav_common/irt_nav_common) by extensions ['ignore', 'ignore_ament_install']
[0.162s] Level 1:colcon.colcon_core.package_identification:_identify(src/timevariousFGO/irt_nav_common/irt_nav_common) by extension 'ignore'
[0.162s] Level 1:colcon.colcon_core.package_identification:_identify(src/timevariousFGO/irt_nav_common/irt_nav_common) by extension 'ignore_ament_install'
[0.162s] Level 1:colcon.colcon_core.package_identification:_identify(src/timevariousFGO/irt_nav_common/irt_nav_common) by extensions ['colcon_pkg']
[0.162s] Level 1:colcon.colcon_core.package_identification:_identify(src/timevariousFGO/irt_nav_common/irt_nav_common) by extension 'colcon_pkg'
[0.162s] Level 1:colcon.colcon_core.package_identification:_identify(src/timevariousFGO/irt_nav_common/irt_nav_common) by extensions ['colcon_meta']
[0.162s] Level 1:colcon.colcon_core.package_identification:_identify(src/timevariousFGO/irt_nav_common/irt_nav_common) by extension 'colcon_meta'
[0.162s] Level 1:colcon.colcon_core.package_identification:_identify(src/timevariousFGO/irt_nav_common/irt_nav_common) by extensions ['ros']
[0.162s] Level 1:colcon.colcon_core.package_identification:_identify(src/timevariousFGO/irt_nav_common/irt_nav_common) by extension 'ros'
[0.163s] DEBUG:colcon.colcon_core.package_identification:Package 'src/timevariousFGO/irt_nav_common/irt_nav_common' with type 'ros.ament_cmake' and name 'irt_nav_common'
[0.163s] Level 1:colcon.colcon_core.package_identification:_identify(src/timevariousFGO/irt_nav_common/irt_nav_msgs) by extensions ['ignore', 'ignore_ament_install']
[0.163s] Level 1:colcon.colcon_core.package_identification:_identify(src/timevariousFGO/irt_nav_common/irt_nav_msgs) by extension 'ignore'
[0.163s] Level 1:colcon.colcon_core.package_identification:_identify(src/timevariousFGO/irt_nav_common/irt_nav_msgs) by extension 'ignore_ament_install'
[0.163s] Level 1:colcon.colcon_core.package_identification:_identify(src/timevariousFGO/irt_nav_common/irt_nav_msgs) by extensions ['colcon_pkg']
[0.163s] Level 1:colcon.colcon_core.package_identification:_identify(src/timevariousFGO/irt_nav_common/irt_nav_msgs) by extension 'colcon_pkg'
[0.163s] Level 1:colcon.colcon_core.package_identification:_identify(src/timevariousFGO/irt_nav_common/irt_nav_msgs) by extensions ['colcon_meta']
[0.163s] Level 1:colcon.colcon_core.package_identification:_identify(src/timevariousFGO/irt_nav_common/irt_nav_msgs) by extension 'colcon_meta'
[0.163s] Level 1:colcon.colcon_core.package_identification:_identify(src/timevariousFGO/irt_nav_common/irt_nav_msgs) by extensions ['ros']
[0.163s] Level 1:colcon.colcon_core.package_identification:_identify(src/timevariousFGO/irt_nav_common/irt_nav_msgs) by extension 'ros'
[0.164s] DEBUG:colcon.colcon_core.package_identification:Package 'src/timevariousFGO/irt_nav_common/irt_nav_msgs' with type 'ros.ament_cmake' and name 'irt_nav_msgs'
[0.164s] Level 1:colcon.colcon_core.package_identification:_identify(src/timevariousFGO/nav_msgs) by extensions ['ignore', 'ignore_ament_install']
[0.164s] Level 1:colcon.colcon_core.package_identification:_identify(src/timevariousFGO/nav_msgs) by extension 'ignore'
[0.164s] Level 1:colcon.colcon_core.package_identification:_identify(src/timevariousFGO/nav_msgs) by extension 'ignore_ament_install'
[0.164s] Level 1:colcon.colcon_core.package_identification:_identify(src/timevariousFGO/nav_msgs) by extensions ['colcon_pkg']
[0.164s] Level 1:colcon.colcon_core.package_identification:_identify(src/timevariousFGO/nav_msgs) by extension 'colcon_pkg'
[0.164s] Level 1:colcon.colcon_core.package_identification:_identify(src/timevariousFGO/nav_msgs) by extensions ['colcon_meta']
[0.164s] Level 1:colcon.colcon_core.package_identification:_identify(src/timevariousFGO/nav_msgs) by extension 'colcon_meta'
[0.164s] Level 1:colcon.colcon_core.package_identification:_identify(src/timevariousFGO/nav_msgs) by extensions ['ros']
[0.164s] Level 1:colcon.colcon_core.package_identification:_identify(src/timevariousFGO/nav_msgs) by extension 'ros'
[0.164s] Level 1:colcon.colcon_core.package_identification:_identify(src/timevariousFGO/nav_msgs) by extensions ['cmake', 'python']
[0.164s] Level 1:colcon.colcon_core.package_identification:_identify(src/timevariousFGO/nav_msgs) by extension 'cmake'
[0.164s] Level 1:colcon.colcon_core.package_identification:_identify(src/timevariousFGO/nav_msgs) by extension 'python'
[0.164s] Level 1:colcon.colcon_core.package_identification:_identify(src/timevariousFGO/nav_msgs) by extensions ['python_setup_py']
[0.164s] Level 1:colcon.colcon_core.package_identification:_identify(src/timevariousFGO/nav_msgs) by extension 'python_setup_py'
[0.164s] Level 1:colcon.colcon_core.package_discovery:discover_packages(recursive) using defaults
[0.164s] Level 1:colcon.colcon_core.package_discovery:discover_packages(ignore) discover
[0.164s] Level 1:colcon.colcon_core.package_discovery:discover_packages(ignore) using defaults
[0.164s] Level 1:colcon.colcon_core.package_discovery:discover_packages(path) discover
[0.164s] Level 1:colcon.colcon_core.package_discovery:discover_packages(path) using defaults
[0.177s] Level 1:colcon.colcon_core.package_discovery:discover_packages(prefix_path) check parameters
[0.177s] Level 1:colcon.colcon_core.package_discovery:discover_packages(prefix_path) discover
[0.178s] DEBUG:colcon.colcon_installed_package_information.package_discovery:Found 271 installed packages in /opt/ros/humble
[0.180s] Level 1:colcon.colcon_core.package_discovery:discover_packages(prefix_path) using defaults
[0.206s] Level 5:colcon.colcon_core.verb:set package 'irt_nav_msgs' build argument 'cmake_args' from command line to 'None'
[0.207s] Level 5:colcon.colcon_core.verb:set package 'irt_nav_msgs' build argument 'cmake_target' from command line to 'None'
[0.207s] Level 5:colcon.colcon_core.verb:set package 'irt_nav_msgs' build argument 'cmake_target_skip_unavailable' from command line to 'False'
[0.207s] Level 5:colcon.colcon_core.verb:set package 'irt_nav_msgs' build argument 'cmake_clean_cache' from command line to 'False'
[0.207s] Level 5:colcon.colcon_core.verb:set package 'irt_nav_msgs' build argument 'cmake_clean_first' from command line to 'False'
[0.207s] Level 5:colcon.colcon_core.verb:set package 'irt_nav_msgs' build argument 'cmake_force_configure' from command line to 'False'
[0.207s] Level 5:colcon.colcon_core.verb:set package 'irt_nav_msgs' build argument 'ament_cmake_args' from command line to 'None'
[0.207s] Level 5:colcon.colcon_core.verb:set package 'irt_nav_msgs' build argument 'catkin_cmake_args' from command line to 'None'
[0.207s] Level 5:colcon.colcon_core.verb:set package 'irt_nav_msgs' build argument 'catkin_skip_building_tests' from command line to 'False'
[0.207s] DEBUG:colcon.colcon_core.verb:Building package 'irt_nav_msgs' with the following arguments: {'ament_cmake_args': None, 'build_base': '/home/li/Time_various/build/irt_nav_msgs', 'catkin_cmake_args': None, 'catkin_skip_building_tests': False, 'cmake_args': None, 'cmake_clean_cache': False, 'cmake_clean_first': False, 'cmake_force_configure': False, 'cmake_target': None, 'cmake_target_skip_unavailable': False, 'install_base': '/home/li/Time_various/install/irt_nav_msgs', 'merge_install': False, 'path': '/home/li/Time_various/src/timevariousFGO/irt_nav_common/irt_nav_msgs', 'symlink_install': False, 'test_result_base': None}
[0.207s] Level 5:colcon.colcon_core.verb:set package 'tvfgo' build argument 'cmake_args' from command line to 'None'
[0.207s] Level 5:colcon.colcon_core.verb:set package 'tvfgo' build argument 'cmake_target' from command line to 'None'
[0.207s] Level 5:colcon.colcon_core.verb:set package 'tvfgo' build argument 'cmake_target_skip_unavailable' from command line to 'False'
[0.207s] Level 5:colcon.colcon_core.verb:set package 'tvfgo' build argument 'cmake_clean_cache' from command line to 'False'
[0.207s] Level 5:colcon.colcon_core.verb:set package 'tvfgo' build argument 'cmake_clean_first' from command line to 'False'
[0.207s] Level 5:colcon.colcon_core.verb:set package 'tvfgo' build argument 'cmake_force_configure' from command line to 'False'
[0.207s] Level 5:colcon.colcon_core.verb:set package 'tvfgo' build argument 'ament_cmake_args' from command line to 'None'
[0.207s] Level 5:colcon.colcon_core.verb:set package 'tvfgo' build argument 'catkin_cmake_args' from command line to 'None'
[0.207s] Level 5:colcon.colcon_core.verb:set package 'tvfgo' build argument 'catkin_skip_building_tests' from command line to 'False'
[0.207s] DEBUG:colcon.colcon_core.verb:Building package 'tvfgo' with the following arguments: {'ament_cmake_args': None, 'build_base': '/home/li/Time_various/build/tvfgo', 'catkin_cmake_args': None, 'catkin_skip_building_tests': False, 'cmake_args': None, 'cmake_clean_cache': False, 'cmake_clean_first': False, 'cmake_force_configure': False, 'cmake_target': None, 'cmake_target_skip_unavailable': False, 'install_base': '/home/li/Time_various/install/tvfgo', 'merge_install': False, 'path': '/home/li/Time_various/src/timevariousFGO/TVFGO', 'symlink_install': False, 'test_result_base': None}
[0.207s] Level 5:colcon.colcon_core.verb:set package 'irt_nav_common' build argument 'cmake_args' from command line to 'None'
[0.207s] Level 5:colcon.colcon_core.verb:set package 'irt_nav_common' build argument 'cmake_target' from command line to 'None'
[0.207s] Level 5:colcon.colcon_core.verb:set package 'irt_nav_common' build argument 'cmake_target_skip_unavailable' from command line to 'False'
[0.207s] Level 5:colcon.colcon_core.verb:set package 'irt_nav_common' build argument 'cmake_clean_cache' from command line to 'False'
[0.207s] Level 5:colcon.colcon_core.verb:set package 'irt_nav_common' build argument 'cmake_clean_first' from command line to 'False'
[0.207s] Level 5:colcon.colcon_core.verb:set package 'irt_nav_common' build argument 'cmake_force_configure' from command line to 'False'
[0.207s] Level 5:colcon.colcon_core.verb:set package 'irt_nav_common' build argument 'ament_cmake_args' from command line to 'None'
[0.207s] Level 5:colcon.colcon_core.verb:set package 'irt_nav_common' build argument 'catkin_cmake_args' from command line to 'None'
[0.207s] Level 5:colcon.colcon_core.verb:set package 'irt_nav_common' build argument 'catkin_skip_building_tests' from command line to 'False'
[0.207s] DEBUG:colcon.colcon_core.verb:Building package 'irt_nav_common' with the following arguments: {'ament_cmake_args': None, 'build_base': '/home/li/Time_various/build/irt_nav_common', 'catkin_cmake_args': None, 'catkin_skip_building_tests': False, 'cmake_args': None, 'cmake_clean_cache': False, 'cmake_clean_first': False, 'cmake_force_configure': False, 'cmake_target': None, 'cmake_target_skip_unavailable': False, 'install_base': '/home/li/Time_various/install/irt_nav_common', 'merge_install': False, 'path': '/home/li/Time_various/src/timevariousFGO/irt_nav_common/irt_nav_common', 'symlink_install': False, 'test_result_base': None}
[0.207s] INFO:colcon.colcon_core.executor:Executing jobs using 'parallel' executor
[0.208s] DEBUG:colcon.colcon_parallel_executor.executor.parallel:run_until_complete
[0.208s] INFO:colcon.colcon_ros.task.ament_cmake.build:Building ROS package in '/home/li/Time_various/src/timevariousFGO/irt_nav_common/irt_nav_msgs' with build type 'ament_cmake'
[0.208s] INFO:colcon.colcon_cmake.task.cmake.build:Building CMake package in '/home/li/Time_various/src/timevariousFGO/irt_nav_common/irt_nav_msgs'
[0.210s] INFO:colcon.colcon_core.plugin_system:Skipping extension 'colcon_core.shell.bat': Not used on non-Windows systems
[0.210s] INFO:colcon.colcon_core.shell:Skip shell extension 'powershell' for command environment: Not usable outside of PowerShell
[0.210s] DEBUG:colcon.colcon_core.shell:Skip shell extension 'dsv' for command environment
[0.212s] INFO:colcon.colcon_ros.task.ament_cmake.build:Building ROS package in '/home/li/Time_various/src/timevariousFGO/TVFGO' with build type 'ament_cmake'
[0.212s] INFO:colcon.colcon_cmake.task.cmake.build:Building CMake package in '/home/li/Time_various/src/timevariousFGO/TVFGO'
[0.212s] INFO:colcon.colcon_core.shell:Skip shell extension 'powershell' for command environment: Not usable outside of PowerShell
[0.212s] DEBUG:colcon.colcon_core.shell:Skip shell extension 'dsv' for command environment
[0.217s] DEBUG:colcon.colcon_core.event_handler.log_command:Invoking command in '/home/li/Time_various/build/irt_nav_msgs': CMAKE_PREFIX_PATH=/opt/ros/humble CONDA_PROMPT_MODIFIER=(base) /usr/bin/cmake --build /home/li/Time_various/build/irt_nav_msgs -- -j20 -l20
[0.219s] DEBUG:colcon.colcon_core.event_handler.log_command:Invoking command in '/home/li/Time_various/build/tvfgo': CMAKE_PREFIX_PATH=/opt/ros/humble CONDA_PROMPT_MODIFIER=(base) /usr/bin/cmake /home/li/Time_various/src/timevariousFGO/TVFGO -DCMAKE_INSTALL_PREFIX=/home/li/Time_various/install/tvfgo
[0.489s] DEBUG:colcon.colcon_core.event_handler.log_command:Invoked command in '/home/li/Time_various/build/irt_nav_msgs' returned '0': CMAKE_PREFIX_PATH=/opt/ros/humble CONDA_PROMPT_MODIFIER=(base) /usr/bin/cmake --build /home/li/Time_various/build/irt_nav_msgs -- -j20 -l20
[0.496s] DEBUG:colcon.colcon_core.event_handler.log_command:Invoking command in '/home/li/Time_various/build/irt_nav_msgs': CMAKE_PREFIX_PATH=/opt/ros/humble CONDA_PROMPT_MODIFIER=(base) /usr/bin/cmake --install /home/li/Time_various/build/irt_nav_msgs
[0.567s] Level 1:colcon.colcon_core.environment:create_environment_scripts_only(irt_nav_msgs)
[0.567s] DEBUG:colcon.colcon_core.event_handler.log_command:Invoked command in '/home/li/Time_various/build/irt_nav_msgs' returned '0': CMAKE_PREFIX_PATH=/opt/ros/humble CONDA_PROMPT_MODIFIER=(base) /usr/bin/cmake --install /home/li/Time_various/build/irt_nav_msgs
[0.570s] Level 1:colcon.colcon_core.environment:checking '/home/li/Time_various/install/irt_nav_msgs' for CMake module files
[0.570s] Level 1:colcon.colcon_core.environment:checking '/home/li/Time_various/install/irt_nav_msgs' for CMake config files
[0.571s] Level 1:colcon.colcon_core.shell:create_environment_hook('irt_nav_msgs', 'cmake_prefix_path')
[0.571s] INFO:colcon.colcon_core.shell:Creating environment hook '/home/li/Time_various/install/irt_nav_msgs/share/irt_nav_msgs/hook/cmake_prefix_path.ps1'
[0.571s] INFO:colcon.colcon_core.shell:Creating environment descriptor '/home/li/Time_various/install/irt_nav_msgs/share/irt_nav_msgs/hook/cmake_prefix_path.dsv'
[0.572s] INFO:colcon.colcon_core.shell:Creating environment hook '/home/li/Time_various/install/irt_nav_msgs/share/irt_nav_msgs/hook/cmake_prefix_path.sh'
[0.572s] Level 1:colcon.colcon_core.environment:checking '/home/li/Time_various/install/irt_nav_msgs/lib'
[0.572s] Level 1:colcon.colcon_core.shell:create_environment_hook('irt_nav_msgs', 'ld_library_path_lib')
[0.572s] INFO:colcon.colcon_core.shell:Creating environment hook '/home/li/Time_various/install/irt_nav_msgs/share/irt_nav_msgs/hook/ld_library_path_lib.ps1'
[0.573s] INFO:colcon.colcon_core.shell:Creating environment descriptor '/home/li/Time_various/install/irt_nav_msgs/share/irt_nav_msgs/hook/ld_library_path_lib.dsv'
[0.573s] INFO:colcon.colcon_core.shell:Creating environment hook '/home/li/Time_various/install/irt_nav_msgs/share/irt_nav_msgs/hook/ld_library_path_lib.sh'
[0.573s] Level 1:colcon.colcon_core.environment:checking '/home/li/Time_various/install/irt_nav_msgs/bin'
[0.573s] Level 1:colcon.colcon_core.environment:checking '/home/li/Time_various/install/irt_nav_msgs/lib/pkgconfig/irt_nav_msgs.pc'
[0.573s] Level 1:colcon.colcon_core.environment:checking '/home/li/Time_various/install/irt_nav_msgs/lib/python3.10/site-packages'
[0.573s] Level 1:colcon.colcon_core.environment:checking '/home/li/Time_various/install/irt_nav_msgs/bin'
[0.574s] INFO:colcon.colcon_core.shell:Creating package script '/home/li/Time_various/install/irt_nav_msgs/share/irt_nav_msgs/package.ps1'
[0.574s] INFO:colcon.colcon_core.shell:Creating package descriptor '/home/li/Time_various/install/irt_nav_msgs/share/irt_nav_msgs/package.dsv'
[0.575s] INFO:colcon.colcon_core.shell:Creating package script '/home/li/Time_various/install/irt_nav_msgs/share/irt_nav_msgs/package.sh'
[0.575s] INFO:colcon.colcon_core.shell:Creating package script '/home/li/Time_various/install/irt_nav_msgs/share/irt_nav_msgs/package.bash'
[0.575s] INFO:colcon.colcon_core.shell:Creating package script '/home/li/Time_various/install/irt_nav_msgs/share/irt_nav_msgs/package.zsh'
[0.576s] Level 1:colcon.colcon_core.environment:create_file_with_runtime_dependencies(/home/li/Time_various/install/irt_nav_msgs/share/colcon-core/packages/irt_nav_msgs)
[0.576s] Level 1:colcon.colcon_core.environment:create_environment_scripts_only(irt_nav_msgs)
[0.576s] Level 1:colcon.colcon_core.environment:checking '/home/li/Time_various/install/irt_nav_msgs' for CMake module files
[0.577s] Level 1:colcon.colcon_core.environment:checking '/home/li/Time_various/install/irt_nav_msgs' for CMake config files
[0.577s] Level 1:colcon.colcon_core.shell:create_environment_hook('irt_nav_msgs', 'cmake_prefix_path')
[0.577s] INFO:colcon.colcon_core.shell:Creating environment hook '/home/li/Time_various/install/irt_nav_msgs/share/irt_nav_msgs/hook/cmake_prefix_path.ps1'
[0.577s] INFO:colcon.colcon_core.shell:Creating environment descriptor '/home/li/Time_various/install/irt_nav_msgs/share/irt_nav_msgs/hook/cmake_prefix_path.dsv'
[0.577s] INFO:colcon.colcon_core.shell:Creating environment hook '/home/li/Time_various/install/irt_nav_msgs/share/irt_nav_msgs/hook/cmake_prefix_path.sh'
[0.578s] Level 1:colcon.colcon_core.environment:checking '/home/li/Time_various/install/irt_nav_msgs/lib'
[0.578s] Level 1:colcon.colcon_core.shell:create_environment_hook('irt_nav_msgs', 'ld_library_path_lib')
[0.578s] INFO:colcon.colcon_core.shell:Creating environment hook '/home/li/Time_various/install/irt_nav_msgs/share/irt_nav_msgs/hook/ld_library_path_lib.ps1'
[0.578s] INFO:colcon.colcon_core.shell:Creating environment descriptor '/home/li/Time_various/install/irt_nav_msgs/share/irt_nav_msgs/hook/ld_library_path_lib.dsv'
[0.578s] INFO:colcon.colcon_core.shell:Creating environment hook '/home/li/Time_various/install/irt_nav_msgs/share/irt_nav_msgs/hook/ld_library_path_lib.sh'
[0.578s] Level 1:colcon.colcon_core.environment:checking '/home/li/Time_various/install/irt_nav_msgs/bin'
[0.578s] Level 1:colcon.colcon_core.environment:checking '/home/li/Time_various/install/irt_nav_msgs/lib/pkgconfig/irt_nav_msgs.pc'
[0.579s] Level 1:colcon.colcon_core.environment:checking '/home/li/Time_various/install/irt_nav_msgs/lib/python3.10/site-packages'
[0.579s] Level 1:colcon.colcon_core.environment:checking '/home/li/Time_various/install/irt_nav_msgs/bin'
[0.579s] INFO:colcon.colcon_core.shell:Creating package script '/home/li/Time_various/install/irt_nav_msgs/share/irt_nav_msgs/package.ps1'
[0.579s] INFO:colcon.colcon_core.shell:Creating package descriptor '/home/li/Time_various/install/irt_nav_msgs/share/irt_nav_msgs/package.dsv'
[0.579s] INFO:colcon.colcon_core.shell:Creating package script '/home/li/Time_various/install/irt_nav_msgs/share/irt_nav_msgs/package.sh'
[0.580s] INFO:colcon.colcon_core.shell:Creating package script '/home/li/Time_various/install/irt_nav_msgs/share/irt_nav_msgs/package.bash'
[0.580s] INFO:colcon.colcon_core.shell:Creating package script '/home/li/Time_various/install/irt_nav_msgs/share/irt_nav_msgs/package.zsh'
[0.580s] Level 1:colcon.colcon_core.environment:create_file_with_runtime_dependencies(/home/li/Time_various/install/irt_nav_msgs/share/colcon-core/packages/irt_nav_msgs)
[0.580s] INFO:colcon.colcon_ros.task.ament_cmake.build:Building ROS package in '/home/li/Time_various/src/timevariousFGO/irt_nav_common/irt_nav_common' with build type 'ament_cmake'
[0.580s] INFO:colcon.colcon_cmake.task.cmake.build:Building CMake package in '/home/li/Time_various/src/timevariousFGO/irt_nav_common/irt_nav_common'
[0.580s] INFO:colcon.colcon_core.shell:Skip shell extension 'powershell' for command environment: Not usable outside of PowerShell
[0.580s] DEBUG:colcon.colcon_core.shell:Skip shell extension 'dsv' for command environment
[0.588s] DEBUG:colcon.colcon_core.event_handler.log_command:Invoking command in '/home/li/Time_various/build/irt_nav_common': AMENT_PREFIX_PATH=/home/li/Time_various/install/irt_nav_msgs:${AMENT_PREFIX_PATH} CMAKE_PREFIX_PATH=/home/li/Time_various/install/irt_nav_msgs:/opt/ros/humble CONDA_PROMPT_MODIFIER=(base) LD_LIBRARY_PATH=/home/li/Time_various/install/irt_nav_msgs/lib:${LD_LIBRARY_PATH} PYTHONPATH=/home/li/Time_various/install/irt_nav_msgs/lib/python3.13/site-packages:${PYTHONPATH} /usr/bin/cmake --build /home/li/Time_various/build/irt_nav_common -- -j20 -l20
[0.653s] DEBUG:colcon.colcon_core.event_handler.log_command:Invoked command in '/home/li/Time_various/build/irt_nav_common' returned '0': AMENT_PREFIX_PATH=/home/li/Time_various/install/irt_nav_msgs:${AMENT_PREFIX_PATH} CMAKE_PREFIX_PATH=/home/li/Time_various/install/irt_nav_msgs:/opt/ros/humble CONDA_PROMPT_MODIFIER=(base) LD_LIBRARY_PATH=/home/li/Time_various/install/irt_nav_msgs/lib:${LD_LIBRARY_PATH} PYTHONPATH=/home/li/Time_various/install/irt_nav_msgs/lib/python3.13/site-packages:${PYTHONPATH} /usr/bin/cmake --build /home/li/Time_various/build/irt_nav_common -- -j20 -l20
[0.654s] DEBUG:colcon.colcon_core.event_handler.log_command:Invoking command in '/home/li/Time_various/build/irt_nav_common': AMENT_PREFIX_PATH=/home/li/Time_various/install/irt_nav_msgs:${AMENT_PREFIX_PATH} CMAKE_PREFIX_PATH=/home/li/Time_various/install/irt_nav_msgs:/opt/ros/humble CONDA_PROMPT_MODIFIER=(base) LD_LIBRARY_PATH=/home/li/Time_various/install/irt_nav_msgs/lib:${LD_LIBRARY_PATH} PYTHONPATH=/home/li/Time_various/install/irt_nav_msgs/lib/python3.13/site-packages:${PYTHONPATH} /usr/bin/cmake --install /home/li/Time_various/build/irt_nav_common
[0.664s] Level 1:colcon.colcon_core.environment:create_environment_scripts_only(irt_nav_common)
[0.665s] Level 1:colcon.colcon_core.environment:checking '/home/li/Time_various/install/irt_nav_common' for CMake module files
[0.665s] DEBUG:colcon.colcon_core.event_handler.log_command:Invoked command in '/home/li/Time_various/build/irt_nav_common' returned '0': AMENT_PREFIX_PATH=/home/li/Time_various/install/irt_nav_msgs:${AMENT_PREFIX_PATH} CMAKE_PREFIX_PATH=/home/li/Time_various/install/irt_nav_msgs:/opt/ros/humble CONDA_PROMPT_MODIFIER=(base) LD_LIBRARY_PATH=/home/li/Time_various/install/irt_nav_msgs/lib:${LD_LIBRARY_PATH} PYTHONPATH=/home/li/Time_various/install/irt_nav_msgs/lib/python3.13/site-packages:${PYTHONPATH} /usr/bin/cmake --install /home/li/Time_various/build/irt_nav_common
[0.666s] Level 1:colcon.colcon_core.environment:checking '/home/li/Time_various/install/irt_nav_common' for CMake config files
[0.666s] Level 1:colcon.colcon_core.shell:create_environment_hook('irt_nav_common', 'cmake_prefix_path')
[0.666s] INFO:colcon.colcon_core.shell:Creating environment hook '/home/li/Time_various/install/irt_nav_common/share/irt_nav_common/hook/cmake_prefix_path.ps1'
[0.667s] INFO:colcon.colcon_core.shell:Creating environment descriptor '/home/li/Time_various/install/irt_nav_common/share/irt_nav_common/hook/cmake_prefix_path.dsv'
[0.667s] INFO:colcon.colcon_core.shell:Creating environment hook '/home/li/Time_various/install/irt_nav_common/share/irt_nav_common/hook/cmake_prefix_path.sh'
[0.668s] Level 1:colcon.colcon_core.environment:checking '/home/li/Time_various/install/irt_nav_common/lib'
[0.668s] Level 1:colcon.colcon_core.shell:create_environment_hook('irt_nav_common', 'ld_library_path_lib')
[0.668s] INFO:colcon.colcon_core.shell:Creating environment hook '/home/li/Time_various/install/irt_nav_common/share/irt_nav_common/hook/ld_library_path_lib.ps1'
[0.669s] INFO:colcon.colcon_core.shell:Creating environment descriptor '/home/li/Time_various/install/irt_nav_common/share/irt_nav_common/hook/ld_library_path_lib.dsv'
[0.669s] INFO:colcon.colcon_core.shell:Creating environment hook '/home/li/Time_various/install/irt_nav_common/share/irt_nav_common/hook/ld_library_path_lib.sh'
[0.670s] Level 1:colcon.colcon_core.environment:checking '/home/li/Time_various/install/irt_nav_common/bin'
[0.670s] Level 1:colcon.colcon_core.environment:checking '/home/li/Time_various/install/irt_nav_common/lib/pkgconfig/irt_nav_common.pc'
[0.670s] Level 1:colcon.colcon_core.environment:checking '/home/li/Time_various/install/irt_nav_common/lib/python3.10/site-packages'
[0.670s] Level 1:colcon.colcon_core.environment:checking '/home/li/Time_various/install/irt_nav_common/bin'
[0.671s] INFO:colcon.colcon_core.shell:Creating package script '/home/li/Time_various/install/irt_nav_common/share/irt_nav_common/package.ps1'
[0.671s] INFO:colcon.colcon_core.shell:Creating package descriptor '/home/li/Time_various/install/irt_nav_common/share/irt_nav_common/package.dsv'
[0.671s] INFO:colcon.colcon_core.shell:Creating package script '/home/li/Time_various/install/irt_nav_common/share/irt_nav_common/package.sh'
[0.671s] INFO:colcon.colcon_core.shell:Creating package script '/home/li/Time_various/install/irt_nav_common/share/irt_nav_common/package.bash'
[0.671s] INFO:colcon.colcon_core.shell:Creating package script '/home/li/Time_various/install/irt_nav_common/share/irt_nav_common/package.zsh'
[0.672s] Level 1:colcon.colcon_core.environment:create_file_with_runtime_dependencies(/home/li/Time_various/install/irt_nav_common/share/colcon-core/packages/irt_nav_common)
[0.672s] Level 1:colcon.colcon_core.environment:create_environment_scripts_only(irt_nav_common)
[0.672s] Level 1:colcon.colcon_core.environment:checking '/home/li/Time_various/install/irt_nav_common' for CMake module files
[0.672s] Level 1:colcon.colcon_core.environment:checking '/home/li/Time_various/install/irt_nav_common' for CMake config files
[0.672s] Level 1:colcon.colcon_core.shell:create_environment_hook('irt_nav_common', 'cmake_prefix_path')
[0.673s] INFO:colcon.colcon_core.shell:Creating environment hook '/home/li/Time_various/install/irt_nav_common/share/irt_nav_common/hook/cmake_prefix_path.ps1'
[0.673s] INFO:colcon.colcon_core.shell:Creating environment descriptor '/home/li/Time_various/install/irt_nav_common/share/irt_nav_common/hook/cmake_prefix_path.dsv'
[0.673s] INFO:colcon.colcon_core.shell:Creating environment hook '/home/li/Time_various/install/irt_nav_common/share/irt_nav_common/hook/cmake_prefix_path.sh'
[0.673s] Level 1:colcon.colcon_core.environment:checking '/home/li/Time_various/install/irt_nav_common/lib'
[0.673s] Level 1:colcon.colcon_core.shell:create_environment_hook('irt_nav_common', 'ld_library_path_lib')
[0.673s] INFO:colcon.colcon_core.shell:Creating environment hook '/home/li/Time_various/install/irt_nav_common/share/irt_nav_common/hook/ld_library_path_lib.ps1'
[0.674s] INFO:colcon.colcon_core.shell:Creating environment descriptor '/home/li/Time_various/install/irt_nav_common/share/irt_nav_common/hook/ld_library_path_lib.dsv'
[0.674s] INFO:colcon.colcon_core.shell:Creating environment hook '/home/li/Time_various/install/irt_nav_common/share/irt_nav_common/hook/ld_library_path_lib.sh'
[0.674s] Level 1:colcon.colcon_core.environment:checking '/home/li/Time_various/install/irt_nav_common/bin'
[0.674s] Level 1:colcon.colcon_core.environment:checking '/home/li/Time_various/install/irt_nav_common/lib/pkgconfig/irt_nav_common.pc'
[0.674s] Level 1:colcon.colcon_core.environment:checking '/home/li/Time_various/install/irt_nav_common/lib/python3.10/site-packages'
[0.674s] Level 1:colcon.colcon_core.environment:checking '/home/li/Time_various/install/irt_nav_common/bin'
[0.674s] INFO:colcon.colcon_core.shell:Creating package script '/home/li/Time_various/install/irt_nav_common/share/irt_nav_common/package.ps1'
[0.675s] INFO:colcon.colcon_core.shell:Creating package descriptor '/home/li/Time_various/install/irt_nav_common/share/irt_nav_common/package.dsv'
[0.675s] INFO:colcon.colcon_core.shell:Creating package script '/home/li/Time_various/install/irt_nav_common/share/irt_nav_common/package.sh'
[0.675s] INFO:colcon.colcon_core.shell:Creating package script '/home/li/Time_various/install/irt_nav_common/share/irt_nav_common/package.bash'
[0.675s] INFO:colcon.colcon_core.shell:Creating package script '/home/li/Time_various/install/irt_nav_common/share/irt_nav_common/package.zsh'
[0.676s] Level 1:colcon.colcon_core.environment:create_file_with_runtime_dependencies(/home/li/Time_various/install/irt_nav_common/share/colcon-core/packages/irt_nav_common)
[1.514s] DEBUG:colcon.colcon_core.event_handler.log_command:Invoked command in '/home/li/Time_various/build/tvfgo' returned '0': CMAKE_PREFIX_PATH=/opt/ros/humble CONDA_PROMPT_MODIFIER=(base) /usr/bin/cmake /home/li/Time_various/src/timevariousFGO/TVFGO -DCMAKE_INSTALL_PREFIX=/home/li/Time_various/install/tvfgo
[1.516s] DEBUG:colcon.colcon_core.event_handler.log_command:Invoking command in '/home/li/Time_various/build/tvfgo': CMAKE_PREFIX_PATH=/opt/ros/humble CONDA_PROMPT_MODIFIER=(base) /usr/bin/cmake --build /home/li/Time_various/build/tvfgo -- -j20 -l20
[1.549s] DEBUG:colcon.colcon_core.event_handler.log_command:Invoked command in '/home/li/Time_various/build/tvfgo' returned '0': CMAKE_PREFIX_PATH=/opt/ros/humble CONDA_PROMPT_MODIFIER=(base) /usr/bin/cmake --build /home/li/Time_various/build/tvfgo -- -j20 -l20
[1.551s] DEBUG:colcon.colcon_core.event_handler.log_command:Invoking command in '/home/li/Time_various/build/tvfgo': CMAKE_PREFIX_PATH=/opt/ros/humble CONDA_PROMPT_MODIFIER=(base) /usr/bin/cmake --install /home/li/Time_various/build/tvfgo
[1.560s] Level 1:colcon.colcon_core.environment:create_environment_scripts_only(tvfgo)
[1.560s] Level 1:colcon.colcon_core.environment:checking '/home/li/Time_various/install/tvfgo' for CMake module files
[1.561s] DEBUG:colcon.colcon_core.event_handler.log_command:Invoked command in '/home/li/Time_various/build/tvfgo' returned '0': CMAKE_PREFIX_PATH=/opt/ros/humble CONDA_PROMPT_MODIFIER=(base) /usr/bin/cmake --install /home/li/Time_various/build/tvfgo
[1.561s] Level 1:colcon.colcon_core.environment:checking '/home/li/Time_various/install/tvfgo' for CMake config files
[1.561s] Level 1:colcon.colcon_core.shell:create_environment_hook('tvfgo', 'cmake_prefix_path')
[1.561s] INFO:colcon.colcon_core.shell:Creating environment hook '/home/li/Time_various/install/tvfgo/share/tvfgo/hook/cmake_prefix_path.ps1'
[1.561s] INFO:colcon.colcon_core.shell:Creating environment descriptor '/home/li/Time_various/install/tvfgo/share/tvfgo/hook/cmake_prefix_path.dsv'
[1.561s] INFO:colcon.colcon_core.shell:Creating environment hook '/home/li/Time_various/install/tvfgo/share/tvfgo/hook/cmake_prefix_path.sh'
[1.562s] Level 1:colcon.colcon_core.environment:checking '/home/li/Time_various/install/tvfgo/bin'
[1.562s] Level 1:colcon.colcon_core.environment:checking '/home/li/Time_various/install/tvfgo/lib/pkgconfig/tvfgo.pc'
[1.562s] Level 1:colcon.colcon_core.environment:checking '/home/li/Time_various/install/tvfgo/lib/python3.10/site-packages'
[1.562s] Level 1:colcon.colcon_core.environment:checking '/home/li/Time_various/install/tvfgo/bin'
[1.562s] INFO:colcon.colcon_core.shell:Creating package script '/home/li/Time_various/install/tvfgo/share/tvfgo/package.ps1'
[1.563s] INFO:colcon.colcon_core.shell:Creating package descriptor '/home/li/Time_various/install/tvfgo/share/tvfgo/package.dsv'
[1.563s] INFO:colcon.colcon_core.shell:Creating package script '/home/li/Time_various/install/tvfgo/share/tvfgo/package.sh'
[1.563s] INFO:colcon.colcon_core.shell:Creating package script '/home/li/Time_various/install/tvfgo/share/tvfgo/package.bash'
[1.563s] INFO:colcon.colcon_core.shell:Creating package script '/home/li/Time_various/install/tvfgo/share/tvfgo/package.zsh'
[1.563s] Level 1:colcon.colcon_core.environment:create_file_with_runtime_dependencies(/home/li/Time_various/install/tvfgo/share/colcon-core/packages/tvfgo)
[1.564s] Level 1:colcon.colcon_core.environment:create_environment_scripts_only(tvfgo)
[1.564s] Level 1:colcon.colcon_core.environment:checking '/home/li/Time_various/install/tvfgo' for CMake module files
[1.564s] Level 1:colcon.colcon_core.environment:checking '/home/li/Time_various/install/tvfgo' for CMake config files
[1.564s] Level 1:colcon.colcon_core.shell:create_environment_hook('tvfgo', 'cmake_prefix_path')
[1.564s] INFO:colcon.colcon_core.shell:Creating environment hook '/home/li/Time_various/install/tvfgo/share/tvfgo/hook/cmake_prefix_path.ps1'
[1.565s] INFO:colcon.colcon_core.shell:Creating environment descriptor '/home/li/Time_various/install/tvfgo/share/tvfgo/hook/cmake_prefix_path.dsv'
[1.565s] INFO:colcon.colcon_core.shell:Creating environment hook '/home/li/Time_various/install/tvfgo/share/tvfgo/hook/cmake_prefix_path.sh'
[1.565s] Level 1:colcon.colcon_core.environment:checking '/home/li/Time_various/install/tvfgo/bin'
[1.565s] Level 1:colcon.colcon_core.environment:checking '/home/li/Time_various/install/tvfgo/lib/pkgconfig/tvfgo.pc'
[1.565s] Level 1:colcon.colcon_core.environment:checking '/home/li/Time_various/install/tvfgo/lib/python3.10/site-packages'
[1.565s] Level 1:colcon.colcon_core.environment:checking '/home/li/Time_various/install/tvfgo/bin'
[1.565s] INFO:colcon.colcon_core.shell:Creating package script '/home/li/Time_various/install/tvfgo/share/tvfgo/package.ps1'
[1.566s] INFO:colcon.colcon_core.shell:Creating package descriptor '/home/li/Time_various/install/tvfgo/share/tvfgo/package.dsv'
[1.566s] INFO:colcon.colcon_core.shell:Creating package script '/home/li/Time_various/install/tvfgo/share/tvfgo/package.sh'
[1.566s] INFO:colcon.colcon_core.shell:Creating package script '/home/li/Time_various/install/tvfgo/share/tvfgo/package.bash'
[1.566s] INFO:colcon.colcon_core.shell:Creating package script '/home/li/Time_various/install/tvfgo/share/tvfgo/package.zsh'
[1.567s] Level 1:colcon.colcon_core.environment:create_file_with_runtime_dependencies(/home/li/Time_various/install/tvfgo/share/colcon-core/packages/tvfgo)
[1.567s] DEBUG:colcon.colcon_parallel_executor.executor.parallel:closing loop
[1.567s] DEBUG:colcon.colcon_parallel_executor.executor.parallel:loop closed
[1.567s] DEBUG:colcon.colcon_parallel_executor.executor.parallel:run_until_complete finished with '0'
[1.567s] DEBUG:colcon.colcon_core.event_reactor:joining thread
[1.570s] INFO:colcon.colcon_core.plugin_system:Skipping extension 'colcon_notification.desktop_notification.terminal_notifier': Not used on non-Darwin systems
[1.570s] INFO:colcon.colcon_core.plugin_system:Skipping extension 'colcon_notification.desktop_notification.win32': Not used on non-Windows systems
[1.570s] INFO:colcon.colcon_notification.desktop_notification:Sending desktop notification using 'notify2'
[1.581s] DEBUG:colcon.colcon_core.event_reactor:joined thread
[1.581s] INFO:colcon.colcon_core.shell:Creating prefix script '/home/li/Time_various/install/local_setup.ps1'
[1.583s] INFO:colcon.colcon_core.shell:Creating prefix util module '/home/li/Time_various/install/_local_setup_util_ps1.py'
[1.586s] INFO:colcon.colcon_core.shell:Creating prefix chain script '/home/li/Time_various/install/setup.ps1'
[1.587s] INFO:colcon.colcon_core.shell:Creating prefix script '/home/li/Time_various/install/local_setup.sh'
[1.588s] INFO:colcon.colcon_core.shell:Creating prefix util module '/home/li/Time_various/install/_local_setup_util_sh.py'
[1.589s] INFO:colcon.colcon_core.shell:Creating prefix chain script '/home/li/Time_various/install/setup.sh'
[1.591s] INFO:colcon.colcon_core.shell:Creating prefix script '/home/li/Time_various/install/local_setup.bash'
[1.592s] INFO:colcon.colcon_core.shell:Creating prefix chain script '/home/li/Time_various/install/setup.bash'
[1.593s] INFO:colcon.colcon_core.shell:Creating prefix script '/home/li/Time_various/install/local_setup.zsh'
[1.593s] INFO:colcon.colcon_core.shell:Creating prefix chain script '/home/li/Time_various/install/setup.zsh'
