[0.008s] Invoking command in '/home/li/Time_various/build/TVFGO': CMAKE_PREFIX_PATH=/opt/ros/humble CONDA_PROMPT_MODIFIER=(base) /usr/bin/cmake --build /home/li/Time_various/build/TVFGO -- -j20 -l20
[0.051s] -- Found Boost: /usr/lib/x86_64-linux-gnu/cmake/Boost-1.74.0/BoostConfig.cmake (found suitable version "1.74.0", minimum required is "1.68.0") found components: date_time 
[0.051s] -- Found NumCpp: /usr/local/include (found version 2.14.2)
[0.052s] -- Found ament_cmake: 1.3.12 (/opt/ros/humble/share/ament_cmake/cmake)
[0.190s] -- Found rclcpp: 16.0.14 (/opt/ros/humble/share/rclcpp/cmake)
[0.232s] -- Found rosidl_generator_c: 3.1.7 (/opt/ros/humble/share/rosidl_generator_c/cmake)
[0.236s] -- Found rosidl_adapter: 3.1.7 (/opt/ros/humble/share/rosidl_adapter/cmake)
[0.244s] -- Found rosidl_generator_cpp: 3.1.7 (/opt/ros/humble/share/rosidl_generator_cpp/cmake)
[0.259s] -- Using all available rosidl_typesupport_c: rosidl_typesupport_fastrtps_c;rosidl_typesupport_introspection_c
[0.273s] -- Using all available rosidl_typesupport_cpp: rosidl_typesupport_fastrtps_cpp;rosidl_typesupport_introspection_cpp
[0.301s] -- Found rmw_implementation_cmake: 6.1.2 (/opt/ros/humble/share/rmw_implementation_cmake/cmake)
[0.303s] -- Found rmw_fastrtps_cpp: 6.2.8 (/opt/ros/humble/share/rmw_fastrtps_cpp/cmake)
[0.386s] -- Using RMW implementation 'rmw_fastrtps_cpp' as default
[0.445s] -- Found rclcpp_components: 16.0.14 (/opt/ros/humble/share/rclcpp_components/cmake)
[0.470s] -- Found rclcpp_lifecycle: 16.0.14 (/opt/ros/humble/share/rclcpp_lifecycle/cmake)
[0.492s] -- Found yaml_cpp_vendor: 8.0.2 (/opt/ros/humble/share/yaml_cpp_vendor/cmake)
[0.495s] -- Found rosidl_default_generators: 1.2.0 (/opt/ros/humble/share/rosidl_default_generators/cmake)
[0.501s] -- Found message_filters: 4.3.8 (/opt/ros/humble/share/message_filters/cmake)
[0.505s] -- Found pluginlib: 5.1.0 (/opt/ros/humble/share/pluginlib/cmake)
[0.519s] -- Found tf2: 0.25.16 (/opt/ros/humble/share/tf2/cmake)
[0.536s] -- Found tf2_eigen: 0.25.16 (/opt/ros/humble/share/tf2_eigen/cmake)
[0.593s] -- Found visualization_msgs: 4.9.0 (/opt/ros/humble/share/visualization_msgs/cmake)
[0.862s] -- Found OpenMP_C: -fopenmp (found version "4.5") 
[0.934s] -- Found OpenMP_CXX: -fopenmp (found version "4.5") 
[0.934s] -- Found OpenMP: TRUE (found version "4.5")  
[0.945s] -- Checking for module 'eigen3'
[0.957s] --   Found eigen3, version 3.4.0
[0.984s] -- Found Eigen: /usr/include/eigen3 (Required is at least version "3.1") 
[0.984s] -- Eigen found (include: /usr/include/eigen3, version: 3.4.0)
[0.994s] -- Found Boost: /usr/lib/x86_64-linux-gnu/cmake/Boost-1.74.0/BoostConfig.cmake (found suitable version "1.74.0", minimum required is "1.65.0") found components: system filesystem date_time iostreams serialization 
[1.005s] -- Checking for module 'flann'
[1.015s] --   Found flann, version 1.9.1
[1.047s] -- Found FLANN: /usr/lib/x86_64-linux-gnu/libflann_cpp.so  
[1.047s] -- FLANN found (include: /usr/include, lib: /usr/lib/x86_64-linux-gnu/libflann_cpp.so)
[1.074s] -- Found GLEW: /usr/lib/x86_64-linux-gnu/libGLEW.so  
[1.078s] -- Found OpenGL: /usr/lib/x86_64-linux-gnu/libOpenGL.so  found components: OpenGL GLX 
[1.198s] -- Found MPI_C: /usr/lib/x86_64-linux-gnu/libmpi.so (found version "3.1") 
[1.199s] -- Found MPI: TRUE (found version "3.1") found components: C 
[1.201s] -- Found JsonCpp: /usr/lib/x86_64-linux-gnu/libjsoncpp.so (found suitable version "1.9.5", minimum required is "0.7.0") 
[1.207s] -- Found ZLIB: /usr/lib/x86_64-linux-gnu/libz.so (found version "1.2.11") 
[1.220s] -- Found PNG: /usr/lib/x86_64-linux-gnu/libpng.so (found version "1.6.37") 
[1.238s] -- Found Eigen3: /usr/include/eigen3 (found version "3.4.0") 
[1.309s] -- Found X11: /usr/include   
[1.310s] -- Looking for XOpenDisplay in /usr/lib/x86_64-linux-gnu/libX11.so;/usr/lib/x86_64-linux-gnu/libXext.so
[1.376s] -- Looking for XOpenDisplay in /usr/lib/x86_64-linux-gnu/libX11.so;/usr/lib/x86_64-linux-gnu/libXext.so - found
[1.376s] -- Looking for gethostbyname
[1.433s] -- Looking for gethostbyname - found
[1.434s] -- Looking for connect
[1.490s] -- Looking for connect - found
[1.490s] -- Looking for remove
[1.551s] -- Looking for remove - found
[1.551s] -- Looking for shmat
[1.617s] -- Looking for shmat - found
[1.617s] -- Looking for IceConnectionNumber in ICE
[1.674s] -- Looking for IceConnectionNumber in ICE - found
[1.738s] -- Found EXPAT: /usr/lib/x86_64-linux-gnu/libexpat.so (found version "2.4.7") 
[1.739s] -- Found double-conversion: /usr/lib/x86_64-linux-gnu/libdouble-conversion.so  
[1.741s] -- Found LZ4: /usr/lib/x86_64-linux-gnu/liblz4.so (found version "1.9.3") 
[1.742s] -- Found LZMA: /usr/lib/x86_64-linux-gnu/liblzma.so (found version "5.2.5") 
[1.750s] -- Found JPEG: /usr/lib/x86_64-linux-gnu/libjpeg.so (found version "80") 
[1.753s] -- Found TIFF: /usr/lib/x86_64-linux-gnu/libtiff.so (found version "4.3.0")  
[1.756s] -- Found Freetype: /usr/lib/x86_64-linux-gnu/libfreetype.so (found version "2.11.1") 
[1.760s] -- Found utf8cpp: /usr/include/utf8cpp  
[1.826s] -- Checking for module 'libusb-1.0'
[1.838s] --   Found libusb-1.0, version 1.0.25
[1.869s] -- Found libusb: /usr/lib/x86_64-linux-gnu/libusb-1.0.so  
[1.870s] -- Found OpenNI: /usr/lib/libOpenNI.so;libusb::libusb (found version "1.5.4.0") 
[1.870s] -- OpenNI found (version: 1.5.4.0, include: /usr/include/ni, lib: /usr/lib/libOpenNI.so;libusb::libusb)
[1.915s] -- Found OpenNI2: /usr/lib/x86_64-linux-gnu/libOpenNI2.so;libusb::libusb (found version "2.2.0.33") 
[1.915s] -- OpenNI2 found (version: 2.2.0.33, include: /usr/include/openni2, lib: /usr/lib/x86_64-linux-gnu/libOpenNI2.so;libusb::libusb)
[1.916s] [0m** WARNING ** io features related to pcap will be disabled[0m
[2.029s] -- Eigen found (include: /usr/include/eigen3, version: 3.4.0)
[2.035s] -- OpenNI found (version: 1.5.4.0, include: /usr/include/ni, lib: /usr/lib/libOpenNI.so;libusb::libusb)
[2.040s] -- OpenNI2 found (version: 2.2.0.33, include: /usr/include/openni2, lib: /usr/lib/x86_64-linux-gnu/libOpenNI2.so;libusb::libusb)
[2.168s] -- Found Qhull version 8.0.2
[2.277s] -- OpenNI found (version: 1.5.4.0, include: /usr/include/ni, lib: /usr/lib/libOpenNI.so;libusb::libusb)
[2.383s] -- looking for PCL_COMMON
[2.384s] -- Found PCL_COMMON: /usr/lib/x86_64-linux-gnu/libpcl_common.so  
[2.384s] -- looking for PCL_KDTREE
[2.384s] -- Found PCL_KDTREE: /usr/lib/x86_64-linux-gnu/libpcl_kdtree.so  
[2.384s] -- looking for PCL_OCTREE
[2.385s] -- Found PCL_OCTREE: /usr/lib/x86_64-linux-gnu/libpcl_octree.so  
[2.385s] -- looking for PCL_SEARCH
[2.385s] -- Found PCL_SEARCH: /usr/lib/x86_64-linux-gnu/libpcl_search.so  
[2.385s] -- looking for PCL_SAMPLE_CONSENSUS
[2.386s] -- Found PCL_SAMPLE_CONSENSUS: /usr/lib/x86_64-linux-gnu/libpcl_sample_consensus.so  
[2.386s] -- looking for PCL_FILTERS
[2.386s] -- Found PCL_FILTERS: /usr/lib/x86_64-linux-gnu/libpcl_filters.so  
[2.387s] -- looking for PCL_2D
[2.387s] -- Found PCL_2D: /usr/include/pcl-1.12  
[2.387s] -- looking for PCL_GEOMETRY
[2.387s] -- Found PCL_GEOMETRY: /usr/include/pcl-1.12  
[2.387s] -- looking for PCL_IO
[2.387s] -- Found PCL_IO: /usr/lib/x86_64-linux-gnu/libpcl_io.so  
[2.388s] -- looking for PCL_FEATURES
[2.388s] -- Found PCL_FEATURES: /usr/lib/x86_64-linux-gnu/libpcl_features.so  
[2.388s] -- looking for PCL_ML
[2.389s] -- Found PCL_ML: /usr/lib/x86_64-linux-gnu/libpcl_ml.so  
[2.389s] -- looking for PCL_SEGMENTATION
[2.389s] -- Found PCL_SEGMENTATION: /usr/lib/x86_64-linux-gnu/libpcl_segmentation.so  
[2.389s] -- looking for PCL_VISUALIZATION
[2.390s] -- Found PCL_VISUALIZATION: /usr/lib/x86_64-linux-gnu/libpcl_visualization.so  
[2.390s] -- looking for PCL_SURFACE
[2.390s] -- Found PCL_SURFACE: /usr/lib/x86_64-linux-gnu/libpcl_surface.so  
[2.391s] -- looking for PCL_REGISTRATION
[2.391s] -- Found PCL_REGISTRATION: /usr/lib/x86_64-linux-gnu/libpcl_registration.so  
[2.391s] -- looking for PCL_KEYPOINTS
[2.392s] -- Found PCL_KEYPOINTS: /usr/lib/x86_64-linux-gnu/libpcl_keypoints.so  
[2.392s] -- looking for PCL_TRACKING
[2.392s] -- Found PCL_TRACKING: /usr/lib/x86_64-linux-gnu/libpcl_tracking.so  
[2.392s] -- looking for PCL_RECOGNITION
[2.393s] -- Found PCL_RECOGNITION: /usr/lib/x86_64-linux-gnu/libpcl_recognition.so  
[2.393s] -- looking for PCL_STEREO
[2.394s] -- Found PCL_STEREO: /usr/lib/x86_64-linux-gnu/libpcl_stereo.so  
[2.394s] -- looking for PCL_APPS
[2.394s] -- Found PCL_APPS: /usr/lib/x86_64-linux-gnu/libpcl_apps.so  
[2.394s] -- looking for PCL_IN_HAND_SCANNER
[2.395s] -- Found PCL_IN_HAND_SCANNER: /usr/include/pcl-1.12  
[2.395s] -- looking for PCL_MODELER
[2.395s] -- Found PCL_MODELER: /usr/include/pcl-1.12  
[2.395s] -- looking for PCL_POINT_CLOUD_EDITOR
[2.395s] -- Found PCL_POINT_CLOUD_EDITOR: /usr/include/pcl-1.12  
[2.395s] -- looking for PCL_OUTOFCORE
[2.396s] -- Found PCL_OUTOFCORE: /usr/lib/x86_64-linux-gnu/libpcl_outofcore.so  
[2.396s] -- looking for PCL_PEOPLE
[2.396s] -- Found PCL_PEOPLE: /usr/lib/x86_64-linux-gnu/libpcl_people.so  
[2.397s] -- Found PCL: pcl_common;pcl_kdtree;pcl_octree;pcl_search;pcl_sample_consensus;pcl_filters;pcl_io;pcl_features;pcl_ml;pcl_segmentation;pcl_visualization;pcl_surface;pcl_registration;pcl_keypoints;pcl_tracking;pcl_recognition;pcl_stereo;pcl_apps;pcl_outofcore;pcl_people;Boost::system;Boost::filesystem;Boost::date_time;Boost::iostreams;Boost::serialization;/usr/lib/libOpenNI.so;libusb::libusb;/usr/lib/x86_64-linux-gnu/libOpenNI2.so;libusb::libusb;VTK::ChartsCore;VTK::CommonColor;VTK::CommonComputationalGeometry;VTK::CommonCore;VTK::CommonDataModel;VTK::CommonExecutionModel;VTK::CommonMath;VTK::CommonMisc;VTK::CommonTransforms;VTK::FiltersCore;VTK::FiltersExtraction;VTK::FiltersGeneral;VTK::FiltersGeometry;VTK::FiltersModeling;VTK::FiltersSources;VTK::ImagingCore;VTK::ImagingSources;VTK::InteractionImage;VTK::InteractionStyle;VTK::InteractionWidgets;VTK::IOCore;VTK::IOGeometry;VTK::IOImage;VTK::IOLegacy;VTK::IOPLY;VTK::RenderingAnnotation;VTK::RenderingCore;VTK::RenderingContext2D;VTK::RenderingLOD;VTK::RenderingFreeType;VTK::ViewsCore;VTK::ViewsContext2D;VTK::RenderingOpenGL2;VTK::GUISupportQt;FLANN::FLANN;QHULL::QHULL  
[2.407s] -- Found keyboard_handler: 0.0.5 (/opt/ros/humble/share/keyboard_handler/cmake)
[2.410s] -- Found pcl_conversions: 2.4.5 (/opt/ros/humble/share/pcl_conversions/cmake)
[2.428s] -- Found ament_lint_auto: 0.12.14 (/opt/ros/humble/share/ament_lint_auto/cmake)
[2.496s] WARNING: Package name "TVFGO" does not follow the naming conventions. It should start with a lower case letter and only contain lower case letters, digits, underscores, and dashes.
[2.514s] -- Added test 'cppcheck' to perform static code analysis on C / C++ code
[2.514s] -- Configured cppcheck include dirs: 
[2.514s] -- Configured cppcheck exclude dirs and/or files: 
[2.514s] -- Added test 'lint_cmake' to check CMake code style
[2.516s] -- Added test 'uncrustify' to check C / C++ code style
[2.516s] -- Configured uncrustify additional arguments: 
[2.516s] -- Added test 'xmllint' to check XML markup files
[2.517s] -- Configuring done
[2.521s] -- Generating done
[2.524s] -- Build files have been written to: /home/li/Time_various/build/TVFGO
[2.549s] Invoked command in '/home/li/Time_various/build/TVFGO' returned '0': CMAKE_PREFIX_PATH=/opt/ros/humble CONDA_PROMPT_MODIFIER=(base) /usr/bin/cmake --build /home/li/Time_various/build/TVFGO -- -j20 -l20
[2.551s] Invoking command in '/home/li/Time_various/build/TVFGO': CMAKE_PREFIX_PATH=/opt/ros/humble CONDA_PROMPT_MODIFIER=(base) /usr/bin/cmake --install /home/li/Time_various/build/TVFGO
[2.558s] -- Install configuration: "Release"
[2.558s] -- Up-to-date: /home/li/Time_various/install/TVFGO/share/ament_index/resource_index/package_run_dependencies/TVFGO
[2.558s] -- Up-to-date: /home/li/Time_various/install/TVFGO/share/ament_index/resource_index/parent_prefix_path/TVFGO
[2.558s] -- Up-to-date: /home/li/Time_various/install/TVFGO/share/TVFGO/environment/ament_prefix_path.sh
[2.558s] -- Installing: /home/li/Time_various/install/TVFGO/share/TVFGO/environment/ament_prefix_path.dsv
[2.559s] -- Up-to-date: /home/li/Time_various/install/TVFGO/share/TVFGO/environment/path.sh
[2.559s] -- Installing: /home/li/Time_various/install/TVFGO/share/TVFGO/environment/path.dsv
[2.559s] -- Up-to-date: /home/li/Time_various/install/TVFGO/share/TVFGO/local_setup.bash
[2.559s] -- Up-to-date: /home/li/Time_various/install/TVFGO/share/TVFGO/local_setup.sh
[2.559s] -- Up-to-date: /home/li/Time_various/install/TVFGO/share/TVFGO/local_setup.zsh
[2.559s] -- Installing: /home/li/Time_various/install/TVFGO/share/TVFGO/local_setup.dsv
[2.559s] -- Installing: /home/li/Time_various/install/TVFGO/share/TVFGO/package.dsv
[2.559s] -- Up-to-date: /home/li/Time_various/install/TVFGO/share/ament_index/resource_index/packages/TVFGO
[2.559s] -- Up-to-date: /home/li/Time_various/install/TVFGO/share/TVFGO/cmake/TVFGOConfig.cmake
[2.559s] -- Up-to-date: /home/li/Time_various/install/TVFGO/share/TVFGO/cmake/TVFGOConfig-version.cmake
[2.559s] -- Up-to-date: /home/li/Time_various/install/TVFGO/share/TVFGO/package.xml
[2.561s] Invoked command in '/home/li/Time_various/build/TVFGO' returned '0': CMAKE_PREFIX_PATH=/opt/ros/humble CONDA_PROMPT_MODIFIER=(base) /usr/bin/cmake --install /home/li/Time_various/build/TVFGO
