[0.072s] DEBUG:colcon:Command line arguments: ['/usr/bin/colcon', 'build']
[0.072s] DEBUG:colcon:Parsed command line arguments: Namespace(log_base=None, log_level=None, verb_name='build', build_base='build', install_base='install', merge_install=False, symlink_install=False, test_result_base=None, continue_on_error=False, executor='parallel', parallel_workers=20, event_handlers=None, ignore_user_meta=False, metas=['./colcon.meta'], base_paths=['.'], packages_ignore=None, packages_ignore_regex=None, paths=None, packages_up_to=None, packages_up_to_regex=None, packages_above=None, packages_above_and_dependencies=None, packages_above_depth=None, packages_select_by_dep=None, packages_skip_by_dep=None, packages_skip_up_to=None, packages_select_build_failed=False, packages_skip_build_finished=False, packages_select_test_failures=False, packages_skip_test_passed=False, packages_select=None, packages_skip=None, packages_select_regex=None, packages_skip_regex=None, packages_start=None, packages_end=None, allow_overriding=[], cmake_args=None, cmake_target=None, cmake_target_skip_unavailable=False, cmake_clean_cache=False, cmake_clean_first=False, cmake_force_configure=False, ament_cmake_args=None, catkin_cmake_args=None, catkin_skip_building_tests=False, verb_parser=<colcon_defaults.argument_parser.defaults.DefaultArgumentsDecorator object at 0x73d06fb2f4c0>, verb_extension=<colcon_core.verb.build.BuildVerb object at 0x73d06fb2ef50>, main=<bound method BuildVerb.main of <colcon_core.verb.build.BuildVerb object at 0x73d06fb2ef50>>)
[0.183s] Level 1:colcon.colcon_core.package_discovery:discover_packages(colcon_meta) check parameters
[0.183s] Level 1:colcon.colcon_core.package_discovery:discover_packages(recursive) check parameters
[0.183s] Level 1:colcon.colcon_core.package_discovery:discover_packages(ignore) check parameters
[0.183s] Level 1:colcon.colcon_core.package_discovery:discover_packages(path) check parameters
[0.183s] Level 1:colcon.colcon_core.package_discovery:discover_packages(colcon_meta) discover
[0.183s] Level 1:colcon.colcon_core.package_discovery:discover_packages(recursive) discover
[0.183s] INFO:colcon.colcon_core.package_discovery:Crawling recursively for packages in '/home/li/Time_various'
[0.183s] Level 1:colcon.colcon_core.package_identification:_identify(.) by extensions ['ignore', 'ignore_ament_install']
[0.183s] Level 1:colcon.colcon_core.package_identification:_identify(.) by extension 'ignore'
[0.183s] Level 1:colcon.colcon_core.package_identification:_identify(.) by extension 'ignore_ament_install'
[0.183s] Level 1:colcon.colcon_core.package_identification:_identify(.) by extensions ['colcon_pkg']
[0.183s] Level 1:colcon.colcon_core.package_identification:_identify(.) by extension 'colcon_pkg'
[0.183s] Level 1:colcon.colcon_core.package_identification:_identify(.) by extensions ['colcon_meta']
[0.183s] Level 1:colcon.colcon_core.package_identification:_identify(.) by extension 'colcon_meta'
[0.183s] Level 1:colcon.colcon_core.package_identification:_identify(.) by extensions ['ros']
[0.183s] Level 1:colcon.colcon_core.package_identification:_identify(.) by extension 'ros'
[0.191s] Level 1:colcon.colcon_core.package_identification:_identify(.) by extensions ['cmake', 'python']
[0.191s] Level 1:colcon.colcon_core.package_identification:_identify(.) by extension 'cmake'
[0.191s] Level 1:colcon.colcon_core.package_identification:_identify(.) by extension 'python'
[0.191s] Level 1:colcon.colcon_core.package_identification:_identify(.) by extensions ['python_setup_py']
[0.191s] Level 1:colcon.colcon_core.package_identification:_identify(.) by extension 'python_setup_py'
[0.191s] Level 1:colcon.colcon_core.package_identification:_identify(build) by extensions ['ignore', 'ignore_ament_install']
[0.191s] Level 1:colcon.colcon_core.package_identification:_identify(build) by extension 'ignore'
[0.191s] Level 1:colcon.colcon_core.package_identification:_identify(build) ignored
[0.191s] Level 1:colcon.colcon_core.package_identification:_identify(install) by extensions ['ignore', 'ignore_ament_install']
[0.191s] Level 1:colcon.colcon_core.package_identification:_identify(install) by extension 'ignore'
[0.191s] Level 1:colcon.colcon_core.package_identification:_identify(install) ignored
[0.191s] Level 1:colcon.colcon_core.package_identification:_identify(log) by extensions ['ignore', 'ignore_ament_install']
[0.192s] Level 1:colcon.colcon_core.package_identification:_identify(log) by extension 'ignore'
[0.192s] Level 1:colcon.colcon_core.package_identification:_identify(log) ignored
[0.192s] Level 1:colcon.colcon_core.package_identification:_identify(src) by extensions ['ignore', 'ignore_ament_install']
[0.192s] Level 1:colcon.colcon_core.package_identification:_identify(src) by extension 'ignore'
[0.192s] Level 1:colcon.colcon_core.package_identification:_identify(src) by extension 'ignore_ament_install'
[0.192s] Level 1:colcon.colcon_core.package_identification:_identify(src) by extensions ['colcon_pkg']
[0.192s] Level 1:colcon.colcon_core.package_identification:_identify(src) by extension 'colcon_pkg'
[0.192s] Level 1:colcon.colcon_core.package_identification:_identify(src) by extensions ['colcon_meta']
[0.192s] Level 1:colcon.colcon_core.package_identification:_identify(src) by extension 'colcon_meta'
[0.192s] Level 1:colcon.colcon_core.package_identification:_identify(src) by extensions ['ros']
[0.192s] Level 1:colcon.colcon_core.package_identification:_identify(src) by extension 'ros'
[0.192s] Level 1:colcon.colcon_core.package_identification:_identify(src) by extensions ['cmake', 'python']
[0.192s] Level 1:colcon.colcon_core.package_identification:_identify(src) by extension 'cmake'
[0.192s] Level 1:colcon.colcon_core.package_identification:_identify(src) by extension 'python'
[0.192s] Level 1:colcon.colcon_core.package_identification:_identify(src) by extensions ['python_setup_py']
[0.192s] Level 1:colcon.colcon_core.package_identification:_identify(src) by extension 'python_setup_py'
[0.192s] Level 1:colcon.colcon_core.package_identification:_identify(src/timevariousFGO) by extensions ['ignore', 'ignore_ament_install']
[0.192s] Level 1:colcon.colcon_core.package_identification:_identify(src/timevariousFGO) by extension 'ignore'
[0.192s] Level 1:colcon.colcon_core.package_identification:_identify(src/timevariousFGO) by extension 'ignore_ament_install'
[0.192s] Level 1:colcon.colcon_core.package_identification:_identify(src/timevariousFGO) by extensions ['colcon_pkg']
[0.192s] Level 1:colcon.colcon_core.package_identification:_identify(src/timevariousFGO) by extension 'colcon_pkg'
[0.192s] Level 1:colcon.colcon_core.package_identification:_identify(src/timevariousFGO) by extensions ['colcon_meta']
[0.192s] Level 1:colcon.colcon_core.package_identification:_identify(src/timevariousFGO) by extension 'colcon_meta'
[0.192s] Level 1:colcon.colcon_core.package_identification:_identify(src/timevariousFGO) by extensions ['ros']
[0.192s] Level 1:colcon.colcon_core.package_identification:_identify(src/timevariousFGO) by extension 'ros'
[0.192s] Level 1:colcon.colcon_core.package_identification:_identify(src/timevariousFGO) by extensions ['cmake', 'python']
[0.192s] Level 1:colcon.colcon_core.package_identification:_identify(src/timevariousFGO) by extension 'cmake'
[0.192s] Level 1:colcon.colcon_core.package_identification:_identify(src/timevariousFGO) by extension 'python'
[0.192s] Level 1:colcon.colcon_core.package_identification:_identify(src/timevariousFGO) by extensions ['python_setup_py']
[0.192s] Level 1:colcon.colcon_core.package_identification:_identify(src/timevariousFGO) by extension 'python_setup_py'
[0.192s] Level 1:colcon.colcon_core.package_identification:_identify(src/timevariousFGO/LIOSAM) by extensions ['ignore', 'ignore_ament_install']
[0.192s] Level 1:colcon.colcon_core.package_identification:_identify(src/timevariousFGO/LIOSAM) by extension 'ignore'
[0.192s] Level 1:colcon.colcon_core.package_identification:_identify(src/timevariousFGO/LIOSAM) by extension 'ignore_ament_install'
[0.192s] Level 1:colcon.colcon_core.package_identification:_identify(src/timevariousFGO/LIOSAM) by extensions ['colcon_pkg']
[0.192s] Level 1:colcon.colcon_core.package_identification:_identify(src/timevariousFGO/LIOSAM) by extension 'colcon_pkg'
[0.192s] Level 1:colcon.colcon_core.package_identification:_identify(src/timevariousFGO/LIOSAM) by extensions ['colcon_meta']
[0.192s] Level 1:colcon.colcon_core.package_identification:_identify(src/timevariousFGO/LIOSAM) by extension 'colcon_meta'
[0.192s] Level 1:colcon.colcon_core.package_identification:_identify(src/timevariousFGO/LIOSAM) by extensions ['ros']
[0.193s] Level 1:colcon.colcon_core.package_identification:_identify(src/timevariousFGO/LIOSAM) by extension 'ros'
[0.194s] DEBUG:colcon.colcon_core.package_identification:Package 'src/timevariousFGO/LIOSAM' with type 'ros.ament_cmake' and name 'lio_sam'
[0.194s] Level 1:colcon.colcon_core.package_identification:_identify(src/timevariousFGO/TVFGO) by extensions ['ignore', 'ignore_ament_install']
[0.195s] Level 1:colcon.colcon_core.package_identification:_identify(src/timevariousFGO/TVFGO) by extension 'ignore'
[0.195s] Level 1:colcon.colcon_core.package_identification:_identify(src/timevariousFGO/TVFGO) by extension 'ignore_ament_install'
[0.195s] Level 1:colcon.colcon_core.package_identification:_identify(src/timevariousFGO/TVFGO) by extensions ['colcon_pkg']
[0.195s] Level 1:colcon.colcon_core.package_identification:_identify(src/timevariousFGO/TVFGO) by extension 'colcon_pkg'
[0.195s] Level 1:colcon.colcon_core.package_identification:_identify(src/timevariousFGO/TVFGO) by extensions ['colcon_meta']
[0.195s] Level 1:colcon.colcon_core.package_identification:_identify(src/timevariousFGO/TVFGO) by extension 'colcon_meta'
[0.195s] Level 1:colcon.colcon_core.package_identification:_identify(src/timevariousFGO/TVFGO) by extensions ['ros']
[0.195s] Level 1:colcon.colcon_core.package_identification:_identify(src/timevariousFGO/TVFGO) by extension 'ros'
[0.196s] DEBUG:colcon.colcon_core.package_identification:Package 'src/timevariousFGO/TVFGO' with type 'ros.ament_cmake' and name 'tvfgo'
[0.196s] Level 1:colcon.colcon_core.package_identification:_identify(src/timevariousFGO/boreas_msgs) by extensions ['ignore', 'ignore_ament_install']
[0.197s] Level 1:colcon.colcon_core.package_identification:_identify(src/timevariousFGO/boreas_msgs) by extension 'ignore'
[0.197s] Level 1:colcon.colcon_core.package_identification:_identify(src/timevariousFGO/boreas_msgs) by extension 'ignore_ament_install'
[0.197s] Level 1:colcon.colcon_core.package_identification:_identify(src/timevariousFGO/boreas_msgs) by extensions ['colcon_pkg']
[0.197s] Level 1:colcon.colcon_core.package_identification:_identify(src/timevariousFGO/boreas_msgs) by extension 'colcon_pkg'
[0.197s] Level 1:colcon.colcon_core.package_identification:_identify(src/timevariousFGO/boreas_msgs) by extensions ['colcon_meta']
[0.197s] Level 1:colcon.colcon_core.package_identification:_identify(src/timevariousFGO/boreas_msgs) by extension 'colcon_meta'
[0.197s] Level 1:colcon.colcon_core.package_identification:_identify(src/timevariousFGO/boreas_msgs) by extensions ['ros']
[0.197s] Level 1:colcon.colcon_core.package_identification:_identify(src/timevariousFGO/boreas_msgs) by extension 'ros'
[0.197s] DEBUG:colcon.colcon_core.package_identification:Package 'src/timevariousFGO/boreas_msgs' with type 'ros.ament_cmake' and name 'boreas_msgs'
[0.197s] Level 1:colcon.colcon_core.package_identification:_identify(src/timevariousFGO/irt_nav_common) by extensions ['ignore', 'ignore_ament_install']
[0.197s] Level 1:colcon.colcon_core.package_identification:_identify(src/timevariousFGO/irt_nav_common) by extension 'ignore'
[0.197s] Level 1:colcon.colcon_core.package_identification:_identify(src/timevariousFGO/irt_nav_common) by extension 'ignore_ament_install'
[0.197s] Level 1:colcon.colcon_core.package_identification:_identify(src/timevariousFGO/irt_nav_common) by extensions ['colcon_pkg']
[0.197s] Level 1:colcon.colcon_core.package_identification:_identify(src/timevariousFGO/irt_nav_common) by extension 'colcon_pkg'
[0.197s] Level 1:colcon.colcon_core.package_identification:_identify(src/timevariousFGO/irt_nav_common) by extensions ['colcon_meta']
[0.197s] Level 1:colcon.colcon_core.package_identification:_identify(src/timevariousFGO/irt_nav_common) by extension 'colcon_meta'
[0.198s] Level 1:colcon.colcon_core.package_identification:_identify(src/timevariousFGO/irt_nav_common) by extensions ['ros']
[0.198s] Level 1:colcon.colcon_core.package_identification:_identify(src/timevariousFGO/irt_nav_common) by extension 'ros'
[0.198s] Level 1:colcon.colcon_core.package_identification:_identify(src/timevariousFGO/irt_nav_common) by extensions ['cmake', 'python']
[0.198s] Level 1:colcon.colcon_core.package_identification:_identify(src/timevariousFGO/irt_nav_common) by extension 'cmake'
[0.198s] Level 1:colcon.colcon_core.package_identification:_identify(src/timevariousFGO/irt_nav_common) by extension 'python'
[0.198s] Level 1:colcon.colcon_core.package_identification:_identify(src/timevariousFGO/irt_nav_common) by extensions ['python_setup_py']
[0.198s] Level 1:colcon.colcon_core.package_identification:_identify(src/timevariousFGO/irt_nav_common) by extension 'python_setup_py'
[0.198s] Level 1:colcon.colcon_core.package_identification:_identify(src/timevariousFGO/irt_nav_common/irt_nav_common) by extensions ['ignore', 'ignore_ament_install']
[0.198s] Level 1:colcon.colcon_core.package_identification:_identify(src/timevariousFGO/irt_nav_common/irt_nav_common) by extension 'ignore'
[0.198s] Level 1:colcon.colcon_core.package_identification:_identify(src/timevariousFGO/irt_nav_common/irt_nav_common) by extension 'ignore_ament_install'
[0.198s] Level 1:colcon.colcon_core.package_identification:_identify(src/timevariousFGO/irt_nav_common/irt_nav_common) by extensions ['colcon_pkg']
[0.198s] Level 1:colcon.colcon_core.package_identification:_identify(src/timevariousFGO/irt_nav_common/irt_nav_common) by extension 'colcon_pkg'
[0.198s] Level 1:colcon.colcon_core.package_identification:_identify(src/timevariousFGO/irt_nav_common/irt_nav_common) by extensions ['colcon_meta']
[0.198s] Level 1:colcon.colcon_core.package_identification:_identify(src/timevariousFGO/irt_nav_common/irt_nav_common) by extension 'colcon_meta'
[0.198s] Level 1:colcon.colcon_core.package_identification:_identify(src/timevariousFGO/irt_nav_common/irt_nav_common) by extensions ['ros']
[0.198s] Level 1:colcon.colcon_core.package_identification:_identify(src/timevariousFGO/irt_nav_common/irt_nav_common) by extension 'ros'
[0.199s] DEBUG:colcon.colcon_core.package_identification:Package 'src/timevariousFGO/irt_nav_common/irt_nav_common' with type 'ros.ament_cmake' and name 'irt_nav_common'
[0.199s] Level 1:colcon.colcon_core.package_identification:_identify(src/timevariousFGO/irt_nav_common/irt_nav_msgs) by extensions ['ignore', 'ignore_ament_install']
[0.199s] Level 1:colcon.colcon_core.package_identification:_identify(src/timevariousFGO/irt_nav_common/irt_nav_msgs) by extension 'ignore'
[0.199s] Level 1:colcon.colcon_core.package_identification:_identify(src/timevariousFGO/irt_nav_common/irt_nav_msgs) by extension 'ignore_ament_install'
[0.199s] Level 1:colcon.colcon_core.package_identification:_identify(src/timevariousFGO/irt_nav_common/irt_nav_msgs) by extensions ['colcon_pkg']
[0.199s] Level 1:colcon.colcon_core.package_identification:_identify(src/timevariousFGO/irt_nav_common/irt_nav_msgs) by extension 'colcon_pkg'
[0.199s] Level 1:colcon.colcon_core.package_identification:_identify(src/timevariousFGO/irt_nav_common/irt_nav_msgs) by extensions ['colcon_meta']
[0.199s] Level 1:colcon.colcon_core.package_identification:_identify(src/timevariousFGO/irt_nav_common/irt_nav_msgs) by extension 'colcon_meta'
[0.199s] Level 1:colcon.colcon_core.package_identification:_identify(src/timevariousFGO/irt_nav_common/irt_nav_msgs) by extensions ['ros']
[0.199s] Level 1:colcon.colcon_core.package_identification:_identify(src/timevariousFGO/irt_nav_common/irt_nav_msgs) by extension 'ros'
[0.200s] DEBUG:colcon.colcon_core.package_identification:Package 'src/timevariousFGO/irt_nav_common/irt_nav_msgs' with type 'ros.ament_cmake' and name 'irt_nav_msgs'
[0.200s] Level 1:colcon.colcon_core.package_identification:_identify(src/timevariousFGO/nav_msgs) by extensions ['ignore', 'ignore_ament_install']
[0.200s] Level 1:colcon.colcon_core.package_identification:_identify(src/timevariousFGO/nav_msgs) by extension 'ignore'
[0.200s] Level 1:colcon.colcon_core.package_identification:_identify(src/timevariousFGO/nav_msgs) by extension 'ignore_ament_install'
[0.200s] Level 1:colcon.colcon_core.package_identification:_identify(src/timevariousFGO/nav_msgs) by extensions ['colcon_pkg']
[0.200s] Level 1:colcon.colcon_core.package_identification:_identify(src/timevariousFGO/nav_msgs) by extension 'colcon_pkg'
[0.200s] Level 1:colcon.colcon_core.package_identification:_identify(src/timevariousFGO/nav_msgs) by extensions ['colcon_meta']
[0.200s] Level 1:colcon.colcon_core.package_identification:_identify(src/timevariousFGO/nav_msgs) by extension 'colcon_meta'
[0.200s] Level 1:colcon.colcon_core.package_identification:_identify(src/timevariousFGO/nav_msgs) by extensions ['ros']
[0.200s] Level 1:colcon.colcon_core.package_identification:_identify(src/timevariousFGO/nav_msgs) by extension 'ros'
[0.200s] Level 1:colcon.colcon_core.package_identification:_identify(src/timevariousFGO/nav_msgs) by extensions ['cmake', 'python']
[0.200s] Level 1:colcon.colcon_core.package_identification:_identify(src/timevariousFGO/nav_msgs) by extension 'cmake'
[0.200s] Level 1:colcon.colcon_core.package_identification:_identify(src/timevariousFGO/nav_msgs) by extension 'python'
[0.200s] Level 1:colcon.colcon_core.package_identification:_identify(src/timevariousFGO/nav_msgs) by extensions ['python_setup_py']
[0.200s] Level 1:colcon.colcon_core.package_identification:_identify(src/timevariousFGO/nav_msgs) by extension 'python_setup_py'
[0.200s] Level 1:colcon.colcon_core.package_discovery:discover_packages(recursive) using defaults
[0.200s] Level 1:colcon.colcon_core.package_discovery:discover_packages(ignore) discover
[0.200s] Level 1:colcon.colcon_core.package_discovery:discover_packages(ignore) using defaults
[0.200s] Level 1:colcon.colcon_core.package_discovery:discover_packages(path) discover
[0.200s] Level 1:colcon.colcon_core.package_discovery:discover_packages(path) using defaults
[0.213s] Level 1:colcon.colcon_core.package_discovery:discover_packages(prefix_path) check parameters
[0.213s] Level 1:colcon.colcon_core.package_discovery:discover_packages(prefix_path) discover
[0.215s] DEBUG:colcon.colcon_installed_package_information.package_discovery:Found 271 installed packages in /opt/ros/humble
[0.221s] Level 1:colcon.colcon_core.package_discovery:discover_packages(prefix_path) using defaults
[0.241s] Level 5:colcon.colcon_core.verb:set package 'boreas_msgs' build argument 'cmake_args' from command line to 'None'
[0.241s] Level 5:colcon.colcon_core.verb:set package 'boreas_msgs' build argument 'cmake_target' from command line to 'None'
[0.241s] Level 5:colcon.colcon_core.verb:set package 'boreas_msgs' build argument 'cmake_target_skip_unavailable' from command line to 'False'
[0.241s] Level 5:colcon.colcon_core.verb:set package 'boreas_msgs' build argument 'cmake_clean_cache' from command line to 'False'
[0.241s] Level 5:colcon.colcon_core.verb:set package 'boreas_msgs' build argument 'cmake_clean_first' from command line to 'False'
[0.241s] Level 5:colcon.colcon_core.verb:set package 'boreas_msgs' build argument 'cmake_force_configure' from command line to 'False'
[0.241s] Level 5:colcon.colcon_core.verb:set package 'boreas_msgs' build argument 'ament_cmake_args' from command line to 'None'
[0.241s] Level 5:colcon.colcon_core.verb:set package 'boreas_msgs' build argument 'catkin_cmake_args' from command line to 'None'
[0.241s] Level 5:colcon.colcon_core.verb:set package 'boreas_msgs' build argument 'catkin_skip_building_tests' from command line to 'False'
[0.241s] DEBUG:colcon.colcon_core.verb:Building package 'boreas_msgs' with the following arguments: {'ament_cmake_args': None, 'build_base': '/home/li/Time_various/build/boreas_msgs', 'catkin_cmake_args': None, 'catkin_skip_building_tests': False, 'cmake_args': None, 'cmake_clean_cache': False, 'cmake_clean_first': False, 'cmake_force_configure': False, 'cmake_target': None, 'cmake_target_skip_unavailable': False, 'install_base': '/home/li/Time_various/install/boreas_msgs', 'merge_install': False, 'path': '/home/li/Time_various/src/timevariousFGO/boreas_msgs', 'symlink_install': False, 'test_result_base': None}
[0.242s] Level 5:colcon.colcon_core.verb:set package 'irt_nav_msgs' build argument 'cmake_args' from command line to 'None'
[0.242s] Level 5:colcon.colcon_core.verb:set package 'irt_nav_msgs' build argument 'cmake_target' from command line to 'None'
[0.242s] Level 5:colcon.colcon_core.verb:set package 'irt_nav_msgs' build argument 'cmake_target_skip_unavailable' from command line to 'False'
[0.242s] Level 5:colcon.colcon_core.verb:set package 'irt_nav_msgs' build argument 'cmake_clean_cache' from command line to 'False'
[0.242s] Level 5:colcon.colcon_core.verb:set package 'irt_nav_msgs' build argument 'cmake_clean_first' from command line to 'False'
[0.242s] Level 5:colcon.colcon_core.verb:set package 'irt_nav_msgs' build argument 'cmake_force_configure' from command line to 'False'
[0.242s] Level 5:colcon.colcon_core.verb:set package 'irt_nav_msgs' build argument 'ament_cmake_args' from command line to 'None'
[0.242s] Level 5:colcon.colcon_core.verb:set package 'irt_nav_msgs' build argument 'catkin_cmake_args' from command line to 'None'
[0.242s] Level 5:colcon.colcon_core.verb:set package 'irt_nav_msgs' build argument 'catkin_skip_building_tests' from command line to 'False'
[0.242s] DEBUG:colcon.colcon_core.verb:Building package 'irt_nav_msgs' with the following arguments: {'ament_cmake_args': None, 'build_base': '/home/li/Time_various/build/irt_nav_msgs', 'catkin_cmake_args': None, 'catkin_skip_building_tests': False, 'cmake_args': None, 'cmake_clean_cache': False, 'cmake_clean_first': False, 'cmake_force_configure': False, 'cmake_target': None, 'cmake_target_skip_unavailable': False, 'install_base': '/home/li/Time_various/install/irt_nav_msgs', 'merge_install': False, 'path': '/home/li/Time_various/src/timevariousFGO/irt_nav_common/irt_nav_msgs', 'symlink_install': False, 'test_result_base': None}
[0.242s] Level 5:colcon.colcon_core.verb:set package 'lio_sam' build argument 'cmake_args' from command line to 'None'
[0.242s] Level 5:colcon.colcon_core.verb:set package 'lio_sam' build argument 'cmake_target' from command line to 'None'
[0.242s] Level 5:colcon.colcon_core.verb:set package 'lio_sam' build argument 'cmake_target_skip_unavailable' from command line to 'False'
[0.242s] Level 5:colcon.colcon_core.verb:set package 'lio_sam' build argument 'cmake_clean_cache' from command line to 'False'
[0.242s] Level 5:colcon.colcon_core.verb:set package 'lio_sam' build argument 'cmake_clean_first' from command line to 'False'
[0.242s] Level 5:colcon.colcon_core.verb:set package 'lio_sam' build argument 'cmake_force_configure' from command line to 'False'
[0.242s] Level 5:colcon.colcon_core.verb:set package 'lio_sam' build argument 'ament_cmake_args' from command line to 'None'
[0.242s] Level 5:colcon.colcon_core.verb:set package 'lio_sam' build argument 'catkin_cmake_args' from command line to 'None'
[0.242s] Level 5:colcon.colcon_core.verb:set package 'lio_sam' build argument 'catkin_skip_building_tests' from command line to 'False'
[0.242s] DEBUG:colcon.colcon_core.verb:Building package 'lio_sam' with the following arguments: {'ament_cmake_args': None, 'build_base': '/home/li/Time_various/build/lio_sam', 'catkin_cmake_args': None, 'catkin_skip_building_tests': False, 'cmake_args': None, 'cmake_clean_cache': False, 'cmake_clean_first': False, 'cmake_force_configure': False, 'cmake_target': None, 'cmake_target_skip_unavailable': False, 'install_base': '/home/li/Time_various/install/lio_sam', 'merge_install': False, 'path': '/home/li/Time_various/src/timevariousFGO/LIOSAM', 'symlink_install': False, 'test_result_base': None}
[0.242s] Level 5:colcon.colcon_core.verb:set package 'irt_nav_common' build argument 'cmake_args' from command line to 'None'
[0.242s] Level 5:colcon.colcon_core.verb:set package 'irt_nav_common' build argument 'cmake_target' from command line to 'None'
[0.242s] Level 5:colcon.colcon_core.verb:set package 'irt_nav_common' build argument 'cmake_target_skip_unavailable' from command line to 'False'
[0.242s] Level 5:colcon.colcon_core.verb:set package 'irt_nav_common' build argument 'cmake_clean_cache' from command line to 'False'
[0.242s] Level 5:colcon.colcon_core.verb:set package 'irt_nav_common' build argument 'cmake_clean_first' from command line to 'False'
[0.242s] Level 5:colcon.colcon_core.verb:set package 'irt_nav_common' build argument 'cmake_force_configure' from command line to 'False'
[0.242s] Level 5:colcon.colcon_core.verb:set package 'irt_nav_common' build argument 'ament_cmake_args' from command line to 'None'
[0.242s] Level 5:colcon.colcon_core.verb:set package 'irt_nav_common' build argument 'catkin_cmake_args' from command line to 'None'
[0.242s] Level 5:colcon.colcon_core.verb:set package 'irt_nav_common' build argument 'catkin_skip_building_tests' from command line to 'False'
[0.242s] DEBUG:colcon.colcon_core.verb:Building package 'irt_nav_common' with the following arguments: {'ament_cmake_args': None, 'build_base': '/home/li/Time_various/build/irt_nav_common', 'catkin_cmake_args': None, 'catkin_skip_building_tests': False, 'cmake_args': None, 'cmake_clean_cache': False, 'cmake_clean_first': False, 'cmake_force_configure': False, 'cmake_target': None, 'cmake_target_skip_unavailable': False, 'install_base': '/home/li/Time_various/install/irt_nav_common', 'merge_install': False, 'path': '/home/li/Time_various/src/timevariousFGO/irt_nav_common/irt_nav_common', 'symlink_install': False, 'test_result_base': None}
[0.243s] Level 5:colcon.colcon_core.verb:set package 'tvfgo' build argument 'cmake_args' from command line to 'None'
[0.243s] Level 5:colcon.colcon_core.verb:set package 'tvfgo' build argument 'cmake_target' from command line to 'None'
[0.243s] Level 5:colcon.colcon_core.verb:set package 'tvfgo' build argument 'cmake_target_skip_unavailable' from command line to 'False'
[0.243s] Level 5:colcon.colcon_core.verb:set package 'tvfgo' build argument 'cmake_clean_cache' from command line to 'False'
[0.243s] Level 5:colcon.colcon_core.verb:set package 'tvfgo' build argument 'cmake_clean_first' from command line to 'False'
[0.243s] Level 5:colcon.colcon_core.verb:set package 'tvfgo' build argument 'cmake_force_configure' from command line to 'False'
[0.243s] Level 5:colcon.colcon_core.verb:set package 'tvfgo' build argument 'ament_cmake_args' from command line to 'None'
[0.243s] Level 5:colcon.colcon_core.verb:set package 'tvfgo' build argument 'catkin_cmake_args' from command line to 'None'
[0.243s] Level 5:colcon.colcon_core.verb:set package 'tvfgo' build argument 'catkin_skip_building_tests' from command line to 'False'
[0.243s] DEBUG:colcon.colcon_core.verb:Building package 'tvfgo' with the following arguments: {'ament_cmake_args': None, 'build_base': '/home/li/Time_various/build/tvfgo', 'catkin_cmake_args': None, 'catkin_skip_building_tests': False, 'cmake_args': None, 'cmake_clean_cache': False, 'cmake_clean_first': False, 'cmake_force_configure': False, 'cmake_target': None, 'cmake_target_skip_unavailable': False, 'install_base': '/home/li/Time_various/install/tvfgo', 'merge_install': False, 'path': '/home/li/Time_various/src/timevariousFGO/TVFGO', 'symlink_install': False, 'test_result_base': None}
[0.243s] INFO:colcon.colcon_core.executor:Executing jobs using 'parallel' executor
[0.244s] DEBUG:colcon.colcon_parallel_executor.executor.parallel:run_until_complete
[0.244s] INFO:colcon.colcon_ros.task.ament_cmake.build:Building ROS package in '/home/li/Time_various/src/timevariousFGO/irt_nav_common/irt_nav_msgs' with build type 'ament_cmake'
[0.244s] INFO:colcon.colcon_cmake.task.cmake.build:Building CMake package in '/home/li/Time_various/src/timevariousFGO/irt_nav_common/irt_nav_msgs'
[0.245s] INFO:colcon.colcon_core.plugin_system:Skipping extension 'colcon_core.shell.bat': Not used on non-Windows systems
[0.246s] INFO:colcon.colcon_core.shell:Skip shell extension 'powershell' for command environment: Not usable outside of PowerShell
[0.246s] DEBUG:colcon.colcon_core.shell:Skip shell extension 'dsv' for command environment
[0.248s] INFO:colcon.colcon_ros.task.ament_cmake.build:Building ROS package in '/home/li/Time_various/src/timevariousFGO/boreas_msgs' with build type 'ament_cmake'
[0.248s] INFO:colcon.colcon_cmake.task.cmake.build:Building CMake package in '/home/li/Time_various/src/timevariousFGO/boreas_msgs'
[0.248s] INFO:colcon.colcon_core.shell:Skip shell extension 'powershell' for command environment: Not usable outside of PowerShell
[0.248s] DEBUG:colcon.colcon_core.shell:Skip shell extension 'dsv' for command environment
[0.249s] INFO:colcon.colcon_ros.task.ament_cmake.build:Building ROS package in '/home/li/Time_various/src/timevariousFGO/LIOSAM' with build type 'ament_cmake'
[0.249s] INFO:colcon.colcon_cmake.task.cmake.build:Building CMake package in '/home/li/Time_various/src/timevariousFGO/LIOSAM'
[0.250s] INFO:colcon.colcon_core.shell:Skip shell extension 'powershell' for command environment: Not usable outside of PowerShell
[0.250s] DEBUG:colcon.colcon_core.shell:Skip shell extension 'dsv' for command environment
[0.255s] DEBUG:colcon.colcon_core.event_handler.log_command:Invoking command in '/home/li/Time_various/build/irt_nav_msgs': CMAKE_PREFIX_PATH=/opt/ros/humble CONDA_PROMPT_MODIFIER=(base) /usr/bin/cmake --build /home/li/Time_various/build/irt_nav_msgs -- -j20 -l20
[0.258s] DEBUG:colcon.colcon_core.event_handler.log_command:Invoking command in '/home/li/Time_various/build/boreas_msgs': CMAKE_PREFIX_PATH=/opt/ros/humble CONDA_PROMPT_MODIFIER=(base) /usr/bin/cmake --build /home/li/Time_various/build/boreas_msgs -- -j20 -l20
[0.262s] DEBUG:colcon.colcon_core.event_handler.log_command:Invoking command in '/home/li/Time_various/build/lio_sam': CMAKE_PREFIX_PATH=/opt/ros/humble CONDA_PROMPT_MODIFIER=(base) /usr/bin/cmake /home/li/Time_various/src/timevariousFGO/LIOSAM -DCMAKE_INSTALL_PREFIX=/home/li/Time_various/install/lio_sam
[0.540s] DEBUG:colcon.colcon_core.event_handler.log_command:Invoked command in '/home/li/Time_various/build/boreas_msgs' returned '0': CMAKE_PREFIX_PATH=/opt/ros/humble CONDA_PROMPT_MODIFIER=(base) /usr/bin/cmake --build /home/li/Time_various/build/boreas_msgs -- -j20 -l20
[0.548s] DEBUG:colcon.colcon_core.event_handler.log_command:Invoking command in '/home/li/Time_various/build/boreas_msgs': CMAKE_PREFIX_PATH=/opt/ros/humble CONDA_PROMPT_MODIFIER=(base) /usr/bin/cmake --install /home/li/Time_various/build/boreas_msgs
[0.558s] DEBUG:colcon.colcon_core.event_handler.log_command:Invoked command in '/home/li/Time_various/build/irt_nav_msgs' returned '0': CMAKE_PREFIX_PATH=/opt/ros/humble CONDA_PROMPT_MODIFIER=(base) /usr/bin/cmake --build /home/li/Time_various/build/irt_nav_msgs -- -j20 -l20
[0.560s] DEBUG:colcon.colcon_core.event_handler.log_command:Invoking command in '/home/li/Time_various/build/irt_nav_msgs': CMAKE_PREFIX_PATH=/opt/ros/humble CONDA_PROMPT_MODIFIER=(base) /usr/bin/cmake --install /home/li/Time_various/build/irt_nav_msgs
[0.598s] Level 1:colcon.colcon_core.environment:create_environment_scripts_only(boreas_msgs)
[0.608s] DEBUG:colcon.colcon_core.event_handler.log_command:Invoked command in '/home/li/Time_various/build/boreas_msgs' returned '0': CMAKE_PREFIX_PATH=/opt/ros/humble CONDA_PROMPT_MODIFIER=(base) /usr/bin/cmake --install /home/li/Time_various/build/boreas_msgs
[0.611s] Level 1:colcon.colcon_core.environment:checking '/home/li/Time_various/install/boreas_msgs' for CMake module files
[0.612s] Level 1:colcon.colcon_core.environment:checking '/home/li/Time_various/install/boreas_msgs' for CMake config files
[0.614s] Level 1:colcon.colcon_core.shell:create_environment_hook('boreas_msgs', 'cmake_prefix_path')
[0.614s] INFO:colcon.colcon_core.shell:Creating environment hook '/home/li/Time_various/install/boreas_msgs/share/boreas_msgs/hook/cmake_prefix_path.ps1'
[0.614s] INFO:colcon.colcon_core.shell:Creating environment descriptor '/home/li/Time_various/install/boreas_msgs/share/boreas_msgs/hook/cmake_prefix_path.dsv'
[0.615s] INFO:colcon.colcon_core.shell:Creating environment hook '/home/li/Time_various/install/boreas_msgs/share/boreas_msgs/hook/cmake_prefix_path.sh'
[0.616s] Level 1:colcon.colcon_core.environment:checking '/home/li/Time_various/install/boreas_msgs/lib'
[0.616s] Level 1:colcon.colcon_core.shell:create_environment_hook('boreas_msgs', 'ld_library_path_lib')
[0.616s] INFO:colcon.colcon_core.shell:Creating environment hook '/home/li/Time_various/install/boreas_msgs/share/boreas_msgs/hook/ld_library_path_lib.ps1'
[0.616s] INFO:colcon.colcon_core.shell:Creating environment descriptor '/home/li/Time_various/install/boreas_msgs/share/boreas_msgs/hook/ld_library_path_lib.dsv'
[0.617s] INFO:colcon.colcon_core.shell:Creating environment hook '/home/li/Time_various/install/boreas_msgs/share/boreas_msgs/hook/ld_library_path_lib.sh'
[0.617s] Level 1:colcon.colcon_core.environment:checking '/home/li/Time_various/install/boreas_msgs/bin'
[0.617s] Level 1:colcon.colcon_core.environment:checking '/home/li/Time_various/install/boreas_msgs/lib/pkgconfig/boreas_msgs.pc'
[0.617s] Level 1:colcon.colcon_core.environment:checking '/home/li/Time_various/install/boreas_msgs/lib/python3.10/site-packages'
[0.617s] Level 1:colcon.colcon_core.environment:checking '/home/li/Time_various/install/boreas_msgs/bin'
[0.618s] INFO:colcon.colcon_core.shell:Creating package script '/home/li/Time_various/install/boreas_msgs/share/boreas_msgs/package.ps1'
[0.618s] INFO:colcon.colcon_core.shell:Creating package descriptor '/home/li/Time_various/install/boreas_msgs/share/boreas_msgs/package.dsv'
[0.620s] INFO:colcon.colcon_core.shell:Creating package script '/home/li/Time_various/install/boreas_msgs/share/boreas_msgs/package.sh'
[0.620s] INFO:colcon.colcon_core.shell:Creating package script '/home/li/Time_various/install/boreas_msgs/share/boreas_msgs/package.bash'
[0.620s] INFO:colcon.colcon_core.shell:Creating package script '/home/li/Time_various/install/boreas_msgs/share/boreas_msgs/package.zsh'
[0.621s] Level 1:colcon.colcon_core.environment:create_file_with_runtime_dependencies(/home/li/Time_various/install/boreas_msgs/share/colcon-core/packages/boreas_msgs)
[0.621s] Level 1:colcon.colcon_core.environment:create_environment_scripts_only(boreas_msgs)
[0.621s] Level 1:colcon.colcon_core.environment:checking '/home/li/Time_various/install/boreas_msgs' for CMake module files
[0.622s] Level 1:colcon.colcon_core.environment:checking '/home/li/Time_various/install/boreas_msgs' for CMake config files
[0.622s] Level 1:colcon.colcon_core.shell:create_environment_hook('boreas_msgs', 'cmake_prefix_path')
[0.622s] INFO:colcon.colcon_core.shell:Creating environment hook '/home/li/Time_various/install/boreas_msgs/share/boreas_msgs/hook/cmake_prefix_path.ps1'
[0.622s] INFO:colcon.colcon_core.shell:Creating environment descriptor '/home/li/Time_various/install/boreas_msgs/share/boreas_msgs/hook/cmake_prefix_path.dsv'
[0.622s] INFO:colcon.colcon_core.shell:Creating environment hook '/home/li/Time_various/install/boreas_msgs/share/boreas_msgs/hook/cmake_prefix_path.sh'
[0.623s] Level 1:colcon.colcon_core.environment:checking '/home/li/Time_various/install/boreas_msgs/lib'
[0.623s] Level 1:colcon.colcon_core.shell:create_environment_hook('boreas_msgs', 'ld_library_path_lib')
[0.623s] INFO:colcon.colcon_core.shell:Creating environment hook '/home/li/Time_various/install/boreas_msgs/share/boreas_msgs/hook/ld_library_path_lib.ps1'
[0.623s] INFO:colcon.colcon_core.shell:Creating environment descriptor '/home/li/Time_various/install/boreas_msgs/share/boreas_msgs/hook/ld_library_path_lib.dsv'
[0.623s] INFO:colcon.colcon_core.shell:Creating environment hook '/home/li/Time_various/install/boreas_msgs/share/boreas_msgs/hook/ld_library_path_lib.sh'
[0.624s] Level 1:colcon.colcon_core.environment:checking '/home/li/Time_various/install/boreas_msgs/bin'
[0.624s] Level 1:colcon.colcon_core.environment:checking '/home/li/Time_various/install/boreas_msgs/lib/pkgconfig/boreas_msgs.pc'
[0.624s] Level 1:colcon.colcon_core.environment:checking '/home/li/Time_various/install/boreas_msgs/lib/python3.10/site-packages'
[0.624s] Level 1:colcon.colcon_core.environment:checking '/home/li/Time_various/install/boreas_msgs/bin'
[0.624s] INFO:colcon.colcon_core.shell:Creating package script '/home/li/Time_various/install/boreas_msgs/share/boreas_msgs/package.ps1'
[0.624s] INFO:colcon.colcon_core.shell:Creating package descriptor '/home/li/Time_various/install/boreas_msgs/share/boreas_msgs/package.dsv'
[0.625s] INFO:colcon.colcon_core.shell:Creating package script '/home/li/Time_various/install/boreas_msgs/share/boreas_msgs/package.sh'
[0.625s] INFO:colcon.colcon_core.shell:Creating package script '/home/li/Time_various/install/boreas_msgs/share/boreas_msgs/package.bash'
[0.625s] INFO:colcon.colcon_core.shell:Creating package script '/home/li/Time_various/install/boreas_msgs/share/boreas_msgs/package.zsh'
[0.625s] Level 1:colcon.colcon_core.environment:create_file_with_runtime_dependencies(/home/li/Time_various/install/boreas_msgs/share/colcon-core/packages/boreas_msgs)
[0.626s] Level 1:colcon.colcon_core.environment:create_environment_scripts_only(irt_nav_msgs)
[0.627s] Level 1:colcon.colcon_core.environment:checking '/home/li/Time_various/install/irt_nav_msgs' for CMake module files
[0.627s] DEBUG:colcon.colcon_core.event_handler.log_command:Invoked command in '/home/li/Time_various/build/irt_nav_msgs' returned '0': CMAKE_PREFIX_PATH=/opt/ros/humble CONDA_PROMPT_MODIFIER=(base) /usr/bin/cmake --install /home/li/Time_various/build/irt_nav_msgs
[0.628s] Level 1:colcon.colcon_core.environment:checking '/home/li/Time_various/install/irt_nav_msgs' for CMake config files
[0.628s] Level 1:colcon.colcon_core.shell:create_environment_hook('irt_nav_msgs', 'cmake_prefix_path')
[0.628s] INFO:colcon.colcon_core.shell:Creating environment hook '/home/li/Time_various/install/irt_nav_msgs/share/irt_nav_msgs/hook/cmake_prefix_path.ps1'
[0.629s] INFO:colcon.colcon_core.shell:Creating environment descriptor '/home/li/Time_various/install/irt_nav_msgs/share/irt_nav_msgs/hook/cmake_prefix_path.dsv'
[0.629s] INFO:colcon.colcon_core.shell:Creating environment hook '/home/li/Time_various/install/irt_nav_msgs/share/irt_nav_msgs/hook/cmake_prefix_path.sh'
[0.630s] Level 1:colcon.colcon_core.environment:checking '/home/li/Time_various/install/irt_nav_msgs/lib'
[0.630s] Level 1:colcon.colcon_core.shell:create_environment_hook('irt_nav_msgs', 'ld_library_path_lib')
[0.630s] INFO:colcon.colcon_core.shell:Creating environment hook '/home/li/Time_various/install/irt_nav_msgs/share/irt_nav_msgs/hook/ld_library_path_lib.ps1'
[0.631s] INFO:colcon.colcon_core.shell:Creating environment descriptor '/home/li/Time_various/install/irt_nav_msgs/share/irt_nav_msgs/hook/ld_library_path_lib.dsv'
[0.631s] INFO:colcon.colcon_core.shell:Creating environment hook '/home/li/Time_various/install/irt_nav_msgs/share/irt_nav_msgs/hook/ld_library_path_lib.sh'
[0.632s] Level 1:colcon.colcon_core.environment:checking '/home/li/Time_various/install/irt_nav_msgs/bin'
[0.632s] Level 1:colcon.colcon_core.environment:checking '/home/li/Time_various/install/irt_nav_msgs/lib/pkgconfig/irt_nav_msgs.pc'
[0.632s] Level 1:colcon.colcon_core.environment:checking '/home/li/Time_various/install/irt_nav_msgs/lib/python3.10/site-packages'
[0.632s] Level 1:colcon.colcon_core.environment:checking '/home/li/Time_various/install/irt_nav_msgs/bin'
[0.633s] INFO:colcon.colcon_core.shell:Creating package script '/home/li/Time_various/install/irt_nav_msgs/share/irt_nav_msgs/package.ps1'
[0.633s] INFO:colcon.colcon_core.shell:Creating package descriptor '/home/li/Time_various/install/irt_nav_msgs/share/irt_nav_msgs/package.dsv'
[0.634s] INFO:colcon.colcon_core.shell:Creating package script '/home/li/Time_various/install/irt_nav_msgs/share/irt_nav_msgs/package.sh'
[0.634s] INFO:colcon.colcon_core.shell:Creating package script '/home/li/Time_various/install/irt_nav_msgs/share/irt_nav_msgs/package.bash'
[0.634s] INFO:colcon.colcon_core.shell:Creating package script '/home/li/Time_various/install/irt_nav_msgs/share/irt_nav_msgs/package.zsh'
[0.634s] Level 1:colcon.colcon_core.environment:create_file_with_runtime_dependencies(/home/li/Time_various/install/irt_nav_msgs/share/colcon-core/packages/irt_nav_msgs)
[0.635s] Level 1:colcon.colcon_core.environment:create_environment_scripts_only(irt_nav_msgs)
[0.635s] Level 1:colcon.colcon_core.environment:checking '/home/li/Time_various/install/irt_nav_msgs' for CMake module files
[0.635s] Level 1:colcon.colcon_core.environment:checking '/home/li/Time_various/install/irt_nav_msgs' for CMake config files
[0.636s] Level 1:colcon.colcon_core.shell:create_environment_hook('irt_nav_msgs', 'cmake_prefix_path')
[0.636s] INFO:colcon.colcon_core.shell:Creating environment hook '/home/li/Time_various/install/irt_nav_msgs/share/irt_nav_msgs/hook/cmake_prefix_path.ps1'
[0.636s] INFO:colcon.colcon_core.shell:Creating environment descriptor '/home/li/Time_various/install/irt_nav_msgs/share/irt_nav_msgs/hook/cmake_prefix_path.dsv'
[0.636s] INFO:colcon.colcon_core.shell:Creating environment hook '/home/li/Time_various/install/irt_nav_msgs/share/irt_nav_msgs/hook/cmake_prefix_path.sh'
[0.637s] Level 1:colcon.colcon_core.environment:checking '/home/li/Time_various/install/irt_nav_msgs/lib'
[0.637s] Level 1:colcon.colcon_core.shell:create_environment_hook('irt_nav_msgs', 'ld_library_path_lib')
[0.637s] INFO:colcon.colcon_core.shell:Creating environment hook '/home/li/Time_various/install/irt_nav_msgs/share/irt_nav_msgs/hook/ld_library_path_lib.ps1'
[0.637s] INFO:colcon.colcon_core.shell:Creating environment descriptor '/home/li/Time_various/install/irt_nav_msgs/share/irt_nav_msgs/hook/ld_library_path_lib.dsv'
[0.637s] INFO:colcon.colcon_core.shell:Creating environment hook '/home/li/Time_various/install/irt_nav_msgs/share/irt_nav_msgs/hook/ld_library_path_lib.sh'
[0.637s] Level 1:colcon.colcon_core.environment:checking '/home/li/Time_various/install/irt_nav_msgs/bin'
[0.637s] Level 1:colcon.colcon_core.environment:checking '/home/li/Time_various/install/irt_nav_msgs/lib/pkgconfig/irt_nav_msgs.pc'
[0.638s] Level 1:colcon.colcon_core.environment:checking '/home/li/Time_various/install/irt_nav_msgs/lib/python3.10/site-packages'
[0.638s] Level 1:colcon.colcon_core.environment:checking '/home/li/Time_various/install/irt_nav_msgs/bin'
[0.638s] INFO:colcon.colcon_core.shell:Creating package script '/home/li/Time_various/install/irt_nav_msgs/share/irt_nav_msgs/package.ps1'
[0.638s] INFO:colcon.colcon_core.shell:Creating package descriptor '/home/li/Time_various/install/irt_nav_msgs/share/irt_nav_msgs/package.dsv'
[0.639s] INFO:colcon.colcon_core.shell:Creating package script '/home/li/Time_various/install/irt_nav_msgs/share/irt_nav_msgs/package.sh'
[0.639s] INFO:colcon.colcon_core.shell:Creating package script '/home/li/Time_various/install/irt_nav_msgs/share/irt_nav_msgs/package.bash'
[0.639s] INFO:colcon.colcon_core.shell:Creating package script '/home/li/Time_various/install/irt_nav_msgs/share/irt_nav_msgs/package.zsh'
[0.640s] Level 1:colcon.colcon_core.environment:create_file_with_runtime_dependencies(/home/li/Time_various/install/irt_nav_msgs/share/colcon-core/packages/irt_nav_msgs)
[0.640s] INFO:colcon.colcon_ros.task.ament_cmake.build:Building ROS package in '/home/li/Time_various/src/timevariousFGO/irt_nav_common/irt_nav_common' with build type 'ament_cmake'
[0.640s] INFO:colcon.colcon_cmake.task.cmake.build:Building CMake package in '/home/li/Time_various/src/timevariousFGO/irt_nav_common/irt_nav_common'
[0.640s] INFO:colcon.colcon_core.shell:Skip shell extension 'powershell' for command environment: Not usable outside of PowerShell
[0.640s] DEBUG:colcon.colcon_core.shell:Skip shell extension 'dsv' for command environment
[0.649s] DEBUG:colcon.colcon_core.event_handler.log_command:Invoking command in '/home/li/Time_various/build/irt_nav_common': AMENT_PREFIX_PATH=/home/li/Time_various/install/irt_nav_msgs:${AMENT_PREFIX_PATH} CMAKE_PREFIX_PATH=/home/li/Time_various/install/irt_nav_msgs:/opt/ros/humble CONDA_PROMPT_MODIFIER=(base) LD_LIBRARY_PATH=/home/li/Time_various/install/irt_nav_msgs/lib:${LD_LIBRARY_PATH} PYTHONPATH=/home/li/Time_various/install/irt_nav_msgs/lib/python3.13/site-packages:${PYTHONPATH} /usr/bin/cmake --build /home/li/Time_various/build/irt_nav_common -- -j20 -l20
[0.709s] DEBUG:colcon.colcon_core.event_handler.log_command:Invoked command in '/home/li/Time_various/build/irt_nav_common' returned '0': AMENT_PREFIX_PATH=/home/li/Time_various/install/irt_nav_msgs:${AMENT_PREFIX_PATH} CMAKE_PREFIX_PATH=/home/li/Time_various/install/irt_nav_msgs:/opt/ros/humble CONDA_PROMPT_MODIFIER=(base) LD_LIBRARY_PATH=/home/li/Time_various/install/irt_nav_msgs/lib:${LD_LIBRARY_PATH} PYTHONPATH=/home/li/Time_various/install/irt_nav_msgs/lib/python3.13/site-packages:${PYTHONPATH} /usr/bin/cmake --build /home/li/Time_various/build/irt_nav_common -- -j20 -l20
[0.710s] DEBUG:colcon.colcon_core.event_handler.log_command:Invoking command in '/home/li/Time_various/build/irt_nav_common': AMENT_PREFIX_PATH=/home/li/Time_various/install/irt_nav_msgs:${AMENT_PREFIX_PATH} CMAKE_PREFIX_PATH=/home/li/Time_various/install/irt_nav_msgs:/opt/ros/humble CONDA_PROMPT_MODIFIER=(base) LD_LIBRARY_PATH=/home/li/Time_various/install/irt_nav_msgs/lib:${LD_LIBRARY_PATH} PYTHONPATH=/home/li/Time_various/install/irt_nav_msgs/lib/python3.13/site-packages:${PYTHONPATH} /usr/bin/cmake --install /home/li/Time_various/build/irt_nav_common
[0.718s] Level 1:colcon.colcon_core.environment:create_environment_scripts_only(irt_nav_common)
[0.718s] DEBUG:colcon.colcon_core.event_handler.log_command:Invoked command in '/home/li/Time_various/build/irt_nav_common' returned '0': AMENT_PREFIX_PATH=/home/li/Time_various/install/irt_nav_msgs:${AMENT_PREFIX_PATH} CMAKE_PREFIX_PATH=/home/li/Time_various/install/irt_nav_msgs:/opt/ros/humble CONDA_PROMPT_MODIFIER=(base) LD_LIBRARY_PATH=/home/li/Time_various/install/irt_nav_msgs/lib:${LD_LIBRARY_PATH} PYTHONPATH=/home/li/Time_various/install/irt_nav_msgs/lib/python3.13/site-packages:${PYTHONPATH} /usr/bin/cmake --install /home/li/Time_various/build/irt_nav_common
[0.719s] Level 1:colcon.colcon_core.environment:checking '/home/li/Time_various/install/irt_nav_common' for CMake module files
[0.719s] Level 1:colcon.colcon_core.environment:checking '/home/li/Time_various/install/irt_nav_common' for CMake config files
[0.720s] Level 1:colcon.colcon_core.shell:create_environment_hook('irt_nav_common', 'cmake_prefix_path')
[0.720s] INFO:colcon.colcon_core.shell:Creating environment hook '/home/li/Time_various/install/irt_nav_common/share/irt_nav_common/hook/cmake_prefix_path.ps1'
[0.721s] INFO:colcon.colcon_core.shell:Creating environment descriptor '/home/li/Time_various/install/irt_nav_common/share/irt_nav_common/hook/cmake_prefix_path.dsv'
[0.721s] INFO:colcon.colcon_core.shell:Creating environment hook '/home/li/Time_various/install/irt_nav_common/share/irt_nav_common/hook/cmake_prefix_path.sh'
[0.722s] Level 1:colcon.colcon_core.environment:checking '/home/li/Time_various/install/irt_nav_common/lib'
[0.722s] Level 1:colcon.colcon_core.shell:create_environment_hook('irt_nav_common', 'ld_library_path_lib')
[0.722s] INFO:colcon.colcon_core.shell:Creating environment hook '/home/li/Time_various/install/irt_nav_common/share/irt_nav_common/hook/ld_library_path_lib.ps1'
[0.723s] INFO:colcon.colcon_core.shell:Creating environment descriptor '/home/li/Time_various/install/irt_nav_common/share/irt_nav_common/hook/ld_library_path_lib.dsv'
[0.723s] INFO:colcon.colcon_core.shell:Creating environment hook '/home/li/Time_various/install/irt_nav_common/share/irt_nav_common/hook/ld_library_path_lib.sh'
[0.723s] Level 1:colcon.colcon_core.environment:checking '/home/li/Time_various/install/irt_nav_common/bin'
[0.724s] Level 1:colcon.colcon_core.environment:checking '/home/li/Time_various/install/irt_nav_common/lib/pkgconfig/irt_nav_common.pc'
[0.724s] Level 1:colcon.colcon_core.environment:checking '/home/li/Time_various/install/irt_nav_common/lib/python3.10/site-packages'
[0.724s] Level 1:colcon.colcon_core.environment:checking '/home/li/Time_various/install/irt_nav_common/bin'
[0.725s] INFO:colcon.colcon_core.shell:Creating package script '/home/li/Time_various/install/irt_nav_common/share/irt_nav_common/package.ps1'
[0.725s] INFO:colcon.colcon_core.shell:Creating package descriptor '/home/li/Time_various/install/irt_nav_common/share/irt_nav_common/package.dsv'
[0.726s] INFO:colcon.colcon_core.shell:Creating package script '/home/li/Time_various/install/irt_nav_common/share/irt_nav_common/package.sh'
[0.726s] INFO:colcon.colcon_core.shell:Creating package script '/home/li/Time_various/install/irt_nav_common/share/irt_nav_common/package.bash'
[0.726s] INFO:colcon.colcon_core.shell:Creating package script '/home/li/Time_various/install/irt_nav_common/share/irt_nav_common/package.zsh'
[0.726s] Level 1:colcon.colcon_core.environment:create_file_with_runtime_dependencies(/home/li/Time_various/install/irt_nav_common/share/colcon-core/packages/irt_nav_common)
[0.727s] Level 1:colcon.colcon_core.environment:create_environment_scripts_only(irt_nav_common)
[0.727s] Level 1:colcon.colcon_core.environment:checking '/home/li/Time_various/install/irt_nav_common' for CMake module files
[0.727s] Level 1:colcon.colcon_core.environment:checking '/home/li/Time_various/install/irt_nav_common' for CMake config files
[0.727s] Level 1:colcon.colcon_core.shell:create_environment_hook('irt_nav_common', 'cmake_prefix_path')
[0.727s] INFO:colcon.colcon_core.shell:Creating environment hook '/home/li/Time_various/install/irt_nav_common/share/irt_nav_common/hook/cmake_prefix_path.ps1'
[0.727s] INFO:colcon.colcon_core.shell:Creating environment descriptor '/home/li/Time_various/install/irt_nav_common/share/irt_nav_common/hook/cmake_prefix_path.dsv'
[0.728s] INFO:colcon.colcon_core.shell:Creating environment hook '/home/li/Time_various/install/irt_nav_common/share/irt_nav_common/hook/cmake_prefix_path.sh'
[0.728s] Level 1:colcon.colcon_core.environment:checking '/home/li/Time_various/install/irt_nav_common/lib'
[0.728s] Level 1:colcon.colcon_core.shell:create_environment_hook('irt_nav_common', 'ld_library_path_lib')
[0.728s] INFO:colcon.colcon_core.shell:Creating environment hook '/home/li/Time_various/install/irt_nav_common/share/irt_nav_common/hook/ld_library_path_lib.ps1'
[0.728s] INFO:colcon.colcon_core.shell:Creating environment descriptor '/home/li/Time_various/install/irt_nav_common/share/irt_nav_common/hook/ld_library_path_lib.dsv'
[0.729s] INFO:colcon.colcon_core.shell:Creating environment hook '/home/li/Time_various/install/irt_nav_common/share/irt_nav_common/hook/ld_library_path_lib.sh'
[0.729s] Level 1:colcon.colcon_core.environment:checking '/home/li/Time_various/install/irt_nav_common/bin'
[0.729s] Level 1:colcon.colcon_core.environment:checking '/home/li/Time_various/install/irt_nav_common/lib/pkgconfig/irt_nav_common.pc'
[0.729s] Level 1:colcon.colcon_core.environment:checking '/home/li/Time_various/install/irt_nav_common/lib/python3.10/site-packages'
[0.729s] Level 1:colcon.colcon_core.environment:checking '/home/li/Time_various/install/irt_nav_common/bin'
[0.729s] INFO:colcon.colcon_core.shell:Creating package script '/home/li/Time_various/install/irt_nav_common/share/irt_nav_common/package.ps1'
[0.730s] INFO:colcon.colcon_core.shell:Creating package descriptor '/home/li/Time_various/install/irt_nav_common/share/irt_nav_common/package.dsv'
[0.730s] INFO:colcon.colcon_core.shell:Creating package script '/home/li/Time_various/install/irt_nav_common/share/irt_nav_common/package.sh'
[0.730s] INFO:colcon.colcon_core.shell:Creating package script '/home/li/Time_various/install/irt_nav_common/share/irt_nav_common/package.bash'
[0.730s] INFO:colcon.colcon_core.shell:Creating package script '/home/li/Time_various/install/irt_nav_common/share/irt_nav_common/package.zsh'
[0.731s] Level 1:colcon.colcon_core.environment:create_file_with_runtime_dependencies(/home/li/Time_various/install/irt_nav_common/share/colcon-core/packages/irt_nav_common)
[4.614s] DEBUG:colcon.colcon_core.event_handler.log_command:Invoked command in '/home/li/Time_various/build/lio_sam' returned '0': CMAKE_PREFIX_PATH=/opt/ros/humble CONDA_PROMPT_MODIFIER=(base) /usr/bin/cmake /home/li/Time_various/src/timevariousFGO/LIOSAM -DCMAKE_INSTALL_PREFIX=/home/li/Time_various/install/lio_sam
[4.615s] DEBUG:colcon.colcon_core.event_handler.log_command:Invoking command in '/home/li/Time_various/build/lio_sam': CMAKE_PREFIX_PATH=/opt/ros/humble CONDA_PROMPT_MODIFIER=(base) /usr/bin/cmake --build /home/li/Time_various/build/lio_sam -- -j20 -l20
[53.001s] DEBUG:colcon.colcon_core.event_handler.log_command:Invoked command in '/home/li/Time_various/build/lio_sam' returned '0': CMAKE_PREFIX_PATH=/opt/ros/humble CONDA_PROMPT_MODIFIER=(base) /usr/bin/cmake --build /home/li/Time_various/build/lio_sam -- -j20 -l20
[53.003s] DEBUG:colcon.colcon_core.event_handler.log_command:Invoking command in '/home/li/Time_various/build/lio_sam': CMAKE_PREFIX_PATH=/opt/ros/humble CONDA_PROMPT_MODIFIER=(base) /usr/bin/cmake --install /home/li/Time_various/build/lio_sam
[53.132s] Level 1:colcon.colcon_core.environment:create_environment_scripts_only(lio_sam)
[53.132s] Level 1:colcon.colcon_core.environment:checking '/home/li/Time_various/install/lio_sam' for CMake module files
[53.133s] DEBUG:colcon.colcon_core.event_handler.log_command:Invoked command in '/home/li/Time_various/build/lio_sam' returned '0': CMAKE_PREFIX_PATH=/opt/ros/humble CONDA_PROMPT_MODIFIER=(base) /usr/bin/cmake --install /home/li/Time_various/build/lio_sam
[53.133s] Level 1:colcon.colcon_core.environment:checking '/home/li/Time_various/install/lio_sam' for CMake config files
[53.134s] Level 1:colcon.colcon_core.shell:create_environment_hook('lio_sam', 'cmake_prefix_path')
[53.134s] INFO:colcon.colcon_core.shell:Creating environment hook '/home/li/Time_various/install/lio_sam/share/lio_sam/hook/cmake_prefix_path.ps1'
[53.134s] INFO:colcon.colcon_core.shell:Creating environment descriptor '/home/li/Time_various/install/lio_sam/share/lio_sam/hook/cmake_prefix_path.dsv'
[53.134s] INFO:colcon.colcon_core.shell:Creating environment hook '/home/li/Time_various/install/lio_sam/share/lio_sam/hook/cmake_prefix_path.sh'
[53.135s] Level 1:colcon.colcon_core.environment:checking '/home/li/Time_various/install/lio_sam/lib'
[53.135s] Level 1:colcon.colcon_core.shell:create_environment_hook('lio_sam', 'ld_library_path_lib')
[53.135s] INFO:colcon.colcon_core.shell:Creating environment hook '/home/li/Time_various/install/lio_sam/share/lio_sam/hook/ld_library_path_lib.ps1'
[53.135s] INFO:colcon.colcon_core.shell:Creating environment descriptor '/home/li/Time_various/install/lio_sam/share/lio_sam/hook/ld_library_path_lib.dsv'
[53.135s] INFO:colcon.colcon_core.shell:Creating environment hook '/home/li/Time_various/install/lio_sam/share/lio_sam/hook/ld_library_path_lib.sh'
[53.136s] Level 1:colcon.colcon_core.environment:checking '/home/li/Time_various/install/lio_sam/bin'
[53.136s] Level 1:colcon.colcon_core.environment:checking '/home/li/Time_various/install/lio_sam/lib/pkgconfig/lio_sam.pc'
[53.136s] Level 1:colcon.colcon_core.environment:checking '/home/li/Time_various/install/lio_sam/lib/python3.10/site-packages'
[53.136s] Level 1:colcon.colcon_core.environment:checking '/home/li/Time_various/install/lio_sam/bin'
[53.136s] INFO:colcon.colcon_core.shell:Creating package script '/home/li/Time_various/install/lio_sam/share/lio_sam/package.ps1'
[53.137s] INFO:colcon.colcon_core.shell:Creating package descriptor '/home/li/Time_various/install/lio_sam/share/lio_sam/package.dsv'
[53.137s] INFO:colcon.colcon_core.shell:Creating package script '/home/li/Time_various/install/lio_sam/share/lio_sam/package.sh'
[53.137s] INFO:colcon.colcon_core.shell:Creating package script '/home/li/Time_various/install/lio_sam/share/lio_sam/package.bash'
[53.137s] INFO:colcon.colcon_core.shell:Creating package script '/home/li/Time_various/install/lio_sam/share/lio_sam/package.zsh'
[53.138s] Level 1:colcon.colcon_core.environment:create_file_with_runtime_dependencies(/home/li/Time_various/install/lio_sam/share/colcon-core/packages/lio_sam)
[53.138s] Level 1:colcon.colcon_core.environment:create_environment_scripts_only(lio_sam)
[53.138s] Level 1:colcon.colcon_core.environment:checking '/home/li/Time_various/install/lio_sam' for CMake module files
[53.138s] Level 1:colcon.colcon_core.environment:checking '/home/li/Time_various/install/lio_sam' for CMake config files
[53.139s] Level 1:colcon.colcon_core.shell:create_environment_hook('lio_sam', 'cmake_prefix_path')
[53.139s] INFO:colcon.colcon_core.shell:Creating environment hook '/home/li/Time_various/install/lio_sam/share/lio_sam/hook/cmake_prefix_path.ps1'
[53.139s] INFO:colcon.colcon_core.shell:Creating environment descriptor '/home/li/Time_various/install/lio_sam/share/lio_sam/hook/cmake_prefix_path.dsv'
[53.139s] INFO:colcon.colcon_core.shell:Creating environment hook '/home/li/Time_various/install/lio_sam/share/lio_sam/hook/cmake_prefix_path.sh'
[53.139s] Level 1:colcon.colcon_core.environment:checking '/home/li/Time_various/install/lio_sam/lib'
[53.140s] Level 1:colcon.colcon_core.shell:create_environment_hook('lio_sam', 'ld_library_path_lib')
[53.140s] INFO:colcon.colcon_core.shell:Creating environment hook '/home/li/Time_various/install/lio_sam/share/lio_sam/hook/ld_library_path_lib.ps1'
[53.140s] INFO:colcon.colcon_core.shell:Creating environment descriptor '/home/li/Time_various/install/lio_sam/share/lio_sam/hook/ld_library_path_lib.dsv'
[53.140s] INFO:colcon.colcon_core.shell:Creating environment hook '/home/li/Time_various/install/lio_sam/share/lio_sam/hook/ld_library_path_lib.sh'
[53.140s] Level 1:colcon.colcon_core.environment:checking '/home/li/Time_various/install/lio_sam/bin'
[53.140s] Level 1:colcon.colcon_core.environment:checking '/home/li/Time_various/install/lio_sam/lib/pkgconfig/lio_sam.pc'
[53.140s] Level 1:colcon.colcon_core.environment:checking '/home/li/Time_various/install/lio_sam/lib/python3.10/site-packages'
[53.140s] Level 1:colcon.colcon_core.environment:checking '/home/li/Time_various/install/lio_sam/bin'
[53.141s] INFO:colcon.colcon_core.shell:Creating package script '/home/li/Time_various/install/lio_sam/share/lio_sam/package.ps1'
[53.141s] INFO:colcon.colcon_core.shell:Creating package descriptor '/home/li/Time_various/install/lio_sam/share/lio_sam/package.dsv'
[53.141s] INFO:colcon.colcon_core.shell:Creating package script '/home/li/Time_various/install/lio_sam/share/lio_sam/package.sh'
[53.141s] INFO:colcon.colcon_core.shell:Creating package script '/home/li/Time_various/install/lio_sam/share/lio_sam/package.bash'
[53.142s] INFO:colcon.colcon_core.shell:Creating package script '/home/li/Time_various/install/lio_sam/share/lio_sam/package.zsh'
[53.142s] Level 1:colcon.colcon_core.environment:create_file_with_runtime_dependencies(/home/li/Time_various/install/lio_sam/share/colcon-core/packages/lio_sam)
[53.142s] INFO:colcon.colcon_ros.task.ament_cmake.build:Building ROS package in '/home/li/Time_various/src/timevariousFGO/TVFGO' with build type 'ament_cmake'
[53.142s] INFO:colcon.colcon_cmake.task.cmake.build:Building CMake package in '/home/li/Time_various/src/timevariousFGO/TVFGO'
[53.142s] INFO:colcon.colcon_core.shell:Skip shell extension 'powershell' for command environment: Not usable outside of PowerShell
[53.142s] DEBUG:colcon.colcon_core.shell:Skip shell extension 'dsv' for command environment
[53.157s] DEBUG:colcon.colcon_core.event_handler.log_command:Invoking command in '/home/li/Time_various/build/tvfgo': AMENT_PREFIX_PATH=/home/li/Time_various/install/lio_sam:/home/li/Time_various/install/irt_nav_msgs:/home/li/Time_various/install/boreas_msgs:${AMENT_PREFIX_PATH} CMAKE_PREFIX_PATH=/home/li/Time_various/install/lio_sam:/home/li/Time_various/install/irt_nav_msgs:/home/li/Time_various/install/boreas_msgs:/opt/ros/humble CONDA_PROMPT_MODIFIER=(base) LD_LIBRARY_PATH=/home/li/Time_various/install/lio_sam/lib:/home/li/Time_various/install/irt_nav_msgs/lib:/home/li/Time_various/install/boreas_msgs/lib:${LD_LIBRARY_PATH} PYTHONPATH=/home/li/Time_various/install/lio_sam/lib/python3.13/site-packages:/home/li/Time_various/install/irt_nav_msgs/lib/python3.13/site-packages:/home/li/Time_various/install/boreas_msgs/lib/python3.13/site-packages:${PYTHONPATH} /usr/bin/cmake --build /home/li/Time_various/build/tvfgo -- -j20 -l20
[54.704s] DEBUG:colcon.colcon_core.event_handler.log_command:Invoked command in '/home/li/Time_various/build/tvfgo' returned '0': AMENT_PREFIX_PATH=/home/li/Time_various/install/lio_sam:/home/li/Time_various/install/irt_nav_msgs:/home/li/Time_various/install/boreas_msgs:${AMENT_PREFIX_PATH} CMAKE_PREFIX_PATH=/home/li/Time_various/install/lio_sam:/home/li/Time_various/install/irt_nav_msgs:/home/li/Time_various/install/boreas_msgs:/opt/ros/humble CONDA_PROMPT_MODIFIER=(base) LD_LIBRARY_PATH=/home/li/Time_various/install/lio_sam/lib:/home/li/Time_various/install/irt_nav_msgs/lib:/home/li/Time_various/install/boreas_msgs/lib:${LD_LIBRARY_PATH} PYTHONPATH=/home/li/Time_various/install/lio_sam/lib/python3.13/site-packages:/home/li/Time_various/install/irt_nav_msgs/lib/python3.13/site-packages:/home/li/Time_various/install/boreas_msgs/lib/python3.13/site-packages:${PYTHONPATH} /usr/bin/cmake --build /home/li/Time_various/build/tvfgo -- -j20 -l20
[54.706s] DEBUG:colcon.colcon_core.event_handler.log_command:Invoking command in '/home/li/Time_various/build/tvfgo': AMENT_PREFIX_PATH=/home/li/Time_various/install/lio_sam:/home/li/Time_various/install/irt_nav_msgs:/home/li/Time_various/install/boreas_msgs:${AMENT_PREFIX_PATH} CMAKE_PREFIX_PATH=/home/li/Time_various/install/lio_sam:/home/li/Time_various/install/irt_nav_msgs:/home/li/Time_various/install/boreas_msgs:/opt/ros/humble CONDA_PROMPT_MODIFIER=(base) LD_LIBRARY_PATH=/home/li/Time_various/install/lio_sam/lib:/home/li/Time_various/install/irt_nav_msgs/lib:/home/li/Time_various/install/boreas_msgs/lib:${LD_LIBRARY_PATH} PYTHONPATH=/home/li/Time_various/install/lio_sam/lib/python3.13/site-packages:/home/li/Time_various/install/irt_nav_msgs/lib/python3.13/site-packages:/home/li/Time_various/install/boreas_msgs/lib/python3.13/site-packages:${PYTHONPATH} /usr/bin/cmake --install /home/li/Time_various/build/tvfgo
[54.713s] Level 1:colcon.colcon_core.environment:create_environment_scripts_only(tvfgo)
[54.714s] DEBUG:colcon.colcon_core.event_handler.log_command:Invoked command in '/home/li/Time_various/build/tvfgo' returned '0': AMENT_PREFIX_PATH=/home/li/Time_various/install/lio_sam:/home/li/Time_various/install/irt_nav_msgs:/home/li/Time_various/install/boreas_msgs:${AMENT_PREFIX_PATH} CMAKE_PREFIX_PATH=/home/li/Time_various/install/lio_sam:/home/li/Time_various/install/irt_nav_msgs:/home/li/Time_various/install/boreas_msgs:/opt/ros/humble CONDA_PROMPT_MODIFIER=(base) LD_LIBRARY_PATH=/home/li/Time_various/install/lio_sam/lib:/home/li/Time_various/install/irt_nav_msgs/lib:/home/li/Time_various/install/boreas_msgs/lib:${LD_LIBRARY_PATH} PYTHONPATH=/home/li/Time_various/install/lio_sam/lib/python3.13/site-packages:/home/li/Time_various/install/irt_nav_msgs/lib/python3.13/site-packages:/home/li/Time_various/install/boreas_msgs/lib/python3.13/site-packages:${PYTHONPATH} /usr/bin/cmake --install /home/li/Time_various/build/tvfgo
[54.714s] Level 1:colcon.colcon_core.environment:checking '/home/li/Time_various/install/tvfgo' for CMake module files
[54.714s] Level 1:colcon.colcon_core.environment:checking '/home/li/Time_various/install/tvfgo' for CMake config files
[54.715s] Level 1:colcon.colcon_core.shell:create_environment_hook('tvfgo', 'cmake_prefix_path')
[54.715s] INFO:colcon.colcon_core.shell:Creating environment hook '/home/li/Time_various/install/tvfgo/share/tvfgo/hook/cmake_prefix_path.ps1'
[54.715s] INFO:colcon.colcon_core.shell:Creating environment descriptor '/home/li/Time_various/install/tvfgo/share/tvfgo/hook/cmake_prefix_path.dsv'
[54.715s] INFO:colcon.colcon_core.shell:Creating environment hook '/home/li/Time_various/install/tvfgo/share/tvfgo/hook/cmake_prefix_path.sh'
[54.716s] Level 1:colcon.colcon_core.environment:checking '/home/li/Time_various/install/tvfgo/bin'
[54.716s] Level 1:colcon.colcon_core.environment:checking '/home/li/Time_various/install/tvfgo/lib/pkgconfig/tvfgo.pc'
[54.716s] Level 1:colcon.colcon_core.environment:checking '/home/li/Time_various/install/tvfgo/lib/python3.10/site-packages'
[54.716s] Level 1:colcon.colcon_core.environment:checking '/home/li/Time_various/install/tvfgo/bin'
[54.716s] INFO:colcon.colcon_core.shell:Creating package script '/home/li/Time_various/install/tvfgo/share/tvfgo/package.ps1'
[54.716s] INFO:colcon.colcon_core.shell:Creating package descriptor '/home/li/Time_various/install/tvfgo/share/tvfgo/package.dsv'
[54.717s] INFO:colcon.colcon_core.shell:Creating package script '/home/li/Time_various/install/tvfgo/share/tvfgo/package.sh'
[54.717s] INFO:colcon.colcon_core.shell:Creating package script '/home/li/Time_various/install/tvfgo/share/tvfgo/package.bash'
[54.717s] INFO:colcon.colcon_core.shell:Creating package script '/home/li/Time_various/install/tvfgo/share/tvfgo/package.zsh'
[54.717s] Level 1:colcon.colcon_core.environment:create_file_with_runtime_dependencies(/home/li/Time_various/install/tvfgo/share/colcon-core/packages/tvfgo)
[54.718s] Level 1:colcon.colcon_core.environment:create_environment_scripts_only(tvfgo)
[54.718s] Level 1:colcon.colcon_core.environment:checking '/home/li/Time_various/install/tvfgo' for CMake module files
[54.718s] Level 1:colcon.colcon_core.environment:checking '/home/li/Time_various/install/tvfgo' for CMake config files
[54.718s] Level 1:colcon.colcon_core.shell:create_environment_hook('tvfgo', 'cmake_prefix_path')
[54.718s] INFO:colcon.colcon_core.shell:Creating environment hook '/home/li/Time_various/install/tvfgo/share/tvfgo/hook/cmake_prefix_path.ps1'
[54.718s] INFO:colcon.colcon_core.shell:Creating environment descriptor '/home/li/Time_various/install/tvfgo/share/tvfgo/hook/cmake_prefix_path.dsv'
[54.719s] INFO:colcon.colcon_core.shell:Creating environment hook '/home/li/Time_various/install/tvfgo/share/tvfgo/hook/cmake_prefix_path.sh'
[54.719s] Level 1:colcon.colcon_core.environment:checking '/home/li/Time_various/install/tvfgo/bin'
[54.719s] Level 1:colcon.colcon_core.environment:checking '/home/li/Time_various/install/tvfgo/lib/pkgconfig/tvfgo.pc'
[54.719s] Level 1:colcon.colcon_core.environment:checking '/home/li/Time_various/install/tvfgo/lib/python3.10/site-packages'
[54.719s] Level 1:colcon.colcon_core.environment:checking '/home/li/Time_various/install/tvfgo/bin'
[54.719s] INFO:colcon.colcon_core.shell:Creating package script '/home/li/Time_various/install/tvfgo/share/tvfgo/package.ps1'
[54.720s] INFO:colcon.colcon_core.shell:Creating package descriptor '/home/li/Time_various/install/tvfgo/share/tvfgo/package.dsv'
[54.720s] INFO:colcon.colcon_core.shell:Creating package script '/home/li/Time_various/install/tvfgo/share/tvfgo/package.sh'
[54.720s] INFO:colcon.colcon_core.shell:Creating package script '/home/li/Time_various/install/tvfgo/share/tvfgo/package.bash'
[54.720s] INFO:colcon.colcon_core.shell:Creating package script '/home/li/Time_various/install/tvfgo/share/tvfgo/package.zsh'
[54.721s] Level 1:colcon.colcon_core.environment:create_file_with_runtime_dependencies(/home/li/Time_various/install/tvfgo/share/colcon-core/packages/tvfgo)
[54.721s] DEBUG:colcon.colcon_parallel_executor.executor.parallel:closing loop
[54.721s] DEBUG:colcon.colcon_parallel_executor.executor.parallel:loop closed
[54.721s] DEBUG:colcon.colcon_parallel_executor.executor.parallel:run_until_complete finished with '0'
[54.721s] DEBUG:colcon.colcon_core.event_reactor:joining thread
[54.728s] INFO:colcon.colcon_core.plugin_system:Skipping extension 'colcon_notification.desktop_notification.terminal_notifier': Not used on non-Darwin systems
[54.728s] INFO:colcon.colcon_core.plugin_system:Skipping extension 'colcon_notification.desktop_notification.win32': Not used on non-Windows systems
[54.728s] INFO:colcon.colcon_notification.desktop_notification:Sending desktop notification using 'notify2'
[54.741s] DEBUG:colcon.colcon_core.event_reactor:joined thread
[54.741s] INFO:colcon.colcon_core.shell:Creating prefix script '/home/li/Time_various/install/local_setup.ps1'
[54.743s] INFO:colcon.colcon_core.shell:Creating prefix util module '/home/li/Time_various/install/_local_setup_util_ps1.py'
[54.744s] INFO:colcon.colcon_core.shell:Creating prefix chain script '/home/li/Time_various/install/setup.ps1'
[54.746s] INFO:colcon.colcon_core.shell:Creating prefix script '/home/li/Time_various/install/local_setup.sh'
[54.746s] INFO:colcon.colcon_core.shell:Creating prefix util module '/home/li/Time_various/install/_local_setup_util_sh.py'
[54.747s] INFO:colcon.colcon_core.shell:Creating prefix chain script '/home/li/Time_various/install/setup.sh'
[54.747s] INFO:colcon.colcon_core.shell:Creating prefix script '/home/li/Time_various/install/local_setup.bash'
[54.748s] INFO:colcon.colcon_core.shell:Creating prefix chain script '/home/li/Time_various/install/setup.bash'
[54.748s] INFO:colcon.colcon_core.shell:Creating prefix script '/home/li/Time_various/install/local_setup.zsh'
[54.749s] INFO:colcon.colcon_core.shell:Creating prefix chain script '/home/li/Time_various/install/setup.zsh'
