[0.065s] DEBUG:colcon:Command line arguments: ['/usr/bin/colcon', 'build']
[0.066s] DEBUG:colcon:Parsed command line arguments: Namespace(log_base=None, log_level=None, verb_name='build', build_base='build', install_base='install', merge_install=False, symlink_install=False, test_result_base=None, continue_on_error=False, executor='parallel', parallel_workers=20, event_handlers=None, ignore_user_meta=False, metas=['./colcon.meta'], base_paths=['.'], packages_ignore=None, packages_ignore_regex=None, paths=None, packages_up_to=None, packages_up_to_regex=None, packages_above=None, packages_above_and_dependencies=None, packages_above_depth=None, packages_select_by_dep=None, packages_skip_by_dep=None, packages_skip_up_to=None, packages_select_build_failed=False, packages_skip_build_finished=False, packages_select_test_failures=False, packages_skip_test_passed=False, packages_select=None, packages_skip=None, packages_select_regex=None, packages_skip_regex=None, packages_start=None, packages_end=None, allow_overriding=[], cmake_args=None, cmake_target=None, cmake_target_skip_unavailable=False, cmake_clean_cache=False, cmake_clean_first=False, cmake_force_configure=False, ament_cmake_args=None, catkin_cmake_args=None, catkin_skip_building_tests=False, verb_parser=<colcon_defaults.argument_parser.defaults.DefaultArgumentsDecorator object at 0x7863954174c0>, verb_extension=<colcon_core.verb.build.BuildVerb object at 0x786395416f50>, main=<bound method BuildVerb.main of <colcon_core.verb.build.BuildVerb object at 0x786395416f50>>)
[0.155s] Level 1:colcon.colcon_core.package_discovery:discover_packages(colcon_meta) check parameters
[0.155s] Level 1:colcon.colcon_core.package_discovery:discover_packages(recursive) check parameters
[0.155s] Level 1:colcon.colcon_core.package_discovery:discover_packages(ignore) check parameters
[0.155s] Level 1:colcon.colcon_core.package_discovery:discover_packages(path) check parameters
[0.155s] Level 1:colcon.colcon_core.package_discovery:discover_packages(colcon_meta) discover
[0.155s] Level 1:colcon.colcon_core.package_discovery:discover_packages(recursive) discover
[0.155s] INFO:colcon.colcon_core.package_discovery:Crawling recursively for packages in '/home/li/Time_various'
[0.155s] Level 1:colcon.colcon_core.package_identification:_identify(.) by extensions ['ignore', 'ignore_ament_install']
[0.156s] Level 1:colcon.colcon_core.package_identification:_identify(.) by extension 'ignore'
[0.156s] Level 1:colcon.colcon_core.package_identification:_identify(.) by extension 'ignore_ament_install'
[0.156s] Level 1:colcon.colcon_core.package_identification:_identify(.) by extensions ['colcon_pkg']
[0.156s] Level 1:colcon.colcon_core.package_identification:_identify(.) by extension 'colcon_pkg'
[0.156s] Level 1:colcon.colcon_core.package_identification:_identify(.) by extensions ['colcon_meta']
[0.156s] Level 1:colcon.colcon_core.package_identification:_identify(.) by extension 'colcon_meta'
[0.156s] Level 1:colcon.colcon_core.package_identification:_identify(.) by extensions ['ros']
[0.156s] Level 1:colcon.colcon_core.package_identification:_identify(.) by extension 'ros'
[0.164s] Level 1:colcon.colcon_core.package_identification:_identify(.) by extensions ['cmake', 'python']
[0.164s] Level 1:colcon.colcon_core.package_identification:_identify(.) by extension 'cmake'
[0.164s] Level 1:colcon.colcon_core.package_identification:_identify(.) by extension 'python'
[0.164s] Level 1:colcon.colcon_core.package_identification:_identify(.) by extensions ['python_setup_py']
[0.164s] Level 1:colcon.colcon_core.package_identification:_identify(.) by extension 'python_setup_py'
[0.164s] Level 1:colcon.colcon_core.package_identification:_identify(build) by extensions ['ignore', 'ignore_ament_install']
[0.164s] Level 1:colcon.colcon_core.package_identification:_identify(build) by extension 'ignore'
[0.164s] Level 1:colcon.colcon_core.package_identification:_identify(build) ignored
[0.164s] Level 1:colcon.colcon_core.package_identification:_identify(install) by extensions ['ignore', 'ignore_ament_install']
[0.164s] Level 1:colcon.colcon_core.package_identification:_identify(install) by extension 'ignore'
[0.164s] Level 1:colcon.colcon_core.package_identification:_identify(install) ignored
[0.164s] Level 1:colcon.colcon_core.package_identification:_identify(log) by extensions ['ignore', 'ignore_ament_install']
[0.164s] Level 1:colcon.colcon_core.package_identification:_identify(log) by extension 'ignore'
[0.164s] Level 1:colcon.colcon_core.package_identification:_identify(log) ignored
[0.164s] Level 1:colcon.colcon_core.package_identification:_identify(src) by extensions ['ignore', 'ignore_ament_install']
[0.164s] Level 1:colcon.colcon_core.package_identification:_identify(src) by extension 'ignore'
[0.164s] Level 1:colcon.colcon_core.package_identification:_identify(src) by extension 'ignore_ament_install'
[0.164s] Level 1:colcon.colcon_core.package_identification:_identify(src) by extensions ['colcon_pkg']
[0.164s] Level 1:colcon.colcon_core.package_identification:_identify(src) by extension 'colcon_pkg'
[0.164s] Level 1:colcon.colcon_core.package_identification:_identify(src) by extensions ['colcon_meta']
[0.164s] Level 1:colcon.colcon_core.package_identification:_identify(src) by extension 'colcon_meta'
[0.164s] Level 1:colcon.colcon_core.package_identification:_identify(src) by extensions ['ros']
[0.164s] Level 1:colcon.colcon_core.package_identification:_identify(src) by extension 'ros'
[0.165s] Level 1:colcon.colcon_core.package_identification:_identify(src) by extensions ['cmake', 'python']
[0.165s] Level 1:colcon.colcon_core.package_identification:_identify(src) by extension 'cmake'
[0.165s] Level 1:colcon.colcon_core.package_identification:_identify(src) by extension 'python'
[0.165s] Level 1:colcon.colcon_core.package_identification:_identify(src) by extensions ['python_setup_py']
[0.165s] Level 1:colcon.colcon_core.package_identification:_identify(src) by extension 'python_setup_py'
[0.165s] Level 1:colcon.colcon_core.package_identification:_identify(src/timevariousFGO) by extensions ['ignore', 'ignore_ament_install']
[0.165s] Level 1:colcon.colcon_core.package_identification:_identify(src/timevariousFGO) by extension 'ignore'
[0.165s] Level 1:colcon.colcon_core.package_identification:_identify(src/timevariousFGO) by extension 'ignore_ament_install'
[0.165s] Level 1:colcon.colcon_core.package_identification:_identify(src/timevariousFGO) by extensions ['colcon_pkg']
[0.165s] Level 1:colcon.colcon_core.package_identification:_identify(src/timevariousFGO) by extension 'colcon_pkg'
[0.165s] Level 1:colcon.colcon_core.package_identification:_identify(src/timevariousFGO) by extensions ['colcon_meta']
[0.165s] Level 1:colcon.colcon_core.package_identification:_identify(src/timevariousFGO) by extension 'colcon_meta'
[0.165s] Level 1:colcon.colcon_core.package_identification:_identify(src/timevariousFGO) by extensions ['ros']
[0.165s] Level 1:colcon.colcon_core.package_identification:_identify(src/timevariousFGO) by extension 'ros'
[0.165s] Level 1:colcon.colcon_core.package_identification:_identify(src/timevariousFGO) by extensions ['cmake', 'python']
[0.165s] Level 1:colcon.colcon_core.package_identification:_identify(src/timevariousFGO) by extension 'cmake'
[0.165s] Level 1:colcon.colcon_core.package_identification:_identify(src/timevariousFGO) by extension 'python'
[0.165s] Level 1:colcon.colcon_core.package_identification:_identify(src/timevariousFGO) by extensions ['python_setup_py']
[0.165s] Level 1:colcon.colcon_core.package_identification:_identify(src/timevariousFGO) by extension 'python_setup_py'
[0.165s] Level 1:colcon.colcon_core.package_identification:_identify(src/timevariousFGO/TVFGO) by extensions ['ignore', 'ignore_ament_install']
[0.165s] Level 1:colcon.colcon_core.package_identification:_identify(src/timevariousFGO/TVFGO) by extension 'ignore'
[0.165s] Level 1:colcon.colcon_core.package_identification:_identify(src/timevariousFGO/TVFGO) by extension 'ignore_ament_install'
[0.165s] Level 1:colcon.colcon_core.package_identification:_identify(src/timevariousFGO/TVFGO) by extensions ['colcon_pkg']
[0.165s] Level 1:colcon.colcon_core.package_identification:_identify(src/timevariousFGO/TVFGO) by extension 'colcon_pkg'
[0.165s] Level 1:colcon.colcon_core.package_identification:_identify(src/timevariousFGO/TVFGO) by extensions ['colcon_meta']
[0.165s] Level 1:colcon.colcon_core.package_identification:_identify(src/timevariousFGO/TVFGO) by extension 'colcon_meta'
[0.165s] Level 1:colcon.colcon_core.package_identification:_identify(src/timevariousFGO/TVFGO) by extensions ['ros']
[0.165s] Level 1:colcon.colcon_core.package_identification:_identify(src/timevariousFGO/TVFGO) by extension 'ros'
[0.167s] DEBUG:colcon.colcon_core.package_identification:Package 'src/timevariousFGO/TVFGO' with type 'ros.ament_cmake' and name 'TVFGO'
[0.167s] Level 1:colcon.colcon_core.package_identification:_identify(src/timevariousFGO/irt_nav_common) by extensions ['ignore', 'ignore_ament_install']
[0.167s] Level 1:colcon.colcon_core.package_identification:_identify(src/timevariousFGO/irt_nav_common) by extension 'ignore'
[0.167s] Level 1:colcon.colcon_core.package_identification:_identify(src/timevariousFGO/irt_nav_common) by extension 'ignore_ament_install'
[0.167s] Level 1:colcon.colcon_core.package_identification:_identify(src/timevariousFGO/irt_nav_common) by extensions ['colcon_pkg']
[0.167s] Level 1:colcon.colcon_core.package_identification:_identify(src/timevariousFGO/irt_nav_common) by extension 'colcon_pkg'
[0.167s] Level 1:colcon.colcon_core.package_identification:_identify(src/timevariousFGO/irt_nav_common) by extensions ['colcon_meta']
[0.167s] Level 1:colcon.colcon_core.package_identification:_identify(src/timevariousFGO/irt_nav_common) by extension 'colcon_meta'
[0.167s] Level 1:colcon.colcon_core.package_identification:_identify(src/timevariousFGO/irt_nav_common) by extensions ['ros']
[0.167s] Level 1:colcon.colcon_core.package_identification:_identify(src/timevariousFGO/irt_nav_common) by extension 'ros'
[0.167s] Level 1:colcon.colcon_core.package_identification:_identify(src/timevariousFGO/irt_nav_common) by extensions ['cmake', 'python']
[0.167s] Level 1:colcon.colcon_core.package_identification:_identify(src/timevariousFGO/irt_nav_common) by extension 'cmake'
[0.167s] Level 1:colcon.colcon_core.package_identification:_identify(src/timevariousFGO/irt_nav_common) by extension 'python'
[0.167s] Level 1:colcon.colcon_core.package_identification:_identify(src/timevariousFGO/irt_nav_common) by extensions ['python_setup_py']
[0.167s] Level 1:colcon.colcon_core.package_identification:_identify(src/timevariousFGO/irt_nav_common) by extension 'python_setup_py'
[0.168s] Level 1:colcon.colcon_core.package_identification:_identify(src/timevariousFGO/irt_nav_common/irt_nav_common) by extensions ['ignore', 'ignore_ament_install']
[0.168s] Level 1:colcon.colcon_core.package_identification:_identify(src/timevariousFGO/irt_nav_common/irt_nav_common) by extension 'ignore'
[0.168s] Level 1:colcon.colcon_core.package_identification:_identify(src/timevariousFGO/irt_nav_common/irt_nav_common) by extension 'ignore_ament_install'
[0.168s] Level 1:colcon.colcon_core.package_identification:_identify(src/timevariousFGO/irt_nav_common/irt_nav_common) by extensions ['colcon_pkg']
[0.168s] Level 1:colcon.colcon_core.package_identification:_identify(src/timevariousFGO/irt_nav_common/irt_nav_common) by extension 'colcon_pkg'
[0.168s] Level 1:colcon.colcon_core.package_identification:_identify(src/timevariousFGO/irt_nav_common/irt_nav_common) by extensions ['colcon_meta']
[0.168s] Level 1:colcon.colcon_core.package_identification:_identify(src/timevariousFGO/irt_nav_common/irt_nav_common) by extension 'colcon_meta'
[0.168s] Level 1:colcon.colcon_core.package_identification:_identify(src/timevariousFGO/irt_nav_common/irt_nav_common) by extensions ['ros']
[0.168s] Level 1:colcon.colcon_core.package_identification:_identify(src/timevariousFGO/irt_nav_common/irt_nav_common) by extension 'ros'
[0.169s] DEBUG:colcon.colcon_core.package_identification:Package 'src/timevariousFGO/irt_nav_common/irt_nav_common' with type 'ros.ament_cmake' and name 'irt_nav_common'
[0.169s] Level 1:colcon.colcon_core.package_identification:_identify(src/timevariousFGO/irt_nav_common/irt_nav_msgs) by extensions ['ignore', 'ignore_ament_install']
[0.169s] Level 1:colcon.colcon_core.package_identification:_identify(src/timevariousFGO/irt_nav_common/irt_nav_msgs) by extension 'ignore'
[0.169s] Level 1:colcon.colcon_core.package_identification:_identify(src/timevariousFGO/irt_nav_common/irt_nav_msgs) by extension 'ignore_ament_install'
[0.169s] Level 1:colcon.colcon_core.package_identification:_identify(src/timevariousFGO/irt_nav_common/irt_nav_msgs) by extensions ['colcon_pkg']
[0.169s] Level 1:colcon.colcon_core.package_identification:_identify(src/timevariousFGO/irt_nav_common/irt_nav_msgs) by extension 'colcon_pkg'
[0.169s] Level 1:colcon.colcon_core.package_identification:_identify(src/timevariousFGO/irt_nav_common/irt_nav_msgs) by extensions ['colcon_meta']
[0.169s] Level 1:colcon.colcon_core.package_identification:_identify(src/timevariousFGO/irt_nav_common/irt_nav_msgs) by extension 'colcon_meta'
[0.169s] Level 1:colcon.colcon_core.package_identification:_identify(src/timevariousFGO/irt_nav_common/irt_nav_msgs) by extensions ['ros']
[0.169s] Level 1:colcon.colcon_core.package_identification:_identify(src/timevariousFGO/irt_nav_common/irt_nav_msgs) by extension 'ros'
[0.169s] DEBUG:colcon.colcon_core.package_identification:Package 'src/timevariousFGO/irt_nav_common/irt_nav_msgs' with type 'ros.ament_cmake' and name 'irt_nav_msgs'
[0.169s] Level 1:colcon.colcon_core.package_identification:_identify(src/timevariousFGO/nav_msgs) by extensions ['ignore', 'ignore_ament_install']
[0.170s] Level 1:colcon.colcon_core.package_identification:_identify(src/timevariousFGO/nav_msgs) by extension 'ignore'
[0.170s] Level 1:colcon.colcon_core.package_identification:_identify(src/timevariousFGO/nav_msgs) by extension 'ignore_ament_install'
[0.170s] Level 1:colcon.colcon_core.package_identification:_identify(src/timevariousFGO/nav_msgs) by extensions ['colcon_pkg']
[0.170s] Level 1:colcon.colcon_core.package_identification:_identify(src/timevariousFGO/nav_msgs) by extension 'colcon_pkg'
[0.170s] Level 1:colcon.colcon_core.package_identification:_identify(src/timevariousFGO/nav_msgs) by extensions ['colcon_meta']
[0.170s] Level 1:colcon.colcon_core.package_identification:_identify(src/timevariousFGO/nav_msgs) by extension 'colcon_meta'
[0.170s] Level 1:colcon.colcon_core.package_identification:_identify(src/timevariousFGO/nav_msgs) by extensions ['ros']
[0.170s] Level 1:colcon.colcon_core.package_identification:_identify(src/timevariousFGO/nav_msgs) by extension 'ros'
[0.170s] Level 1:colcon.colcon_core.package_identification:_identify(src/timevariousFGO/nav_msgs) by extensions ['cmake', 'python']
[0.170s] Level 1:colcon.colcon_core.package_identification:_identify(src/timevariousFGO/nav_msgs) by extension 'cmake'
[0.170s] Level 1:colcon.colcon_core.package_identification:_identify(src/timevariousFGO/nav_msgs) by extension 'python'
[0.170s] Level 1:colcon.colcon_core.package_identification:_identify(src/timevariousFGO/nav_msgs) by extensions ['python_setup_py']
[0.170s] Level 1:colcon.colcon_core.package_identification:_identify(src/timevariousFGO/nav_msgs) by extension 'python_setup_py'
[0.170s] Level 1:colcon.colcon_core.package_discovery:discover_packages(recursive) using defaults
[0.170s] Level 1:colcon.colcon_core.package_discovery:discover_packages(ignore) discover
[0.170s] Level 1:colcon.colcon_core.package_discovery:discover_packages(ignore) using defaults
[0.170s] Level 1:colcon.colcon_core.package_discovery:discover_packages(path) discover
[0.170s] Level 1:colcon.colcon_core.package_discovery:discover_packages(path) using defaults
[0.183s] Level 1:colcon.colcon_core.package_discovery:discover_packages(prefix_path) check parameters
[0.183s] Level 1:colcon.colcon_core.package_discovery:discover_packages(prefix_path) discover
[0.184s] DEBUG:colcon.colcon_installed_package_information.package_discovery:Found 271 installed packages in /opt/ros/humble
[0.186s] Level 1:colcon.colcon_core.package_discovery:discover_packages(prefix_path) using defaults
[0.215s] Level 5:colcon.colcon_core.verb:set package 'TVFGO' build argument 'cmake_args' from command line to 'None'
[0.215s] Level 5:colcon.colcon_core.verb:set package 'TVFGO' build argument 'cmake_target' from command line to 'None'
[0.215s] Level 5:colcon.colcon_core.verb:set package 'TVFGO' build argument 'cmake_target_skip_unavailable' from command line to 'False'
[0.215s] Level 5:colcon.colcon_core.verb:set package 'TVFGO' build argument 'cmake_clean_cache' from command line to 'False'
[0.215s] Level 5:colcon.colcon_core.verb:set package 'TVFGO' build argument 'cmake_clean_first' from command line to 'False'
[0.215s] Level 5:colcon.colcon_core.verb:set package 'TVFGO' build argument 'cmake_force_configure' from command line to 'False'
[0.215s] Level 5:colcon.colcon_core.verb:set package 'TVFGO' build argument 'ament_cmake_args' from command line to 'None'
[0.215s] Level 5:colcon.colcon_core.verb:set package 'TVFGO' build argument 'catkin_cmake_args' from command line to 'None'
[0.215s] Level 5:colcon.colcon_core.verb:set package 'TVFGO' build argument 'catkin_skip_building_tests' from command line to 'False'
[0.215s] DEBUG:colcon.colcon_core.verb:Building package 'TVFGO' with the following arguments: {'ament_cmake_args': None, 'build_base': '/home/li/Time_various/build/TVFGO', 'catkin_cmake_args': None, 'catkin_skip_building_tests': False, 'cmake_args': None, 'cmake_clean_cache': False, 'cmake_clean_first': False, 'cmake_force_configure': False, 'cmake_target': None, 'cmake_target_skip_unavailable': False, 'install_base': '/home/li/Time_various/install/TVFGO', 'merge_install': False, 'path': '/home/li/Time_various/src/timevariousFGO/TVFGO', 'symlink_install': False, 'test_result_base': None}
[0.215s] Level 5:colcon.colcon_core.verb:set package 'irt_nav_msgs' build argument 'cmake_args' from command line to 'None'
[0.215s] Level 5:colcon.colcon_core.verb:set package 'irt_nav_msgs' build argument 'cmake_target' from command line to 'None'
[0.215s] Level 5:colcon.colcon_core.verb:set package 'irt_nav_msgs' build argument 'cmake_target_skip_unavailable' from command line to 'False'
[0.215s] Level 5:colcon.colcon_core.verb:set package 'irt_nav_msgs' build argument 'cmake_clean_cache' from command line to 'False'
[0.215s] Level 5:colcon.colcon_core.verb:set package 'irt_nav_msgs' build argument 'cmake_clean_first' from command line to 'False'
[0.215s] Level 5:colcon.colcon_core.verb:set package 'irt_nav_msgs' build argument 'cmake_force_configure' from command line to 'False'
[0.215s] Level 5:colcon.colcon_core.verb:set package 'irt_nav_msgs' build argument 'ament_cmake_args' from command line to 'None'
[0.215s] Level 5:colcon.colcon_core.verb:set package 'irt_nav_msgs' build argument 'catkin_cmake_args' from command line to 'None'
[0.215s] Level 5:colcon.colcon_core.verb:set package 'irt_nav_msgs' build argument 'catkin_skip_building_tests' from command line to 'False'
[0.215s] DEBUG:colcon.colcon_core.verb:Building package 'irt_nav_msgs' with the following arguments: {'ament_cmake_args': None, 'build_base': '/home/li/Time_various/build/irt_nav_msgs', 'catkin_cmake_args': None, 'catkin_skip_building_tests': False, 'cmake_args': None, 'cmake_clean_cache': False, 'cmake_clean_first': False, 'cmake_force_configure': False, 'cmake_target': None, 'cmake_target_skip_unavailable': False, 'install_base': '/home/li/Time_various/install/irt_nav_msgs', 'merge_install': False, 'path': '/home/li/Time_various/src/timevariousFGO/irt_nav_common/irt_nav_msgs', 'symlink_install': False, 'test_result_base': None}
[0.215s] Level 5:colcon.colcon_core.verb:set package 'irt_nav_common' build argument 'cmake_args' from command line to 'None'
[0.215s] Level 5:colcon.colcon_core.verb:set package 'irt_nav_common' build argument 'cmake_target' from command line to 'None'
[0.215s] Level 5:colcon.colcon_core.verb:set package 'irt_nav_common' build argument 'cmake_target_skip_unavailable' from command line to 'False'
[0.215s] Level 5:colcon.colcon_core.verb:set package 'irt_nav_common' build argument 'cmake_clean_cache' from command line to 'False'
[0.215s] Level 5:colcon.colcon_core.verb:set package 'irt_nav_common' build argument 'cmake_clean_first' from command line to 'False'
[0.215s] Level 5:colcon.colcon_core.verb:set package 'irt_nav_common' build argument 'cmake_force_configure' from command line to 'False'
[0.215s] Level 5:colcon.colcon_core.verb:set package 'irt_nav_common' build argument 'ament_cmake_args' from command line to 'None'
[0.215s] Level 5:colcon.colcon_core.verb:set package 'irt_nav_common' build argument 'catkin_cmake_args' from command line to 'None'
[0.215s] Level 5:colcon.colcon_core.verb:set package 'irt_nav_common' build argument 'catkin_skip_building_tests' from command line to 'False'
[0.215s] DEBUG:colcon.colcon_core.verb:Building package 'irt_nav_common' with the following arguments: {'ament_cmake_args': None, 'build_base': '/home/li/Time_various/build/irt_nav_common', 'catkin_cmake_args': None, 'catkin_skip_building_tests': False, 'cmake_args': None, 'cmake_clean_cache': False, 'cmake_clean_first': False, 'cmake_force_configure': False, 'cmake_target': None, 'cmake_target_skip_unavailable': False, 'install_base': '/home/li/Time_various/install/irt_nav_common', 'merge_install': False, 'path': '/home/li/Time_various/src/timevariousFGO/irt_nav_common/irt_nav_common', 'symlink_install': False, 'test_result_base': None}
[0.215s] INFO:colcon.colcon_core.executor:Executing jobs using 'parallel' executor
[0.216s] DEBUG:colcon.colcon_parallel_executor.executor.parallel:run_until_complete
[0.216s] INFO:colcon.colcon_ros.task.ament_cmake.build:Building ROS package in '/home/li/Time_various/src/timevariousFGO/irt_nav_common/irt_nav_msgs' with build type 'ament_cmake'
[0.216s] INFO:colcon.colcon_cmake.task.cmake.build:Building CMake package in '/home/li/Time_various/src/timevariousFGO/irt_nav_common/irt_nav_msgs'
[0.218s] INFO:colcon.colcon_core.plugin_system:Skipping extension 'colcon_core.shell.bat': Not used on non-Windows systems
[0.218s] INFO:colcon.colcon_core.shell:Skip shell extension 'powershell' for command environment: Not usable outside of PowerShell
[0.218s] DEBUG:colcon.colcon_core.shell:Skip shell extension 'dsv' for command environment
[0.220s] INFO:colcon.colcon_ros.task.ament_cmake.build:Building ROS package in '/home/li/Time_various/src/timevariousFGO/TVFGO' with build type 'ament_cmake'
[0.220s] INFO:colcon.colcon_cmake.task.cmake.build:Building CMake package in '/home/li/Time_various/src/timevariousFGO/TVFGO'
[0.220s] INFO:colcon.colcon_core.shell:Skip shell extension 'powershell' for command environment: Not usable outside of PowerShell
[0.220s] DEBUG:colcon.colcon_core.shell:Skip shell extension 'dsv' for command environment
[0.226s] DEBUG:colcon.colcon_core.event_handler.log_command:Invoking command in '/home/li/Time_various/build/irt_nav_msgs': CMAKE_PREFIX_PATH=/opt/ros/humble CONDA_PROMPT_MODIFIER=(base) /usr/bin/cmake --build /home/li/Time_various/build/irt_nav_msgs -- -j20 -l20
[0.228s] DEBUG:colcon.colcon_core.event_handler.log_command:Invoking command in '/home/li/Time_various/build/TVFGO': CMAKE_PREFIX_PATH=/opt/ros/humble CONDA_PROMPT_MODIFIER=(base) /usr/bin/cmake --build /home/li/Time_various/build/TVFGO -- -j20 -l20
[0.263s] DEBUG:colcon.colcon_core.event_handler.log_command:Invoked command in '/home/li/Time_various/build/TVFGO' returned '0': CMAKE_PREFIX_PATH=/opt/ros/humble CONDA_PROMPT_MODIFIER=(base) /usr/bin/cmake --build /home/li/Time_various/build/TVFGO -- -j20 -l20
[0.270s] DEBUG:colcon.colcon_core.event_handler.log_command:Invoking command in '/home/li/Time_various/build/TVFGO': CMAKE_PREFIX_PATH=/opt/ros/humble CONDA_PROMPT_MODIFIER=(base) /usr/bin/cmake --install /home/li/Time_various/build/TVFGO
[0.282s] Level 1:colcon.colcon_core.environment:create_environment_scripts_only(TVFGO)
[0.283s] DEBUG:colcon.colcon_core.event_handler.log_command:Invoked command in '/home/li/Time_various/build/TVFGO' returned '0': CMAKE_PREFIX_PATH=/opt/ros/humble CONDA_PROMPT_MODIFIER=(base) /usr/bin/cmake --install /home/li/Time_various/build/TVFGO
[0.285s] Level 1:colcon.colcon_core.environment:checking '/home/li/Time_various/install/TVFGO' for CMake module files
[0.285s] Level 1:colcon.colcon_core.environment:checking '/home/li/Time_various/install/TVFGO' for CMake config files
[0.286s] Level 1:colcon.colcon_core.shell:create_environment_hook('TVFGO', 'cmake_prefix_path')
[0.286s] INFO:colcon.colcon_core.shell:Creating environment hook '/home/li/Time_various/install/TVFGO/share/TVFGO/hook/cmake_prefix_path.ps1'
[0.287s] INFO:colcon.colcon_core.shell:Creating environment descriptor '/home/li/Time_various/install/TVFGO/share/TVFGO/hook/cmake_prefix_path.dsv'
[0.287s] INFO:colcon.colcon_core.shell:Creating environment hook '/home/li/Time_various/install/TVFGO/share/TVFGO/hook/cmake_prefix_path.sh'
[0.288s] Level 1:colcon.colcon_core.environment:checking '/home/li/Time_various/install/TVFGO/bin'
[0.288s] Level 1:colcon.colcon_core.environment:checking '/home/li/Time_various/install/TVFGO/lib/pkgconfig/TVFGO.pc'
[0.289s] Level 1:colcon.colcon_core.environment:checking '/home/li/Time_various/install/TVFGO/lib/python3.10/site-packages'
[0.289s] Level 1:colcon.colcon_core.environment:checking '/home/li/Time_various/install/TVFGO/bin'
[0.289s] INFO:colcon.colcon_core.shell:Creating package script '/home/li/Time_various/install/TVFGO/share/TVFGO/package.ps1'
[0.290s] INFO:colcon.colcon_core.shell:Creating package descriptor '/home/li/Time_various/install/TVFGO/share/TVFGO/package.dsv'
[0.291s] INFO:colcon.colcon_core.shell:Creating package script '/home/li/Time_various/install/TVFGO/share/TVFGO/package.sh'
[0.292s] INFO:colcon.colcon_core.shell:Creating package script '/home/li/Time_various/install/TVFGO/share/TVFGO/package.bash'
[0.292s] INFO:colcon.colcon_core.shell:Creating package script '/home/li/Time_various/install/TVFGO/share/TVFGO/package.zsh'
[0.293s] Level 1:colcon.colcon_core.environment:create_file_with_runtime_dependencies(/home/li/Time_various/install/TVFGO/share/colcon-core/packages/TVFGO)
[0.293s] Level 1:colcon.colcon_core.environment:create_environment_scripts_only(TVFGO)
[0.293s] Level 1:colcon.colcon_core.environment:checking '/home/li/Time_various/install/TVFGO' for CMake module files
[0.294s] Level 1:colcon.colcon_core.environment:checking '/home/li/Time_various/install/TVFGO' for CMake config files
[0.294s] Level 1:colcon.colcon_core.shell:create_environment_hook('TVFGO', 'cmake_prefix_path')
[0.294s] INFO:colcon.colcon_core.shell:Creating environment hook '/home/li/Time_various/install/TVFGO/share/TVFGO/hook/cmake_prefix_path.ps1'
[0.295s] INFO:colcon.colcon_core.shell:Creating environment descriptor '/home/li/Time_various/install/TVFGO/share/TVFGO/hook/cmake_prefix_path.dsv'
[0.295s] INFO:colcon.colcon_core.shell:Creating environment hook '/home/li/Time_various/install/TVFGO/share/TVFGO/hook/cmake_prefix_path.sh'
[0.295s] Level 1:colcon.colcon_core.environment:checking '/home/li/Time_various/install/TVFGO/bin'
[0.295s] Level 1:colcon.colcon_core.environment:checking '/home/li/Time_various/install/TVFGO/lib/pkgconfig/TVFGO.pc'
[0.296s] Level 1:colcon.colcon_core.environment:checking '/home/li/Time_various/install/TVFGO/lib/python3.10/site-packages'
[0.296s] Level 1:colcon.colcon_core.environment:checking '/home/li/Time_various/install/TVFGO/bin'
[0.296s] INFO:colcon.colcon_core.shell:Creating package script '/home/li/Time_various/install/TVFGO/share/TVFGO/package.ps1'
[0.296s] INFO:colcon.colcon_core.shell:Creating package descriptor '/home/li/Time_various/install/TVFGO/share/TVFGO/package.dsv'
[0.297s] INFO:colcon.colcon_core.shell:Creating package script '/home/li/Time_various/install/TVFGO/share/TVFGO/package.sh'
[0.297s] INFO:colcon.colcon_core.shell:Creating package script '/home/li/Time_various/install/TVFGO/share/TVFGO/package.bash'
[0.298s] INFO:colcon.colcon_core.shell:Creating package script '/home/li/Time_various/install/TVFGO/share/TVFGO/package.zsh'
[0.299s] Level 1:colcon.colcon_core.environment:create_file_with_runtime_dependencies(/home/li/Time_various/install/TVFGO/share/colcon-core/packages/TVFGO)
[12.071s] DEBUG:colcon.colcon_core.event_handler.log_command:Invoked command in '/home/li/Time_various/build/irt_nav_msgs' returned '0': CMAKE_PREFIX_PATH=/opt/ros/humble CONDA_PROMPT_MODIFIER=(base) /usr/bin/cmake --build /home/li/Time_various/build/irt_nav_msgs -- -j20 -l20
[12.072s] DEBUG:colcon.colcon_core.event_handler.log_command:Invoking command in '/home/li/Time_various/build/irt_nav_msgs': CMAKE_PREFIX_PATH=/opt/ros/humble CONDA_PROMPT_MODIFIER=(base) /usr/bin/cmake --install /home/li/Time_various/build/irt_nav_msgs
[12.242s] Level 1:colcon.colcon_core.environment:create_environment_scripts_only(irt_nav_msgs)
[12.242s] DEBUG:colcon.colcon_core.event_handler.log_command:Invoked command in '/home/li/Time_various/build/irt_nav_msgs' returned '0': CMAKE_PREFIX_PATH=/opt/ros/humble CONDA_PROMPT_MODIFIER=(base) /usr/bin/cmake --install /home/li/Time_various/build/irt_nav_msgs
[12.242s] Level 1:colcon.colcon_core.environment:checking '/home/li/Time_various/install/irt_nav_msgs' for CMake module files
[12.243s] Level 1:colcon.colcon_core.environment:checking '/home/li/Time_various/install/irt_nav_msgs' for CMake config files
[12.244s] Level 1:colcon.colcon_core.shell:create_environment_hook('irt_nav_msgs', 'cmake_prefix_path')
[12.244s] INFO:colcon.colcon_core.shell:Creating environment hook '/home/li/Time_various/install/irt_nav_msgs/share/irt_nav_msgs/hook/cmake_prefix_path.ps1'
[12.244s] INFO:colcon.colcon_core.shell:Creating environment descriptor '/home/li/Time_various/install/irt_nav_msgs/share/irt_nav_msgs/hook/cmake_prefix_path.dsv'
[12.244s] INFO:colcon.colcon_core.shell:Creating environment hook '/home/li/Time_various/install/irt_nav_msgs/share/irt_nav_msgs/hook/cmake_prefix_path.sh'
[12.245s] Level 1:colcon.colcon_core.environment:checking '/home/li/Time_various/install/irt_nav_msgs/lib'
[12.245s] Level 1:colcon.colcon_core.shell:create_environment_hook('irt_nav_msgs', 'ld_library_path_lib')
[12.245s] INFO:colcon.colcon_core.shell:Creating environment hook '/home/li/Time_various/install/irt_nav_msgs/share/irt_nav_msgs/hook/ld_library_path_lib.ps1'
[12.246s] INFO:colcon.colcon_core.shell:Creating environment descriptor '/home/li/Time_various/install/irt_nav_msgs/share/irt_nav_msgs/hook/ld_library_path_lib.dsv'
[12.246s] INFO:colcon.colcon_core.shell:Creating environment hook '/home/li/Time_various/install/irt_nav_msgs/share/irt_nav_msgs/hook/ld_library_path_lib.sh'
[12.246s] Level 1:colcon.colcon_core.environment:checking '/home/li/Time_various/install/irt_nav_msgs/bin'
[12.246s] Level 1:colcon.colcon_core.environment:checking '/home/li/Time_various/install/irt_nav_msgs/lib/pkgconfig/irt_nav_msgs.pc'
[12.246s] Level 1:colcon.colcon_core.environment:checking '/home/li/Time_various/install/irt_nav_msgs/lib/python3.10/site-packages'
[12.246s] Level 1:colcon.colcon_core.environment:checking '/home/li/Time_various/install/irt_nav_msgs/bin'
[12.246s] INFO:colcon.colcon_core.shell:Creating package script '/home/li/Time_various/install/irt_nav_msgs/share/irt_nav_msgs/package.ps1'
[12.247s] INFO:colcon.colcon_core.shell:Creating package descriptor '/home/li/Time_various/install/irt_nav_msgs/share/irt_nav_msgs/package.dsv'
[12.247s] INFO:colcon.colcon_core.shell:Creating package script '/home/li/Time_various/install/irt_nav_msgs/share/irt_nav_msgs/package.sh'
[12.247s] INFO:colcon.colcon_core.shell:Creating package script '/home/li/Time_various/install/irt_nav_msgs/share/irt_nav_msgs/package.bash'
[12.247s] INFO:colcon.colcon_core.shell:Creating package script '/home/li/Time_various/install/irt_nav_msgs/share/irt_nav_msgs/package.zsh'
[12.248s] Level 1:colcon.colcon_core.environment:create_file_with_runtime_dependencies(/home/li/Time_various/install/irt_nav_msgs/share/colcon-core/packages/irt_nav_msgs)
[12.248s] Level 1:colcon.colcon_core.environment:create_environment_scripts_only(irt_nav_msgs)
[12.248s] Level 1:colcon.colcon_core.environment:checking '/home/li/Time_various/install/irt_nav_msgs' for CMake module files
[12.248s] Level 1:colcon.colcon_core.environment:checking '/home/li/Time_various/install/irt_nav_msgs' for CMake config files
[12.249s] Level 1:colcon.colcon_core.shell:create_environment_hook('irt_nav_msgs', 'cmake_prefix_path')
[12.249s] INFO:colcon.colcon_core.shell:Creating environment hook '/home/li/Time_various/install/irt_nav_msgs/share/irt_nav_msgs/hook/cmake_prefix_path.ps1'
[12.249s] INFO:colcon.colcon_core.shell:Creating environment descriptor '/home/li/Time_various/install/irt_nav_msgs/share/irt_nav_msgs/hook/cmake_prefix_path.dsv'
[12.249s] INFO:colcon.colcon_core.shell:Creating environment hook '/home/li/Time_various/install/irt_nav_msgs/share/irt_nav_msgs/hook/cmake_prefix_path.sh'
[12.249s] Level 1:colcon.colcon_core.environment:checking '/home/li/Time_various/install/irt_nav_msgs/lib'
[12.249s] Level 1:colcon.colcon_core.shell:create_environment_hook('irt_nav_msgs', 'ld_library_path_lib')
[12.250s] INFO:colcon.colcon_core.shell:Creating environment hook '/home/li/Time_various/install/irt_nav_msgs/share/irt_nav_msgs/hook/ld_library_path_lib.ps1'
[12.250s] INFO:colcon.colcon_core.shell:Creating environment descriptor '/home/li/Time_various/install/irt_nav_msgs/share/irt_nav_msgs/hook/ld_library_path_lib.dsv'
[12.250s] INFO:colcon.colcon_core.shell:Creating environment hook '/home/li/Time_various/install/irt_nav_msgs/share/irt_nav_msgs/hook/ld_library_path_lib.sh'
[12.250s] Level 1:colcon.colcon_core.environment:checking '/home/li/Time_various/install/irt_nav_msgs/bin'
[12.250s] Level 1:colcon.colcon_core.environment:checking '/home/li/Time_various/install/irt_nav_msgs/lib/pkgconfig/irt_nav_msgs.pc'
[12.250s] Level 1:colcon.colcon_core.environment:checking '/home/li/Time_various/install/irt_nav_msgs/lib/python3.10/site-packages'
[12.250s] Level 1:colcon.colcon_core.environment:checking '/home/li/Time_various/install/irt_nav_msgs/bin'
[12.251s] INFO:colcon.colcon_core.shell:Creating package script '/home/li/Time_various/install/irt_nav_msgs/share/irt_nav_msgs/package.ps1'
[12.256s] INFO:colcon.colcon_core.shell:Creating package descriptor '/home/li/Time_various/install/irt_nav_msgs/share/irt_nav_msgs/package.dsv'
[12.257s] INFO:colcon.colcon_core.shell:Creating package script '/home/li/Time_various/install/irt_nav_msgs/share/irt_nav_msgs/package.sh'
[12.257s] INFO:colcon.colcon_core.shell:Creating package script '/home/li/Time_various/install/irt_nav_msgs/share/irt_nav_msgs/package.bash'
[12.257s] INFO:colcon.colcon_core.shell:Creating package script '/home/li/Time_various/install/irt_nav_msgs/share/irt_nav_msgs/package.zsh'
[12.258s] Level 1:colcon.colcon_core.environment:create_file_with_runtime_dependencies(/home/li/Time_various/install/irt_nav_msgs/share/colcon-core/packages/irt_nav_msgs)
[12.258s] INFO:colcon.colcon_ros.task.ament_cmake.build:Building ROS package in '/home/li/Time_various/src/timevariousFGO/irt_nav_common/irt_nav_common' with build type 'ament_cmake'
[12.258s] INFO:colcon.colcon_cmake.task.cmake.build:Building CMake package in '/home/li/Time_various/src/timevariousFGO/irt_nav_common/irt_nav_common'
[12.258s] INFO:colcon.colcon_core.shell:Skip shell extension 'powershell' for command environment: Not usable outside of PowerShell
[12.258s] DEBUG:colcon.colcon_core.shell:Skip shell extension 'dsv' for command environment
[12.267s] DEBUG:colcon.colcon_core.event_handler.log_command:Invoking command in '/home/li/Time_various/build/irt_nav_common': AMENT_PREFIX_PATH=/home/li/Time_various/install/irt_nav_msgs:${AMENT_PREFIX_PATH} CMAKE_PREFIX_PATH=/home/li/Time_various/install/irt_nav_msgs:/opt/ros/humble CONDA_PROMPT_MODIFIER=(base) LD_LIBRARY_PATH=/home/li/Time_various/install/irt_nav_msgs/lib:${LD_LIBRARY_PATH} PYTHONPATH=/home/li/Time_various/install/irt_nav_msgs/lib/python3.13/site-packages:${PYTHONPATH} /usr/bin/cmake /home/li/Time_various/src/timevariousFGO/irt_nav_common/irt_nav_common -DCMAKE_INSTALL_PREFIX=/home/li/Time_various/install/irt_nav_common
[13.691s] DEBUG:colcon.colcon_core.event_handler.log_command:Invoked command in '/home/li/Time_various/build/irt_nav_common' returned '0': AMENT_PREFIX_PATH=/home/li/Time_various/install/irt_nav_msgs:${AMENT_PREFIX_PATH} CMAKE_PREFIX_PATH=/home/li/Time_various/install/irt_nav_msgs:/opt/ros/humble CONDA_PROMPT_MODIFIER=(base) LD_LIBRARY_PATH=/home/li/Time_various/install/irt_nav_msgs/lib:${LD_LIBRARY_PATH} PYTHONPATH=/home/li/Time_various/install/irt_nav_msgs/lib/python3.13/site-packages:${PYTHONPATH} /usr/bin/cmake /home/li/Time_various/src/timevariousFGO/irt_nav_common/irt_nav_common -DCMAKE_INSTALL_PREFIX=/home/li/Time_various/install/irt_nav_common
[13.692s] DEBUG:colcon.colcon_core.event_handler.log_command:Invoking command in '/home/li/Time_various/build/irt_nav_common': AMENT_PREFIX_PATH=/home/li/Time_various/install/irt_nav_msgs:${AMENT_PREFIX_PATH} CMAKE_PREFIX_PATH=/home/li/Time_various/install/irt_nav_msgs:/opt/ros/humble CONDA_PROMPT_MODIFIER=(base) LD_LIBRARY_PATH=/home/li/Time_various/install/irt_nav_msgs/lib:${LD_LIBRARY_PATH} PYTHONPATH=/home/li/Time_various/install/irt_nav_msgs/lib/python3.13/site-packages:${PYTHONPATH} /usr/bin/cmake --build /home/li/Time_various/build/irt_nav_common -- -j20 -l20
[19.411s] DEBUG:colcon.colcon_core.event_handler.log_command:Invoked command in '/home/li/Time_various/build/irt_nav_common' returned '0': AMENT_PREFIX_PATH=/home/li/Time_various/install/irt_nav_msgs:${AMENT_PREFIX_PATH} CMAKE_PREFIX_PATH=/home/li/Time_various/install/irt_nav_msgs:/opt/ros/humble CONDA_PROMPT_MODIFIER=(base) LD_LIBRARY_PATH=/home/li/Time_various/install/irt_nav_msgs/lib:${LD_LIBRARY_PATH} PYTHONPATH=/home/li/Time_various/install/irt_nav_msgs/lib/python3.13/site-packages:${PYTHONPATH} /usr/bin/cmake --build /home/li/Time_various/build/irt_nav_common -- -j20 -l20
[19.412s] DEBUG:colcon.colcon_core.event_handler.log_command:Invoking command in '/home/li/Time_various/build/irt_nav_common': AMENT_PREFIX_PATH=/home/li/Time_various/install/irt_nav_msgs:${AMENT_PREFIX_PATH} CMAKE_PREFIX_PATH=/home/li/Time_various/install/irt_nav_msgs:/opt/ros/humble CONDA_PROMPT_MODIFIER=(base) LD_LIBRARY_PATH=/home/li/Time_various/install/irt_nav_msgs/lib:${LD_LIBRARY_PATH} PYTHONPATH=/home/li/Time_various/install/irt_nav_msgs/lib/python3.13/site-packages:${PYTHONPATH} /usr/bin/cmake --install /home/li/Time_various/build/irt_nav_common
[19.419s] Level 1:colcon.colcon_core.environment:create_environment_scripts_only(irt_nav_common)
[19.420s] Level 1:colcon.colcon_core.environment:checking '/home/li/Time_various/install/irt_nav_common' for CMake module files
[19.420s] DEBUG:colcon.colcon_core.event_handler.log_command:Invoked command in '/home/li/Time_various/build/irt_nav_common' returned '0': AMENT_PREFIX_PATH=/home/li/Time_various/install/irt_nav_msgs:${AMENT_PREFIX_PATH} CMAKE_PREFIX_PATH=/home/li/Time_various/install/irt_nav_msgs:/opt/ros/humble CONDA_PROMPT_MODIFIER=(base) LD_LIBRARY_PATH=/home/li/Time_various/install/irt_nav_msgs/lib:${LD_LIBRARY_PATH} PYTHONPATH=/home/li/Time_various/install/irt_nav_msgs/lib/python3.13/site-packages:${PYTHONPATH} /usr/bin/cmake --install /home/li/Time_various/build/irt_nav_common
[19.420s] Level 1:colcon.colcon_core.environment:checking '/home/li/Time_various/install/irt_nav_common' for CMake config files
[19.421s] Level 1:colcon.colcon_core.shell:create_environment_hook('irt_nav_common', 'cmake_prefix_path')
[19.421s] INFO:colcon.colcon_core.shell:Creating environment hook '/home/li/Time_various/install/irt_nav_common/share/irt_nav_common/hook/cmake_prefix_path.ps1'
[19.422s] INFO:colcon.colcon_core.shell:Creating environment descriptor '/home/li/Time_various/install/irt_nav_common/share/irt_nav_common/hook/cmake_prefix_path.dsv'
[19.422s] INFO:colcon.colcon_core.shell:Creating environment hook '/home/li/Time_various/install/irt_nav_common/share/irt_nav_common/hook/cmake_prefix_path.sh'
[19.423s] Level 1:colcon.colcon_core.environment:checking '/home/li/Time_various/install/irt_nav_common/lib'
[19.423s] Level 1:colcon.colcon_core.shell:create_environment_hook('irt_nav_common', 'ld_library_path_lib')
[19.423s] INFO:colcon.colcon_core.shell:Creating environment hook '/home/li/Time_various/install/irt_nav_common/share/irt_nav_common/hook/ld_library_path_lib.ps1'
[19.423s] INFO:colcon.colcon_core.shell:Creating environment descriptor '/home/li/Time_various/install/irt_nav_common/share/irt_nav_common/hook/ld_library_path_lib.dsv'
[19.424s] INFO:colcon.colcon_core.shell:Creating environment hook '/home/li/Time_various/install/irt_nav_common/share/irt_nav_common/hook/ld_library_path_lib.sh'
[19.424s] Level 1:colcon.colcon_core.environment:checking '/home/li/Time_various/install/irt_nav_common/bin'
[19.424s] Level 1:colcon.colcon_core.environment:checking '/home/li/Time_various/install/irt_nav_common/lib/pkgconfig/irt_nav_common.pc'
[19.425s] Level 1:colcon.colcon_core.environment:checking '/home/li/Time_various/install/irt_nav_common/lib/python3.10/site-packages'
[19.425s] Level 1:colcon.colcon_core.environment:checking '/home/li/Time_various/install/irt_nav_common/bin'
[19.425s] INFO:colcon.colcon_core.shell:Creating package script '/home/li/Time_various/install/irt_nav_common/share/irt_nav_common/package.ps1'
[19.426s] INFO:colcon.colcon_core.shell:Creating package descriptor '/home/li/Time_various/install/irt_nav_common/share/irt_nav_common/package.dsv'
[19.426s] INFO:colcon.colcon_core.shell:Creating package script '/home/li/Time_various/install/irt_nav_common/share/irt_nav_common/package.sh'
[19.427s] INFO:colcon.colcon_core.shell:Creating package script '/home/li/Time_various/install/irt_nav_common/share/irt_nav_common/package.bash'
[19.427s] INFO:colcon.colcon_core.shell:Creating package script '/home/li/Time_various/install/irt_nav_common/share/irt_nav_common/package.zsh'
[19.428s] Level 1:colcon.colcon_core.environment:create_file_with_runtime_dependencies(/home/li/Time_various/install/irt_nav_common/share/colcon-core/packages/irt_nav_common)
[19.428s] Level 1:colcon.colcon_core.environment:create_environment_scripts_only(irt_nav_common)
[19.429s] Level 1:colcon.colcon_core.environment:checking '/home/li/Time_various/install/irt_nav_common' for CMake module files
[19.429s] Level 1:colcon.colcon_core.environment:checking '/home/li/Time_various/install/irt_nav_common' for CMake config files
[19.429s] Level 1:colcon.colcon_core.shell:create_environment_hook('irt_nav_common', 'cmake_prefix_path')
[19.430s] INFO:colcon.colcon_core.shell:Creating environment hook '/home/li/Time_various/install/irt_nav_common/share/irt_nav_common/hook/cmake_prefix_path.ps1'
[19.430s] INFO:colcon.colcon_core.shell:Creating environment descriptor '/home/li/Time_various/install/irt_nav_common/share/irt_nav_common/hook/cmake_prefix_path.dsv'
[19.431s] INFO:colcon.colcon_core.shell:Creating environment hook '/home/li/Time_various/install/irt_nav_common/share/irt_nav_common/hook/cmake_prefix_path.sh'
[19.431s] Level 1:colcon.colcon_core.environment:checking '/home/li/Time_various/install/irt_nav_common/lib'
[19.431s] Level 1:colcon.colcon_core.shell:create_environment_hook('irt_nav_common', 'ld_library_path_lib')
[19.431s] INFO:colcon.colcon_core.shell:Creating environment hook '/home/li/Time_various/install/irt_nav_common/share/irt_nav_common/hook/ld_library_path_lib.ps1'
[19.432s] INFO:colcon.colcon_core.shell:Creating environment descriptor '/home/li/Time_various/install/irt_nav_common/share/irt_nav_common/hook/ld_library_path_lib.dsv'
[19.432s] INFO:colcon.colcon_core.shell:Creating environment hook '/home/li/Time_various/install/irt_nav_common/share/irt_nav_common/hook/ld_library_path_lib.sh'
[19.432s] Level 1:colcon.colcon_core.environment:checking '/home/li/Time_various/install/irt_nav_common/bin'
[19.432s] Level 1:colcon.colcon_core.environment:checking '/home/li/Time_various/install/irt_nav_common/lib/pkgconfig/irt_nav_common.pc'
[19.432s] Level 1:colcon.colcon_core.environment:checking '/home/li/Time_various/install/irt_nav_common/lib/python3.10/site-packages'
[19.432s] Level 1:colcon.colcon_core.environment:checking '/home/li/Time_various/install/irt_nav_common/bin'
[19.432s] INFO:colcon.colcon_core.shell:Creating package script '/home/li/Time_various/install/irt_nav_common/share/irt_nav_common/package.ps1'
[19.433s] INFO:colcon.colcon_core.shell:Creating package descriptor '/home/li/Time_various/install/irt_nav_common/share/irt_nav_common/package.dsv'
[19.433s] INFO:colcon.colcon_core.shell:Creating package script '/home/li/Time_various/install/irt_nav_common/share/irt_nav_common/package.sh'
[19.433s] INFO:colcon.colcon_core.shell:Creating package script '/home/li/Time_various/install/irt_nav_common/share/irt_nav_common/package.bash'
[19.433s] INFO:colcon.colcon_core.shell:Creating package script '/home/li/Time_various/install/irt_nav_common/share/irt_nav_common/package.zsh'
[19.434s] Level 1:colcon.colcon_core.environment:create_file_with_runtime_dependencies(/home/li/Time_various/install/irt_nav_common/share/colcon-core/packages/irt_nav_common)
[19.434s] DEBUG:colcon.colcon_parallel_executor.executor.parallel:closing loop
[19.434s] DEBUG:colcon.colcon_parallel_executor.executor.parallel:loop closed
[19.434s] DEBUG:colcon.colcon_parallel_executor.executor.parallel:run_until_complete finished with '0'
[19.434s] DEBUG:colcon.colcon_core.event_reactor:joining thread
[19.438s] INFO:colcon.colcon_core.plugin_system:Skipping extension 'colcon_notification.desktop_notification.terminal_notifier': Not used on non-Darwin systems
[19.438s] INFO:colcon.colcon_core.plugin_system:Skipping extension 'colcon_notification.desktop_notification.win32': Not used on non-Windows systems
[19.438s] INFO:colcon.colcon_notification.desktop_notification:Sending desktop notification using 'notify2'
[19.449s] DEBUG:colcon.colcon_core.event_reactor:joined thread
[19.449s] INFO:colcon.colcon_core.shell:Creating prefix script '/home/li/Time_various/install/local_setup.ps1'
[19.450s] INFO:colcon.colcon_core.shell:Creating prefix util module '/home/li/Time_various/install/_local_setup_util_ps1.py'
[19.451s] INFO:colcon.colcon_core.shell:Creating prefix chain script '/home/li/Time_various/install/setup.ps1'
[19.451s] INFO:colcon.colcon_core.shell:Creating prefix script '/home/li/Time_various/install/local_setup.sh'
[19.452s] INFO:colcon.colcon_core.shell:Creating prefix util module '/home/li/Time_various/install/_local_setup_util_sh.py'
[19.452s] INFO:colcon.colcon_core.shell:Creating prefix chain script '/home/li/Time_various/install/setup.sh'
[19.452s] INFO:colcon.colcon_core.shell:Creating prefix script '/home/li/Time_various/install/local_setup.bash'
[19.453s] INFO:colcon.colcon_core.shell:Creating prefix chain script '/home/li/Time_various/install/setup.bash'
[19.453s] INFO:colcon.colcon_core.shell:Creating prefix script '/home/li/Time_various/install/local_setup.zsh'
[19.453s] INFO:colcon.colcon_core.shell:Creating prefix chain script '/home/li/Time_various/install/setup.zsh'
