-- The C compiler identification is GNU 12.3.0
-- The CXX compiler identification is GNU 12.3.0
-- Detecting C compiler ABI info
-- Detecting C compiler ABI info - done
-- Check for working C compiler: /usr/bin/cc - skipped
-- Detecting C compile features
-- Detecting C compile features - done
-- Detecting CXX compiler ABI info
-- Detecting CXX compiler ABI info - done
-- Check for working CXX compiler: /usr/bin/g++ - skipped
-- Detecting CXX compile features
-- Detecting CXX compile features - done
-- Found ament_cmake: 1.3.12 (/opt/ros/humble/share/ament_cmake/cmake)
-- Found Python3: /home/li/miniconda3/bin/python3 (found version "3.13.5") found components: Interpreter 
-- Found rclcpp: 16.0.14 (/opt/ros/humble/share/rclcpp/cmake)
-- Found rosidl_generator_c: 3.1.7 (/opt/ros/humble/share/rosidl_generator_c/cmake)
-- Found rosidl_adapter: 3.1.7 (/opt/ros/humble/share/rosidl_adapter/cmake)
-- Found rosidl_generator_cpp: 3.1.7 (/opt/ros/humble/share/rosidl_generator_cpp/cmake)
-- Using all available rosidl_typesupport_c: rosidl_typesupport_fastrtps_c;rosidl_typesupport_introspection_c
-- Using all available rosidl_typesupport_cpp: rosidl_typesupport_fastrtps_cpp;rosidl_typesupport_introspection_cpp
-- Found rmw_implementation_cmake: 6.1.2 (/opt/ros/humble/share/rmw_implementation_cmake/cmake)
-- Found rmw_fastrtps_cpp: 6.2.8 (/opt/ros/humble/share/rmw_fastrtps_cpp/cmake)
-- Found OpenSSL: /usr/lib/x86_64-linux-gnu/libcrypto.so (found version "3.0.2")  
-- Found FastRTPS: /opt/ros/humble/include  
-- Using RMW implementation 'rmw_fastrtps_cpp' as default
-- Looking for pthread.h
-- Looking for pthread.h - found
-- Performing Test CMAKE_HAVE_LIBC_PTHREAD
-- Performing Test CMAKE_HAVE_LIBC_PTHREAD - Success
-- Found Threads: TRUE  
-- Found sensor_msgs: 4.9.0 (/opt/ros/humble/share/sensor_msgs/cmake)
-- Found irt_nav_msgs: 0.0.0 (/home/li/Time_various/install/irt_nav_msgs/share/irt_nav_msgs/cmake)
-- Found eigen3_cmake_module: 0.1.1 (/opt/ros/humble/share/eigen3_cmake_module/cmake)
-- Found Eigen3: TRUE (found version "3.4.0") 
-- Ensuring Eigen3 include directory is part of orocos-kdl CMake target
-- Found visualization_msgs: 4.9.0 (/opt/ros/humble/share/visualization_msgs/cmake)
-- Found tf2_sensor_msgs: 0.25.16 (/opt/ros/humble/share/tf2_sensor_msgs/cmake)
-- Found tf2_eigen: 0.25.16 (/opt/ros/humble/share/tf2_eigen/cmake)
-- Found Boost: /usr/lib/x86_64-linux-gnu/cmake/Boost-1.74.0/BoostConfig.cmake (found version "1.74.0") found components: system 
-- Found Boost: /usr/lib/x86_64-linux-gnu/cmake/Boost-1.74.0/BoostConfig.cmake (found suitable version "1.74.0", minimum required is "1.65") found components: serialization system filesystem thread program_options date_time timer chrono regex 
-- GTSAM include directory:  /usr/lib/cmake/GTSAM/../../../include
-- GTSAM include directory:  /usr/lib/cmake/GTSAM/../../../include
-- Found ament_lint_auto: 0.12.14 (/opt/ros/humble/share/ament_lint_auto/cmake)
-- Added test 'cppcheck' to perform static code analysis on C / C++ code
-- Configured cppcheck include dirs: /home/li/Time_various/src/timevariousFGO/irt_nav_common/irt_nav_common/include;/home/li/Time_various/src/timevariousFGO/irt_nav_common/irt_nav_common/include/irt_nav_common;$<BUILD_INTERFACE:/home/li/Time_various/src/timevariousFGO/irt_nav_common/irt_nav_common/include>
-- Configured cppcheck exclude dirs and/or files: 
-- Added test 'lint_cmake' to check CMake code style
-- Added test 'uncrustify' to check C / C++ code style
-- Configured uncrustify additional arguments: 
-- Added test 'xmllint' to check XML markup files
-- Configuring done
-- Generating done
-- Build files have been written to: /home/li/Time_various/build/irt_nav_common
[ 50%] [32mBuilding CXX object CMakeFiles/irt_nav_common.dir/src/navigation_tools.cpp.o[0m
[100%] [32m[1mLinking CXX shared library libirt_nav_common.so[0m
[100%] Built target irt_nav_common
-- Install configuration: "Release"
-- Installing: /home/li/Time_various/install/irt_nav_common/include
-- Installing: /home/li/Time_various/install/irt_nav_common/include/irt_nav_common
-- Installing: /home/li/Time_various/install/irt_nav_common/include/irt_nav_common/constants.h
-- Installing: /home/li/Time_various/install/irt_nav_common/include/irt_nav_common/navigation_tools.h
-- Installing: /home/li/Time_various/install/irt_nav_common/include/irt_nav_common/navigation_tool_ros.h
-- Installing: /home/li/Time_various/install/irt_nav_common/lib/libirt_nav_common.so
-- Set runtime path of "/home/li/Time_various/install/irt_nav_common/lib/libirt_nav_common.so" to ""
-- Installing: /home/li/Time_various/install/irt_nav_common/share/ament_index/resource_index/package_run_dependencies/irt_nav_common
-- Installing: /home/li/Time_various/install/irt_nav_common/share/ament_index/resource_index/parent_prefix_path/irt_nav_common
-- Installing: /home/li/Time_various/install/irt_nav_common/share/irt_nav_common/environment/ament_prefix_path.sh
-- Installing: /home/li/Time_various/install/irt_nav_common/share/irt_nav_common/environment/ament_prefix_path.dsv
-- Installing: /home/li/Time_various/install/irt_nav_common/share/irt_nav_common/environment/path.sh
-- Installing: /home/li/Time_various/install/irt_nav_common/share/irt_nav_common/environment/path.dsv
-- Installing: /home/li/Time_various/install/irt_nav_common/share/irt_nav_common/local_setup.bash
-- Installing: /home/li/Time_various/install/irt_nav_common/share/irt_nav_common/local_setup.sh
-- Installing: /home/li/Time_various/install/irt_nav_common/share/irt_nav_common/local_setup.zsh
-- Installing: /home/li/Time_various/install/irt_nav_common/share/irt_nav_common/local_setup.dsv
-- Installing: /home/li/Time_various/install/irt_nav_common/share/irt_nav_common/package.dsv
-- Installing: /home/li/Time_various/install/irt_nav_common/share/ament_index/resource_index/packages/irt_nav_common
-- Installing: /home/li/Time_various/install/irt_nav_common/share/irt_nav_common/cmake/ament_cmake_export_include_directories-extras.cmake
-- Installing: /home/li/Time_various/install/irt_nav_common/share/irt_nav_common/cmake/irt_nav_commonConfig.cmake
-- Installing: /home/li/Time_various/install/irt_nav_common/share/irt_nav_common/cmake/irt_nav_commonConfig-version.cmake
-- Installing: /home/li/Time_various/install/irt_nav_common/share/irt_nav_common/package.xml
