[0.008s] Invoking command in '/home/li/Time_various/build/irt_nav_common': AMENT_PREFIX_PATH=/home/li/Time_various/install/irt_nav_msgs:${AMENT_PREFIX_PATH} CMAKE_PREFIX_PATH=/home/li/Time_various/install/irt_nav_msgs:/opt/ros/humble CONDA_PROMPT_MODIFIER=(base) LD_LIBRARY_PATH=/home/li/Time_various/install/irt_nav_msgs/lib:${LD_LIBRARY_PATH} PYTHONPATH=/home/li/Time_various/install/irt_nav_msgs/lib/python3.13/site-packages:${PYTHONPATH} /usr/bin/cmake /home/li/Time_various/src/timevariousFGO/irt_nav_common/irt_nav_common -DCMAKE_INSTALL_PREFIX=/home/li/Time_various/install/irt_nav_common
[0.062s] -- The C compiler identification is GNU 12.3.0
[0.109s] -- The CXX compiler identification is GNU 12.3.0
[0.115s] -- Detecting C compiler ABI info
[0.186s] -- Detecting C compiler ABI info - done
[0.191s] -- Check for working C compiler: /usr/bin/cc - skipped
[0.191s] -- Detecting C compile features
[0.192s] -- Detecting C compile features - done
[0.194s] -- Detecting CXX compiler ABI info
[0.274s] -- Detecting CXX compiler ABI info - done
[0.279s] -- Check for working CXX compiler: /usr/bin/g++ - skipped
[0.279s] -- Detecting CXX compile features
[0.280s] -- Detecting CXX compile features - done
[0.281s] -- Found ament_cmake: 1.3.12 (/opt/ros/humble/share/ament_cmake/cmake)
[0.597s] -- Found Python3: /home/li/miniconda3/bin/python3 (found version "3.13.5") found components: Interpreter 
[0.671s] -- Found rclcpp: 16.0.14 (/opt/ros/humble/share/rclcpp/cmake)
[0.695s] -- Found rosidl_generator_c: 3.1.7 (/opt/ros/humble/share/rosidl_generator_c/cmake)
[0.697s] -- Found rosidl_adapter: 3.1.7 (/opt/ros/humble/share/rosidl_adapter/cmake)
[0.702s] -- Found rosidl_generator_cpp: 3.1.7 (/opt/ros/humble/share/rosidl_generator_cpp/cmake)
[0.709s] -- Using all available rosidl_typesupport_c: rosidl_typesupport_fastrtps_c;rosidl_typesupport_introspection_c
[0.721s] -- Using all available rosidl_typesupport_cpp: rosidl_typesupport_fastrtps_cpp;rosidl_typesupport_introspection_cpp
[0.747s] -- Found rmw_implementation_cmake: 6.1.2 (/opt/ros/humble/share/rmw_implementation_cmake/cmake)
[0.749s] -- Found rmw_fastrtps_cpp: 6.2.8 (/opt/ros/humble/share/rmw_fastrtps_cpp/cmake)
[0.831s] -- Found OpenSSL: /usr/lib/x86_64-linux-gnu/libcrypto.so (found version "3.0.2")  
[0.860s] -- Found FastRTPS: /opt/ros/humble/include  
[0.893s] -- Using RMW implementation 'rmw_fastrtps_cpp' as default
[0.898s] -- Looking for pthread.h
[0.972s] -- Looking for pthread.h - found
[0.972s] -- Performing Test CMAKE_HAVE_LIBC_PTHREAD
[1.062s] -- Performing Test CMAKE_HAVE_LIBC_PTHREAD - Success
[1.063s] -- Found Threads: TRUE  
[1.096s] -- Found sensor_msgs: 4.9.0 (/opt/ros/humble/share/sensor_msgs/cmake)
[1.115s] -- Found irt_nav_msgs: 0.0.0 (/home/li/Time_various/install/irt_nav_msgs/share/irt_nav_msgs/cmake)
[1.140s] -- Found eigen3_cmake_module: 0.1.1 (/opt/ros/humble/share/eigen3_cmake_module/cmake)
[1.141s] -- Found Eigen3: TRUE (found version "3.4.0") 
[1.141s] -- Ensuring Eigen3 include directory is part of orocos-kdl CMake target
[1.246s] -- Found visualization_msgs: 4.9.0 (/opt/ros/humble/share/visualization_msgs/cmake)
[1.264s] -- Found tf2_sensor_msgs: 0.25.16 (/opt/ros/humble/share/tf2_sensor_msgs/cmake)
[1.269s] -- Found tf2_eigen: 0.25.16 (/opt/ros/humble/share/tf2_eigen/cmake)
[1.278s] -- Found Boost: /usr/lib/x86_64-linux-gnu/cmake/Boost-1.74.0/BoostConfig.cmake (found version "1.74.0") found components: system 
[1.300s] -- Found Boost: /usr/lib/x86_64-linux-gnu/cmake/Boost-1.74.0/BoostConfig.cmake (found suitable version "1.74.0", minimum required is "1.65") found components: serialization system filesystem thread program_options date_time timer chrono regex 
[1.303s] -- GTSAM include directory:  /usr/lib/cmake/GTSAM/../../../include
[1.311s] -- GTSAM include directory:  /usr/lib/cmake/GTSAM/../../../include
[1.316s] -- Found ament_lint_auto: 0.12.14 (/opt/ros/humble/share/ament_lint_auto/cmake)
[1.395s] -- Added test 'cppcheck' to perform static code analysis on C / C++ code
[1.395s] -- Configured cppcheck include dirs: /home/li/Time_various/src/timevariousFGO/irt_nav_common/irt_nav_common/include;/home/li/Time_various/src/timevariousFGO/irt_nav_common/irt_nav_common/include/irt_nav_common;$<BUILD_INTERFACE:/home/li/Time_various/src/timevariousFGO/irt_nav_common/irt_nav_common/include>
[1.395s] -- Configured cppcheck exclude dirs and/or files: 
[1.396s] -- Added test 'lint_cmake' to check CMake code style
[1.397s] -- Added test 'uncrustify' to check C / C++ code style
[1.397s] -- Configured uncrustify additional arguments: 
[1.397s] -- Added test 'xmllint' to check XML markup files
[1.398s] -- Configuring done
[1.411s] -- Generating done
[1.415s] -- Build files have been written to: /home/li/Time_various/build/irt_nav_common
[1.432s] Invoked command in '/home/li/Time_various/build/irt_nav_common' returned '0': AMENT_PREFIX_PATH=/home/li/Time_various/install/irt_nav_msgs:${AMENT_PREFIX_PATH} CMAKE_PREFIX_PATH=/home/li/Time_various/install/irt_nav_msgs:/opt/ros/humble CONDA_PROMPT_MODIFIER=(base) LD_LIBRARY_PATH=/home/li/Time_various/install/irt_nav_msgs/lib:${LD_LIBRARY_PATH} PYTHONPATH=/home/li/Time_various/install/irt_nav_msgs/lib/python3.13/site-packages:${PYTHONPATH} /usr/bin/cmake /home/li/Time_various/src/timevariousFGO/irt_nav_common/irt_nav_common -DCMAKE_INSTALL_PREFIX=/home/li/Time_various/install/irt_nav_common
[1.433s] Invoking command in '/home/li/Time_various/build/irt_nav_common': AMENT_PREFIX_PATH=/home/li/Time_various/install/irt_nav_msgs:${AMENT_PREFIX_PATH} CMAKE_PREFIX_PATH=/home/li/Time_various/install/irt_nav_msgs:/opt/ros/humble CONDA_PROMPT_MODIFIER=(base) LD_LIBRARY_PATH=/home/li/Time_various/install/irt_nav_msgs/lib:${LD_LIBRARY_PATH} PYTHONPATH=/home/li/Time_various/install/irt_nav_msgs/lib/python3.13/site-packages:${PYTHONPATH} /usr/bin/cmake --build /home/li/Time_various/build/irt_nav_common -- -j20 -l20
[1.481s] [ 50%] [32mBuilding CXX object CMakeFiles/irt_nav_common.dir/src/navigation_tools.cpp.o[0m
[6.848s] [100%] [32m[1mLinking CXX shared library libirt_nav_common.so[0m
[7.139s] [100%] Built target irt_nav_common
[7.152s] Invoked command in '/home/li/Time_various/build/irt_nav_common' returned '0': AMENT_PREFIX_PATH=/home/li/Time_various/install/irt_nav_msgs:${AMENT_PREFIX_PATH} CMAKE_PREFIX_PATH=/home/li/Time_various/install/irt_nav_msgs:/opt/ros/humble CONDA_PROMPT_MODIFIER=(base) LD_LIBRARY_PATH=/home/li/Time_various/install/irt_nav_msgs/lib:${LD_LIBRARY_PATH} PYTHONPATH=/home/li/Time_various/install/irt_nav_msgs/lib/python3.13/site-packages:${PYTHONPATH} /usr/bin/cmake --build /home/li/Time_various/build/irt_nav_common -- -j20 -l20
[7.154s] Invoking command in '/home/li/Time_various/build/irt_nav_common': AMENT_PREFIX_PATH=/home/li/Time_various/install/irt_nav_msgs:${AMENT_PREFIX_PATH} CMAKE_PREFIX_PATH=/home/li/Time_various/install/irt_nav_msgs:/opt/ros/humble CONDA_PROMPT_MODIFIER=(base) LD_LIBRARY_PATH=/home/li/Time_various/install/irt_nav_msgs/lib:${LD_LIBRARY_PATH} PYTHONPATH=/home/li/Time_various/install/irt_nav_msgs/lib/python3.13/site-packages:${PYTHONPATH} /usr/bin/cmake --install /home/li/Time_various/build/irt_nav_common
[7.158s] -- Install configuration: "Release"
[7.158s] -- Installing: /home/li/Time_various/install/irt_nav_common/include
[7.158s] -- Installing: /home/li/Time_various/install/irt_nav_common/include/irt_nav_common
[7.158s] -- Installing: /home/li/Time_various/install/irt_nav_common/include/irt_nav_common/constants.h
[7.158s] -- Installing: /home/li/Time_various/install/irt_nav_common/include/irt_nav_common/navigation_tools.h
[7.158s] -- Installing: /home/li/Time_various/install/irt_nav_common/include/irt_nav_common/navigation_tool_ros.h
[7.158s] -- Installing: /home/li/Time_various/install/irt_nav_common/lib/libirt_nav_common.so
[7.158s] -- Set runtime path of "/home/li/Time_various/install/irt_nav_common/lib/libirt_nav_common.so" to ""
[7.158s] -- Installing: /home/li/Time_various/install/irt_nav_common/share/ament_index/resource_index/package_run_dependencies/irt_nav_common
[7.159s] -- Installing: /home/li/Time_various/install/irt_nav_common/share/ament_index/resource_index/parent_prefix_path/irt_nav_common
[7.159s] -- Installing: /home/li/Time_various/install/irt_nav_common/share/irt_nav_common/environment/ament_prefix_path.sh
[7.159s] -- Installing: /home/li/Time_various/install/irt_nav_common/share/irt_nav_common/environment/ament_prefix_path.dsv
[7.159s] -- Installing: /home/li/Time_various/install/irt_nav_common/share/irt_nav_common/environment/path.sh
[7.159s] -- Installing: /home/li/Time_various/install/irt_nav_common/share/irt_nav_common/environment/path.dsv
[7.159s] -- Installing: /home/li/Time_various/install/irt_nav_common/share/irt_nav_common/local_setup.bash
[7.159s] -- Installing: /home/li/Time_various/install/irt_nav_common/share/irt_nav_common/local_setup.sh
[7.159s] -- Installing: /home/li/Time_various/install/irt_nav_common/share/irt_nav_common/local_setup.zsh
[7.159s] -- Installing: /home/li/Time_various/install/irt_nav_common/share/irt_nav_common/local_setup.dsv
[7.159s] -- Installing: /home/li/Time_various/install/irt_nav_common/share/irt_nav_common/package.dsv
[7.159s] -- Installing: /home/li/Time_various/install/irt_nav_common/share/ament_index/resource_index/packages/irt_nav_common
[7.159s] -- Installing: /home/li/Time_various/install/irt_nav_common/share/irt_nav_common/cmake/ament_cmake_export_include_directories-extras.cmake
[7.159s] -- Installing: /home/li/Time_various/install/irt_nav_common/share/irt_nav_common/cmake/irt_nav_commonConfig.cmake
[7.159s] -- Installing: /home/li/Time_various/install/irt_nav_common/share/irt_nav_common/cmake/irt_nav_commonConfig-version.cmake
[7.159s] -- Installing: /home/li/Time_various/install/irt_nav_common/share/irt_nav_common/package.xml
[7.161s] Invoked command in '/home/li/Time_various/build/irt_nav_common' returned '0': AMENT_PREFIX_PATH=/home/li/Time_various/install/irt_nav_msgs:${AMENT_PREFIX_PATH} CMAKE_PREFIX_PATH=/home/li/Time_various/install/irt_nav_msgs:/opt/ros/humble CONDA_PROMPT_MODIFIER=(base) LD_LIBRARY_PATH=/home/li/Time_various/install/irt_nav_msgs/lib:${LD_LIBRARY_PATH} PYTHONPATH=/home/li/Time_various/install/irt_nav_msgs/lib/python3.13/site-packages:${PYTHONPATH} /usr/bin/cmake --install /home/li/Time_various/build/irt_nav_common
