[0.007s] Invoking command in '/home/li/Time_various/build/boreas_msgs': CMAKE_PREFIX_PATH=/opt/ros/humble CONDA_PROMPT_MODIFIER=(base) /usr/bin/cmake --build /home/li/Time_various/build/boreas_msgs -- -j20 -l20
[0.054s] [  3%] Built target boreas_msgs__cpp
[0.055s] [ 12%] Built target boreas_msgs__rosidl_generator_c
[0.064s] [ 12%] Built target ament_cmake_python_copy_boreas_msgs
[0.083s] [ 22%] Built target boreas_msgs__rosidl_typesupport_fastrtps_cpp
[0.083s] [ 32%] Built target boreas_msgs__rosidl_typesupport_introspection_c
[0.087s] [ 48%] Built target boreas_msgs__rosidl_typesupport_c
[0.087s] [ 51%] Built target boreas_msgs__rosidl_typesupport_cpp
[0.088s] [ 61%] Built target boreas_msgs__rosidl_typesupport_introspection_cpp
[0.096s] [ 70%] Built target boreas_msgs__rosidl_typesupport_fastrtps_c
[0.123s] [ 70%] Built target boreas_msgs
[0.137s] [ 74%] Built target boreas_msgs__py
[0.156s] [ 80%] Built target boreas_msgs__rosidl_generator_py
[0.175s] [ 87%] Built target boreas_msgs__rosidl_typesupport_c__pyext
[0.177s] [ 93%] Built target boreas_msgs__rosidl_typesupport_introspection_c__pyext
[0.178s] [100%] Built target boreas_msgs__rosidl_typesupport_fastrtps_c__pyext
[0.235s] running egg_info
[0.244s] writing boreas_msgs.egg-info/PKG-INFO
[0.244s] writing dependency_links to boreas_msgs.egg-info/dependency_links.txt
[0.245s] writing top-level names to boreas_msgs.egg-info/top_level.txt
[0.267s] reading manifest file 'boreas_msgs.egg-info/SOURCES.txt'
[0.268s] writing manifest file 'boreas_msgs.egg-info/SOURCES.txt'
[0.291s] [100%] Built target ament_cmake_python_build_boreas_msgs_egg
[0.304s] Invoked command in '/home/li/Time_various/build/boreas_msgs' returned '0': CMAKE_PREFIX_PATH=/opt/ros/humble CONDA_PROMPT_MODIFIER=(base) /usr/bin/cmake --build /home/li/Time_various/build/boreas_msgs -- -j20 -l20
[0.312s] Invoking command in '/home/li/Time_various/build/boreas_msgs': CMAKE_PREFIX_PATH=/opt/ros/humble CONDA_PROMPT_MODIFIER=(base) /usr/bin/cmake --install /home/li/Time_various/build/boreas_msgs
[0.317s] -- Install configuration: ""
[0.317s] -- Up-to-date: /home/li/Time_various/install/boreas_msgs/share/ament_index/resource_index/rosidl_interfaces/boreas_msgs
[0.318s] -- Up-to-date: /home/li/Time_various/install/boreas_msgs/include/boreas_msgs/boreas_msgs
[0.318s] -- Up-to-date: /home/li/Time_various/install/boreas_msgs/include/boreas_msgs/boreas_msgs/msg
[0.318s] -- Up-to-date: /home/li/Time_various/install/boreas_msgs/include/boreas_msgs/boreas_msgs/msg/sensor_pose.h
[0.318s] -- Up-to-date: /home/li/Time_various/install/boreas_msgs/include/boreas_msgs/boreas_msgs/msg/detail
[0.318s] -- Up-to-date: /home/li/Time_various/install/boreas_msgs/include/boreas_msgs/boreas_msgs/msg/detail/sensor_pose__struct.h
[0.318s] -- Up-to-date: /home/li/Time_various/install/boreas_msgs/include/boreas_msgs/boreas_msgs/msg/detail/sensor_pose__functions.c
[0.318s] -- Up-to-date: /home/li/Time_various/install/boreas_msgs/include/boreas_msgs/boreas_msgs/msg/detail/sensor_pose__functions.h
[0.318s] -- Up-to-date: /home/li/Time_various/install/boreas_msgs/include/boreas_msgs/boreas_msgs/msg/detail/sensor_pose__type_support.h
[0.319s] -- Up-to-date: /home/li/Time_various/install/boreas_msgs/include/boreas_msgs/boreas_msgs/msg/rosidl_generator_c__visibility_control.h
[0.319s] -- Up-to-date: /home/li/Time_various/install/boreas_msgs/share/boreas_msgs/environment/library_path.sh
[0.319s] -- Up-to-date: /home/li/Time_various/install/boreas_msgs/share/boreas_msgs/environment/library_path.dsv
[0.319s] -- Up-to-date: /home/li/Time_various/install/boreas_msgs/lib/libboreas_msgs__rosidl_generator_c.so
[0.319s] -- Up-to-date: /home/li/Time_various/install/boreas_msgs/include/boreas_msgs/boreas_msgs
[0.319s] -- Up-to-date: /home/li/Time_various/install/boreas_msgs/include/boreas_msgs/boreas_msgs/msg
[0.319s] -- Up-to-date: /home/li/Time_various/install/boreas_msgs/include/boreas_msgs/boreas_msgs/msg/rosidl_typesupport_fastrtps_c__visibility_control.h
[0.319s] -- Up-to-date: /home/li/Time_various/install/boreas_msgs/include/boreas_msgs/boreas_msgs/msg/detail
[0.319s] -- Up-to-date: /home/li/Time_various/install/boreas_msgs/include/boreas_msgs/boreas_msgs/msg/detail/sensor_pose__rosidl_typesupport_fastrtps_c.h
[0.319s] -- Up-to-date: /home/li/Time_various/install/boreas_msgs/lib/libboreas_msgs__rosidl_typesupport_fastrtps_c.so
[0.319s] -- Up-to-date: /home/li/Time_various/install/boreas_msgs/include/boreas_msgs/boreas_msgs
[0.319s] -- Up-to-date: /home/li/Time_various/install/boreas_msgs/include/boreas_msgs/boreas_msgs/msg
[0.320s] -- Up-to-date: /home/li/Time_various/install/boreas_msgs/include/boreas_msgs/boreas_msgs/msg/sensor_pose.hpp
[0.320s] -- Up-to-date: /home/li/Time_various/install/boreas_msgs/include/boreas_msgs/boreas_msgs/msg/rosidl_generator_cpp__visibility_control.hpp
[0.320s] -- Up-to-date: /home/li/Time_various/install/boreas_msgs/include/boreas_msgs/boreas_msgs/msg/detail
[0.320s] -- Up-to-date: /home/li/Time_various/install/boreas_msgs/include/boreas_msgs/boreas_msgs/msg/detail/sensor_pose__builder.hpp
[0.320s] -- Up-to-date: /home/li/Time_various/install/boreas_msgs/include/boreas_msgs/boreas_msgs/msg/detail/sensor_pose__struct.hpp
[0.320s] -- Up-to-date: /home/li/Time_various/install/boreas_msgs/include/boreas_msgs/boreas_msgs/msg/detail/sensor_pose__type_support.hpp
[0.320s] -- Up-to-date: /home/li/Time_various/install/boreas_msgs/include/boreas_msgs/boreas_msgs/msg/detail/sensor_pose__traits.hpp
[0.320s] -- Up-to-date: /home/li/Time_various/install/boreas_msgs/include/boreas_msgs/boreas_msgs
[0.320s] -- Up-to-date: /home/li/Time_various/install/boreas_msgs/include/boreas_msgs/boreas_msgs/msg
[0.320s] -- Up-to-date: /home/li/Time_various/install/boreas_msgs/include/boreas_msgs/boreas_msgs/msg/rosidl_typesupport_fastrtps_cpp__visibility_control.h
[0.320s] -- Up-to-date: /home/li/Time_various/install/boreas_msgs/include/boreas_msgs/boreas_msgs/msg/detail
[0.320s] -- Up-to-date: /home/li/Time_various/install/boreas_msgs/include/boreas_msgs/boreas_msgs/msg/detail/dds_fastrtps
[0.320s] -- Up-to-date: /home/li/Time_various/install/boreas_msgs/include/boreas_msgs/boreas_msgs/msg/detail/sensor_pose__rosidl_typesupport_fastrtps_cpp.hpp
[0.321s] -- Up-to-date: /home/li/Time_various/install/boreas_msgs/lib/libboreas_msgs__rosidl_typesupport_fastrtps_cpp.so
[0.321s] -- Up-to-date: /home/li/Time_various/install/boreas_msgs/include/boreas_msgs/boreas_msgs
[0.321s] -- Up-to-date: /home/li/Time_various/install/boreas_msgs/include/boreas_msgs/boreas_msgs/msg
[0.321s] -- Up-to-date: /home/li/Time_various/install/boreas_msgs/include/boreas_msgs/boreas_msgs/msg/rosidl_typesupport_introspection_c__visibility_control.h
[0.321s] -- Up-to-date: /home/li/Time_various/install/boreas_msgs/include/boreas_msgs/boreas_msgs/msg/detail
[0.321s] -- Up-to-date: /home/li/Time_various/install/boreas_msgs/include/boreas_msgs/boreas_msgs/msg/detail/sensor_pose__rosidl_typesupport_introspection_c.h
[0.321s] -- Up-to-date: /home/li/Time_various/install/boreas_msgs/include/boreas_msgs/boreas_msgs/msg/detail/sensor_pose__type_support.c
[0.321s] -- Up-to-date: /home/li/Time_various/install/boreas_msgs/lib/libboreas_msgs__rosidl_typesupport_introspection_c.so
[0.321s] -- Up-to-date: /home/li/Time_various/install/boreas_msgs/lib/libboreas_msgs__rosidl_typesupport_c.so
[0.321s] -- Up-to-date: /home/li/Time_various/install/boreas_msgs/include/boreas_msgs/boreas_msgs
[0.321s] -- Up-to-date: /home/li/Time_various/install/boreas_msgs/include/boreas_msgs/boreas_msgs/msg
[0.321s] -- Up-to-date: /home/li/Time_various/install/boreas_msgs/include/boreas_msgs/boreas_msgs/msg/detail
[0.322s] -- Up-to-date: /home/li/Time_various/install/boreas_msgs/include/boreas_msgs/boreas_msgs/msg/detail/sensor_pose__type_support.cpp
[0.322s] -- Up-to-date: /home/li/Time_various/install/boreas_msgs/include/boreas_msgs/boreas_msgs/msg/detail/sensor_pose__rosidl_typesupport_introspection_cpp.hpp
[0.322s] -- Up-to-date: /home/li/Time_various/install/boreas_msgs/lib/libboreas_msgs__rosidl_typesupport_introspection_cpp.so
[0.322s] -- Up-to-date: /home/li/Time_various/install/boreas_msgs/lib/libboreas_msgs__rosidl_typesupport_cpp.so
[0.322s] -- Up-to-date: /home/li/Time_various/install/boreas_msgs/share/boreas_msgs/environment/pythonpath.sh
[0.322s] -- Up-to-date: /home/li/Time_various/install/boreas_msgs/share/boreas_msgs/environment/pythonpath.dsv
[0.322s] -- Up-to-date: /home/li/Time_various/install/boreas_msgs/lib/python3.13/site-packages/boreas_msgs-0.0.0-py3.13.egg-info
[0.322s] -- Installing: /home/li/Time_various/install/boreas_msgs/lib/python3.13/site-packages/boreas_msgs-0.0.0-py3.13.egg-info/PKG-INFO
[0.322s] -- Installing: /home/li/Time_various/install/boreas_msgs/lib/python3.13/site-packages/boreas_msgs-0.0.0-py3.13.egg-info/dependency_links.txt
[0.322s] -- Installing: /home/li/Time_various/install/boreas_msgs/lib/python3.13/site-packages/boreas_msgs-0.0.0-py3.13.egg-info/SOURCES.txt
[0.323s] -- Installing: /home/li/Time_various/install/boreas_msgs/lib/python3.13/site-packages/boreas_msgs-0.0.0-py3.13.egg-info/top_level.txt
[0.323s] -- Up-to-date: /home/li/Time_various/install/boreas_msgs/lib/python3.13/site-packages/boreas_msgs
[0.323s] -- Up-to-date: /home/li/Time_various/install/boreas_msgs/lib/python3.13/site-packages/boreas_msgs/__init__.py
[0.323s] -- Up-to-date: /home/li/Time_various/install/boreas_msgs/lib/python3.13/site-packages/boreas_msgs/boreas_msgs_s__rosidl_typesupport_introspection_c.cpython-313-x86_64-linux-gnu.so
[0.323s] -- Up-to-date: /home/li/Time_various/install/boreas_msgs/lib/python3.13/site-packages/boreas_msgs/boreas_msgs_s__rosidl_typesupport_c.cpython-313-x86_64-linux-gnu.so
[0.323s] -- Up-to-date: /home/li/Time_various/install/boreas_msgs/lib/python3.13/site-packages/boreas_msgs/_boreas_msgs_s.ep.rosidl_typesupport_c.c
[0.323s] -- Up-to-date: /home/li/Time_various/install/boreas_msgs/lib/python3.13/site-packages/boreas_msgs/_boreas_msgs_s.ep.rosidl_typesupport_introspection_c.c
[0.323s] -- Up-to-date: /home/li/Time_various/install/boreas_msgs/lib/python3.13/site-packages/boreas_msgs/msg
[0.323s] -- Up-to-date: /home/li/Time_various/install/boreas_msgs/lib/python3.13/site-packages/boreas_msgs/msg/__init__.py
[0.323s] -- Up-to-date: /home/li/Time_various/install/boreas_msgs/lib/python3.13/site-packages/boreas_msgs/msg/_sensor_pose_s.c
[0.323s] -- Up-to-date: /home/li/Time_various/install/boreas_msgs/lib/python3.13/site-packages/boreas_msgs/msg/_sensor_pose.py
[0.323s] -- Up-to-date: /home/li/Time_various/install/boreas_msgs/lib/python3.13/site-packages/boreas_msgs/_boreas_msgs_s.ep.rosidl_typesupport_fastrtps_c.c
[0.323s] -- Up-to-date: /home/li/Time_various/install/boreas_msgs/lib/python3.13/site-packages/boreas_msgs/boreas_msgs_s__rosidl_typesupport_fastrtps_c.cpython-313-x86_64-linux-gnu.so
[0.324s] -- Up-to-date: /home/li/Time_various/install/boreas_msgs/lib/python3.13/site-packages/boreas_msgs/libboreas_msgs__rosidl_generator_py.so
[0.365s] Listing '/home/li/Time_various/install/boreas_msgs/lib/python3.13/site-packages/boreas_msgs'...
[0.365s] Listing '/home/li/Time_various/install/boreas_msgs/lib/python3.13/site-packages/boreas_msgs/msg'...
[0.365s] -- Up-to-date: /home/li/Time_various/install/boreas_msgs/lib/python3.13/site-packages/boreas_msgs/boreas_msgs_s__rosidl_typesupport_fastrtps_c.cpython-313-x86_64-linux-gnu.so
[0.365s] -- Up-to-date: /home/li/Time_various/install/boreas_msgs/lib/python3.13/site-packages/boreas_msgs/boreas_msgs_s__rosidl_typesupport_introspection_c.cpython-313-x86_64-linux-gnu.so
[0.365s] -- Up-to-date: /home/li/Time_various/install/boreas_msgs/lib/python3.13/site-packages/boreas_msgs/boreas_msgs_s__rosidl_typesupport_c.cpython-313-x86_64-linux-gnu.so
[0.365s] -- Up-to-date: /home/li/Time_various/install/boreas_msgs/lib/libboreas_msgs__rosidl_generator_py.so
[0.365s] -- Up-to-date: /home/li/Time_various/install/boreas_msgs/share/boreas_msgs/msg/SensorPose.idl
[0.365s] -- Up-to-date: /home/li/Time_various/install/boreas_msgs/share/boreas_msgs/msg/SensorPose.msg
[0.365s] -- Up-to-date: /home/li/Time_various/install/boreas_msgs/share/ament_index/resource_index/package_run_dependencies/boreas_msgs
[0.365s] -- Up-to-date: /home/li/Time_various/install/boreas_msgs/share/ament_index/resource_index/parent_prefix_path/boreas_msgs
[0.365s] -- Up-to-date: /home/li/Time_various/install/boreas_msgs/share/boreas_msgs/environment/ament_prefix_path.sh
[0.365s] -- Up-to-date: /home/li/Time_various/install/boreas_msgs/share/boreas_msgs/environment/ament_prefix_path.dsv
[0.365s] -- Up-to-date: /home/li/Time_various/install/boreas_msgs/share/boreas_msgs/environment/path.sh
[0.365s] -- Up-to-date: /home/li/Time_various/install/boreas_msgs/share/boreas_msgs/environment/path.dsv
[0.365s] -- Up-to-date: /home/li/Time_various/install/boreas_msgs/share/boreas_msgs/local_setup.bash
[0.365s] -- Up-to-date: /home/li/Time_various/install/boreas_msgs/share/boreas_msgs/local_setup.sh
[0.366s] -- Up-to-date: /home/li/Time_various/install/boreas_msgs/share/boreas_msgs/local_setup.zsh
[0.366s] -- Up-to-date: /home/li/Time_various/install/boreas_msgs/share/boreas_msgs/local_setup.dsv
[0.366s] -- Installing: /home/li/Time_various/install/boreas_msgs/share/boreas_msgs/package.dsv
[0.366s] -- Up-to-date: /home/li/Time_various/install/boreas_msgs/share/ament_index/resource_index/packages/boreas_msgs
[0.366s] -- Up-to-date: /home/li/Time_various/install/boreas_msgs/share/boreas_msgs/cmake/export_boreas_msgs__rosidl_generator_cExport.cmake
[0.366s] -- Up-to-date: /home/li/Time_various/install/boreas_msgs/share/boreas_msgs/cmake/export_boreas_msgs__rosidl_generator_cExport-noconfig.cmake
[0.366s] -- Up-to-date: /home/li/Time_various/install/boreas_msgs/share/boreas_msgs/cmake/export_boreas_msgs__rosidl_typesupport_fastrtps_cExport.cmake
[0.366s] -- Up-to-date: /home/li/Time_various/install/boreas_msgs/share/boreas_msgs/cmake/export_boreas_msgs__rosidl_typesupport_fastrtps_cExport-noconfig.cmake
[0.366s] -- Up-to-date: /home/li/Time_various/install/boreas_msgs/share/boreas_msgs/cmake/export_boreas_msgs__rosidl_generator_cppExport.cmake
[0.366s] -- Up-to-date: /home/li/Time_various/install/boreas_msgs/share/boreas_msgs/cmake/export_boreas_msgs__rosidl_typesupport_fastrtps_cppExport.cmake
[0.366s] -- Up-to-date: /home/li/Time_various/install/boreas_msgs/share/boreas_msgs/cmake/export_boreas_msgs__rosidl_typesupport_fastrtps_cppExport-noconfig.cmake
[0.366s] -- Up-to-date: /home/li/Time_various/install/boreas_msgs/share/boreas_msgs/cmake/boreas_msgs__rosidl_typesupport_introspection_cExport.cmake
[0.366s] -- Up-to-date: /home/li/Time_various/install/boreas_msgs/share/boreas_msgs/cmake/boreas_msgs__rosidl_typesupport_introspection_cExport-noconfig.cmake
[0.366s] -- Up-to-date: /home/li/Time_various/install/boreas_msgs/share/boreas_msgs/cmake/boreas_msgs__rosidl_typesupport_cExport.cmake
[0.366s] -- Up-to-date: /home/li/Time_various/install/boreas_msgs/share/boreas_msgs/cmake/boreas_msgs__rosidl_typesupport_cExport-noconfig.cmake
[0.366s] -- Up-to-date: /home/li/Time_various/install/boreas_msgs/share/boreas_msgs/cmake/boreas_msgs__rosidl_typesupport_introspection_cppExport.cmake
[0.366s] -- Up-to-date: /home/li/Time_various/install/boreas_msgs/share/boreas_msgs/cmake/boreas_msgs__rosidl_typesupport_introspection_cppExport-noconfig.cmake
[0.366s] -- Up-to-date: /home/li/Time_various/install/boreas_msgs/share/boreas_msgs/cmake/boreas_msgs__rosidl_typesupport_cppExport.cmake
[0.366s] -- Up-to-date: /home/li/Time_various/install/boreas_msgs/share/boreas_msgs/cmake/boreas_msgs__rosidl_typesupport_cppExport-noconfig.cmake
[0.366s] -- Up-to-date: /home/li/Time_various/install/boreas_msgs/share/boreas_msgs/cmake/export_boreas_msgs__rosidl_generator_pyExport.cmake
[0.366s] -- Up-to-date: /home/li/Time_various/install/boreas_msgs/share/boreas_msgs/cmake/export_boreas_msgs__rosidl_generator_pyExport-noconfig.cmake
[0.366s] -- Up-to-date: /home/li/Time_various/install/boreas_msgs/share/boreas_msgs/cmake/rosidl_cmake-extras.cmake
[0.366s] -- Up-to-date: /home/li/Time_various/install/boreas_msgs/share/boreas_msgs/cmake/ament_cmake_export_dependencies-extras.cmake
[0.366s] -- Up-to-date: /home/li/Time_various/install/boreas_msgs/share/boreas_msgs/cmake/ament_cmake_export_include_directories-extras.cmake
[0.366s] -- Up-to-date: /home/li/Time_various/install/boreas_msgs/share/boreas_msgs/cmake/ament_cmake_export_libraries-extras.cmake
[0.366s] -- Up-to-date: /home/li/Time_various/install/boreas_msgs/share/boreas_msgs/cmake/ament_cmake_export_targets-extras.cmake
[0.366s] -- Up-to-date: /home/li/Time_various/install/boreas_msgs/share/boreas_msgs/cmake/rosidl_cmake_export_typesupport_targets-extras.cmake
[0.366s] -- Up-to-date: /home/li/Time_various/install/boreas_msgs/share/boreas_msgs/cmake/rosidl_cmake_export_typesupport_libraries-extras.cmake
[0.366s] -- Up-to-date: /home/li/Time_various/install/boreas_msgs/share/boreas_msgs/cmake/boreas_msgsConfig.cmake
[0.366s] -- Up-to-date: /home/li/Time_various/install/boreas_msgs/share/boreas_msgs/cmake/boreas_msgsConfig-version.cmake
[0.366s] -- Up-to-date: /home/li/Time_various/install/boreas_msgs/share/boreas_msgs/package.xml
[0.367s] Invoked command in '/home/li/Time_various/build/boreas_msgs' returned '0': CMAKE_PREFIX_PATH=/opt/ros/humble CONDA_PROMPT_MODIFIER=(base) /usr/bin/cmake --install /home/li/Time_various/build/boreas_msgs
