[0.010s] Invoking command in '/home/li/Time_various/build/TVFGO': CMAKE_PREFIX_PATH=/opt/ros/humble CONDA_PROMPT_MODIFIER=(base) /usr/bin/cmake --build /home/li/Time_various/build/TVFGO -- -j20 -l20
[0.049s] Invoked command in '/home/li/Time_various/build/TVFGO' returned '0': CMAKE_PREFIX_PATH=/opt/ros/humble CONDA_PROMPT_MODIFIER=(base) /usr/bin/cmake --build /home/li/Time_various/build/TVFGO -- -j20 -l20
[0.056s] Invoking command in '/home/li/Time_various/build/TVFGO': CMAKE_PREFIX_PATH=/opt/ros/humble CONDA_PROMPT_MODIFIER=(base) /usr/bin/cmake --install /home/li/Time_various/build/TVFGO
[0.060s] -- Install configuration: ""
[0.060s] -- Up-to-date: /home/li/Time_various/install/TVFGO/share/ament_index/resource_index/package_run_dependencies/TVFGO
[0.060s] -- Up-to-date: /home/li/Time_various/install/TVFGO/share/ament_index/resource_index/parent_prefix_path/TVFGO
[0.060s] -- Up-to-date: /home/li/Time_various/install/TVFGO/share/TVFGO/environment/ament_prefix_path.sh
[0.060s] -- Up-to-date: /home/li/Time_various/install/TVFGO/share/TVFGO/environment/ament_prefix_path.dsv
[0.061s] -- Up-to-date: /home/li/Time_various/install/TVFGO/share/TVFGO/environment/path.sh
[0.061s] -- Up-to-date: /home/li/Time_various/install/TVFGO/share/TVFGO/environment/path.dsv
[0.061s] -- Up-to-date: /home/li/Time_various/install/TVFGO/share/TVFGO/local_setup.bash
[0.061s] -- Up-to-date: /home/li/Time_various/install/TVFGO/share/TVFGO/local_setup.sh
[0.061s] -- Up-to-date: /home/li/Time_various/install/TVFGO/share/TVFGO/local_setup.zsh
[0.061s] -- Up-to-date: /home/li/Time_various/install/TVFGO/share/TVFGO/local_setup.dsv
[0.061s] -- Installing: /home/li/Time_various/install/TVFGO/share/TVFGO/package.dsv
[0.061s] -- Up-to-date: /home/li/Time_various/install/TVFGO/share/ament_index/resource_index/packages/TVFGO
[0.061s] -- Up-to-date: /home/li/Time_various/install/TVFGO/share/TVFGO/cmake/TVFGOConfig.cmake
[0.061s] -- Up-to-date: /home/li/Time_various/install/TVFGO/share/TVFGO/cmake/TVFGOConfig-version.cmake
[0.061s] -- Up-to-date: /home/li/Time_various/install/TVFGO/share/TVFGO/package.xml
[0.063s] Invoked command in '/home/li/Time_various/build/TVFGO' returned '0': CMAKE_PREFIX_PATH=/opt/ros/humble CONDA_PROMPT_MODIFIER=(base) /usr/bin/cmake --install /home/li/Time_various/build/TVFGO
