[0.007s] Invoking command in '/home/li/Time_various/build/tvfgo': CMAKE_PREFIX_PATH=/opt/ros/humble CONDA_PROMPT_MODIFIER=(base) /usr/bin/cmake --build /home/li/Time_various/build/tvfgo -- -j20 -l20
[0.028s] -- Found Boost: /usr/lib/x86_64-linux-gnu/cmake/Boost-1.74.0/BoostConfig.cmake (found suitable version "1.74.0", minimum required is "1.68.0") found components: date_time 
[0.028s] -- Found NumCpp: /usr/local/include (found version 2.14.2)
[0.028s] -- Found ament_cmake: 1.3.12 (/opt/ros/humble/share/ament_cmake/cmake)
[0.175s] -- Found rclcpp: 16.0.14 (/opt/ros/humble/share/rclcpp/cmake)
[0.199s] -- Found rosidl_generator_c: 3.1.7 (/opt/ros/humble/share/rosidl_generator_c/cmake)
[0.201s] -- Found rosidl_adapter: 3.1.7 (/opt/ros/humble/share/rosidl_adapter/cmake)
[0.204s] -- Found rosidl_generator_cpp: 3.1.7 (/opt/ros/humble/share/rosidl_generator_cpp/cmake)
[0.213s] -- Using all available rosidl_typesupport_c: rosidl_typesupport_fastrtps_c;rosidl_typesupport_introspection_c
[0.224s] -- Using all available rosidl_typesupport_cpp: rosidl_typesupport_fastrtps_cpp;rosidl_typesupport_introspection_cpp
[0.246s] -- Found rmw_implementation_cmake: 6.1.2 (/opt/ros/humble/share/rmw_implementation_cmake/cmake)
[0.247s] -- Found rmw_fastrtps_cpp: 6.2.8 (/opt/ros/humble/share/rmw_fastrtps_cpp/cmake)
[0.327s] -- Using RMW implementation 'rmw_fastrtps_cpp' as default
[0.368s] -- Found rclcpp_components: 16.0.14 (/opt/ros/humble/share/rclcpp_components/cmake)
[0.371s] -- Found rclcpp_lifecycle: 16.0.14 (/opt/ros/humble/share/rclcpp_lifecycle/cmake)
[0.381s] -- Found yaml_cpp_vendor: 8.0.2 (/opt/ros/humble/share/yaml_cpp_vendor/cmake)
[0.381s] -- Found rosidl_default_generators: 1.2.0 (/opt/ros/humble/share/rosidl_default_generators/cmake)
[0.386s] -- Found message_filters: 4.3.8 (/opt/ros/humble/share/message_filters/cmake)
[0.387s] -- Found pluginlib: 5.1.0 (/opt/ros/humble/share/pluginlib/cmake)
[0.396s] -- Found tf2: 0.25.16 (/opt/ros/humble/share/tf2/cmake)
[0.406s] -- Found tf2_eigen: 0.25.16 (/opt/ros/humble/share/tf2_eigen/cmake)
[0.450s] -- Found visualization_msgs: 4.9.0 (/opt/ros/humble/share/visualization_msgs/cmake)
[0.481s] [31mCMake Error at CMakeLists.txt:42 (find_package):
[0.482s]   By not providing "FindPC.cmake" in CMAKE_MODULE_PATH this project has asked
[0.482s]   CMake to find a package configuration file provided by "PC", but CMake did
[0.482s]   not find one.
[0.482s] 
[0.482s]   Could not find a package configuration file provided by "PC" with any of
[0.482s]   the following names:
[0.482s] 
[0.482s]     PCConfig.cmake
[0.482s]     pc-config.cmake
[0.482s] 
[0.482s]   Add the installation prefix of "PC" to CMAKE_PREFIX_PATH or set "PC_DIR" to
[0.482s]   a directory containing one of the above files.  If "PC" provides a separate
[0.482s]   development package or SDK, be sure it has been installed.
[0.482s] 
[0.482s] [0m
[0.482s] -- Configuring incomplete, errors occurred!
[0.482s] See also "/home/li/Time_various/build/tvfgo/CMakeFiles/CMakeOutput.log".
[0.487s] gmake: *** [Makefile:226: cmake_check_build_system] Error 1
[0.489s] Invoked command in '/home/li/Time_various/build/tvfgo' returned '2': CMAKE_PREFIX_PATH=/opt/ros/humble CONDA_PROMPT_MODIFIER=(base) /usr/bin/cmake --build /home/li/Time_various/build/tvfgo -- -j20 -l20
