[0.006s] Invoking command in '/home/li/Time_various/build/tvfgo': CMAKE_PREFIX_PATH=/opt/ros/humble CONDA_PROMPT_MODIFIER=(base) /usr/bin/cmake --build /home/li/Time_various/build/tvfgo -- -j20 -l20
[0.032s] -- Found NumCpp: /usr/local/include (found version 2.14.2)
[0.032s] -- Found ament_cmake: 1.3.12 (/opt/ros/humble/share/ament_cmake/cmake)
[0.132s] -- Found rclcpp: 16.0.14 (/opt/ros/humble/share/rclcpp/cmake)
[0.150s] -- Found rosidl_generator_c: 3.1.7 (/opt/ros/humble/share/rosidl_generator_c/cmake)
[0.152s] -- Found rosidl_adapter: 3.1.7 (/opt/ros/humble/share/rosidl_adapter/cmake)
[0.156s] -- Found rosidl_generator_cpp: 3.1.7 (/opt/ros/humble/share/rosidl_generator_cpp/cmake)
[0.162s] -- Using all available rosidl_typesupport_c: rosidl_typesupport_fastrtps_c;rosidl_typesupport_introspection_c
[0.169s] -- Using all available rosidl_typesupport_cpp: rosidl_typesupport_fastrtps_cpp;rosidl_typesupport_introspection_cpp
[0.190s] -- Found rmw_implementation_cmake: 6.1.2 (/opt/ros/humble/share/rmw_implementation_cmake/cmake)
[0.191s] -- Found rmw_fastrtps_cpp: 6.2.8 (/opt/ros/humble/share/rmw_fastrtps_cpp/cmake)
[0.258s] -- Using RMW implementation 'rmw_fastrtps_cpp' as default
[0.290s] -- Found rclcpp_components: 16.0.14 (/opt/ros/humble/share/rclcpp_components/cmake)
[0.318s] -- Found rclcpp_lifecycle: 16.0.14 (/opt/ros/humble/share/rclcpp_lifecycle/cmake)
[0.319s] -- Found yaml_cpp_vendor: 8.0.2 (/opt/ros/humble/share/yaml_cpp_vendor/cmake)
[0.319s] -- Found rosidl_default_generators: 1.2.0 (/opt/ros/humble/share/rosidl_default_generators/cmake)
[0.319s] -- Found message_filters: 4.3.8 (/opt/ros/humble/share/message_filters/cmake)
[0.320s] -- Found pluginlib: 5.1.0 (/opt/ros/humble/share/pluginlib/cmake)
[0.328s] -- Found tf2: 0.25.16 (/opt/ros/humble/share/tf2/cmake)
[0.339s] -- Found tf2_eigen: 0.25.16 (/opt/ros/humble/share/tf2_eigen/cmake)
[0.379s] -- Found visualization_msgs: 4.9.0 (/opt/ros/humble/share/visualization_msgs/cmake)
[0.415s] -- Eigen found (include: /usr/include/eigen3, version: 3.4.0)
[0.421s] -- Found Boost: /usr/lib/x86_64-linux-gnu/cmake/Boost-1.74.0/BoostConfig.cmake (found suitable version "1.74.0", minimum required is "1.65.0") found components: system filesystem date_time iostreams serialization 
[0.437s] -- FLANN found (include: /usr/include, lib: /usr/lib/x86_64-linux-gnu/libflann_cpp.so)
[0.663s] -- OpenNI found (version: 1.5.4.0, include: /usr/include/ni, lib: /usr/lib/libOpenNI.so;libusb::libusb)
[0.669s] -- OpenNI2 found (version: 2.2.0.33, include: /usr/include/openni2, lib: /usr/lib/x86_64-linux-gnu/libOpenNI2.so;libusb::libusb)
[0.669s] [0m** WARNING ** io features related to pcap will be disabled[0m
[0.790s] -- Eigen found (include: /usr/include/eigen3, version: 3.4.0)
[0.796s] -- OpenNI found (version: 1.5.4.0, include: /usr/include/ni, lib: /usr/lib/libOpenNI.so;libusb::libusb)
[0.802s] -- OpenNI2 found (version: 2.2.0.33, include: /usr/include/openni2, lib: /usr/lib/x86_64-linux-gnu/libOpenNI2.so;libusb::libusb)
[0.906s] -- Found Qhull version 8.0.2
[1.023s] -- OpenNI found (version: 1.5.4.0, include: /usr/include/ni, lib: /usr/lib/libOpenNI.so;libusb::libusb)
[1.132s] -- looking for PCL_COMMON
[1.132s] -- looking for PCL_KDTREE
[1.132s] -- looking for PCL_OCTREE
[1.132s] -- looking for PCL_SEARCH
[1.133s] -- looking for PCL_SAMPLE_CONSENSUS
[1.133s] -- looking for PCL_FILTERS
[1.133s] -- looking for PCL_2D
[1.134s] -- looking for PCL_GEOMETRY
[1.134s] -- looking for PCL_IO
[1.135s] -- looking for PCL_FEATURES
[1.135s] -- looking for PCL_ML
[1.135s] -- looking for PCL_SEGMENTATION
[1.136s] -- looking for PCL_VISUALIZATION
[1.136s] -- looking for PCL_SURFACE
[1.137s] -- looking for PCL_REGISTRATION
[1.137s] -- looking for PCL_KEYPOINTS
[1.138s] -- looking for PCL_TRACKING
[1.138s] -- looking for PCL_RECOGNITION
[1.139s] -- looking for PCL_STEREO
[1.139s] -- looking for PCL_APPS
[1.140s] -- looking for PCL_IN_HAND_SCANNER
[1.140s] -- looking for PCL_MODELER
[1.140s] -- looking for PCL_POINT_CLOUD_EDITOR
[1.140s] -- looking for PCL_OUTOFCORE
[1.140s] -- looking for PCL_PEOPLE
[1.141s] -- Found keyboard_handler: 0.0.5 (/opt/ros/humble/share/keyboard_handler/cmake)
[1.142s] -- Found pcl_conversions: 2.4.5 (/opt/ros/humble/share/pcl_conversions/cmake)
[1.157s] -- Found ament_lint_auto: 0.12.14 (/opt/ros/humble/share/ament_lint_auto/cmake)
[1.224s] -- Added test 'cppcheck' to perform static code analysis on C / C++ code
[1.224s] -- Configured cppcheck include dirs: 
[1.224s] -- Configured cppcheck exclude dirs and/or files: 
[1.225s] -- Added test 'lint_cmake' to check CMake code style
[1.226s] -- Added test 'uncrustify' to check C / C++ code style
[1.226s] -- Configured uncrustify additional arguments: 
[1.226s] -- Added test 'xmllint' to check XML markup files
[1.226s] -- Configuring done
[1.231s] -- Generating done
[1.233s] -- Build files have been written to: /home/li/Time_various/build/tvfgo
[1.262s] Invoked command in '/home/li/Time_various/build/tvfgo' returned '0': CMAKE_PREFIX_PATH=/opt/ros/humble CONDA_PROMPT_MODIFIER=(base) /usr/bin/cmake --build /home/li/Time_various/build/tvfgo -- -j20 -l20
[1.263s] Invoking command in '/home/li/Time_various/build/tvfgo': CMAKE_PREFIX_PATH=/opt/ros/humble CONDA_PROMPT_MODIFIER=(base) /usr/bin/cmake --install /home/li/Time_various/build/tvfgo
[1.269s] -- Install configuration: "Release"
[1.269s] -- Up-to-date: /home/li/Time_various/install/tvfgo/share/ament_index/resource_index/package_run_dependencies/tvfgo
[1.269s] -- Up-to-date: /home/li/Time_various/install/tvfgo/share/ament_index/resource_index/parent_prefix_path/tvfgo
[1.269s] -- Up-to-date: /home/li/Time_various/install/tvfgo/share/tvfgo/environment/ament_prefix_path.sh
[1.269s] -- Installing: /home/li/Time_various/install/tvfgo/share/tvfgo/environment/ament_prefix_path.dsv
[1.269s] -- Up-to-date: /home/li/Time_various/install/tvfgo/share/tvfgo/environment/path.sh
[1.269s] -- Installing: /home/li/Time_various/install/tvfgo/share/tvfgo/environment/path.dsv
[1.269s] -- Up-to-date: /home/li/Time_various/install/tvfgo/share/tvfgo/local_setup.bash
[1.269s] -- Up-to-date: /home/li/Time_various/install/tvfgo/share/tvfgo/local_setup.sh
[1.269s] -- Up-to-date: /home/li/Time_various/install/tvfgo/share/tvfgo/local_setup.zsh
[1.269s] -- Installing: /home/li/Time_various/install/tvfgo/share/tvfgo/local_setup.dsv
[1.269s] -- Installing: /home/li/Time_various/install/tvfgo/share/tvfgo/package.dsv
[1.269s] -- Up-to-date: /home/li/Time_various/install/tvfgo/share/ament_index/resource_index/packages/tvfgo
[1.269s] -- Up-to-date: /home/li/Time_various/install/tvfgo/share/tvfgo/cmake/tvfgoConfig.cmake
[1.269s] -- Up-to-date: /home/li/Time_various/install/tvfgo/share/tvfgo/cmake/tvfgoConfig-version.cmake
[1.269s] -- Up-to-date: /home/li/Time_various/install/tvfgo/share/tvfgo/package.xml
[1.271s] Invoked command in '/home/li/Time_various/build/tvfgo' returned '0': CMAKE_PREFIX_PATH=/opt/ros/humble CONDA_PROMPT_MODIFIER=(base) /usr/bin/cmake --install /home/li/Time_various/build/tvfgo
