[0.007s] Invoking command in '/home/li/Time_various/build/tvfgo': CMAKE_PREFIX_PATH=/opt/ros/humble CONDA_PROMPT_MODIFIER=(base) /usr/bin/cmake /home/li/Time_various/src/timevariousFGO/TVFGO -DCMAKE_INSTALL_PREFIX=/home/li/Time_various/install/tvfgo
[0.058s] -- The C compiler identification is GNU 12.3.0
[0.137s] -- The CXX compiler identification is GNU 12.3.0
[0.144s] -- Detecting C compiler ABI info
[0.208s] -- Detecting C compiler ABI info - done
[0.214s] -- Check for working C compiler: /usr/bin/cc - skipped
[0.214s] -- Detecting C compile features
[0.215s] -- Detecting C compile features - done
[0.217s] -- Detecting CXX compiler ABI info
[0.283s] -- Detecting CXX compiler ABI info - done
[0.292s] -- Check for working CXX compiler: /usr/bin/g++ - skipped
[0.292s] -- Detecting CXX compile features
[0.293s] -- Detecting CXX compile features - done
[0.306s] -- Found Boost: /usr/lib/x86_64-linux-gnu/cmake/Boost-1.74.0/BoostConfig.cmake (found suitable version "1.74.0", minimum required is "1.68.0") found components: date_time 
[0.307s] -- Found NumCpp: /usr/local/include (found version 2.14.2)
[0.308s] -- Found ament_cmake: 1.3.12 (/opt/ros/humble/share/ament_cmake/cmake)
[0.590s] -- Found Python3: /home/li/miniconda3/bin/python3 (found version "3.13.5") found components: Interpreter 
[0.675s] -- Found rclcpp: 16.0.14 (/opt/ros/humble/share/rclcpp/cmake)
[0.699s] -- Found rosidl_generator_c: 3.1.7 (/opt/ros/humble/share/rosidl_generator_c/cmake)
[0.702s] -- Found rosidl_adapter: 3.1.7 (/opt/ros/humble/share/rosidl_adapter/cmake)
[0.707s] -- Found rosidl_generator_cpp: 3.1.7 (/opt/ros/humble/share/rosidl_generator_cpp/cmake)
[0.716s] -- Using all available rosidl_typesupport_c: rosidl_typesupport_fastrtps_c;rosidl_typesupport_introspection_c
[0.725s] -- Using all available rosidl_typesupport_cpp: rosidl_typesupport_fastrtps_cpp;rosidl_typesupport_introspection_cpp
[0.752s] -- Found rmw_implementation_cmake: 6.1.2 (/opt/ros/humble/share/rmw_implementation_cmake/cmake)
[0.753s] -- Found rmw_fastrtps_cpp: 6.2.8 (/opt/ros/humble/share/rmw_fastrtps_cpp/cmake)
[0.819s] -- Found OpenSSL: /usr/lib/x86_64-linux-gnu/libcrypto.so (found version "3.0.2")  
[0.836s] -- Found FastRTPS: /opt/ros/humble/include  
[0.862s] -- Using RMW implementation 'rmw_fastrtps_cpp' as default
[0.867s] -- Looking for pthread.h
[0.921s] -- Looking for pthread.h - found
[0.921s] -- Performing Test CMAKE_HAVE_LIBC_PTHREAD
[0.988s] -- Performing Test CMAKE_HAVE_LIBC_PTHREAD - Success
[0.989s] -- Found Threads: TRUE  
[1.023s] -- Found rclcpp_components: 16.0.14 (/opt/ros/humble/share/rclcpp_components/cmake)
[1.046s] -- Found rclcpp_lifecycle: 16.0.14 (/opt/ros/humble/share/rclcpp_lifecycle/cmake)
[1.058s] -- Found yaml_cpp_vendor: 8.0.2 (/opt/ros/humble/share/yaml_cpp_vendor/cmake)
[1.060s] -- Found rosidl_default_generators: 1.2.0 (/opt/ros/humble/share/rosidl_default_generators/cmake)
[1.065s] -- Found message_filters: 4.3.8 (/opt/ros/humble/share/message_filters/cmake)
[1.067s] -- Found pluginlib: 5.1.0 (/opt/ros/humble/share/pluginlib/cmake)
[1.077s] -- Found tf2: 0.25.16 (/opt/ros/humble/share/tf2/cmake)
[1.088s] -- Found tf2_eigen: 0.25.16 (/opt/ros/humble/share/tf2_eigen/cmake)
[1.140s] -- Found visualization_msgs: 4.9.0 (/opt/ros/humble/share/visualization_msgs/cmake)
[1.356s] -- Found OpenMP_C: -fopenmp (found version "4.5") 
[1.434s] -- Found OpenMP_CXX: -fopenmp (found version "4.5") 
[1.434s] -- Found OpenMP: TRUE (found version "4.5")  
[1.445s] -- Checking for module 'eigen3'
[1.456s] --   Found eigen3, version 3.4.0
[1.484s] -- Found Eigen: /usr/include/eigen3 (Required is at least version "3.1") 
[1.484s] -- Eigen found (include: /usr/include/eigen3, version: 3.4.0)
[1.492s] -- Found Boost: /usr/lib/x86_64-linux-gnu/cmake/Boost-1.74.0/BoostConfig.cmake (found suitable version "1.74.0", minimum required is "1.65.0") found components: system filesystem date_time iostreams serialization 
[1.503s] -- Checking for module 'flann'
[1.513s] --   Found flann, version 1.9.1
[1.546s] -- Found FLANN: /usr/lib/x86_64-linux-gnu/libflann_cpp.so  
[1.546s] -- FLANN found (include: /usr/include, lib: /usr/lib/x86_64-linux-gnu/libflann_cpp.so)
[1.573s] -- Found GLEW: /usr/lib/x86_64-linux-gnu/libGLEW.so  
[1.576s] -- Found OpenGL: /usr/lib/x86_64-linux-gnu/libOpenGL.so  found components: OpenGL GLX 
[1.694s] -- Found MPI_C: /usr/lib/x86_64-linux-gnu/libmpi.so (found version "3.1") 
[1.694s] -- Found MPI: TRUE (found version "3.1") found components: C 
[1.695s] -- Found JsonCpp: /usr/lib/x86_64-linux-gnu/libjsoncpp.so (found suitable version "1.9.5", minimum required is "0.7.0") 
[1.701s] -- Found ZLIB: /usr/lib/x86_64-linux-gnu/libz.so (found version "1.2.11") 
[1.713s] -- Found PNG: /usr/lib/x86_64-linux-gnu/libpng.so (found version "1.6.37") 
[1.721s] -- Found Eigen3: /usr/include/eigen3 (found version "3.4.0") 
[1.791s] -- Found X11: /usr/include   
[1.791s] -- Looking for XOpenDisplay in /usr/lib/x86_64-linux-gnu/libX11.so;/usr/lib/x86_64-linux-gnu/libXext.so
[1.853s] -- Looking for XOpenDisplay in /usr/lib/x86_64-linux-gnu/libX11.so;/usr/lib/x86_64-linux-gnu/libXext.so - found
[1.853s] -- Looking for gethostbyname
[1.907s] -- Looking for gethostbyname - found
[1.907s] -- Looking for connect
[1.967s] -- Looking for connect - found
[1.967s] -- Looking for remove
[2.022s] -- Looking for remove - found
[2.022s] -- Looking for shmat
[2.080s] -- Looking for shmat - found
[2.080s] -- Looking for IceConnectionNumber in ICE
[2.141s] -- Looking for IceConnectionNumber in ICE - found
[2.207s] -- Found EXPAT: /usr/lib/x86_64-linux-gnu/libexpat.so (found version "2.4.7") 
[2.208s] -- Found double-conversion: /usr/lib/x86_64-linux-gnu/libdouble-conversion.so  
[2.210s] -- Found LZ4: /usr/lib/x86_64-linux-gnu/liblz4.so (found version "1.9.3") 
[2.212s] -- Found LZMA: /usr/lib/x86_64-linux-gnu/liblzma.so (found version "5.2.5") 
[2.219s] -- Found JPEG: /usr/lib/x86_64-linux-gnu/libjpeg.so (found version "80") 
[2.222s] -- Found TIFF: /usr/lib/x86_64-linux-gnu/libtiff.so (found version "4.3.0")  
[2.225s] -- Found Freetype: /usr/lib/x86_64-linux-gnu/libfreetype.so (found version "2.11.1") 
[2.229s] -- Found utf8cpp: /usr/include/utf8cpp  
[2.296s] -- Checking for module 'libusb-1.0'
[2.308s] --   Found libusb-1.0, version 1.0.25
[2.336s] -- Found libusb: /usr/lib/x86_64-linux-gnu/libusb-1.0.so  
[2.336s] -- Found OpenNI: /usr/lib/libOpenNI.so;libusb::libusb (found version "1.5.4.0") 
[2.336s] -- OpenNI found (version: 1.5.4.0, include: /usr/include/ni, lib: /usr/lib/libOpenNI.so;libusb::libusb)
[2.388s] -- Found OpenNI2: /usr/lib/x86_64-linux-gnu/libOpenNI2.so;libusb::libusb (found version "2.2.0.33") 
[2.388s] -- OpenNI2 found (version: 2.2.0.33, include: /usr/include/openni2, lib: /usr/lib/x86_64-linux-gnu/libOpenNI2.so;libusb::libusb)
[2.388s] [0m** WARNING ** io features related to pcap will be disabled[0m
[2.501s] -- Eigen found (include: /usr/include/eigen3, version: 3.4.0)
[2.506s] -- OpenNI found (version: 1.5.4.0, include: /usr/include/ni, lib: /usr/lib/libOpenNI.so;libusb::libusb)
[2.511s] -- OpenNI2 found (version: 2.2.0.33, include: /usr/include/openni2, lib: /usr/lib/x86_64-linux-gnu/libOpenNI2.so;libusb::libusb)
[2.620s] -- Found Qhull version 8.0.2
[2.729s] -- OpenNI found (version: 1.5.4.0, include: /usr/include/ni, lib: /usr/lib/libOpenNI.so;libusb::libusb)
[2.839s] -- looking for PCL_COMMON
[2.840s] -- Found PCL_COMMON: /usr/lib/x86_64-linux-gnu/libpcl_common.so  
[2.840s] -- looking for PCL_KDTREE
[2.840s] -- Found PCL_KDTREE: /usr/lib/x86_64-linux-gnu/libpcl_kdtree.so  
[2.840s] -- looking for PCL_OCTREE
[2.841s] -- Found PCL_OCTREE: /usr/lib/x86_64-linux-gnu/libpcl_octree.so  
[2.841s] -- looking for PCL_SEARCH
[2.841s] -- Found PCL_SEARCH: /usr/lib/x86_64-linux-gnu/libpcl_search.so  
[2.842s] -- looking for PCL_SAMPLE_CONSENSUS
[2.842s] -- Found PCL_SAMPLE_CONSENSUS: /usr/lib/x86_64-linux-gnu/libpcl_sample_consensus.so  
[2.842s] -- looking for PCL_FILTERS
[2.843s] -- Found PCL_FILTERS: /usr/lib/x86_64-linux-gnu/libpcl_filters.so  
[2.843s] -- looking for PCL_2D
[2.843s] -- Found PCL_2D: /usr/include/pcl-1.12  
[2.843s] -- looking for PCL_GEOMETRY
[2.843s] -- Found PCL_GEOMETRY: /usr/include/pcl-1.12  
[2.843s] -- looking for PCL_IO
[2.844s] -- Found PCL_IO: /usr/lib/x86_64-linux-gnu/libpcl_io.so  
[2.844s] -- looking for PCL_FEATURES
[2.845s] -- Found PCL_FEATURES: /usr/lib/x86_64-linux-gnu/libpcl_features.so  
[2.845s] -- looking for PCL_ML
[2.845s] -- Found PCL_ML: /usr/lib/x86_64-linux-gnu/libpcl_ml.so  
[2.845s] -- looking for PCL_SEGMENTATION
[2.846s] -- Found PCL_SEGMENTATION: /usr/lib/x86_64-linux-gnu/libpcl_segmentation.so  
[2.846s] -- looking for PCL_VISUALIZATION
[2.846s] -- Found PCL_VISUALIZATION: /usr/lib/x86_64-linux-gnu/libpcl_visualization.so  
[2.846s] -- looking for PCL_SURFACE
[2.847s] -- Found PCL_SURFACE: /usr/lib/x86_64-linux-gnu/libpcl_surface.so  
[2.847s] -- looking for PCL_REGISTRATION
[2.848s] -- Found PCL_REGISTRATION: /usr/lib/x86_64-linux-gnu/libpcl_registration.so  
[2.848s] -- looking for PCL_KEYPOINTS
[2.848s] -- Found PCL_KEYPOINTS: /usr/lib/x86_64-linux-gnu/libpcl_keypoints.so  
[2.848s] -- looking for PCL_TRACKING
[2.849s] -- Found PCL_TRACKING: /usr/lib/x86_64-linux-gnu/libpcl_tracking.so  
[2.849s] -- looking for PCL_RECOGNITION
[2.849s] -- Found PCL_RECOGNITION: /usr/lib/x86_64-linux-gnu/libpcl_recognition.so  
[2.850s] -- looking for PCL_STEREO
[2.850s] -- Found PCL_STEREO: /usr/lib/x86_64-linux-gnu/libpcl_stereo.so  
[2.850s] -- looking for PCL_APPS
[2.851s] -- Found PCL_APPS: /usr/lib/x86_64-linux-gnu/libpcl_apps.so  
[2.851s] -- looking for PCL_IN_HAND_SCANNER
[2.851s] -- Found PCL_IN_HAND_SCANNER: /usr/include/pcl-1.12  
[2.851s] -- looking for PCL_MODELER
[2.852s] -- Found PCL_MODELER: /usr/include/pcl-1.12  
[2.852s] -- looking for PCL_POINT_CLOUD_EDITOR
[2.852s] -- Found PCL_POINT_CLOUD_EDITOR: /usr/include/pcl-1.12  
[2.852s] -- looking for PCL_OUTOFCORE
[2.852s] -- Found PCL_OUTOFCORE: /usr/lib/x86_64-linux-gnu/libpcl_outofcore.so  
[2.853s] -- looking for PCL_PEOPLE
[2.853s] -- Found PCL_PEOPLE: /usr/lib/x86_64-linux-gnu/libpcl_people.so  
[2.854s] -- Found PCL: pcl_common;pcl_kdtree;pcl_octree;pcl_search;pcl_sample_consensus;pcl_filters;pcl_io;pcl_features;pcl_ml;pcl_segmentation;pcl_visualization;pcl_surface;pcl_registration;pcl_keypoints;pcl_tracking;pcl_recognition;pcl_stereo;pcl_apps;pcl_outofcore;pcl_people;Boost::system;Boost::filesystem;Boost::date_time;Boost::iostreams;Boost::serialization;/usr/lib/libOpenNI.so;libusb::libusb;/usr/lib/x86_64-linux-gnu/libOpenNI2.so;libusb::libusb;VTK::ChartsCore;VTK::CommonColor;VTK::CommonComputationalGeometry;VTK::CommonCore;VTK::CommonDataModel;VTK::CommonExecutionModel;VTK::CommonMath;VTK::CommonMisc;VTK::CommonTransforms;VTK::FiltersCore;VTK::FiltersExtraction;VTK::FiltersGeneral;VTK::FiltersGeometry;VTK::FiltersModeling;VTK::FiltersSources;VTK::ImagingCore;VTK::ImagingSources;VTK::InteractionImage;VTK::InteractionStyle;VTK::InteractionWidgets;VTK::IOCore;VTK::IOGeometry;VTK::IOImage;VTK::IOLegacy;VTK::IOPLY;VTK::RenderingAnnotation;VTK::RenderingCore;VTK::RenderingContext2D;VTK::RenderingLOD;VTK::RenderingFreeType;VTK::ViewsCore;VTK::ViewsContext2D;VTK::RenderingOpenGL2;VTK::GUISupportQt;FLANN::FLANN;QHULL::QHULL  
[2.854s] -- Found keyboard_handler: 0.0.5 (/opt/ros/humble/share/keyboard_handler/cmake)
[2.856s] -- Found pcl_conversions: 2.4.5 (/opt/ros/humble/share/pcl_conversions/cmake)
[2.871s] -- Found ament_lint_auto: 0.12.14 (/opt/ros/humble/share/ament_lint_auto/cmake)
[2.934s] [31mCMake Error at /opt/ros/humble/share/ament_cmake_core/cmake/core/ament_package_xml.cmake:53 (message):
[2.934s]   ament_package_xml() package name 'tvfgo' in '/package.xml' does not match
[2.934s]   current PROJECT_NAME 'TVFGO'.  You must call project() with the same
[2.934s]   package name before.
[2.934s] Call Stack (most recent call first):
[2.934s]   /opt/ros/humble/share/ament_lint_auto/cmake/ament_lint_auto_find_test_dependencies.cmake:31 (ament_package_xml)
[2.934s]   CMakeLists.txt:55 (ament_lint_auto_find_test_dependencies)
[2.934s] 
[2.934s] [0m
[2.934s] -- Configuring incomplete, errors occurred!
[2.935s] See also "/home/li/Time_various/build/tvfgo/CMakeFiles/CMakeOutput.log".
[2.948s] Invoked command in '/home/li/Time_various/build/tvfgo' returned '1': CMAKE_PREFIX_PATH=/opt/ros/humble CONDA_PROMPT_MODIFIER=(base) /usr/bin/cmake /home/li/Time_various/src/timevariousFGO/TVFGO -DCMAKE_INSTALL_PREFIX=/home/li/Time_various/install/tvfgo
