-- The C compiler identification is GNU 12.3.0
-- The CXX compiler identification is GNU 12.3.0
-- Detecting C compiler ABI info
-- Detecting C compiler ABI info - done
-- Check for working C compiler: /usr/bin/cc - skipped
-- Detecting C compile features
-- Detecting C compile features - done
-- Detecting CXX compiler ABI info
-- Detecting CXX compiler ABI info - done
-- Check for working CXX compiler: /usr/bin/g++ - skipped
-- Detecting CXX compile features
-- Detecting CXX compile features - done
-- Found ament_cmake: 1.3.12 (/opt/ros/humble/share/ament_cmake/cmake)
-- Found Python3: /home/li/miniconda3/bin/python3 (found version "3.13.5") found components: Interpreter 
-- Found std_msgs: 4.9.0 (/opt/ros/humble/share/std_msgs/cmake)
-- Found rosidl_generator_c: 3.1.7 (/opt/ros/humble/share/rosidl_generator_c/cmake)
-- Found rosidl_adapter: 3.1.7 (/opt/ros/humble/share/rosidl_adapter/cmake)
-- Found rosidl_generator_cpp: 3.1.7 (/opt/ros/humble/share/rosidl_generator_cpp/cmake)
-- Using all available rosidl_typesupport_c: rosidl_typesupport_fastrtps_c;rosidl_typesupport_introspection_c
-- Using all available rosidl_typesupport_cpp: rosidl_typesupport_fastrtps_cpp;rosidl_typesupport_introspection_cpp
-- Found geometry_msgs: 4.9.0 (/opt/ros/humble/share/geometry_msgs/cmake)
-- Found sensor_msgs: 4.9.0 (/opt/ros/humble/share/sensor_msgs/cmake)
-- Found nav_msgs: 4.9.0 (/opt/ros/humble/share/nav_msgs/cmake)
-- Found tf2_geometry_msgs: 0.25.16 (/opt/ros/humble/share/tf2_geometry_msgs/cmake)
-- Found eigen3_cmake_module: 0.1.1 (/opt/ros/humble/share/eigen3_cmake_module/cmake)
-- Found Eigen3: TRUE (found version "3.4.0") 
-- Ensuring Eigen3 include directory is part of orocos-kdl CMake target
-- Found rmw_implementation_cmake: 6.1.2 (/opt/ros/humble/share/rmw_implementation_cmake/cmake)
-- Found rmw_fastrtps_cpp: 6.2.8 (/opt/ros/humble/share/rmw_fastrtps_cpp/cmake)
-- Found OpenSSL: /usr/lib/x86_64-linux-gnu/libcrypto.so (found version "3.0.2")  
-- Found FastRTPS: /opt/ros/humble/include  
-- Using RMW implementation 'rmw_fastrtps_cpp' as default
-- Looking for pthread.h
-- Looking for pthread.h - found
-- Performing Test CMAKE_HAVE_LIBC_PTHREAD
-- Performing Test CMAKE_HAVE_LIBC_PTHREAD - Success
-- Found Threads: TRUE  
-- Found rosidl_default_generators: 1.2.0 (/opt/ros/humble/share/rosidl_default_generators/cmake)
-- Found ament_cmake_ros: 0.10.0 (/opt/ros/humble/share/ament_cmake_ros/cmake)
-- Using all available rosidl_typesupport_c: rosidl_typesupport_fastrtps_c;rosidl_typesupport_introspection_c
-- Using all available rosidl_typesupport_cpp: rosidl_typesupport_fastrtps_cpp;rosidl_typesupport_introspection_cpp
-- Found PythonInterp: /home/li/miniconda3/bin/python3 (found suitable version "3.13.5", minimum required is "3.6") 
-- Found python_cmake_module: 0.10.0 (/opt/ros/humble/share/python_cmake_module/cmake)
-- Found PythonLibs: /home/li/miniconda3/lib/libpython3.13.so (found suitable version "3.13.5", minimum required is "3.5") 
-- Using PYTHON_EXECUTABLE: /home/li/miniconda3/bin/python3
-- Using PYTHON_INCLUDE_DIRS: /home/li/miniconda3/include/python3.13
-- Using PYTHON_LIBRARIES: /home/li/miniconda3/lib/libpython3.13.so
-- Found PythonExtra: .so  
-- Using numpy include directory: /home/li/miniconda3/lib/python3.13/site-packages/numpy/_core/include
-- Found ament_lint_auto: 0.12.14 (/opt/ros/humble/share/ament_lint_auto/cmake)
-- Added test 'copyright' to check source files copyright and LICENSE
-- Added test 'lint_cmake' to check CMake code style
-- Added test 'xmllint' to check XML markup files
-- Configuring done
-- Generating done
-- Build files have been written to: /home/li/Time_various/build/boreas_msgs
[  3%] [34m[1mGenerating C code for ROS interfaces[0m
[  6%] [34m[1mGenerating C++ code for ROS interfaces[0m
[  6%] Built target ament_cmake_python_copy_boreas_msgs
running egg_info
creating boreas_msgs.egg-info
writing boreas_msgs.egg-info/PKG-INFO
writing dependency_links to boreas_msgs.egg-info/dependency_links.txt
writing top-level names to boreas_msgs.egg-info/top_level.txt
writing manifest file 'boreas_msgs.egg-info/SOURCES.txt'
[  9%] [32mBuilding C object CMakeFiles/boreas_msgs__rosidl_generator_c.dir/rosidl_generator_c/boreas_msgs/msg/detail/sensor_pose__functions.c.o[0m
[  9%] Built target boreas_msgs__cpp
reading manifest file 'boreas_msgs.egg-info/SOURCES.txt'
writing manifest file 'boreas_msgs.egg-info/SOURCES.txt'
[ 16%] [34m[1mGenerating C++ type support dispatch for ROS interfaces[0m
[ 16%] [34m[1mGenerating C++ type support for eProsima Fast-RTPS[0m
[ 19%] [34m[1mGenerating C++ introspection for ROS interfaces[0m
[ 19%] Built target ament_cmake_python_build_boreas_msgs_egg
[ 22%] [32m[1mLinking C shared library libboreas_msgs__rosidl_generator_c.so[0m
[ 22%] Built target boreas_msgs__rosidl_generator_c
[ 29%] [34m[1mGenerating C type support for eProsima Fast-RTPS[0m
[ 29%] [34m[1mGenerating C type support dispatch for ROS interfaces[0m
[ 32%] [34m[1mGenerating C introspection for ROS interfaces[0m
[ 35%] [32mBuilding CXX object CMakeFiles/boreas_msgs__rosidl_typesupport_cpp.dir/rosidl_typesupport_cpp/boreas_msgs/msg/sensor_pose__type_support.cpp.o[0m
[ 38%] [32mBuilding CXX object CMakeFiles/boreas_msgs__rosidl_typesupport_introspection_cpp.dir/rosidl_typesupport_introspection_cpp/boreas_msgs/msg/detail/sensor_pose__type_support.cpp.o[0m
[ 41%] [32mBuilding CXX object CMakeFiles/boreas_msgs__rosidl_typesupport_fastrtps_cpp.dir/rosidl_typesupport_fastrtps_cpp/boreas_msgs/msg/detail/dds_fastrtps/sensor_pose__type_support.cpp.o[0m
[ 45%] [32mBuilding CXX object CMakeFiles/boreas_msgs__rosidl_typesupport_c.dir/rosidl_typesupport_c/boreas_msgs/msg/sensor_pose__type_support.cpp.o[0m
[ 48%] [32m[1mLinking CXX shared library libboreas_msgs__rosidl_typesupport_c.so[0m
[ 51%] [32mBuilding CXX object CMakeFiles/boreas_msgs__rosidl_typesupport_fastrtps_c.dir/rosidl_typesupport_fastrtps_c/boreas_msgs/msg/detail/sensor_pose__type_support_c.cpp.o[0m
[ 51%] Built target boreas_msgs__rosidl_typesupport_c
[ 54%] [32mBuilding C object CMakeFiles/boreas_msgs__rosidl_typesupport_introspection_c.dir/rosidl_typesupport_introspection_c/boreas_msgs/msg/detail/sensor_pose__type_support.c.o[0m
[ 58%] [32m[1mLinking C shared library libboreas_msgs__rosidl_typesupport_introspection_c.so[0m
[ 61%] [32m[1mLinking CXX shared library libboreas_msgs__rosidl_typesupport_introspection_cpp.so[0m
[ 61%] Built target boreas_msgs__rosidl_typesupport_introspection_c
[ 64%] [32m[1mLinking CXX shared library libboreas_msgs__rosidl_typesupport_cpp.so[0m
[ 64%] Built target boreas_msgs__rosidl_typesupport_introspection_cpp
[ 64%] Built target boreas_msgs__rosidl_typesupport_cpp
[ 67%] [32m[1mLinking CXX shared library libboreas_msgs__rosidl_typesupport_fastrtps_c.so[0m
[ 70%] [32m[1mLinking CXX shared library libboreas_msgs__rosidl_typesupport_fastrtps_cpp.so[0m
[ 70%] Built target boreas_msgs__rosidl_typesupport_fastrtps_c
[ 70%] Built target boreas_msgs__rosidl_typesupport_fastrtps_cpp
[ 70%] Built target boreas_msgs
[ 74%] [34m[1mGenerating Python code for ROS interfaces[0m
[ 74%] Built target boreas_msgs__py
[ 77%] [32mBuilding C object CMakeFiles/boreas_msgs__rosidl_generator_py.dir/rosidl_generator_py/boreas_msgs/msg/_sensor_pose_s.c.o[0m
[ 80%] [32m[1mLinking C shared library rosidl_generator_py/boreas_msgs/libboreas_msgs__rosidl_generator_py.so[0m
[ 80%] Built target boreas_msgs__rosidl_generator_py
[ 83%] [32mBuilding C object CMakeFiles/boreas_msgs__rosidl_typesupport_fastrtps_c__pyext.dir/rosidl_generator_py/boreas_msgs/_boreas_msgs_s.ep.rosidl_typesupport_fastrtps_c.c.o[0m
[ 90%] [32mBuilding C object CMakeFiles/boreas_msgs__rosidl_typesupport_introspection_c__pyext.dir/rosidl_generator_py/boreas_msgs/_boreas_msgs_s.ep.rosidl_typesupport_introspection_c.c.o[0m
[ 90%] [32mBuilding C object CMakeFiles/boreas_msgs__rosidl_typesupport_c__pyext.dir/rosidl_generator_py/boreas_msgs/_boreas_msgs_s.ep.rosidl_typesupport_c.c.o[0m
[ 93%] [32m[1mLinking C shared library rosidl_generator_py/boreas_msgs/boreas_msgs_s__rosidl_typesupport_fastrtps_c.cpython-313-x86_64-linux-gnu.so[0m
[ 96%] [32m[1mLinking C shared library rosidl_generator_py/boreas_msgs/boreas_msgs_s__rosidl_typesupport_introspection_c.cpython-313-x86_64-linux-gnu.so[0m
[100%] [32m[1mLinking C shared library rosidl_generator_py/boreas_msgs/boreas_msgs_s__rosidl_typesupport_c.cpython-313-x86_64-linux-gnu.so[0m
[100%] Built target boreas_msgs__rosidl_typesupport_fastrtps_c__pyext
[100%] Built target boreas_msgs__rosidl_typesupport_introspection_c__pyext
[100%] Built target boreas_msgs__rosidl_typesupport_c__pyext
-- Install configuration: ""
-- Installing: /home/li/Time_various/install/boreas_msgs/share/ament_index/resource_index/rosidl_interfaces/boreas_msgs
-- Installing: /home/li/Time_various/install/boreas_msgs/include/boreas_msgs/boreas_msgs
-- Installing: /home/li/Time_various/install/boreas_msgs/include/boreas_msgs/boreas_msgs/msg
-- Installing: /home/li/Time_various/install/boreas_msgs/include/boreas_msgs/boreas_msgs/msg/sensor_pose.h
-- Installing: /home/li/Time_various/install/boreas_msgs/include/boreas_msgs/boreas_msgs/msg/detail
-- Installing: /home/li/Time_various/install/boreas_msgs/include/boreas_msgs/boreas_msgs/msg/detail/sensor_pose__struct.h
-- Installing: /home/li/Time_various/install/boreas_msgs/include/boreas_msgs/boreas_msgs/msg/detail/sensor_pose__functions.c
-- Installing: /home/li/Time_various/install/boreas_msgs/include/boreas_msgs/boreas_msgs/msg/detail/sensor_pose__functions.h
-- Installing: /home/li/Time_various/install/boreas_msgs/include/boreas_msgs/boreas_msgs/msg/detail/sensor_pose__type_support.h
-- Installing: /home/li/Time_various/install/boreas_msgs/include/boreas_msgs/boreas_msgs/msg/rosidl_generator_c__visibility_control.h
-- Installing: /home/li/Time_various/install/boreas_msgs/share/boreas_msgs/environment/library_path.sh
-- Installing: /home/li/Time_various/install/boreas_msgs/share/boreas_msgs/environment/library_path.dsv
-- Installing: /home/li/Time_various/install/boreas_msgs/lib/libboreas_msgs__rosidl_generator_c.so
-- Set runtime path of "/home/li/Time_various/install/boreas_msgs/lib/libboreas_msgs__rosidl_generator_c.so" to ""
-- Up-to-date: /home/li/Time_various/install/boreas_msgs/include/boreas_msgs/boreas_msgs
-- Up-to-date: /home/li/Time_various/install/boreas_msgs/include/boreas_msgs/boreas_msgs/msg
-- Installing: /home/li/Time_various/install/boreas_msgs/include/boreas_msgs/boreas_msgs/msg/rosidl_typesupport_fastrtps_c__visibility_control.h
-- Up-to-date: /home/li/Time_various/install/boreas_msgs/include/boreas_msgs/boreas_msgs/msg/detail
-- Installing: /home/li/Time_various/install/boreas_msgs/include/boreas_msgs/boreas_msgs/msg/detail/sensor_pose__rosidl_typesupport_fastrtps_c.h
-- Installing: /home/li/Time_various/install/boreas_msgs/lib/libboreas_msgs__rosidl_typesupport_fastrtps_c.so
-- Set runtime path of "/home/li/Time_various/install/boreas_msgs/lib/libboreas_msgs__rosidl_typesupport_fastrtps_c.so" to ""
-- Up-to-date: /home/li/Time_various/install/boreas_msgs/include/boreas_msgs/boreas_msgs
-- Up-to-date: /home/li/Time_various/install/boreas_msgs/include/boreas_msgs/boreas_msgs/msg
-- Installing: /home/li/Time_various/install/boreas_msgs/include/boreas_msgs/boreas_msgs/msg/sensor_pose.hpp
-- Installing: /home/li/Time_various/install/boreas_msgs/include/boreas_msgs/boreas_msgs/msg/rosidl_generator_cpp__visibility_control.hpp
-- Up-to-date: /home/li/Time_various/install/boreas_msgs/include/boreas_msgs/boreas_msgs/msg/detail
-- Installing: /home/li/Time_various/install/boreas_msgs/include/boreas_msgs/boreas_msgs/msg/detail/sensor_pose__builder.hpp
-- Installing: /home/li/Time_various/install/boreas_msgs/include/boreas_msgs/boreas_msgs/msg/detail/sensor_pose__struct.hpp
-- Installing: /home/li/Time_various/install/boreas_msgs/include/boreas_msgs/boreas_msgs/msg/detail/sensor_pose__type_support.hpp
-- Installing: /home/li/Time_various/install/boreas_msgs/include/boreas_msgs/boreas_msgs/msg/detail/sensor_pose__traits.hpp
-- Up-to-date: /home/li/Time_various/install/boreas_msgs/include/boreas_msgs/boreas_msgs
-- Up-to-date: /home/li/Time_various/install/boreas_msgs/include/boreas_msgs/boreas_msgs/msg
-- Installing: /home/li/Time_various/install/boreas_msgs/include/boreas_msgs/boreas_msgs/msg/rosidl_typesupport_fastrtps_cpp__visibility_control.h
-- Up-to-date: /home/li/Time_various/install/boreas_msgs/include/boreas_msgs/boreas_msgs/msg/detail
-- Installing: /home/li/Time_various/install/boreas_msgs/include/boreas_msgs/boreas_msgs/msg/detail/dds_fastrtps
-- Installing: /home/li/Time_various/install/boreas_msgs/include/boreas_msgs/boreas_msgs/msg/detail/sensor_pose__rosidl_typesupport_fastrtps_cpp.hpp
-- Installing: /home/li/Time_various/install/boreas_msgs/lib/libboreas_msgs__rosidl_typesupport_fastrtps_cpp.so
-- Set runtime path of "/home/li/Time_various/install/boreas_msgs/lib/libboreas_msgs__rosidl_typesupport_fastrtps_cpp.so" to ""
-- Up-to-date: /home/li/Time_various/install/boreas_msgs/include/boreas_msgs/boreas_msgs
-- Up-to-date: /home/li/Time_various/install/boreas_msgs/include/boreas_msgs/boreas_msgs/msg
-- Installing: /home/li/Time_various/install/boreas_msgs/include/boreas_msgs/boreas_msgs/msg/rosidl_typesupport_introspection_c__visibility_control.h
-- Up-to-date: /home/li/Time_various/install/boreas_msgs/include/boreas_msgs/boreas_msgs/msg/detail
-- Installing: /home/li/Time_various/install/boreas_msgs/include/boreas_msgs/boreas_msgs/msg/detail/sensor_pose__rosidl_typesupport_introspection_c.h
-- Installing: /home/li/Time_various/install/boreas_msgs/include/boreas_msgs/boreas_msgs/msg/detail/sensor_pose__type_support.c
-- Installing: /home/li/Time_various/install/boreas_msgs/lib/libboreas_msgs__rosidl_typesupport_introspection_c.so
-- Set runtime path of "/home/li/Time_various/install/boreas_msgs/lib/libboreas_msgs__rosidl_typesupport_introspection_c.so" to ""
-- Installing: /home/li/Time_various/install/boreas_msgs/lib/libboreas_msgs__rosidl_typesupport_c.so
-- Set runtime path of "/home/li/Time_various/install/boreas_msgs/lib/libboreas_msgs__rosidl_typesupport_c.so" to ""
-- Up-to-date: /home/li/Time_various/install/boreas_msgs/include/boreas_msgs/boreas_msgs
-- Up-to-date: /home/li/Time_various/install/boreas_msgs/include/boreas_msgs/boreas_msgs/msg
-- Up-to-date: /home/li/Time_various/install/boreas_msgs/include/boreas_msgs/boreas_msgs/msg/detail
-- Installing: /home/li/Time_various/install/boreas_msgs/include/boreas_msgs/boreas_msgs/msg/detail/sensor_pose__type_support.cpp
-- Installing: /home/li/Time_various/install/boreas_msgs/include/boreas_msgs/boreas_msgs/msg/detail/sensor_pose__rosidl_typesupport_introspection_cpp.hpp
-- Installing: /home/li/Time_various/install/boreas_msgs/lib/libboreas_msgs__rosidl_typesupport_introspection_cpp.so
-- Set runtime path of "/home/li/Time_various/install/boreas_msgs/lib/libboreas_msgs__rosidl_typesupport_introspection_cpp.so" to ""
-- Installing: /home/li/Time_various/install/boreas_msgs/lib/libboreas_msgs__rosidl_typesupport_cpp.so
-- Set runtime path of "/home/li/Time_various/install/boreas_msgs/lib/libboreas_msgs__rosidl_typesupport_cpp.so" to ""
-- Installing: /home/li/Time_various/install/boreas_msgs/share/boreas_msgs/environment/pythonpath.sh
-- Installing: /home/li/Time_various/install/boreas_msgs/share/boreas_msgs/environment/pythonpath.dsv
-- Installing: /home/li/Time_various/install/boreas_msgs/lib/python3.13/site-packages/boreas_msgs-0.0.0-py3.13.egg-info
-- Installing: /home/li/Time_various/install/boreas_msgs/lib/python3.13/site-packages/boreas_msgs-0.0.0-py3.13.egg-info/PKG-INFO
-- Installing: /home/li/Time_various/install/boreas_msgs/lib/python3.13/site-packages/boreas_msgs-0.0.0-py3.13.egg-info/dependency_links.txt
-- Installing: /home/li/Time_various/install/boreas_msgs/lib/python3.13/site-packages/boreas_msgs-0.0.0-py3.13.egg-info/SOURCES.txt
-- Installing: /home/li/Time_various/install/boreas_msgs/lib/python3.13/site-packages/boreas_msgs-0.0.0-py3.13.egg-info/top_level.txt
-- Installing: /home/li/Time_various/install/boreas_msgs/lib/python3.13/site-packages/boreas_msgs
-- Installing: /home/li/Time_various/install/boreas_msgs/lib/python3.13/site-packages/boreas_msgs/__init__.py
-- Installing: /home/li/Time_various/install/boreas_msgs/lib/python3.13/site-packages/boreas_msgs/boreas_msgs_s__rosidl_typesupport_introspection_c.cpython-313-x86_64-linux-gnu.so
-- Installing: /home/li/Time_various/install/boreas_msgs/lib/python3.13/site-packages/boreas_msgs/boreas_msgs_s__rosidl_typesupport_c.cpython-313-x86_64-linux-gnu.so
-- Installing: /home/li/Time_various/install/boreas_msgs/lib/python3.13/site-packages/boreas_msgs/_boreas_msgs_s.ep.rosidl_typesupport_c.c
-- Installing: /home/li/Time_various/install/boreas_msgs/lib/python3.13/site-packages/boreas_msgs/_boreas_msgs_s.ep.rosidl_typesupport_introspection_c.c
-- Installing: /home/li/Time_various/install/boreas_msgs/lib/python3.13/site-packages/boreas_msgs/msg
-- Installing: /home/li/Time_various/install/boreas_msgs/lib/python3.13/site-packages/boreas_msgs/msg/__init__.py
-- Installing: /home/li/Time_various/install/boreas_msgs/lib/python3.13/site-packages/boreas_msgs/msg/_sensor_pose_s.c
-- Installing: /home/li/Time_various/install/boreas_msgs/lib/python3.13/site-packages/boreas_msgs/msg/_sensor_pose.py
-- Installing: /home/li/Time_various/install/boreas_msgs/lib/python3.13/site-packages/boreas_msgs/_boreas_msgs_s.ep.rosidl_typesupport_fastrtps_c.c
-- Installing: /home/li/Time_various/install/boreas_msgs/lib/python3.13/site-packages/boreas_msgs/boreas_msgs_s__rosidl_typesupport_fastrtps_c.cpython-313-x86_64-linux-gnu.so
-- Installing: /home/li/Time_various/install/boreas_msgs/lib/python3.13/site-packages/boreas_msgs/libboreas_msgs__rosidl_generator_py.so
Listing '/home/li/Time_various/install/boreas_msgs/lib/python3.13/site-packages/boreas_msgs'...
Compiling '/home/li/Time_various/install/boreas_msgs/lib/python3.13/site-packages/boreas_msgs/__init__.py'...
Listing '/home/li/Time_various/install/boreas_msgs/lib/python3.13/site-packages/boreas_msgs/msg'...
Compiling '/home/li/Time_various/install/boreas_msgs/lib/python3.13/site-packages/boreas_msgs/msg/__init__.py'...
Compiling '/home/li/Time_various/install/boreas_msgs/lib/python3.13/site-packages/boreas_msgs/msg/_sensor_pose.py'...
-- Installing: /home/li/Time_various/install/boreas_msgs/lib/python3.13/site-packages/boreas_msgs/boreas_msgs_s__rosidl_typesupport_fastrtps_c.cpython-313-x86_64-linux-gnu.so
-- Set runtime path of "/home/li/Time_various/install/boreas_msgs/lib/python3.13/site-packages/boreas_msgs/boreas_msgs_s__rosidl_typesupport_fastrtps_c.cpython-313-x86_64-linux-gnu.so" to ""
-- Installing: /home/li/Time_various/install/boreas_msgs/lib/python3.13/site-packages/boreas_msgs/boreas_msgs_s__rosidl_typesupport_introspection_c.cpython-313-x86_64-linux-gnu.so
-- Set runtime path of "/home/li/Time_various/install/boreas_msgs/lib/python3.13/site-packages/boreas_msgs/boreas_msgs_s__rosidl_typesupport_introspection_c.cpython-313-x86_64-linux-gnu.so" to ""
-- Installing: /home/li/Time_various/install/boreas_msgs/lib/python3.13/site-packages/boreas_msgs/boreas_msgs_s__rosidl_typesupport_c.cpython-313-x86_64-linux-gnu.so
-- Set runtime path of "/home/li/Time_various/install/boreas_msgs/lib/python3.13/site-packages/boreas_msgs/boreas_msgs_s__rosidl_typesupport_c.cpython-313-x86_64-linux-gnu.so" to ""
-- Installing: /home/li/Time_various/install/boreas_msgs/lib/libboreas_msgs__rosidl_generator_py.so
-- Set runtime path of "/home/li/Time_various/install/boreas_msgs/lib/libboreas_msgs__rosidl_generator_py.so" to ""
-- Installing: /home/li/Time_various/install/boreas_msgs/share/boreas_msgs/msg/SensorPose.idl
-- Installing: /home/li/Time_various/install/boreas_msgs/share/boreas_msgs/msg/SensorPose.msg
-- Installing: /home/li/Time_various/install/boreas_msgs/share/ament_index/resource_index/package_run_dependencies/boreas_msgs
-- Installing: /home/li/Time_various/install/boreas_msgs/share/ament_index/resource_index/parent_prefix_path/boreas_msgs
-- Installing: /home/li/Time_various/install/boreas_msgs/share/boreas_msgs/environment/ament_prefix_path.sh
-- Installing: /home/li/Time_various/install/boreas_msgs/share/boreas_msgs/environment/ament_prefix_path.dsv
-- Installing: /home/li/Time_various/install/boreas_msgs/share/boreas_msgs/environment/path.sh
-- Installing: /home/li/Time_various/install/boreas_msgs/share/boreas_msgs/environment/path.dsv
-- Installing: /home/li/Time_various/install/boreas_msgs/share/boreas_msgs/local_setup.bash
-- Installing: /home/li/Time_various/install/boreas_msgs/share/boreas_msgs/local_setup.sh
-- Installing: /home/li/Time_various/install/boreas_msgs/share/boreas_msgs/local_setup.zsh
-- Installing: /home/li/Time_various/install/boreas_msgs/share/boreas_msgs/local_setup.dsv
-- Installing: /home/li/Time_various/install/boreas_msgs/share/boreas_msgs/package.dsv
-- Installing: /home/li/Time_various/install/boreas_msgs/share/ament_index/resource_index/packages/boreas_msgs
-- Installing: /home/li/Time_various/install/boreas_msgs/share/boreas_msgs/cmake/export_boreas_msgs__rosidl_generator_cExport.cmake
-- Installing: /home/li/Time_various/install/boreas_msgs/share/boreas_msgs/cmake/export_boreas_msgs__rosidl_generator_cExport-noconfig.cmake
-- Installing: /home/li/Time_various/install/boreas_msgs/share/boreas_msgs/cmake/export_boreas_msgs__rosidl_typesupport_fastrtps_cExport.cmake
-- Installing: /home/li/Time_various/install/boreas_msgs/share/boreas_msgs/cmake/export_boreas_msgs__rosidl_typesupport_fastrtps_cExport-noconfig.cmake
-- Installing: /home/li/Time_various/install/boreas_msgs/share/boreas_msgs/cmake/export_boreas_msgs__rosidl_generator_cppExport.cmake
-- Installing: /home/li/Time_various/install/boreas_msgs/share/boreas_msgs/cmake/export_boreas_msgs__rosidl_typesupport_fastrtps_cppExport.cmake
-- Installing: /home/li/Time_various/install/boreas_msgs/share/boreas_msgs/cmake/export_boreas_msgs__rosidl_typesupport_fastrtps_cppExport-noconfig.cmake
-- Installing: /home/li/Time_various/install/boreas_msgs/share/boreas_msgs/cmake/boreas_msgs__rosidl_typesupport_introspection_cExport.cmake
-- Installing: /home/li/Time_various/install/boreas_msgs/share/boreas_msgs/cmake/boreas_msgs__rosidl_typesupport_introspection_cExport-noconfig.cmake
-- Installing: /home/li/Time_various/install/boreas_msgs/share/boreas_msgs/cmake/boreas_msgs__rosidl_typesupport_cExport.cmake
-- Installing: /home/li/Time_various/install/boreas_msgs/share/boreas_msgs/cmake/boreas_msgs__rosidl_typesupport_cExport-noconfig.cmake
-- Installing: /home/li/Time_various/install/boreas_msgs/share/boreas_msgs/cmake/boreas_msgs__rosidl_typesupport_introspection_cppExport.cmake
-- Installing: /home/li/Time_various/install/boreas_msgs/share/boreas_msgs/cmake/boreas_msgs__rosidl_typesupport_introspection_cppExport-noconfig.cmake
-- Installing: /home/li/Time_various/install/boreas_msgs/share/boreas_msgs/cmake/boreas_msgs__rosidl_typesupport_cppExport.cmake
-- Installing: /home/li/Time_various/install/boreas_msgs/share/boreas_msgs/cmake/boreas_msgs__rosidl_typesupport_cppExport-noconfig.cmake
-- Installing: /home/li/Time_various/install/boreas_msgs/share/boreas_msgs/cmake/export_boreas_msgs__rosidl_generator_pyExport.cmake
-- Installing: /home/li/Time_various/install/boreas_msgs/share/boreas_msgs/cmake/export_boreas_msgs__rosidl_generator_pyExport-noconfig.cmake
-- Installing: /home/li/Time_various/install/boreas_msgs/share/boreas_msgs/cmake/rosidl_cmake-extras.cmake
-- Installing: /home/li/Time_various/install/boreas_msgs/share/boreas_msgs/cmake/ament_cmake_export_dependencies-extras.cmake
-- Installing: /home/li/Time_various/install/boreas_msgs/share/boreas_msgs/cmake/ament_cmake_export_include_directories-extras.cmake
-- Installing: /home/li/Time_various/install/boreas_msgs/share/boreas_msgs/cmake/ament_cmake_export_libraries-extras.cmake
-- Installing: /home/li/Time_various/install/boreas_msgs/share/boreas_msgs/cmake/ament_cmake_export_targets-extras.cmake
-- Installing: /home/li/Time_various/install/boreas_msgs/share/boreas_msgs/cmake/rosidl_cmake_export_typesupport_targets-extras.cmake
-- Installing: /home/li/Time_various/install/boreas_msgs/share/boreas_msgs/cmake/rosidl_cmake_export_typesupport_libraries-extras.cmake
-- Installing: /home/li/Time_various/install/boreas_msgs/share/boreas_msgs/cmake/boreas_msgsConfig.cmake
-- Installing: /home/li/Time_various/install/boreas_msgs/share/boreas_msgs/cmake/boreas_msgsConfig-version.cmake
-- Installing: /home/li/Time_various/install/boreas_msgs/share/boreas_msgs/package.xml
