[0.006s] Invoking command in '/home/li/Time_various/build/boreas_msgs': CMAKE_PREFIX_PATH=/opt/ros/humble CONDA_PROMPT_MODIFIER=(base) /usr/bin/cmake /home/li/Time_various/src/timevariousFGO/boreas_msgs -DCMAKE_INSTALL_PREFIX=/home/li/Time_various/install/boreas_msgs
[0.051s] -- The C compiler identification is GNU 12.3.0
[0.102s] -- The CXX compiler identification is GNU 12.3.0
[0.110s] -- Detecting C compiler ABI info
[0.166s] -- Detecting C compiler ABI info - done
[0.171s] -- Check for working C compiler: /usr/bin/cc - skipped
[0.171s] -- Detecting C compile features
[0.172s] -- Detecting C compile features - done
[0.174s] -- Detecting CXX compiler ABI info
[0.239s] -- Detecting CXX compiler ABI info - done
[0.244s] -- Check for working CXX compiler: /usr/bin/g++ - skipped
[0.244s] -- Detecting CXX compile features
[0.244s] -- Detecting CXX compile features - done
[0.245s] -- Found ament_cmake: 1.3.12 (/opt/ros/humble/share/ament_cmake/cmake)
[0.523s] -- Found Python3: /home/li/miniconda3/bin/python3 (found version "3.13.5") found components: Interpreter 
[0.596s] -- Found std_msgs: 4.9.0 (/opt/ros/humble/share/std_msgs/cmake)
[0.618s] -- Found rosidl_generator_c: 3.1.7 (/opt/ros/humble/share/rosidl_generator_c/cmake)
[0.621s] -- Found rosidl_adapter: 3.1.7 (/opt/ros/humble/share/rosidl_adapter/cmake)
[0.626s] -- Found rosidl_generator_cpp: 3.1.7 (/opt/ros/humble/share/rosidl_generator_cpp/cmake)
[0.633s] -- Using all available rosidl_typesupport_c: rosidl_typesupport_fastrtps_c;rosidl_typesupport_introspection_c
[0.643s] -- Using all available rosidl_typesupport_cpp: rosidl_typesupport_fastrtps_cpp;rosidl_typesupport_introspection_cpp
[0.659s] -- Found geometry_msgs: 4.9.0 (/opt/ros/humble/share/geometry_msgs/cmake)
[0.668s] -- Found sensor_msgs: 4.9.0 (/opt/ros/humble/share/sensor_msgs/cmake)
[0.679s] -- Found nav_msgs: 4.9.0 (/opt/ros/humble/share/nav_msgs/cmake)
[0.690s] -- Found tf2_geometry_msgs: 0.25.16 (/opt/ros/humble/share/tf2_geometry_msgs/cmake)
[0.695s] -- Found eigen3_cmake_module: 0.1.1 (/opt/ros/humble/share/eigen3_cmake_module/cmake)
[0.696s] -- Found Eigen3: TRUE (found version "3.4.0") 
[0.696s] -- Ensuring Eigen3 include directory is part of orocos-kdl CMake target
[0.742s] -- Found rmw_implementation_cmake: 6.1.2 (/opt/ros/humble/share/rmw_implementation_cmake/cmake)
[0.743s] -- Found rmw_fastrtps_cpp: 6.2.8 (/opt/ros/humble/share/rmw_fastrtps_cpp/cmake)
[0.809s] -- Found OpenSSL: /usr/lib/x86_64-linux-gnu/libcrypto.so (found version "3.0.2")  
[0.828s] -- Found FastRTPS: /opt/ros/humble/include  
[0.856s] -- Using RMW implementation 'rmw_fastrtps_cpp' as default
[0.861s] -- Looking for pthread.h
[0.924s] -- Looking for pthread.h - found
[0.924s] -- Performing Test CMAKE_HAVE_LIBC_PTHREAD
[0.984s] -- Performing Test CMAKE_HAVE_LIBC_PTHREAD - Success
[0.985s] -- Found Threads: TRUE  
[1.055s] -- Found rosidl_default_generators: 1.2.0 (/opt/ros/humble/share/rosidl_default_generators/cmake)
[1.310s] -- Found ament_cmake_ros: 0.10.0 (/opt/ros/humble/share/ament_cmake_ros/cmake)
[1.614s] -- Using all available rosidl_typesupport_c: rosidl_typesupport_fastrtps_c;rosidl_typesupport_introspection_c
[1.729s] -- Using all available rosidl_typesupport_cpp: rosidl_typesupport_fastrtps_cpp;rosidl_typesupport_introspection_cpp
[1.743s] -- Found PythonInterp: /home/li/miniconda3/bin/python3 (found suitable version "3.13.5", minimum required is "3.6") 
[1.744s] -- Found python_cmake_module: 0.10.0 (/opt/ros/humble/share/python_cmake_module/cmake)
[1.762s] -- Found PythonLibs: /home/li/miniconda3/lib/libpython3.13.so (found suitable version "3.13.5", minimum required is "3.5") 
[1.762s] -- Using PYTHON_EXECUTABLE: /home/li/miniconda3/bin/python3
[1.762s] -- Using PYTHON_INCLUDE_DIRS: /home/li/miniconda3/include/python3.13
[1.762s] -- Using PYTHON_LIBRARIES: /home/li/miniconda3/lib/libpython3.13.so
[1.781s] -- Found PythonExtra: .so  
[1.972s] -- Using numpy include directory: /home/li/miniconda3/lib/python3.13/site-packages/numpy/_core/include
[1.980s] -- Found ament_lint_auto: 0.12.14 (/opt/ros/humble/share/ament_lint_auto/cmake)
[1.992s] -- Added test 'copyright' to check source files copyright and LICENSE
[1.993s] -- Added test 'lint_cmake' to check CMake code style
[1.993s] -- Added test 'xmllint' to check XML markup files
[1.995s] -- Configuring done
[2.018s] -- Generating done
[2.027s] -- Build files have been written to: /home/li/Time_various/build/boreas_msgs
[2.036s] Invoked command in '/home/li/Time_various/build/boreas_msgs' returned '0': CMAKE_PREFIX_PATH=/opt/ros/humble CONDA_PROMPT_MODIFIER=(base) /usr/bin/cmake /home/li/Time_various/src/timevariousFGO/boreas_msgs -DCMAKE_INSTALL_PREFIX=/home/li/Time_various/install/boreas_msgs
[2.037s] Invoking command in '/home/li/Time_various/build/boreas_msgs': CMAKE_PREFIX_PATH=/opt/ros/humble CONDA_PROMPT_MODIFIER=(base) /usr/bin/cmake --build /home/li/Time_various/build/boreas_msgs -- -j20 -l20
[2.075s] [  3%] [34m[1mGenerating C code for ROS interfaces[0m
[2.083s] [  6%] [34m[1mGenerating C++ code for ROS interfaces[0m
[2.092s] [  6%] Built target ament_cmake_python_copy_boreas_msgs
[2.234s] running egg_info
[2.243s] creating boreas_msgs.egg-info
[2.243s] writing boreas_msgs.egg-info/PKG-INFO
[2.244s] writing dependency_links to boreas_msgs.egg-info/dependency_links.txt
[2.244s] writing top-level names to boreas_msgs.egg-info/top_level.txt
[2.244s] writing manifest file 'boreas_msgs.egg-info/SOURCES.txt'
[2.260s] [  9%] [32mBuilding C object CMakeFiles/boreas_msgs__rosidl_generator_c.dir/rosidl_generator_c/boreas_msgs/msg/detail/sensor_pose__functions.c.o[0m
[2.262s] [  9%] Built target boreas_msgs__cpp
[2.267s] reading manifest file 'boreas_msgs.egg-info/SOURCES.txt'
[2.268s] writing manifest file 'boreas_msgs.egg-info/SOURCES.txt'
[2.270s] [ 16%] [34m[1mGenerating C++ type support dispatch for ROS interfaces[0m
[2.270s] [ 16%] [34m[1mGenerating C++ type support for eProsima Fast-RTPS[0m
[2.272s] [ 19%] [34m[1mGenerating C++ introspection for ROS interfaces[0m
[2.290s] [ 19%] Built target ament_cmake_python_build_boreas_msgs_egg
[2.306s] [ 22%] [32m[1mLinking C shared library libboreas_msgs__rosidl_generator_c.so[0m
[2.343s] [ 22%] Built target boreas_msgs__rosidl_generator_c
[2.350s] [ 29%] [34m[1mGenerating C type support for eProsima Fast-RTPS[0m
[2.351s] [ 29%] [34m[1mGenerating C type support dispatch for ROS interfaces[0m
[2.353s] [ 32%] [34m[1mGenerating C introspection for ROS interfaces[0m
[2.423s] [ 35%] [32mBuilding CXX object CMakeFiles/boreas_msgs__rosidl_typesupport_cpp.dir/rosidl_typesupport_cpp/boreas_msgs/msg/sensor_pose__type_support.cpp.o[0m
[2.458s] [ 38%] [32mBuilding CXX object CMakeFiles/boreas_msgs__rosidl_typesupport_introspection_cpp.dir/rosidl_typesupport_introspection_cpp/boreas_msgs/msg/detail/sensor_pose__type_support.cpp.o[0m
[2.462s] [ 41%] [32mBuilding CXX object CMakeFiles/boreas_msgs__rosidl_typesupport_fastrtps_cpp.dir/rosidl_typesupport_fastrtps_cpp/boreas_msgs/msg/detail/dds_fastrtps/sensor_pose__type_support.cpp.o[0m
[2.503s] [ 45%] [32mBuilding CXX object CMakeFiles/boreas_msgs__rosidl_typesupport_c.dir/rosidl_typesupport_c/boreas_msgs/msg/sensor_pose__type_support.cpp.o[0m
[2.540s] [ 48%] [32m[1mLinking CXX shared library libboreas_msgs__rosidl_typesupport_c.so[0m
[2.549s] [ 51%] [32mBuilding CXX object CMakeFiles/boreas_msgs__rosidl_typesupport_fastrtps_c.dir/rosidl_typesupport_fastrtps_c/boreas_msgs/msg/detail/sensor_pose__type_support_c.cpp.o[0m
[2.579s] [ 51%] Built target boreas_msgs__rosidl_typesupport_c
[2.623s] [ 54%] [32mBuilding C object CMakeFiles/boreas_msgs__rosidl_typesupport_introspection_c.dir/rosidl_typesupport_introspection_c/boreas_msgs/msg/detail/sensor_pose__type_support.c.o[0m
[2.666s] [ 58%] [32m[1mLinking C shared library libboreas_msgs__rosidl_typesupport_introspection_c.so[0m
[2.678s] [ 61%] [32m[1mLinking CXX shared library libboreas_msgs__rosidl_typesupport_introspection_cpp.so[0m
[2.697s] [ 61%] Built target boreas_msgs__rosidl_typesupport_introspection_c
[2.704s] [ 64%] [32m[1mLinking CXX shared library libboreas_msgs__rosidl_typesupport_cpp.so[0m
[2.730s] [ 64%] Built target boreas_msgs__rosidl_typesupport_introspection_cpp
[2.746s] [ 64%] Built target boreas_msgs__rosidl_typesupport_cpp
[2.807s] [ 67%] [32m[1mLinking CXX shared library libboreas_msgs__rosidl_typesupport_fastrtps_c.so[0m
[2.847s] [ 70%] [32m[1mLinking CXX shared library libboreas_msgs__rosidl_typesupport_fastrtps_cpp.so[0m
[2.867s] [ 70%] Built target boreas_msgs__rosidl_typesupport_fastrtps_c
[2.905s] [ 70%] Built target boreas_msgs__rosidl_typesupport_fastrtps_cpp
[2.924s] [ 70%] Built target boreas_msgs
[2.945s] [ 74%] [34m[1mGenerating Python code for ROS interfaces[0m
[3.157s] [ 74%] Built target boreas_msgs__py
[3.178s] [ 77%] [32mBuilding C object CMakeFiles/boreas_msgs__rosidl_generator_py.dir/rosidl_generator_py/boreas_msgs/msg/_sensor_pose_s.c.o[0m
[3.293s] [ 80%] [32m[1mLinking C shared library rosidl_generator_py/boreas_msgs/libboreas_msgs__rosidl_generator_py.so[0m
[3.332s] [ 80%] Built target boreas_msgs__rosidl_generator_py
[3.351s] [ 83%] [32mBuilding C object CMakeFiles/boreas_msgs__rosidl_typesupport_fastrtps_c__pyext.dir/rosidl_generator_py/boreas_msgs/_boreas_msgs_s.ep.rosidl_typesupport_fastrtps_c.c.o[0m
[3.353s] [ 90%] [32mBuilding C object CMakeFiles/boreas_msgs__rosidl_typesupport_introspection_c__pyext.dir/rosidl_generator_py/boreas_msgs/_boreas_msgs_s.ep.rosidl_typesupport_introspection_c.c.o[0m
[3.353s] [ 90%] [32mBuilding C object CMakeFiles/boreas_msgs__rosidl_typesupport_c__pyext.dir/rosidl_generator_py/boreas_msgs/_boreas_msgs_s.ep.rosidl_typesupport_c.c.o[0m
[3.424s] [ 93%] [32m[1mLinking C shared library rosidl_generator_py/boreas_msgs/boreas_msgs_s__rosidl_typesupport_fastrtps_c.cpython-313-x86_64-linux-gnu.so[0m
[3.427s] [ 96%] [32m[1mLinking C shared library rosidl_generator_py/boreas_msgs/boreas_msgs_s__rosidl_typesupport_introspection_c.cpython-313-x86_64-linux-gnu.so[0m
[3.428s] [100%] [32m[1mLinking C shared library rosidl_generator_py/boreas_msgs/boreas_msgs_s__rosidl_typesupport_c.cpython-313-x86_64-linux-gnu.so[0m
[3.455s] [100%] Built target boreas_msgs__rosidl_typesupport_fastrtps_c__pyext
[3.457s] [100%] Built target boreas_msgs__rosidl_typesupport_introspection_c__pyext
[3.469s] [100%] Built target boreas_msgs__rosidl_typesupport_c__pyext
[3.477s] Invoked command in '/home/li/Time_various/build/boreas_msgs' returned '0': CMAKE_PREFIX_PATH=/opt/ros/humble CONDA_PROMPT_MODIFIER=(base) /usr/bin/cmake --build /home/li/Time_various/build/boreas_msgs -- -j20 -l20
[3.479s] Invoking command in '/home/li/Time_various/build/boreas_msgs': CMAKE_PREFIX_PATH=/opt/ros/humble CONDA_PROMPT_MODIFIER=(base) /usr/bin/cmake --install /home/li/Time_various/build/boreas_msgs
[3.485s] -- Install configuration: ""
[3.485s] -- Installing: /home/li/Time_various/install/boreas_msgs/share/ament_index/resource_index/rosidl_interfaces/boreas_msgs
[3.486s] -- Installing: /home/li/Time_various/install/boreas_msgs/include/boreas_msgs/boreas_msgs
[3.486s] -- Installing: /home/li/Time_various/install/boreas_msgs/include/boreas_msgs/boreas_msgs/msg
[3.486s] -- Installing: /home/li/Time_various/install/boreas_msgs/include/boreas_msgs/boreas_msgs/msg/sensor_pose.h
[3.486s] -- Installing: /home/li/Time_various/install/boreas_msgs/include/boreas_msgs/boreas_msgs/msg/detail
[3.486s] -- Installing: /home/li/Time_various/install/boreas_msgs/include/boreas_msgs/boreas_msgs/msg/detail/sensor_pose__struct.h
[3.486s] -- Installing: /home/li/Time_various/install/boreas_msgs/include/boreas_msgs/boreas_msgs/msg/detail/sensor_pose__functions.c
[3.486s] -- Installing: /home/li/Time_various/install/boreas_msgs/include/boreas_msgs/boreas_msgs/msg/detail/sensor_pose__functions.h
[3.486s] -- Installing: /home/li/Time_various/install/boreas_msgs/include/boreas_msgs/boreas_msgs/msg/detail/sensor_pose__type_support.h
[3.486s] -- Installing: /home/li/Time_various/install/boreas_msgs/include/boreas_msgs/boreas_msgs/msg/rosidl_generator_c__visibility_control.h
[3.487s] -- Installing: /home/li/Time_various/install/boreas_msgs/share/boreas_msgs/environment/library_path.sh
[3.487s] -- Installing: /home/li/Time_various/install/boreas_msgs/share/boreas_msgs/environment/library_path.dsv
[3.487s] -- Installing: /home/li/Time_various/install/boreas_msgs/lib/libboreas_msgs__rosidl_generator_c.so
[3.487s] -- Set runtime path of "/home/li/Time_various/install/boreas_msgs/lib/libboreas_msgs__rosidl_generator_c.so" to ""
[3.487s] -- Up-to-date: /home/li/Time_various/install/boreas_msgs/include/boreas_msgs/boreas_msgs
[3.487s] -- Up-to-date: /home/li/Time_various/install/boreas_msgs/include/boreas_msgs/boreas_msgs/msg
[3.487s] -- Installing: /home/li/Time_various/install/boreas_msgs/include/boreas_msgs/boreas_msgs/msg/rosidl_typesupport_fastrtps_c__visibility_control.h
[3.487s] -- Up-to-date: /home/li/Time_various/install/boreas_msgs/include/boreas_msgs/boreas_msgs/msg/detail
[3.487s] -- Installing: /home/li/Time_various/install/boreas_msgs/include/boreas_msgs/boreas_msgs/msg/detail/sensor_pose__rosidl_typesupport_fastrtps_c.h
[3.487s] -- Installing: /home/li/Time_various/install/boreas_msgs/lib/libboreas_msgs__rosidl_typesupport_fastrtps_c.so
[3.488s] -- Set runtime path of "/home/li/Time_various/install/boreas_msgs/lib/libboreas_msgs__rosidl_typesupport_fastrtps_c.so" to ""
[3.488s] -- Up-to-date: /home/li/Time_various/install/boreas_msgs/include/boreas_msgs/boreas_msgs
[3.488s] -- Up-to-date: /home/li/Time_various/install/boreas_msgs/include/boreas_msgs/boreas_msgs/msg
[3.488s] -- Installing: /home/li/Time_various/install/boreas_msgs/include/boreas_msgs/boreas_msgs/msg/sensor_pose.hpp
[3.488s] -- Installing: /home/li/Time_various/install/boreas_msgs/include/boreas_msgs/boreas_msgs/msg/rosidl_generator_cpp__visibility_control.hpp
[3.488s] -- Up-to-date: /home/li/Time_various/install/boreas_msgs/include/boreas_msgs/boreas_msgs/msg/detail
[3.488s] -- Installing: /home/li/Time_various/install/boreas_msgs/include/boreas_msgs/boreas_msgs/msg/detail/sensor_pose__builder.hpp
[3.488s] -- Installing: /home/li/Time_various/install/boreas_msgs/include/boreas_msgs/boreas_msgs/msg/detail/sensor_pose__struct.hpp
[3.488s] -- Installing: /home/li/Time_various/install/boreas_msgs/include/boreas_msgs/boreas_msgs/msg/detail/sensor_pose__type_support.hpp
[3.488s] -- Installing: /home/li/Time_various/install/boreas_msgs/include/boreas_msgs/boreas_msgs/msg/detail/sensor_pose__traits.hpp
[3.488s] -- Up-to-date: /home/li/Time_various/install/boreas_msgs/include/boreas_msgs/boreas_msgs
[3.488s] -- Up-to-date: /home/li/Time_various/install/boreas_msgs/include/boreas_msgs/boreas_msgs/msg
[3.488s] -- Installing: /home/li/Time_various/install/boreas_msgs/include/boreas_msgs/boreas_msgs/msg/rosidl_typesupport_fastrtps_cpp__visibility_control.h
[3.488s] -- Up-to-date: /home/li/Time_various/install/boreas_msgs/include/boreas_msgs/boreas_msgs/msg/detail
[3.488s] -- Installing: /home/li/Time_various/install/boreas_msgs/include/boreas_msgs/boreas_msgs/msg/detail/dds_fastrtps
[3.488s] -- Installing: /home/li/Time_various/install/boreas_msgs/include/boreas_msgs/boreas_msgs/msg/detail/sensor_pose__rosidl_typesupport_fastrtps_cpp.hpp
[3.488s] -- Installing: /home/li/Time_various/install/boreas_msgs/lib/libboreas_msgs__rosidl_typesupport_fastrtps_cpp.so
[3.488s] -- Set runtime path of "/home/li/Time_various/install/boreas_msgs/lib/libboreas_msgs__rosidl_typesupport_fastrtps_cpp.so" to ""
[3.488s] -- Up-to-date: /home/li/Time_various/install/boreas_msgs/include/boreas_msgs/boreas_msgs
[3.488s] -- Up-to-date: /home/li/Time_various/install/boreas_msgs/include/boreas_msgs/boreas_msgs/msg
[3.488s] -- Installing: /home/li/Time_various/install/boreas_msgs/include/boreas_msgs/boreas_msgs/msg/rosidl_typesupport_introspection_c__visibility_control.h
[3.488s] -- Up-to-date: /home/li/Time_various/install/boreas_msgs/include/boreas_msgs/boreas_msgs/msg/detail
[3.488s] -- Installing: /home/li/Time_various/install/boreas_msgs/include/boreas_msgs/boreas_msgs/msg/detail/sensor_pose__rosidl_typesupport_introspection_c.h
[3.488s] -- Installing: /home/li/Time_various/install/boreas_msgs/include/boreas_msgs/boreas_msgs/msg/detail/sensor_pose__type_support.c
[3.489s] -- Installing: /home/li/Time_various/install/boreas_msgs/lib/libboreas_msgs__rosidl_typesupport_introspection_c.so
[3.489s] -- Set runtime path of "/home/li/Time_various/install/boreas_msgs/lib/libboreas_msgs__rosidl_typesupport_introspection_c.so" to ""
[3.489s] -- Installing: /home/li/Time_various/install/boreas_msgs/lib/libboreas_msgs__rosidl_typesupport_c.so
[3.489s] -- Set runtime path of "/home/li/Time_various/install/boreas_msgs/lib/libboreas_msgs__rosidl_typesupport_c.so" to ""
[3.489s] -- Up-to-date: /home/li/Time_various/install/boreas_msgs/include/boreas_msgs/boreas_msgs
[3.489s] -- Up-to-date: /home/li/Time_various/install/boreas_msgs/include/boreas_msgs/boreas_msgs/msg
[3.489s] -- Up-to-date: /home/li/Time_various/install/boreas_msgs/include/boreas_msgs/boreas_msgs/msg/detail
[3.489s] -- Installing: /home/li/Time_various/install/boreas_msgs/include/boreas_msgs/boreas_msgs/msg/detail/sensor_pose__type_support.cpp
[3.489s] -- Installing: /home/li/Time_various/install/boreas_msgs/include/boreas_msgs/boreas_msgs/msg/detail/sensor_pose__rosidl_typesupport_introspection_cpp.hpp
[3.489s] -- Installing: /home/li/Time_various/install/boreas_msgs/lib/libboreas_msgs__rosidl_typesupport_introspection_cpp.so
[3.489s] -- Set runtime path of "/home/li/Time_various/install/boreas_msgs/lib/libboreas_msgs__rosidl_typesupport_introspection_cpp.so" to ""
[3.489s] -- Installing: /home/li/Time_various/install/boreas_msgs/lib/libboreas_msgs__rosidl_typesupport_cpp.so
[3.489s] -- Set runtime path of "/home/li/Time_various/install/boreas_msgs/lib/libboreas_msgs__rosidl_typesupport_cpp.so" to ""
[3.489s] -- Installing: /home/li/Time_various/install/boreas_msgs/share/boreas_msgs/environment/pythonpath.sh
[3.489s] -- Installing: /home/li/Time_various/install/boreas_msgs/share/boreas_msgs/environment/pythonpath.dsv
[3.489s] -- Installing: /home/li/Time_various/install/boreas_msgs/lib/python3.13/site-packages/boreas_msgs-0.0.0-py3.13.egg-info
[3.489s] -- Installing: /home/li/Time_various/install/boreas_msgs/lib/python3.13/site-packages/boreas_msgs-0.0.0-py3.13.egg-info/PKG-INFO
[3.489s] -- Installing: /home/li/Time_various/install/boreas_msgs/lib/python3.13/site-packages/boreas_msgs-0.0.0-py3.13.egg-info/dependency_links.txt
[3.489s] -- Installing: /home/li/Time_various/install/boreas_msgs/lib/python3.13/site-packages/boreas_msgs-0.0.0-py3.13.egg-info/SOURCES.txt
[3.489s] -- Installing: /home/li/Time_various/install/boreas_msgs/lib/python3.13/site-packages/boreas_msgs-0.0.0-py3.13.egg-info/top_level.txt
[3.489s] -- Installing: /home/li/Time_various/install/boreas_msgs/lib/python3.13/site-packages/boreas_msgs
[3.489s] -- Installing: /home/li/Time_various/install/boreas_msgs/lib/python3.13/site-packages/boreas_msgs/__init__.py
[3.489s] -- Installing: /home/li/Time_various/install/boreas_msgs/lib/python3.13/site-packages/boreas_msgs/boreas_msgs_s__rosidl_typesupport_introspection_c.cpython-313-x86_64-linux-gnu.so
[3.489s] -- Installing: /home/li/Time_various/install/boreas_msgs/lib/python3.13/site-packages/boreas_msgs/boreas_msgs_s__rosidl_typesupport_c.cpython-313-x86_64-linux-gnu.so
[3.489s] -- Installing: /home/li/Time_various/install/boreas_msgs/lib/python3.13/site-packages/boreas_msgs/_boreas_msgs_s.ep.rosidl_typesupport_c.c
[3.489s] -- Installing: /home/li/Time_various/install/boreas_msgs/lib/python3.13/site-packages/boreas_msgs/_boreas_msgs_s.ep.rosidl_typesupport_introspection_c.c
[3.489s] -- Installing: /home/li/Time_various/install/boreas_msgs/lib/python3.13/site-packages/boreas_msgs/msg
[3.489s] -- Installing: /home/li/Time_various/install/boreas_msgs/lib/python3.13/site-packages/boreas_msgs/msg/__init__.py
[3.489s] -- Installing: /home/li/Time_various/install/boreas_msgs/lib/python3.13/site-packages/boreas_msgs/msg/_sensor_pose_s.c
[3.489s] -- Installing: /home/li/Time_various/install/boreas_msgs/lib/python3.13/site-packages/boreas_msgs/msg/_sensor_pose.py
[3.489s] -- Installing: /home/li/Time_various/install/boreas_msgs/lib/python3.13/site-packages/boreas_msgs/_boreas_msgs_s.ep.rosidl_typesupport_fastrtps_c.c
[3.489s] -- Installing: /home/li/Time_various/install/boreas_msgs/lib/python3.13/site-packages/boreas_msgs/boreas_msgs_s__rosidl_typesupport_fastrtps_c.cpython-313-x86_64-linux-gnu.so
[3.489s] -- Installing: /home/li/Time_various/install/boreas_msgs/lib/python3.13/site-packages/boreas_msgs/libboreas_msgs__rosidl_generator_py.so
[3.515s] Listing '/home/li/Time_various/install/boreas_msgs/lib/python3.13/site-packages/boreas_msgs'...
[3.515s] Compiling '/home/li/Time_various/install/boreas_msgs/lib/python3.13/site-packages/boreas_msgs/__init__.py'...
[3.515s] Listing '/home/li/Time_various/install/boreas_msgs/lib/python3.13/site-packages/boreas_msgs/msg'...
[3.515s] Compiling '/home/li/Time_various/install/boreas_msgs/lib/python3.13/site-packages/boreas_msgs/msg/__init__.py'...
[3.515s] Compiling '/home/li/Time_various/install/boreas_msgs/lib/python3.13/site-packages/boreas_msgs/msg/_sensor_pose.py'...
[3.520s] -- Installing: /home/li/Time_various/install/boreas_msgs/lib/python3.13/site-packages/boreas_msgs/boreas_msgs_s__rosidl_typesupport_fastrtps_c.cpython-313-x86_64-linux-gnu.so
[3.520s] -- Set runtime path of "/home/li/Time_various/install/boreas_msgs/lib/python3.13/site-packages/boreas_msgs/boreas_msgs_s__rosidl_typesupport_fastrtps_c.cpython-313-x86_64-linux-gnu.so" to ""
[3.520s] -- Installing: /home/li/Time_various/install/boreas_msgs/lib/python3.13/site-packages/boreas_msgs/boreas_msgs_s__rosidl_typesupport_introspection_c.cpython-313-x86_64-linux-gnu.so
[3.520s] -- Set runtime path of "/home/li/Time_various/install/boreas_msgs/lib/python3.13/site-packages/boreas_msgs/boreas_msgs_s__rosidl_typesupport_introspection_c.cpython-313-x86_64-linux-gnu.so" to ""
[3.520s] -- Installing: /home/li/Time_various/install/boreas_msgs/lib/python3.13/site-packages/boreas_msgs/boreas_msgs_s__rosidl_typesupport_c.cpython-313-x86_64-linux-gnu.so
[3.520s] -- Set runtime path of "/home/li/Time_various/install/boreas_msgs/lib/python3.13/site-packages/boreas_msgs/boreas_msgs_s__rosidl_typesupport_c.cpython-313-x86_64-linux-gnu.so" to ""
[3.520s] -- Installing: /home/li/Time_various/install/boreas_msgs/lib/libboreas_msgs__rosidl_generator_py.so
[3.520s] -- Set runtime path of "/home/li/Time_various/install/boreas_msgs/lib/libboreas_msgs__rosidl_generator_py.so" to ""
[3.520s] -- Installing: /home/li/Time_various/install/boreas_msgs/share/boreas_msgs/msg/SensorPose.idl
[3.520s] -- Installing: /home/li/Time_various/install/boreas_msgs/share/boreas_msgs/msg/SensorPose.msg
[3.520s] -- Installing: /home/li/Time_various/install/boreas_msgs/share/ament_index/resource_index/package_run_dependencies/boreas_msgs
[3.520s] -- Installing: /home/li/Time_various/install/boreas_msgs/share/ament_index/resource_index/parent_prefix_path/boreas_msgs
[3.520s] -- Installing: /home/li/Time_various/install/boreas_msgs/share/boreas_msgs/environment/ament_prefix_path.sh
[3.520s] -- Installing: /home/li/Time_various/install/boreas_msgs/share/boreas_msgs/environment/ament_prefix_path.dsv
[3.521s] -- Installing: /home/li/Time_various/install/boreas_msgs/share/boreas_msgs/environment/path.sh
[3.521s] -- Installing: /home/li/Time_various/install/boreas_msgs/share/boreas_msgs/environment/path.dsv
[3.521s] -- Installing: /home/li/Time_various/install/boreas_msgs/share/boreas_msgs/local_setup.bash
[3.521s] -- Installing: /home/li/Time_various/install/boreas_msgs/share/boreas_msgs/local_setup.sh
[3.521s] -- Installing: /home/li/Time_various/install/boreas_msgs/share/boreas_msgs/local_setup.zsh
[3.521s] -- Installing: /home/li/Time_various/install/boreas_msgs/share/boreas_msgs/local_setup.dsv
[3.521s] -- Installing: /home/li/Time_various/install/boreas_msgs/share/boreas_msgs/package.dsv
[3.521s] -- Installing: /home/li/Time_various/install/boreas_msgs/share/ament_index/resource_index/packages/boreas_msgs
[3.521s] -- Installing: /home/li/Time_various/install/boreas_msgs/share/boreas_msgs/cmake/export_boreas_msgs__rosidl_generator_cExport.cmake
[3.521s] -- Installing: /home/li/Time_various/install/boreas_msgs/share/boreas_msgs/cmake/export_boreas_msgs__rosidl_generator_cExport-noconfig.cmake
[3.521s] -- Installing: /home/li/Time_various/install/boreas_msgs/share/boreas_msgs/cmake/export_boreas_msgs__rosidl_typesupport_fastrtps_cExport.cmake
[3.521s] -- Installing: /home/li/Time_various/install/boreas_msgs/share/boreas_msgs/cmake/export_boreas_msgs__rosidl_typesupport_fastrtps_cExport-noconfig.cmake
[3.521s] -- Installing: /home/li/Time_various/install/boreas_msgs/share/boreas_msgs/cmake/export_boreas_msgs__rosidl_generator_cppExport.cmake
[3.521s] -- Installing: /home/li/Time_various/install/boreas_msgs/share/boreas_msgs/cmake/export_boreas_msgs__rosidl_typesupport_fastrtps_cppExport.cmake
[3.521s] -- Installing: /home/li/Time_various/install/boreas_msgs/share/boreas_msgs/cmake/export_boreas_msgs__rosidl_typesupport_fastrtps_cppExport-noconfig.cmake
[3.521s] -- Installing: /home/li/Time_various/install/boreas_msgs/share/boreas_msgs/cmake/boreas_msgs__rosidl_typesupport_introspection_cExport.cmake
[3.521s] -- Installing: /home/li/Time_various/install/boreas_msgs/share/boreas_msgs/cmake/boreas_msgs__rosidl_typesupport_introspection_cExport-noconfig.cmake
[3.521s] -- Installing: /home/li/Time_various/install/boreas_msgs/share/boreas_msgs/cmake/boreas_msgs__rosidl_typesupport_cExport.cmake
[3.521s] -- Installing: /home/li/Time_various/install/boreas_msgs/share/boreas_msgs/cmake/boreas_msgs__rosidl_typesupport_cExport-noconfig.cmake
[3.521s] -- Installing: /home/li/Time_various/install/boreas_msgs/share/boreas_msgs/cmake/boreas_msgs__rosidl_typesupport_introspection_cppExport.cmake
[3.521s] -- Installing: /home/li/Time_various/install/boreas_msgs/share/boreas_msgs/cmake/boreas_msgs__rosidl_typesupport_introspection_cppExport-noconfig.cmake
[3.522s] -- Installing: /home/li/Time_various/install/boreas_msgs/share/boreas_msgs/cmake/boreas_msgs__rosidl_typesupport_cppExport.cmake
[3.522s] -- Installing: /home/li/Time_various/install/boreas_msgs/share/boreas_msgs/cmake/boreas_msgs__rosidl_typesupport_cppExport-noconfig.cmake
[3.522s] -- Installing: /home/li/Time_various/install/boreas_msgs/share/boreas_msgs/cmake/export_boreas_msgs__rosidl_generator_pyExport.cmake
[3.522s] -- Installing: /home/li/Time_various/install/boreas_msgs/share/boreas_msgs/cmake/export_boreas_msgs__rosidl_generator_pyExport-noconfig.cmake
[3.522s] -- Installing: /home/li/Time_various/install/boreas_msgs/share/boreas_msgs/cmake/rosidl_cmake-extras.cmake
[3.522s] -- Installing: /home/li/Time_various/install/boreas_msgs/share/boreas_msgs/cmake/ament_cmake_export_dependencies-extras.cmake
[3.522s] -- Installing: /home/li/Time_various/install/boreas_msgs/share/boreas_msgs/cmake/ament_cmake_export_include_directories-extras.cmake
[3.522s] -- Installing: /home/li/Time_various/install/boreas_msgs/share/boreas_msgs/cmake/ament_cmake_export_libraries-extras.cmake
[3.522s] -- Installing: /home/li/Time_various/install/boreas_msgs/share/boreas_msgs/cmake/ament_cmake_export_targets-extras.cmake
[3.522s] -- Installing: /home/li/Time_various/install/boreas_msgs/share/boreas_msgs/cmake/rosidl_cmake_export_typesupport_targets-extras.cmake
[3.522s] -- Installing: /home/li/Time_various/install/boreas_msgs/share/boreas_msgs/cmake/rosidl_cmake_export_typesupport_libraries-extras.cmake
[3.522s] -- Installing: /home/li/Time_various/install/boreas_msgs/share/boreas_msgs/cmake/boreas_msgsConfig.cmake
[3.522s] -- Installing: /home/li/Time_various/install/boreas_msgs/share/boreas_msgs/cmake/boreas_msgsConfig-version.cmake
[3.522s] -- Installing: /home/li/Time_various/install/boreas_msgs/share/boreas_msgs/package.xml
[3.524s] Invoked command in '/home/li/Time_various/build/boreas_msgs' returned '0': CMAKE_PREFIX_PATH=/opt/ros/humble CONDA_PROMPT_MODIFIER=(base) /usr/bin/cmake --install /home/li/Time_various/build/boreas_msgs
