[0.065s] DEBUG:colcon:Command line arguments: ['/usr/bin/colcon', 'build']
[0.065s] DEBUG:colcon:Parsed command line arguments: Namespace(log_base=None, log_level=None, verb_name='build', build_base='build', install_base='install', merge_install=False, symlink_install=False, test_result_base=None, continue_on_error=False, executor='parallel', parallel_workers=20, event_handlers=None, ignore_user_meta=False, metas=['./colcon.meta'], base_paths=['.'], packages_ignore=None, packages_ignore_regex=None, paths=None, packages_up_to=None, packages_up_to_regex=None, packages_above=None, packages_above_and_dependencies=None, packages_above_depth=None, packages_select_by_dep=None, packages_skip_by_dep=None, packages_skip_up_to=None, packages_select_build_failed=False, packages_skip_build_finished=False, packages_select_test_failures=False, packages_skip_test_passed=False, packages_select=None, packages_skip=None, packages_select_regex=None, packages_skip_regex=None, packages_start=None, packages_end=None, allow_overriding=[], cmake_args=None, cmake_target=None, cmake_target_skip_unavailable=False, cmake_clean_cache=False, cmake_clean_first=False, cmake_force_configure=False, ament_cmake_args=None, catkin_cmake_args=None, catkin_skip_building_tests=False, verb_parser=<colcon_defaults.argument_parser.defaults.DefaultArgumentsDecorator object at 0x784ec46274c0>, verb_extension=<colcon_core.verb.build.BuildVerb object at 0x784ec4626f50>, main=<bound method BuildVerb.main of <colcon_core.verb.build.BuildVerb object at 0x784ec4626f50>>)
[0.153s] Level 1:colcon.colcon_core.package_discovery:discover_packages(colcon_meta) check parameters
[0.154s] Level 1:colcon.colcon_core.package_discovery:discover_packages(recursive) check parameters
[0.154s] Level 1:colcon.colcon_core.package_discovery:discover_packages(ignore) check parameters
[0.154s] Level 1:colcon.colcon_core.package_discovery:discover_packages(path) check parameters
[0.154s] Level 1:colcon.colcon_core.package_discovery:discover_packages(colcon_meta) discover
[0.154s] Level 1:colcon.colcon_core.package_discovery:discover_packages(recursive) discover
[0.154s] INFO:colcon.colcon_core.package_discovery:Crawling recursively for packages in '/home/li/Time_various'
[0.154s] Level 1:colcon.colcon_core.package_identification:_identify(.) by extensions ['ignore', 'ignore_ament_install']
[0.154s] Level 1:colcon.colcon_core.package_identification:_identify(.) by extension 'ignore'
[0.154s] Level 1:colcon.colcon_core.package_identification:_identify(.) by extension 'ignore_ament_install'
[0.154s] Level 1:colcon.colcon_core.package_identification:_identify(.) by extensions ['colcon_pkg']
[0.154s] Level 1:colcon.colcon_core.package_identification:_identify(.) by extension 'colcon_pkg'
[0.154s] Level 1:colcon.colcon_core.package_identification:_identify(.) by extensions ['colcon_meta']
[0.154s] Level 1:colcon.colcon_core.package_identification:_identify(.) by extension 'colcon_meta'
[0.154s] Level 1:colcon.colcon_core.package_identification:_identify(.) by extensions ['ros']
[0.154s] Level 1:colcon.colcon_core.package_identification:_identify(.) by extension 'ros'
[0.162s] Level 1:colcon.colcon_core.package_identification:_identify(.) by extensions ['cmake', 'python']
[0.162s] Level 1:colcon.colcon_core.package_identification:_identify(.) by extension 'cmake'
[0.162s] Level 1:colcon.colcon_core.package_identification:_identify(.) by extension 'python'
[0.162s] Level 1:colcon.colcon_core.package_identification:_identify(.) by extensions ['python_setup_py']
[0.162s] Level 1:colcon.colcon_core.package_identification:_identify(.) by extension 'python_setup_py'
[0.162s] Level 1:colcon.colcon_core.package_identification:_identify(build) by extensions ['ignore', 'ignore_ament_install']
[0.162s] Level 1:colcon.colcon_core.package_identification:_identify(build) by extension 'ignore'
[0.162s] Level 1:colcon.colcon_core.package_identification:_identify(build) ignored
[0.162s] Level 1:colcon.colcon_core.package_identification:_identify(install) by extensions ['ignore', 'ignore_ament_install']
[0.162s] Level 1:colcon.colcon_core.package_identification:_identify(install) by extension 'ignore'
[0.162s] Level 1:colcon.colcon_core.package_identification:_identify(install) ignored
[0.162s] Level 1:colcon.colcon_core.package_identification:_identify(log) by extensions ['ignore', 'ignore_ament_install']
[0.162s] Level 1:colcon.colcon_core.package_identification:_identify(log) by extension 'ignore'
[0.162s] Level 1:colcon.colcon_core.package_identification:_identify(log) ignored
[0.162s] Level 1:colcon.colcon_core.package_identification:_identify(src) by extensions ['ignore', 'ignore_ament_install']
[0.162s] Level 1:colcon.colcon_core.package_identification:_identify(src) by extension 'ignore'
[0.162s] Level 1:colcon.colcon_core.package_identification:_identify(src) by extension 'ignore_ament_install'
[0.162s] Level 1:colcon.colcon_core.package_identification:_identify(src) by extensions ['colcon_pkg']
[0.162s] Level 1:colcon.colcon_core.package_identification:_identify(src) by extension 'colcon_pkg'
[0.162s] Level 1:colcon.colcon_core.package_identification:_identify(src) by extensions ['colcon_meta']
[0.162s] Level 1:colcon.colcon_core.package_identification:_identify(src) by extension 'colcon_meta'
[0.162s] Level 1:colcon.colcon_core.package_identification:_identify(src) by extensions ['ros']
[0.162s] Level 1:colcon.colcon_core.package_identification:_identify(src) by extension 'ros'
[0.162s] Level 1:colcon.colcon_core.package_identification:_identify(src) by extensions ['cmake', 'python']
[0.162s] Level 1:colcon.colcon_core.package_identification:_identify(src) by extension 'cmake'
[0.162s] Level 1:colcon.colcon_core.package_identification:_identify(src) by extension 'python'
[0.162s] Level 1:colcon.colcon_core.package_identification:_identify(src) by extensions ['python_setup_py']
[0.162s] Level 1:colcon.colcon_core.package_identification:_identify(src) by extension 'python_setup_py'
[0.163s] Level 1:colcon.colcon_core.package_identification:_identify(src/timevariousFGO) by extensions ['ignore', 'ignore_ament_install']
[0.163s] Level 1:colcon.colcon_core.package_identification:_identify(src/timevariousFGO) by extension 'ignore'
[0.163s] Level 1:colcon.colcon_core.package_identification:_identify(src/timevariousFGO) by extension 'ignore_ament_install'
[0.163s] Level 1:colcon.colcon_core.package_identification:_identify(src/timevariousFGO) by extensions ['colcon_pkg']
[0.163s] Level 1:colcon.colcon_core.package_identification:_identify(src/timevariousFGO) by extension 'colcon_pkg'
[0.163s] Level 1:colcon.colcon_core.package_identification:_identify(src/timevariousFGO) by extensions ['colcon_meta']
[0.163s] Level 1:colcon.colcon_core.package_identification:_identify(src/timevariousFGO) by extension 'colcon_meta'
[0.163s] Level 1:colcon.colcon_core.package_identification:_identify(src/timevariousFGO) by extensions ['ros']
[0.163s] Level 1:colcon.colcon_core.package_identification:_identify(src/timevariousFGO) by extension 'ros'
[0.163s] Level 1:colcon.colcon_core.package_identification:_identify(src/timevariousFGO) by extensions ['cmake', 'python']
[0.163s] Level 1:colcon.colcon_core.package_identification:_identify(src/timevariousFGO) by extension 'cmake'
[0.163s] Level 1:colcon.colcon_core.package_identification:_identify(src/timevariousFGO) by extension 'python'
[0.163s] Level 1:colcon.colcon_core.package_identification:_identify(src/timevariousFGO) by extensions ['python_setup_py']
[0.163s] Level 1:colcon.colcon_core.package_identification:_identify(src/timevariousFGO) by extension 'python_setup_py'
[0.163s] Level 1:colcon.colcon_core.package_identification:_identify(src/timevariousFGO/TVFGO) by extensions ['ignore', 'ignore_ament_install']
[0.163s] Level 1:colcon.colcon_core.package_identification:_identify(src/timevariousFGO/TVFGO) by extension 'ignore'
[0.163s] Level 1:colcon.colcon_core.package_identification:_identify(src/timevariousFGO/TVFGO) by extension 'ignore_ament_install'
[0.163s] Level 1:colcon.colcon_core.package_identification:_identify(src/timevariousFGO/TVFGO) by extensions ['colcon_pkg']
[0.163s] Level 1:colcon.colcon_core.package_identification:_identify(src/timevariousFGO/TVFGO) by extension 'colcon_pkg'
[0.163s] Level 1:colcon.colcon_core.package_identification:_identify(src/timevariousFGO/TVFGO) by extensions ['colcon_meta']
[0.163s] Level 1:colcon.colcon_core.package_identification:_identify(src/timevariousFGO/TVFGO) by extension 'colcon_meta'
[0.163s] Level 1:colcon.colcon_core.package_identification:_identify(src/timevariousFGO/TVFGO) by extensions ['ros']
[0.163s] Level 1:colcon.colcon_core.package_identification:_identify(src/timevariousFGO/TVFGO) by extension 'ros'
[0.165s] DEBUG:colcon.colcon_core.package_identification:Package 'src/timevariousFGO/TVFGO' with type 'ros.ament_cmake' and name 'tvfgo'
[0.166s] Level 1:colcon.colcon_core.package_identification:_identify(src/timevariousFGO/boreas_msgs) by extensions ['ignore', 'ignore_ament_install']
[0.166s] Level 1:colcon.colcon_core.package_identification:_identify(src/timevariousFGO/boreas_msgs) by extension 'ignore'
[0.166s] Level 1:colcon.colcon_core.package_identification:_identify(src/timevariousFGO/boreas_msgs) by extension 'ignore_ament_install'
[0.166s] Level 1:colcon.colcon_core.package_identification:_identify(src/timevariousFGO/boreas_msgs) by extensions ['colcon_pkg']
[0.166s] Level 1:colcon.colcon_core.package_identification:_identify(src/timevariousFGO/boreas_msgs) by extension 'colcon_pkg'
[0.166s] Level 1:colcon.colcon_core.package_identification:_identify(src/timevariousFGO/boreas_msgs) by extensions ['colcon_meta']
[0.166s] Level 1:colcon.colcon_core.package_identification:_identify(src/timevariousFGO/boreas_msgs) by extension 'colcon_meta'
[0.166s] Level 1:colcon.colcon_core.package_identification:_identify(src/timevariousFGO/boreas_msgs) by extensions ['ros']
[0.166s] Level 1:colcon.colcon_core.package_identification:_identify(src/timevariousFGO/boreas_msgs) by extension 'ros'
[0.166s] DEBUG:colcon.colcon_core.package_identification:Package 'src/timevariousFGO/boreas_msgs' with type 'ros.ament_cmake' and name 'boreas_msgs'
[0.167s] Level 1:colcon.colcon_core.package_identification:_identify(src/timevariousFGO/irt_nav_common) by extensions ['ignore', 'ignore_ament_install']
[0.167s] Level 1:colcon.colcon_core.package_identification:_identify(src/timevariousFGO/irt_nav_common) by extension 'ignore'
[0.167s] Level 1:colcon.colcon_core.package_identification:_identify(src/timevariousFGO/irt_nav_common) by extension 'ignore_ament_install'
[0.167s] Level 1:colcon.colcon_core.package_identification:_identify(src/timevariousFGO/irt_nav_common) by extensions ['colcon_pkg']
[0.167s] Level 1:colcon.colcon_core.package_identification:_identify(src/timevariousFGO/irt_nav_common) by extension 'colcon_pkg'
[0.167s] Level 1:colcon.colcon_core.package_identification:_identify(src/timevariousFGO/irt_nav_common) by extensions ['colcon_meta']
[0.167s] Level 1:colcon.colcon_core.package_identification:_identify(src/timevariousFGO/irt_nav_common) by extension 'colcon_meta'
[0.167s] Level 1:colcon.colcon_core.package_identification:_identify(src/timevariousFGO/irt_nav_common) by extensions ['ros']
[0.167s] Level 1:colcon.colcon_core.package_identification:_identify(src/timevariousFGO/irt_nav_common) by extension 'ros'
[0.167s] Level 1:colcon.colcon_core.package_identification:_identify(src/timevariousFGO/irt_nav_common) by extensions ['cmake', 'python']
[0.167s] Level 1:colcon.colcon_core.package_identification:_identify(src/timevariousFGO/irt_nav_common) by extension 'cmake'
[0.167s] Level 1:colcon.colcon_core.package_identification:_identify(src/timevariousFGO/irt_nav_common) by extension 'python'
[0.167s] Level 1:colcon.colcon_core.package_identification:_identify(src/timevariousFGO/irt_nav_common) by extensions ['python_setup_py']
[0.167s] Level 1:colcon.colcon_core.package_identification:_identify(src/timevariousFGO/irt_nav_common) by extension 'python_setup_py'
[0.167s] Level 1:colcon.colcon_core.package_identification:_identify(src/timevariousFGO/irt_nav_common/irt_nav_common) by extensions ['ignore', 'ignore_ament_install']
[0.167s] Level 1:colcon.colcon_core.package_identification:_identify(src/timevariousFGO/irt_nav_common/irt_nav_common) by extension 'ignore'
[0.167s] Level 1:colcon.colcon_core.package_identification:_identify(src/timevariousFGO/irt_nav_common/irt_nav_common) by extension 'ignore_ament_install'
[0.167s] Level 1:colcon.colcon_core.package_identification:_identify(src/timevariousFGO/irt_nav_common/irt_nav_common) by extensions ['colcon_pkg']
[0.167s] Level 1:colcon.colcon_core.package_identification:_identify(src/timevariousFGO/irt_nav_common/irt_nav_common) by extension 'colcon_pkg'
[0.167s] Level 1:colcon.colcon_core.package_identification:_identify(src/timevariousFGO/irt_nav_common/irt_nav_common) by extensions ['colcon_meta']
[0.167s] Level 1:colcon.colcon_core.package_identification:_identify(src/timevariousFGO/irt_nav_common/irt_nav_common) by extension 'colcon_meta'
[0.167s] Level 1:colcon.colcon_core.package_identification:_identify(src/timevariousFGO/irt_nav_common/irt_nav_common) by extensions ['ros']
[0.167s] Level 1:colcon.colcon_core.package_identification:_identify(src/timevariousFGO/irt_nav_common/irt_nav_common) by extension 'ros'
[0.168s] DEBUG:colcon.colcon_core.package_identification:Package 'src/timevariousFGO/irt_nav_common/irt_nav_common' with type 'ros.ament_cmake' and name 'irt_nav_common'
[0.168s] Level 1:colcon.colcon_core.package_identification:_identify(src/timevariousFGO/irt_nav_common/irt_nav_msgs) by extensions ['ignore', 'ignore_ament_install']
[0.168s] Level 1:colcon.colcon_core.package_identification:_identify(src/timevariousFGO/irt_nav_common/irt_nav_msgs) by extension 'ignore'
[0.168s] Level 1:colcon.colcon_core.package_identification:_identify(src/timevariousFGO/irt_nav_common/irt_nav_msgs) by extension 'ignore_ament_install'
[0.168s] Level 1:colcon.colcon_core.package_identification:_identify(src/timevariousFGO/irt_nav_common/irt_nav_msgs) by extensions ['colcon_pkg']
[0.168s] Level 1:colcon.colcon_core.package_identification:_identify(src/timevariousFGO/irt_nav_common/irt_nav_msgs) by extension 'colcon_pkg'
[0.168s] Level 1:colcon.colcon_core.package_identification:_identify(src/timevariousFGO/irt_nav_common/irt_nav_msgs) by extensions ['colcon_meta']
[0.168s] Level 1:colcon.colcon_core.package_identification:_identify(src/timevariousFGO/irt_nav_common/irt_nav_msgs) by extension 'colcon_meta'
[0.168s] Level 1:colcon.colcon_core.package_identification:_identify(src/timevariousFGO/irt_nav_common/irt_nav_msgs) by extensions ['ros']
[0.168s] Level 1:colcon.colcon_core.package_identification:_identify(src/timevariousFGO/irt_nav_common/irt_nav_msgs) by extension 'ros'
[0.169s] DEBUG:colcon.colcon_core.package_identification:Package 'src/timevariousFGO/irt_nav_common/irt_nav_msgs' with type 'ros.ament_cmake' and name 'irt_nav_msgs'
[0.169s] Level 1:colcon.colcon_core.package_identification:_identify(src/timevariousFGO/nav_msgs) by extensions ['ignore', 'ignore_ament_install']
[0.169s] Level 1:colcon.colcon_core.package_identification:_identify(src/timevariousFGO/nav_msgs) by extension 'ignore'
[0.169s] Level 1:colcon.colcon_core.package_identification:_identify(src/timevariousFGO/nav_msgs) by extension 'ignore_ament_install'
[0.169s] Level 1:colcon.colcon_core.package_identification:_identify(src/timevariousFGO/nav_msgs) by extensions ['colcon_pkg']
[0.169s] Level 1:colcon.colcon_core.package_identification:_identify(src/timevariousFGO/nav_msgs) by extension 'colcon_pkg'
[0.169s] Level 1:colcon.colcon_core.package_identification:_identify(src/timevariousFGO/nav_msgs) by extensions ['colcon_meta']
[0.169s] Level 1:colcon.colcon_core.package_identification:_identify(src/timevariousFGO/nav_msgs) by extension 'colcon_meta'
[0.169s] Level 1:colcon.colcon_core.package_identification:_identify(src/timevariousFGO/nav_msgs) by extensions ['ros']
[0.169s] Level 1:colcon.colcon_core.package_identification:_identify(src/timevariousFGO/nav_msgs) by extension 'ros'
[0.169s] Level 1:colcon.colcon_core.package_identification:_identify(src/timevariousFGO/nav_msgs) by extensions ['cmake', 'python']
[0.169s] Level 1:colcon.colcon_core.package_identification:_identify(src/timevariousFGO/nav_msgs) by extension 'cmake'
[0.169s] Level 1:colcon.colcon_core.package_identification:_identify(src/timevariousFGO/nav_msgs) by extension 'python'
[0.169s] Level 1:colcon.colcon_core.package_identification:_identify(src/timevariousFGO/nav_msgs) by extensions ['python_setup_py']
[0.169s] Level 1:colcon.colcon_core.package_identification:_identify(src/timevariousFGO/nav_msgs) by extension 'python_setup_py'
[0.169s] Level 1:colcon.colcon_core.package_discovery:discover_packages(recursive) using defaults
[0.169s] Level 1:colcon.colcon_core.package_discovery:discover_packages(ignore) discover
[0.169s] Level 1:colcon.colcon_core.package_discovery:discover_packages(ignore) using defaults
[0.169s] Level 1:colcon.colcon_core.package_discovery:discover_packages(path) discover
[0.169s] Level 1:colcon.colcon_core.package_discovery:discover_packages(path) using defaults
[0.183s] Level 1:colcon.colcon_core.package_discovery:discover_packages(prefix_path) check parameters
[0.183s] Level 1:colcon.colcon_core.package_discovery:discover_packages(prefix_path) discover
[0.184s] DEBUG:colcon.colcon_installed_package_information.package_discovery:Found 271 installed packages in /opt/ros/humble
[0.191s] Level 1:colcon.colcon_core.package_discovery:discover_packages(prefix_path) using defaults
[0.212s] Level 5:colcon.colcon_core.verb:set package 'boreas_msgs' build argument 'cmake_args' from command line to 'None'
[0.212s] Level 5:colcon.colcon_core.verb:set package 'boreas_msgs' build argument 'cmake_target' from command line to 'None'
[0.212s] Level 5:colcon.colcon_core.verb:set package 'boreas_msgs' build argument 'cmake_target_skip_unavailable' from command line to 'False'
[0.212s] Level 5:colcon.colcon_core.verb:set package 'boreas_msgs' build argument 'cmake_clean_cache' from command line to 'False'
[0.212s] Level 5:colcon.colcon_core.verb:set package 'boreas_msgs' build argument 'cmake_clean_first' from command line to 'False'
[0.212s] Level 5:colcon.colcon_core.verb:set package 'boreas_msgs' build argument 'cmake_force_configure' from command line to 'False'
[0.212s] Level 5:colcon.colcon_core.verb:set package 'boreas_msgs' build argument 'ament_cmake_args' from command line to 'None'
[0.212s] Level 5:colcon.colcon_core.verb:set package 'boreas_msgs' build argument 'catkin_cmake_args' from command line to 'None'
[0.212s] Level 5:colcon.colcon_core.verb:set package 'boreas_msgs' build argument 'catkin_skip_building_tests' from command line to 'False'
[0.212s] DEBUG:colcon.colcon_core.verb:Building package 'boreas_msgs' with the following arguments: {'ament_cmake_args': None, 'build_base': '/home/li/Time_various/build/boreas_msgs', 'catkin_cmake_args': None, 'catkin_skip_building_tests': False, 'cmake_args': None, 'cmake_clean_cache': False, 'cmake_clean_first': False, 'cmake_force_configure': False, 'cmake_target': None, 'cmake_target_skip_unavailable': False, 'install_base': '/home/li/Time_various/install/boreas_msgs', 'merge_install': False, 'path': '/home/li/Time_various/src/timevariousFGO/boreas_msgs', 'symlink_install': False, 'test_result_base': None}
[0.212s] Level 5:colcon.colcon_core.verb:set package 'irt_nav_msgs' build argument 'cmake_args' from command line to 'None'
[0.212s] Level 5:colcon.colcon_core.verb:set package 'irt_nav_msgs' build argument 'cmake_target' from command line to 'None'
[0.212s] Level 5:colcon.colcon_core.verb:set package 'irt_nav_msgs' build argument 'cmake_target_skip_unavailable' from command line to 'False'
[0.212s] Level 5:colcon.colcon_core.verb:set package 'irt_nav_msgs' build argument 'cmake_clean_cache' from command line to 'False'
[0.212s] Level 5:colcon.colcon_core.verb:set package 'irt_nav_msgs' build argument 'cmake_clean_first' from command line to 'False'
[0.212s] Level 5:colcon.colcon_core.verb:set package 'irt_nav_msgs' build argument 'cmake_force_configure' from command line to 'False'
[0.212s] Level 5:colcon.colcon_core.verb:set package 'irt_nav_msgs' build argument 'ament_cmake_args' from command line to 'None'
[0.212s] Level 5:colcon.colcon_core.verb:set package 'irt_nav_msgs' build argument 'catkin_cmake_args' from command line to 'None'
[0.212s] Level 5:colcon.colcon_core.verb:set package 'irt_nav_msgs' build argument 'catkin_skip_building_tests' from command line to 'False'
[0.212s] DEBUG:colcon.colcon_core.verb:Building package 'irt_nav_msgs' with the following arguments: {'ament_cmake_args': None, 'build_base': '/home/li/Time_various/build/irt_nav_msgs', 'catkin_cmake_args': None, 'catkin_skip_building_tests': False, 'cmake_args': None, 'cmake_clean_cache': False, 'cmake_clean_first': False, 'cmake_force_configure': False, 'cmake_target': None, 'cmake_target_skip_unavailable': False, 'install_base': '/home/li/Time_various/install/irt_nav_msgs', 'merge_install': False, 'path': '/home/li/Time_various/src/timevariousFGO/irt_nav_common/irt_nav_msgs', 'symlink_install': False, 'test_result_base': None}
[0.213s] Level 5:colcon.colcon_core.verb:set package 'irt_nav_common' build argument 'cmake_args' from command line to 'None'
[0.213s] Level 5:colcon.colcon_core.verb:set package 'irt_nav_common' build argument 'cmake_target' from command line to 'None'
[0.213s] Level 5:colcon.colcon_core.verb:set package 'irt_nav_common' build argument 'cmake_target_skip_unavailable' from command line to 'False'
[0.213s] Level 5:colcon.colcon_core.verb:set package 'irt_nav_common' build argument 'cmake_clean_cache' from command line to 'False'
[0.213s] Level 5:colcon.colcon_core.verb:set package 'irt_nav_common' build argument 'cmake_clean_first' from command line to 'False'
[0.213s] Level 5:colcon.colcon_core.verb:set package 'irt_nav_common' build argument 'cmake_force_configure' from command line to 'False'
[0.213s] Level 5:colcon.colcon_core.verb:set package 'irt_nav_common' build argument 'ament_cmake_args' from command line to 'None'
[0.213s] Level 5:colcon.colcon_core.verb:set package 'irt_nav_common' build argument 'catkin_cmake_args' from command line to 'None'
[0.213s] Level 5:colcon.colcon_core.verb:set package 'irt_nav_common' build argument 'catkin_skip_building_tests' from command line to 'False'
[0.213s] DEBUG:colcon.colcon_core.verb:Building package 'irt_nav_common' with the following arguments: {'ament_cmake_args': None, 'build_base': '/home/li/Time_various/build/irt_nav_common', 'catkin_cmake_args': None, 'catkin_skip_building_tests': False, 'cmake_args': None, 'cmake_clean_cache': False, 'cmake_clean_first': False, 'cmake_force_configure': False, 'cmake_target': None, 'cmake_target_skip_unavailable': False, 'install_base': '/home/li/Time_various/install/irt_nav_common', 'merge_install': False, 'path': '/home/li/Time_various/src/timevariousFGO/irt_nav_common/irt_nav_common', 'symlink_install': False, 'test_result_base': None}
[0.213s] Level 5:colcon.colcon_core.verb:set package 'tvfgo' build argument 'cmake_args' from command line to 'None'
[0.213s] Level 5:colcon.colcon_core.verb:set package 'tvfgo' build argument 'cmake_target' from command line to 'None'
[0.213s] Level 5:colcon.colcon_core.verb:set package 'tvfgo' build argument 'cmake_target_skip_unavailable' from command line to 'False'
[0.213s] Level 5:colcon.colcon_core.verb:set package 'tvfgo' build argument 'cmake_clean_cache' from command line to 'False'
[0.213s] Level 5:colcon.colcon_core.verb:set package 'tvfgo' build argument 'cmake_clean_first' from command line to 'False'
[0.213s] Level 5:colcon.colcon_core.verb:set package 'tvfgo' build argument 'cmake_force_configure' from command line to 'False'
[0.213s] Level 5:colcon.colcon_core.verb:set package 'tvfgo' build argument 'ament_cmake_args' from command line to 'None'
[0.213s] Level 5:colcon.colcon_core.verb:set package 'tvfgo' build argument 'catkin_cmake_args' from command line to 'None'
[0.213s] Level 5:colcon.colcon_core.verb:set package 'tvfgo' build argument 'catkin_skip_building_tests' from command line to 'False'
[0.213s] DEBUG:colcon.colcon_core.verb:Building package 'tvfgo' with the following arguments: {'ament_cmake_args': None, 'build_base': '/home/li/Time_various/build/tvfgo', 'catkin_cmake_args': None, 'catkin_skip_building_tests': False, 'cmake_args': None, 'cmake_clean_cache': False, 'cmake_clean_first': False, 'cmake_force_configure': False, 'cmake_target': None, 'cmake_target_skip_unavailable': False, 'install_base': '/home/li/Time_various/install/tvfgo', 'merge_install': False, 'path': '/home/li/Time_various/src/timevariousFGO/TVFGO', 'symlink_install': False, 'test_result_base': None}
[0.213s] INFO:colcon.colcon_core.executor:Executing jobs using 'parallel' executor
[0.214s] DEBUG:colcon.colcon_parallel_executor.executor.parallel:run_until_complete
[0.214s] INFO:colcon.colcon_ros.task.ament_cmake.build:Building ROS package in '/home/li/Time_various/src/timevariousFGO/irt_nav_common/irt_nav_msgs' with build type 'ament_cmake'
[0.214s] INFO:colcon.colcon_cmake.task.cmake.build:Building CMake package in '/home/li/Time_various/src/timevariousFGO/irt_nav_common/irt_nav_msgs'
[0.216s] INFO:colcon.colcon_core.plugin_system:Skipping extension 'colcon_core.shell.bat': Not used on non-Windows systems
[0.216s] INFO:colcon.colcon_core.shell:Skip shell extension 'powershell' for command environment: Not usable outside of PowerShell
[0.216s] DEBUG:colcon.colcon_core.shell:Skip shell extension 'dsv' for command environment
[0.218s] INFO:colcon.colcon_ros.task.ament_cmake.build:Building ROS package in '/home/li/Time_various/src/timevariousFGO/boreas_msgs' with build type 'ament_cmake'
[0.218s] INFO:colcon.colcon_cmake.task.cmake.build:Building CMake package in '/home/li/Time_various/src/timevariousFGO/boreas_msgs'
[0.218s] INFO:colcon.colcon_core.shell:Skip shell extension 'powershell' for command environment: Not usable outside of PowerShell
[0.218s] DEBUG:colcon.colcon_core.shell:Skip shell extension 'dsv' for command environment
[0.222s] DEBUG:colcon.colcon_core.event_handler.log_command:Invoking command in '/home/li/Time_various/build/irt_nav_msgs': CMAKE_PREFIX_PATH=/opt/ros/humble CONDA_PROMPT_MODIFIER=(base) /usr/bin/cmake --build /home/li/Time_various/build/irt_nav_msgs -- -j20 -l20
[0.226s] DEBUG:colcon.colcon_core.event_handler.log_command:Invoking command in '/home/li/Time_various/build/boreas_msgs': CMAKE_PREFIX_PATH=/opt/ros/humble CONDA_PROMPT_MODIFIER=(base) /usr/bin/cmake --build /home/li/Time_various/build/boreas_msgs -- -j20 -l20
[0.521s] DEBUG:colcon.colcon_core.event_handler.log_command:Invoked command in '/home/li/Time_various/build/boreas_msgs' returned '0': CMAKE_PREFIX_PATH=/opt/ros/humble CONDA_PROMPT_MODIFIER=(base) /usr/bin/cmake --build /home/li/Time_various/build/boreas_msgs -- -j20 -l20
[0.531s] DEBUG:colcon.colcon_core.event_handler.log_command:Invoking command in '/home/li/Time_various/build/boreas_msgs': CMAKE_PREFIX_PATH=/opt/ros/humble CONDA_PROMPT_MODIFIER=(base) /usr/bin/cmake --install /home/li/Time_various/build/boreas_msgs
[0.543s] DEBUG:colcon.colcon_core.event_handler.log_command:Invoked command in '/home/li/Time_various/build/irt_nav_msgs' returned '0': CMAKE_PREFIX_PATH=/opt/ros/humble CONDA_PROMPT_MODIFIER=(base) /usr/bin/cmake --build /home/li/Time_various/build/irt_nav_msgs -- -j20 -l20
[0.545s] DEBUG:colcon.colcon_core.event_handler.log_command:Invoking command in '/home/li/Time_various/build/irt_nav_msgs': CMAKE_PREFIX_PATH=/opt/ros/humble CONDA_PROMPT_MODIFIER=(base) /usr/bin/cmake --install /home/li/Time_various/build/irt_nav_msgs
[0.571s] Level 1:colcon.colcon_core.environment:create_environment_scripts_only(boreas_msgs)
[0.579s] Level 1:colcon.colcon_core.environment:checking '/home/li/Time_various/install/boreas_msgs' for CMake module files
[0.582s] Level 1:colcon.colcon_core.environment:checking '/home/li/Time_various/install/boreas_msgs' for CMake config files
[0.587s] DEBUG:colcon.colcon_core.event_handler.log_command:Invoked command in '/home/li/Time_various/build/boreas_msgs' returned '0': CMAKE_PREFIX_PATH=/opt/ros/humble CONDA_PROMPT_MODIFIER=(base) /usr/bin/cmake --install /home/li/Time_various/build/boreas_msgs
[0.588s] Level 1:colcon.colcon_core.shell:create_environment_hook('boreas_msgs', 'cmake_prefix_path')
[0.588s] INFO:colcon.colcon_core.shell:Creating environment hook '/home/li/Time_various/install/boreas_msgs/share/boreas_msgs/hook/cmake_prefix_path.ps1'
[0.589s] INFO:colcon.colcon_core.shell:Creating environment descriptor '/home/li/Time_various/install/boreas_msgs/share/boreas_msgs/hook/cmake_prefix_path.dsv'
[0.591s] INFO:colcon.colcon_core.shell:Creating environment hook '/home/li/Time_various/install/boreas_msgs/share/boreas_msgs/hook/cmake_prefix_path.sh'
[0.593s] Level 1:colcon.colcon_core.environment:checking '/home/li/Time_various/install/boreas_msgs/lib'
[0.593s] Level 1:colcon.colcon_core.shell:create_environment_hook('boreas_msgs', 'ld_library_path_lib')
[0.593s] INFO:colcon.colcon_core.shell:Creating environment hook '/home/li/Time_various/install/boreas_msgs/share/boreas_msgs/hook/ld_library_path_lib.ps1'
[0.594s] INFO:colcon.colcon_core.shell:Creating environment descriptor '/home/li/Time_various/install/boreas_msgs/share/boreas_msgs/hook/ld_library_path_lib.dsv'
[0.594s] INFO:colcon.colcon_core.shell:Creating environment hook '/home/li/Time_various/install/boreas_msgs/share/boreas_msgs/hook/ld_library_path_lib.sh'
[0.594s] Level 1:colcon.colcon_core.environment:checking '/home/li/Time_various/install/boreas_msgs/bin'
[0.594s] Level 1:colcon.colcon_core.environment:checking '/home/li/Time_various/install/boreas_msgs/lib/pkgconfig/boreas_msgs.pc'
[0.594s] Level 1:colcon.colcon_core.environment:checking '/home/li/Time_various/install/boreas_msgs/lib/python3.10/site-packages'
[0.594s] Level 1:colcon.colcon_core.environment:checking '/home/li/Time_various/install/boreas_msgs/bin'
[0.595s] INFO:colcon.colcon_core.shell:Creating package script '/home/li/Time_various/install/boreas_msgs/share/boreas_msgs/package.ps1'
[0.595s] INFO:colcon.colcon_core.shell:Creating package descriptor '/home/li/Time_various/install/boreas_msgs/share/boreas_msgs/package.dsv'
[0.595s] INFO:colcon.colcon_core.shell:Creating package script '/home/li/Time_various/install/boreas_msgs/share/boreas_msgs/package.sh'
[0.596s] INFO:colcon.colcon_core.shell:Creating package script '/home/li/Time_various/install/boreas_msgs/share/boreas_msgs/package.bash'
[0.596s] INFO:colcon.colcon_core.shell:Creating package script '/home/li/Time_various/install/boreas_msgs/share/boreas_msgs/package.zsh'
[0.597s] Level 1:colcon.colcon_core.environment:create_file_with_runtime_dependencies(/home/li/Time_various/install/boreas_msgs/share/colcon-core/packages/boreas_msgs)
[0.597s] Level 1:colcon.colcon_core.environment:create_environment_scripts_only(boreas_msgs)
[0.597s] Level 1:colcon.colcon_core.environment:checking '/home/li/Time_various/install/boreas_msgs' for CMake module files
[0.597s] Level 1:colcon.colcon_core.environment:checking '/home/li/Time_various/install/boreas_msgs' for CMake config files
[0.598s] Level 1:colcon.colcon_core.shell:create_environment_hook('boreas_msgs', 'cmake_prefix_path')
[0.598s] INFO:colcon.colcon_core.shell:Creating environment hook '/home/li/Time_various/install/boreas_msgs/share/boreas_msgs/hook/cmake_prefix_path.ps1'
[0.598s] INFO:colcon.colcon_core.shell:Creating environment descriptor '/home/li/Time_various/install/boreas_msgs/share/boreas_msgs/hook/cmake_prefix_path.dsv'
[0.598s] INFO:colcon.colcon_core.shell:Creating environment hook '/home/li/Time_various/install/boreas_msgs/share/boreas_msgs/hook/cmake_prefix_path.sh'
[0.598s] Level 1:colcon.colcon_core.environment:checking '/home/li/Time_various/install/boreas_msgs/lib'
[0.598s] Level 1:colcon.colcon_core.shell:create_environment_hook('boreas_msgs', 'ld_library_path_lib')
[0.599s] INFO:colcon.colcon_core.shell:Creating environment hook '/home/li/Time_various/install/boreas_msgs/share/boreas_msgs/hook/ld_library_path_lib.ps1'
[0.599s] INFO:colcon.colcon_core.shell:Creating environment descriptor '/home/li/Time_various/install/boreas_msgs/share/boreas_msgs/hook/ld_library_path_lib.dsv'
[0.599s] INFO:colcon.colcon_core.shell:Creating environment hook '/home/li/Time_various/install/boreas_msgs/share/boreas_msgs/hook/ld_library_path_lib.sh'
[0.599s] Level 1:colcon.colcon_core.environment:checking '/home/li/Time_various/install/boreas_msgs/bin'
[0.599s] Level 1:colcon.colcon_core.environment:checking '/home/li/Time_various/install/boreas_msgs/lib/pkgconfig/boreas_msgs.pc'
[0.599s] Level 1:colcon.colcon_core.environment:checking '/home/li/Time_various/install/boreas_msgs/lib/python3.10/site-packages'
[0.599s] Level 1:colcon.colcon_core.environment:checking '/home/li/Time_various/install/boreas_msgs/bin'
[0.600s] INFO:colcon.colcon_core.shell:Creating package script '/home/li/Time_various/install/boreas_msgs/share/boreas_msgs/package.ps1'
[0.600s] INFO:colcon.colcon_core.shell:Creating package descriptor '/home/li/Time_various/install/boreas_msgs/share/boreas_msgs/package.dsv'
[0.600s] INFO:colcon.colcon_core.shell:Creating package script '/home/li/Time_various/install/boreas_msgs/share/boreas_msgs/package.sh'
[0.601s] INFO:colcon.colcon_core.shell:Creating package script '/home/li/Time_various/install/boreas_msgs/share/boreas_msgs/package.bash'
[0.601s] INFO:colcon.colcon_core.shell:Creating package script '/home/li/Time_various/install/boreas_msgs/share/boreas_msgs/package.zsh'
[0.601s] Level 1:colcon.colcon_core.environment:create_file_with_runtime_dependencies(/home/li/Time_various/install/boreas_msgs/share/colcon-core/packages/boreas_msgs)
[0.602s] Level 1:colcon.colcon_core.environment:create_environment_scripts_only(irt_nav_msgs)
[0.602s] Level 1:colcon.colcon_core.environment:checking '/home/li/Time_various/install/irt_nav_msgs' for CMake module files
[0.602s] DEBUG:colcon.colcon_core.event_handler.log_command:Invoked command in '/home/li/Time_various/build/irt_nav_msgs' returned '0': CMAKE_PREFIX_PATH=/opt/ros/humble CONDA_PROMPT_MODIFIER=(base) /usr/bin/cmake --install /home/li/Time_various/build/irt_nav_msgs
[0.602s] Level 1:colcon.colcon_core.environment:checking '/home/li/Time_various/install/irt_nav_msgs' for CMake config files
[0.603s] Level 1:colcon.colcon_core.shell:create_environment_hook('irt_nav_msgs', 'cmake_prefix_path')
[0.603s] INFO:colcon.colcon_core.shell:Creating environment hook '/home/li/Time_various/install/irt_nav_msgs/share/irt_nav_msgs/hook/cmake_prefix_path.ps1'
[0.603s] INFO:colcon.colcon_core.shell:Creating environment descriptor '/home/li/Time_various/install/irt_nav_msgs/share/irt_nav_msgs/hook/cmake_prefix_path.dsv'
[0.603s] INFO:colcon.colcon_core.shell:Creating environment hook '/home/li/Time_various/install/irt_nav_msgs/share/irt_nav_msgs/hook/cmake_prefix_path.sh'
[0.603s] Level 1:colcon.colcon_core.environment:checking '/home/li/Time_various/install/irt_nav_msgs/lib'
[0.604s] Level 1:colcon.colcon_core.shell:create_environment_hook('irt_nav_msgs', 'ld_library_path_lib')
[0.604s] INFO:colcon.colcon_core.shell:Creating environment hook '/home/li/Time_various/install/irt_nav_msgs/share/irt_nav_msgs/hook/ld_library_path_lib.ps1'
[0.604s] INFO:colcon.colcon_core.shell:Creating environment descriptor '/home/li/Time_various/install/irt_nav_msgs/share/irt_nav_msgs/hook/ld_library_path_lib.dsv'
[0.604s] INFO:colcon.colcon_core.shell:Creating environment hook '/home/li/Time_various/install/irt_nav_msgs/share/irt_nav_msgs/hook/ld_library_path_lib.sh'
[0.604s] Level 1:colcon.colcon_core.environment:checking '/home/li/Time_various/install/irt_nav_msgs/bin'
[0.604s] Level 1:colcon.colcon_core.environment:checking '/home/li/Time_various/install/irt_nav_msgs/lib/pkgconfig/irt_nav_msgs.pc'
[0.604s] Level 1:colcon.colcon_core.environment:checking '/home/li/Time_various/install/irt_nav_msgs/lib/python3.10/site-packages'
[0.604s] Level 1:colcon.colcon_core.environment:checking '/home/li/Time_various/install/irt_nav_msgs/bin'
[0.605s] INFO:colcon.colcon_core.shell:Creating package script '/home/li/Time_various/install/irt_nav_msgs/share/irt_nav_msgs/package.ps1'
[0.605s] INFO:colcon.colcon_core.shell:Creating package descriptor '/home/li/Time_various/install/irt_nav_msgs/share/irt_nav_msgs/package.dsv'
[0.605s] INFO:colcon.colcon_core.shell:Creating package script '/home/li/Time_various/install/irt_nav_msgs/share/irt_nav_msgs/package.sh'
[0.605s] INFO:colcon.colcon_core.shell:Creating package script '/home/li/Time_various/install/irt_nav_msgs/share/irt_nav_msgs/package.bash'
[0.606s] INFO:colcon.colcon_core.shell:Creating package script '/home/li/Time_various/install/irt_nav_msgs/share/irt_nav_msgs/package.zsh'
[0.606s] Level 1:colcon.colcon_core.environment:create_file_with_runtime_dependencies(/home/li/Time_various/install/irt_nav_msgs/share/colcon-core/packages/irt_nav_msgs)
[0.606s] Level 1:colcon.colcon_core.environment:create_environment_scripts_only(irt_nav_msgs)
[0.606s] Level 1:colcon.colcon_core.environment:checking '/home/li/Time_various/install/irt_nav_msgs' for CMake module files
[0.606s] Level 1:colcon.colcon_core.environment:checking '/home/li/Time_various/install/irt_nav_msgs' for CMake config files
[0.607s] Level 1:colcon.colcon_core.shell:create_environment_hook('irt_nav_msgs', 'cmake_prefix_path')
[0.607s] INFO:colcon.colcon_core.shell:Creating environment hook '/home/li/Time_various/install/irt_nav_msgs/share/irt_nav_msgs/hook/cmake_prefix_path.ps1'
[0.607s] INFO:colcon.colcon_core.shell:Creating environment descriptor '/home/li/Time_various/install/irt_nav_msgs/share/irt_nav_msgs/hook/cmake_prefix_path.dsv'
[0.607s] INFO:colcon.colcon_core.shell:Creating environment hook '/home/li/Time_various/install/irt_nav_msgs/share/irt_nav_msgs/hook/cmake_prefix_path.sh'
[0.607s] Level 1:colcon.colcon_core.environment:checking '/home/li/Time_various/install/irt_nav_msgs/lib'
[0.608s] Level 1:colcon.colcon_core.shell:create_environment_hook('irt_nav_msgs', 'ld_library_path_lib')
[0.608s] INFO:colcon.colcon_core.shell:Creating environment hook '/home/li/Time_various/install/irt_nav_msgs/share/irt_nav_msgs/hook/ld_library_path_lib.ps1'
[0.608s] INFO:colcon.colcon_core.shell:Creating environment descriptor '/home/li/Time_various/install/irt_nav_msgs/share/irt_nav_msgs/hook/ld_library_path_lib.dsv'
[0.608s] INFO:colcon.colcon_core.shell:Creating environment hook '/home/li/Time_various/install/irt_nav_msgs/share/irt_nav_msgs/hook/ld_library_path_lib.sh'
[0.608s] Level 1:colcon.colcon_core.environment:checking '/home/li/Time_various/install/irt_nav_msgs/bin'
[0.608s] Level 1:colcon.colcon_core.environment:checking '/home/li/Time_various/install/irt_nav_msgs/lib/pkgconfig/irt_nav_msgs.pc'
[0.608s] Level 1:colcon.colcon_core.environment:checking '/home/li/Time_various/install/irt_nav_msgs/lib/python3.10/site-packages'
[0.608s] Level 1:colcon.colcon_core.environment:checking '/home/li/Time_various/install/irt_nav_msgs/bin'
[0.609s] INFO:colcon.colcon_core.shell:Creating package script '/home/li/Time_various/install/irt_nav_msgs/share/irt_nav_msgs/package.ps1'
[0.609s] INFO:colcon.colcon_core.shell:Creating package descriptor '/home/li/Time_various/install/irt_nav_msgs/share/irt_nav_msgs/package.dsv'
[0.609s] INFO:colcon.colcon_core.shell:Creating package script '/home/li/Time_various/install/irt_nav_msgs/share/irt_nav_msgs/package.sh'
[0.609s] INFO:colcon.colcon_core.shell:Creating package script '/home/li/Time_various/install/irt_nav_msgs/share/irt_nav_msgs/package.bash'
[0.610s] INFO:colcon.colcon_core.shell:Creating package script '/home/li/Time_various/install/irt_nav_msgs/share/irt_nav_msgs/package.zsh'
[0.610s] Level 1:colcon.colcon_core.environment:create_file_with_runtime_dependencies(/home/li/Time_various/install/irt_nav_msgs/share/colcon-core/packages/irt_nav_msgs)
[0.610s] INFO:colcon.colcon_ros.task.ament_cmake.build:Building ROS package in '/home/li/Time_various/src/timevariousFGO/irt_nav_common/irt_nav_common' with build type 'ament_cmake'
[0.610s] INFO:colcon.colcon_cmake.task.cmake.build:Building CMake package in '/home/li/Time_various/src/timevariousFGO/irt_nav_common/irt_nav_common'
[0.610s] INFO:colcon.colcon_core.shell:Skip shell extension 'powershell' for command environment: Not usable outside of PowerShell
[0.610s] DEBUG:colcon.colcon_core.shell:Skip shell extension 'dsv' for command environment
[0.612s] INFO:colcon.colcon_ros.task.ament_cmake.build:Building ROS package in '/home/li/Time_various/src/timevariousFGO/TVFGO' with build type 'ament_cmake'
[0.612s] INFO:colcon.colcon_cmake.task.cmake.build:Building CMake package in '/home/li/Time_various/src/timevariousFGO/TVFGO'
[0.612s] INFO:colcon.colcon_core.shell:Skip shell extension 'powershell' for command environment: Not usable outside of PowerShell
[0.612s] DEBUG:colcon.colcon_core.shell:Skip shell extension 'dsv' for command environment
[0.618s] DEBUG:colcon.colcon_core.event_handler.log_command:Invoking command in '/home/li/Time_various/build/irt_nav_common': AMENT_PREFIX_PATH=/home/li/Time_various/install/irt_nav_msgs:${AMENT_PREFIX_PATH} CMAKE_PREFIX_PATH=/home/li/Time_various/install/irt_nav_msgs:/opt/ros/humble CONDA_PROMPT_MODIFIER=(base) LD_LIBRARY_PATH=/home/li/Time_various/install/irt_nav_msgs/lib:${LD_LIBRARY_PATH} PYTHONPATH=/home/li/Time_various/install/irt_nav_msgs/lib/python3.13/site-packages:${PYTHONPATH} /usr/bin/cmake --build /home/li/Time_various/build/irt_nav_common -- -j20 -l20
[0.622s] DEBUG:colcon.colcon_core.event_handler.log_command:Invoking command in '/home/li/Time_various/build/tvfgo': AMENT_PREFIX_PATH=/home/li/Time_various/install/irt_nav_msgs:/home/li/Time_various/install/boreas_msgs:${AMENT_PREFIX_PATH} CMAKE_PREFIX_PATH=/home/li/Time_various/install/irt_nav_msgs:/home/li/Time_various/install/boreas_msgs:/opt/ros/humble CONDA_PROMPT_MODIFIER=(base) LD_LIBRARY_PATH=/home/li/Time_various/install/irt_nav_msgs/lib:/home/li/Time_various/install/boreas_msgs/lib:${LD_LIBRARY_PATH} PYTHONPATH=/home/li/Time_various/install/irt_nav_msgs/lib/python3.13/site-packages:/home/li/Time_various/install/boreas_msgs/lib/python3.13/site-packages:${PYTHONPATH} /usr/bin/cmake --build /home/li/Time_various/build/tvfgo -- -j20 -l20
[0.679s] DEBUG:colcon.colcon_core.event_handler.log_command:Invoked command in '/home/li/Time_various/build/irt_nav_common' returned '0': AMENT_PREFIX_PATH=/home/li/Time_various/install/irt_nav_msgs:${AMENT_PREFIX_PATH} CMAKE_PREFIX_PATH=/home/li/Time_various/install/irt_nav_msgs:/opt/ros/humble CONDA_PROMPT_MODIFIER=(base) LD_LIBRARY_PATH=/home/li/Time_various/install/irt_nav_msgs/lib:${LD_LIBRARY_PATH} PYTHONPATH=/home/li/Time_various/install/irt_nav_msgs/lib/python3.13/site-packages:${PYTHONPATH} /usr/bin/cmake --build /home/li/Time_various/build/irt_nav_common -- -j20 -l20
[0.681s] DEBUG:colcon.colcon_core.event_handler.log_command:Invoking command in '/home/li/Time_various/build/irt_nav_common': AMENT_PREFIX_PATH=/home/li/Time_various/install/irt_nav_msgs:${AMENT_PREFIX_PATH} CMAKE_PREFIX_PATH=/home/li/Time_various/install/irt_nav_msgs:/opt/ros/humble CONDA_PROMPT_MODIFIER=(base) LD_LIBRARY_PATH=/home/li/Time_various/install/irt_nav_msgs/lib:${LD_LIBRARY_PATH} PYTHONPATH=/home/li/Time_various/install/irt_nav_msgs/lib/python3.13/site-packages:${PYTHONPATH} /usr/bin/cmake --install /home/li/Time_various/build/irt_nav_common
[0.689s] Level 1:colcon.colcon_core.environment:create_environment_scripts_only(irt_nav_common)
[0.689s] Level 1:colcon.colcon_core.environment:checking '/home/li/Time_various/install/irt_nav_common' for CMake module files
[0.690s] DEBUG:colcon.colcon_core.event_handler.log_command:Invoked command in '/home/li/Time_various/build/irt_nav_common' returned '0': AMENT_PREFIX_PATH=/home/li/Time_various/install/irt_nav_msgs:${AMENT_PREFIX_PATH} CMAKE_PREFIX_PATH=/home/li/Time_various/install/irt_nav_msgs:/opt/ros/humble CONDA_PROMPT_MODIFIER=(base) LD_LIBRARY_PATH=/home/li/Time_various/install/irt_nav_msgs/lib:${LD_LIBRARY_PATH} PYTHONPATH=/home/li/Time_various/install/irt_nav_msgs/lib/python3.13/site-packages:${PYTHONPATH} /usr/bin/cmake --install /home/li/Time_various/build/irt_nav_common
[0.690s] Level 1:colcon.colcon_core.environment:checking '/home/li/Time_various/install/irt_nav_common' for CMake config files
[0.691s] Level 1:colcon.colcon_core.shell:create_environment_hook('irt_nav_common', 'cmake_prefix_path')
[0.691s] INFO:colcon.colcon_core.shell:Creating environment hook '/home/li/Time_various/install/irt_nav_common/share/irt_nav_common/hook/cmake_prefix_path.ps1'
[0.691s] INFO:colcon.colcon_core.shell:Creating environment descriptor '/home/li/Time_various/install/irt_nav_common/share/irt_nav_common/hook/cmake_prefix_path.dsv'
[0.691s] INFO:colcon.colcon_core.shell:Creating environment hook '/home/li/Time_various/install/irt_nav_common/share/irt_nav_common/hook/cmake_prefix_path.sh'
[0.692s] Level 1:colcon.colcon_core.environment:checking '/home/li/Time_various/install/irt_nav_common/lib'
[0.692s] Level 1:colcon.colcon_core.shell:create_environment_hook('irt_nav_common', 'ld_library_path_lib')
[0.692s] INFO:colcon.colcon_core.shell:Creating environment hook '/home/li/Time_various/install/irt_nav_common/share/irt_nav_common/hook/ld_library_path_lib.ps1'
[0.692s] INFO:colcon.colcon_core.shell:Creating environment descriptor '/home/li/Time_various/install/irt_nav_common/share/irt_nav_common/hook/ld_library_path_lib.dsv'
[0.692s] INFO:colcon.colcon_core.shell:Creating environment hook '/home/li/Time_various/install/irt_nav_common/share/irt_nav_common/hook/ld_library_path_lib.sh'
[0.692s] Level 1:colcon.colcon_core.environment:checking '/home/li/Time_various/install/irt_nav_common/bin'
[0.693s] Level 1:colcon.colcon_core.environment:checking '/home/li/Time_various/install/irt_nav_common/lib/pkgconfig/irt_nav_common.pc'
[0.693s] Level 1:colcon.colcon_core.environment:checking '/home/li/Time_various/install/irt_nav_common/lib/python3.10/site-packages'
[0.693s] Level 1:colcon.colcon_core.environment:checking '/home/li/Time_various/install/irt_nav_common/bin'
[0.693s] INFO:colcon.colcon_core.shell:Creating package script '/home/li/Time_various/install/irt_nav_common/share/irt_nav_common/package.ps1'
[0.693s] INFO:colcon.colcon_core.shell:Creating package descriptor '/home/li/Time_various/install/irt_nav_common/share/irt_nav_common/package.dsv'
[0.694s] INFO:colcon.colcon_core.shell:Creating package script '/home/li/Time_various/install/irt_nav_common/share/irt_nav_common/package.sh'
[0.694s] INFO:colcon.colcon_core.shell:Creating package script '/home/li/Time_various/install/irt_nav_common/share/irt_nav_common/package.bash'
[0.694s] INFO:colcon.colcon_core.shell:Creating package script '/home/li/Time_various/install/irt_nav_common/share/irt_nav_common/package.zsh'
[0.694s] Level 1:colcon.colcon_core.environment:create_file_with_runtime_dependencies(/home/li/Time_various/install/irt_nav_common/share/colcon-core/packages/irt_nav_common)
[0.694s] Level 1:colcon.colcon_core.environment:create_environment_scripts_only(irt_nav_common)
[0.695s] Level 1:colcon.colcon_core.environment:checking '/home/li/Time_various/install/irt_nav_common' for CMake module files
[0.695s] Level 1:colcon.colcon_core.environment:checking '/home/li/Time_various/install/irt_nav_common' for CMake config files
[0.695s] Level 1:colcon.colcon_core.shell:create_environment_hook('irt_nav_common', 'cmake_prefix_path')
[0.695s] INFO:colcon.colcon_core.shell:Creating environment hook '/home/li/Time_various/install/irt_nav_common/share/irt_nav_common/hook/cmake_prefix_path.ps1'
[0.695s] INFO:colcon.colcon_core.shell:Creating environment descriptor '/home/li/Time_various/install/irt_nav_common/share/irt_nav_common/hook/cmake_prefix_path.dsv'
[0.695s] INFO:colcon.colcon_core.shell:Creating environment hook '/home/li/Time_various/install/irt_nav_common/share/irt_nav_common/hook/cmake_prefix_path.sh'
[0.696s] Level 1:colcon.colcon_core.environment:checking '/home/li/Time_various/install/irt_nav_common/lib'
[0.696s] Level 1:colcon.colcon_core.shell:create_environment_hook('irt_nav_common', 'ld_library_path_lib')
[0.696s] INFO:colcon.colcon_core.shell:Creating environment hook '/home/li/Time_various/install/irt_nav_common/share/irt_nav_common/hook/ld_library_path_lib.ps1'
[0.696s] INFO:colcon.colcon_core.shell:Creating environment descriptor '/home/li/Time_various/install/irt_nav_common/share/irt_nav_common/hook/ld_library_path_lib.dsv'
[0.696s] INFO:colcon.colcon_core.shell:Creating environment hook '/home/li/Time_various/install/irt_nav_common/share/irt_nav_common/hook/ld_library_path_lib.sh'
[0.697s] Level 1:colcon.colcon_core.environment:checking '/home/li/Time_various/install/irt_nav_common/bin'
[0.697s] Level 1:colcon.colcon_core.environment:checking '/home/li/Time_various/install/irt_nav_common/lib/pkgconfig/irt_nav_common.pc'
[0.697s] Level 1:colcon.colcon_core.environment:checking '/home/li/Time_various/install/irt_nav_common/lib/python3.10/site-packages'
[0.697s] Level 1:colcon.colcon_core.environment:checking '/home/li/Time_various/install/irt_nav_common/bin'
[0.697s] INFO:colcon.colcon_core.shell:Creating package script '/home/li/Time_various/install/irt_nav_common/share/irt_nav_common/package.ps1'
[0.697s] INFO:colcon.colcon_core.shell:Creating package descriptor '/home/li/Time_various/install/irt_nav_common/share/irt_nav_common/package.dsv'
[0.698s] INFO:colcon.colcon_core.shell:Creating package script '/home/li/Time_various/install/irt_nav_common/share/irt_nav_common/package.sh'
[0.698s] INFO:colcon.colcon_core.shell:Creating package script '/home/li/Time_various/install/irt_nav_common/share/irt_nav_common/package.bash'
[0.698s] INFO:colcon.colcon_core.shell:Creating package script '/home/li/Time_various/install/irt_nav_common/share/irt_nav_common/package.zsh'
[0.699s] Level 1:colcon.colcon_core.environment:create_file_with_runtime_dependencies(/home/li/Time_various/install/irt_nav_common/share/colcon-core/packages/irt_nav_common)
[1.947s] DEBUG:colcon.colcon_core.event_handler.log_command:Invoked command in '/home/li/Time_various/build/tvfgo' returned '0': AMENT_PREFIX_PATH=/home/li/Time_various/install/irt_nav_msgs:/home/li/Time_various/install/boreas_msgs:${AMENT_PREFIX_PATH} CMAKE_PREFIX_PATH=/home/li/Time_various/install/irt_nav_msgs:/home/li/Time_various/install/boreas_msgs:/opt/ros/humble CONDA_PROMPT_MODIFIER=(base) LD_LIBRARY_PATH=/home/li/Time_various/install/irt_nav_msgs/lib:/home/li/Time_various/install/boreas_msgs/lib:${LD_LIBRARY_PATH} PYTHONPATH=/home/li/Time_various/install/irt_nav_msgs/lib/python3.13/site-packages:/home/li/Time_various/install/boreas_msgs/lib/python3.13/site-packages:${PYTHONPATH} /usr/bin/cmake --build /home/li/Time_various/build/tvfgo -- -j20 -l20
[1.949s] DEBUG:colcon.colcon_core.event_handler.log_command:Invoking command in '/home/li/Time_various/build/tvfgo': AMENT_PREFIX_PATH=/home/li/Time_various/install/irt_nav_msgs:/home/li/Time_various/install/boreas_msgs:${AMENT_PREFIX_PATH} CMAKE_PREFIX_PATH=/home/li/Time_various/install/irt_nav_msgs:/home/li/Time_various/install/boreas_msgs:/opt/ros/humble CONDA_PROMPT_MODIFIER=(base) LD_LIBRARY_PATH=/home/li/Time_various/install/irt_nav_msgs/lib:/home/li/Time_various/install/boreas_msgs/lib:${LD_LIBRARY_PATH} PYTHONPATH=/home/li/Time_various/install/irt_nav_msgs/lib/python3.13/site-packages:/home/li/Time_various/install/boreas_msgs/lib/python3.13/site-packages:${PYTHONPATH} /usr/bin/cmake --install /home/li/Time_various/build/tvfgo
[1.954s] Level 1:colcon.colcon_core.environment:create_environment_scripts_only(tvfgo)
[1.955s] Level 1:colcon.colcon_core.environment:checking '/home/li/Time_various/install/tvfgo' for CMake module files
[1.955s] DEBUG:colcon.colcon_core.event_handler.log_command:Invoked command in '/home/li/Time_various/build/tvfgo' returned '0': AMENT_PREFIX_PATH=/home/li/Time_various/install/irt_nav_msgs:/home/li/Time_various/install/boreas_msgs:${AMENT_PREFIX_PATH} CMAKE_PREFIX_PATH=/home/li/Time_various/install/irt_nav_msgs:/home/li/Time_various/install/boreas_msgs:/opt/ros/humble CONDA_PROMPT_MODIFIER=(base) LD_LIBRARY_PATH=/home/li/Time_various/install/irt_nav_msgs/lib:/home/li/Time_various/install/boreas_msgs/lib:${LD_LIBRARY_PATH} PYTHONPATH=/home/li/Time_various/install/irt_nav_msgs/lib/python3.13/site-packages:/home/li/Time_various/install/boreas_msgs/lib/python3.13/site-packages:${PYTHONPATH} /usr/bin/cmake --install /home/li/Time_various/build/tvfgo
[1.956s] Level 1:colcon.colcon_core.environment:checking '/home/li/Time_various/install/tvfgo' for CMake config files
[1.956s] Level 1:colcon.colcon_core.shell:create_environment_hook('tvfgo', 'cmake_prefix_path')
[1.956s] INFO:colcon.colcon_core.shell:Creating environment hook '/home/li/Time_various/install/tvfgo/share/tvfgo/hook/cmake_prefix_path.ps1'
[1.957s] INFO:colcon.colcon_core.shell:Creating environment descriptor '/home/li/Time_various/install/tvfgo/share/tvfgo/hook/cmake_prefix_path.dsv'
[1.957s] INFO:colcon.colcon_core.shell:Creating environment hook '/home/li/Time_various/install/tvfgo/share/tvfgo/hook/cmake_prefix_path.sh'
[1.957s] Level 1:colcon.colcon_core.environment:checking '/home/li/Time_various/install/tvfgo/bin'
[1.957s] Level 1:colcon.colcon_core.environment:checking '/home/li/Time_various/install/tvfgo/lib/pkgconfig/tvfgo.pc'
[1.957s] Level 1:colcon.colcon_core.environment:checking '/home/li/Time_various/install/tvfgo/lib/python3.10/site-packages'
[1.958s] Level 1:colcon.colcon_core.environment:checking '/home/li/Time_various/install/tvfgo/bin'
[1.958s] INFO:colcon.colcon_core.shell:Creating package script '/home/li/Time_various/install/tvfgo/share/tvfgo/package.ps1'
[1.958s] INFO:colcon.colcon_core.shell:Creating package descriptor '/home/li/Time_various/install/tvfgo/share/tvfgo/package.dsv'
[1.958s] INFO:colcon.colcon_core.shell:Creating package script '/home/li/Time_various/install/tvfgo/share/tvfgo/package.sh'
[1.959s] INFO:colcon.colcon_core.shell:Creating package script '/home/li/Time_various/install/tvfgo/share/tvfgo/package.bash'
[1.959s] INFO:colcon.colcon_core.shell:Creating package script '/home/li/Time_various/install/tvfgo/share/tvfgo/package.zsh'
[1.959s] Level 1:colcon.colcon_core.environment:create_file_with_runtime_dependencies(/home/li/Time_various/install/tvfgo/share/colcon-core/packages/tvfgo)
[1.959s] Level 1:colcon.colcon_core.environment:create_environment_scripts_only(tvfgo)
[1.959s] Level 1:colcon.colcon_core.environment:checking '/home/li/Time_various/install/tvfgo' for CMake module files
[1.960s] Level 1:colcon.colcon_core.environment:checking '/home/li/Time_various/install/tvfgo' for CMake config files
[1.960s] Level 1:colcon.colcon_core.shell:create_environment_hook('tvfgo', 'cmake_prefix_path')
[1.960s] INFO:colcon.colcon_core.shell:Creating environment hook '/home/li/Time_various/install/tvfgo/share/tvfgo/hook/cmake_prefix_path.ps1'
[1.960s] INFO:colcon.colcon_core.shell:Creating environment descriptor '/home/li/Time_various/install/tvfgo/share/tvfgo/hook/cmake_prefix_path.dsv'
[1.960s] INFO:colcon.colcon_core.shell:Creating environment hook '/home/li/Time_various/install/tvfgo/share/tvfgo/hook/cmake_prefix_path.sh'
[1.961s] Level 1:colcon.colcon_core.environment:checking '/home/li/Time_various/install/tvfgo/bin'
[1.961s] Level 1:colcon.colcon_core.environment:checking '/home/li/Time_various/install/tvfgo/lib/pkgconfig/tvfgo.pc'
[1.961s] Level 1:colcon.colcon_core.environment:checking '/home/li/Time_various/install/tvfgo/lib/python3.10/site-packages'
[1.961s] Level 1:colcon.colcon_core.environment:checking '/home/li/Time_various/install/tvfgo/bin'
[1.961s] INFO:colcon.colcon_core.shell:Creating package script '/home/li/Time_various/install/tvfgo/share/tvfgo/package.ps1'
[1.961s] INFO:colcon.colcon_core.shell:Creating package descriptor '/home/li/Time_various/install/tvfgo/share/tvfgo/package.dsv'
[1.962s] INFO:colcon.colcon_core.shell:Creating package script '/home/li/Time_various/install/tvfgo/share/tvfgo/package.sh'
[1.962s] INFO:colcon.colcon_core.shell:Creating package script '/home/li/Time_various/install/tvfgo/share/tvfgo/package.bash'
[1.962s] INFO:colcon.colcon_core.shell:Creating package script '/home/li/Time_various/install/tvfgo/share/tvfgo/package.zsh'
[1.962s] Level 1:colcon.colcon_core.environment:create_file_with_runtime_dependencies(/home/li/Time_various/install/tvfgo/share/colcon-core/packages/tvfgo)
[1.962s] DEBUG:colcon.colcon_parallel_executor.executor.parallel:closing loop
[1.963s] DEBUG:colcon.colcon_parallel_executor.executor.parallel:loop closed
[1.963s] DEBUG:colcon.colcon_parallel_executor.executor.parallel:run_until_complete finished with '0'
[1.963s] DEBUG:colcon.colcon_core.event_reactor:joining thread
[1.966s] INFO:colcon.colcon_core.plugin_system:Skipping extension 'colcon_notification.desktop_notification.terminal_notifier': Not used on non-Darwin systems
[1.966s] INFO:colcon.colcon_core.plugin_system:Skipping extension 'colcon_notification.desktop_notification.win32': Not used on non-Windows systems
[1.966s] INFO:colcon.colcon_notification.desktop_notification:Sending desktop notification using 'notify2'
[1.974s] DEBUG:colcon.colcon_core.event_reactor:joined thread
[1.974s] INFO:colcon.colcon_core.shell:Creating prefix script '/home/li/Time_various/install/local_setup.ps1'
[1.975s] INFO:colcon.colcon_core.shell:Creating prefix util module '/home/li/Time_various/install/_local_setup_util_ps1.py'
[1.977s] INFO:colcon.colcon_core.shell:Creating prefix chain script '/home/li/Time_various/install/setup.ps1'
[1.978s] INFO:colcon.colcon_core.shell:Creating prefix script '/home/li/Time_various/install/local_setup.sh'
[1.979s] INFO:colcon.colcon_core.shell:Creating prefix util module '/home/li/Time_various/install/_local_setup_util_sh.py'
[1.980s] INFO:colcon.colcon_core.shell:Creating prefix chain script '/home/li/Time_various/install/setup.sh'
[1.981s] INFO:colcon.colcon_core.shell:Creating prefix script '/home/li/Time_various/install/local_setup.bash'
[1.982s] INFO:colcon.colcon_core.shell:Creating prefix chain script '/home/li/Time_various/install/setup.bash'
[1.983s] INFO:colcon.colcon_core.shell:Creating prefix script '/home/li/Time_various/install/local_setup.zsh'
[1.983s] INFO:colcon.colcon_core.shell:Creating prefix chain script '/home/li/Time_various/install/setup.zsh'
